[INFO ] 2023-11-07 09:50:30.622 [main] MxmlConvert - Root Element :Containers:ACCTitleWindow
[INFO ] 2023-11-07 09:50:30.624 [main] MxmlConvert - ------
[INFO ] 2023-11-07 09:50:30.626 [main] ConvertMxmlService - Node Name =#comment [OPEN]
[INFO ] 2023-11-07 09:50:30.626 [main] ConvertMxmlService - Node Name =Containers:ACCTitleWindow [OPEN]
[INFO ] 2023-11-07 09:50:30.637 [main] ConvertMxmlService - Node Name =#text [OPEN]
[INFO ] 2023-11-07 09:50:30.637 [main] ConvertMxmlService - Node Name =mx:Script [OPEN]
[INFO ] 2023-11-07 09:50:30.638 [main] ConvertMxmlService - Node Name =#text [OPEN]
[INFO ] 2023-11-07 09:50:30.638 [main] ConvertMxmlService - Node Name =tougouchusyutsu:MG3001001_00_000_AS [OPEN]
[INFO ] 2023-11-07 09:50:30.639 [main] ConvertMxmlService - Node Name =#text [OPEN]
[INFO ] 2023-11-07 09:50:30.639 [main] ConvertMxmlService - Node Name =tougouchusyutsu:MG3001001_01_000 [OPEN]
[INFO ] 2023-11-07 09:50:30.640 [main] ConvertMxmlService - Node Name =tougouchusyutsu:MG3001001_01_000 [CLOSE]
[INFO ] 2023-11-07 09:50:30.640 [main] ConvertMxmlService - Node Name =#text [OPEN]
[INFO ] 2023-11-07 09:50:30.640 [main] ConvertMxmlService - Node Name =Containers:ACCTitleWindow [CLOSE]
[DEBUG] 2023-11-07 09:50:30.640 [main] MxmlConvert - parent name: null
[DEBUG] 2023-11-07 09:50:30.640 [main] MxmlConvert - name: #comment
[DEBUG] 2023-11-07 09:50:30.640 [main] MxmlConvert - cssElement: 
[DEBUG] 2023-11-07 09:50:30.641 [main] MxmlConvert - attributeElement: 
[DEBUG] 2023-11-07 09:50:30.641 [main] MxmlConvert - parent name: RootNode
[DEBUG] 2023-11-07 09:50:30.641 [main] MxmlConvert - name: Containers:ACCTitleWindow
[DEBUG] 2023-11-07 09:50:30.641 [main] MxmlConvert - parent name: Containers:ACCTitleWindow
[DEBUG] 2023-11-07 09:50:30.641 [main] MxmlConvert - name: tougouchusyutsu:MG3001001_01_000
[DEBUG] 2023-11-07 09:50:30.641 [main] MxmlConvert - cssElement: height:712px;width:1018px;position: absolute; left:-1px;top:-2px;
[DEBUG] 2023-11-07 09:50:30.641 [main] MxmlConvert - attributeElement:  id="compCanvas1"
[DEBUG] 2023-11-07 09:50:30.641 [main] MxmlConvert - cssElement: height:738px;position:absolute;width:1022px;
[DEBUG] 2023-11-07 09:50:30.641 [main] MxmlConvert - attributeElement:  title="統合抽出画面"
[INFO ] 2023-11-07 09:50:30.670 [main] MxmlConvert - Html file created successfully.
[INFO ] 2023-11-07 09:50:30.670 [main] MxmlConvert - CSS file created successfully.
[INFO ] 2023-11-07 09:50:30.686 [main] MxmlConvert - Root Element :Containers:ACCCanvas
[INFO ] 2023-11-07 09:50:30.686 [main] MxmlConvert - ------
[INFO ] 2023-11-07 09:50:30.692 [main] ConvertMxmlService - Node Name =#comment [OPEN]
[INFO ] 2023-11-07 09:50:30.692 [main] ConvertMxmlService - Node Name =Containers:ACCCanvas [OPEN]
[INFO ] 2023-11-07 09:50:30.693 [main] ConvertMxmlService - Node Name =#text [OPEN]
[INFO ] 2023-11-07 09:50:30.693 [main] ConvertMxmlService - Node Name =mx:Script [OPEN]
[INFO ] 2023-11-07 09:50:30.693 [main] ConvertMxmlService - Node Name =#text [OPEN]
[INFO ] 2023-11-07 09:50:30.693 [main] ConvertMxmlService - Node Name =#comment [OPEN]
[INFO ] 2023-11-07 09:50:30.693 [main] ConvertMxmlService - Node Name =#text [OPEN]
[INFO ] 2023-11-07 09:50:30.693 [main] ConvertMxmlService - Node Name =mx:XML [OPEN]
[INFO ] 2023-11-07 09:50:30.694 [main] ConvertMxmlService - Node Name =#text [OPEN]
[INFO ] 2023-11-07 09:50:30.694 [main] ConvertMxmlService - Node Name =#comment [OPEN]
[INFO ] 2023-11-07 09:50:30.694 [main] ConvertMxmlService - Node Name =#text [OPEN]
[INFO ] 2023-11-07 09:50:30.694 [main] ConvertMxmlService - Node Name =#comment [OPEN]
[INFO ] 2023-11-07 09:50:30.694 [main] ConvertMxmlService - Node Name =#text [OPEN]
[INFO ] 2023-11-07 09:50:30.694 [main] ConvertMxmlService - Node Name =mx:XML [OPEN]
[INFO ] 2023-11-07 09:50:30.694 [main] ConvertMxmlService - Node Name =#text [OPEN]
[INFO ] 2023-11-07 09:50:30.694 [main] ConvertMxmlService - Node Name =tougouchusyutsu:MG3001001_01_000_AS [OPEN]
[INFO ] 2023-11-07 09:50:30.695 [main] ConvertMxmlService - Node Name =#text [OPEN]
[INFO ] 2023-11-07 09:50:30.695 [main] ConvertMxmlService - Node Name =Controls:ACCLabel [OPEN]
[INFO ] 2023-11-07 09:50:30.696 [main] ConvertMxmlService - Node Name =Controls:ACCLabel [CLOSE]
[INFO ] 2023-11-07 09:50:30.696 [main] ConvertMxmlService - Node Name =#text [OPEN]
[INFO ] 2023-11-07 09:50:30.696 [main] ConvertMxmlService - Node Name =#comment [OPEN]
[INFO ] 2023-11-07 09:50:30.696 [main] ConvertMxmlService - Node Name =#text [OPEN]
[INFO ] 2023-11-07 09:50:30.696 [main] ConvertMxmlService - Node Name =Controls:ACCTextInput [OPEN]
[INFO ] 2023-11-07 09:50:30.697 [main] ConvertMxmlService - Node Name =Controls:ACCTextInput [CLOSE]
[INFO ] 2023-11-07 09:50:30.697 [main] ConvertMxmlService - Node Name =#text [OPEN]
[INFO ] 2023-11-07 09:50:30.697 [main] ConvertMxmlService - Node Name =#comment [OPEN]
[INFO ] 2023-11-07 09:50:30.697 [main] ConvertMxmlService - Node Name =#text [OPEN]
[INFO ] 2023-11-07 09:50:30.697 [main] ConvertMxmlService - Node Name =Controls:ACCButton [OPEN]
[INFO ] 2023-11-07 09:50:30.697 [main] ConvertMxmlService - Node Name =Controls:ACCButton [CLOSE]
[INFO ] 2023-11-07 09:50:30.697 [main] ConvertMxmlService - Node Name =#text [OPEN]
[INFO ] 2023-11-07 09:50:30.697 [main] ConvertMxmlService - Node Name =Controls:ACCLabel [OPEN]
[INFO ] 2023-11-07 09:50:30.698 [main] ConvertMxmlService - Node Name =Controls:ACCLabel [CLOSE]
[INFO ] 2023-11-07 09:50:30.698 [main] ConvertMxmlService - Node Name =#text [OPEN]
[INFO ] 2023-11-07 09:50:30.698 [main] ConvertMxmlService - Node Name =#comment [OPEN]
[INFO ] 2023-11-07 09:50:30.698 [main] ConvertMxmlService - Node Name =#text [OPEN]
[INFO ] 2023-11-07 09:50:30.698 [main] ConvertMxmlService - Node Name =Controls:ACCTextInput [OPEN]
[INFO ] 2023-11-07 09:50:30.699 [main] ConvertMxmlService - Node Name =Controls:ACCTextInput [CLOSE]
[INFO ] 2023-11-07 09:50:30.699 [main] ConvertMxmlService - Node Name =#text [OPEN]
[INFO ] 2023-11-07 09:50:30.699 [main] ConvertMxmlService - Node Name =Controls:ACCCheckBox [OPEN]
[INFO ] 2023-11-07 09:50:30.699 [main] ConvertMxmlService - Node Name =Controls:ACCCheckBox [CLOSE]
[INFO ] 2023-11-07 09:50:30.699 [main] ConvertMxmlService - Node Name =#text [OPEN]
[INFO ] 2023-11-07 09:50:30.699 [main] ConvertMxmlService - Node Name =Controls:ACCCheckBox [OPEN]
[INFO ] 2023-11-07 09:50:30.700 [main] ConvertMxmlService - Node Name =Controls:ACCCheckBox [CLOSE]
[INFO ] 2023-11-07 09:50:30.700 [main] ConvertMxmlService - Node Name =#text [OPEN]
[INFO ] 2023-11-07 09:50:30.700 [main] ConvertMxmlService - Node Name =Controls:ACCCheckBox [OPEN]
[INFO ] 2023-11-07 09:50:30.701 [main] ConvertMxmlService - Node Name =Controls:ACCCheckBox [CLOSE]
[INFO ] 2023-11-07 09:50:30.701 [main] ConvertMxmlService - Node Name =#text [OPEN]
[INFO ] 2023-11-07 09:50:30.701 [main] ConvertMxmlService - Node Name =#comment [OPEN]
[INFO ] 2023-11-07 09:50:30.701 [main] ConvertMxmlService - Node Name =#text [OPEN]
[INFO ] 2023-11-07 09:50:30.701 [main] ConvertMxmlService - Node Name =Containers:ACCTabNavigator [OPEN]
[INFO ] 2023-11-07 09:50:30.702 [main] ConvertMxmlService - Node Name =#text [OPEN]
[INFO ] 2023-11-07 09:50:30.702 [main] ConvertMxmlService - Node Name =#comment [OPEN]
[INFO ] 2023-11-07 09:50:30.702 [main] ConvertMxmlService - Node Name =#text [OPEN]
[INFO ] 2023-11-07 09:50:30.702 [main] ConvertMxmlService - Node Name =Containers:ACCCanvas [OPEN]
[INFO ] 2023-11-07 09:50:30.702 [main] ConvertMxmlService - Node Name =#text [OPEN]
[INFO ] 2023-11-07 09:50:30.702 [main] ConvertMxmlService - Node Name =Controls:ACCLabel [OPEN]
[INFO ] 2023-11-07 09:50:30.703 [main] ConvertMxmlService - Node Name =Controls:ACCLabel [CLOSE]
[INFO ] 2023-11-07 09:50:30.703 [main] ConvertMxmlService - Node Name =#text [OPEN]
[INFO ] 2023-11-07 09:50:30.703 [main] ConvertMxmlService - Node Name =Controls:ACCCheckBox [OPEN]
[INFO ] 2023-11-07 09:50:30.704 [main] ConvertMxmlService - Node Name =Controls:ACCCheckBox [CLOSE]
[INFO ] 2023-11-07 09:50:30.704 [main] ConvertMxmlService - Node Name =#text [OPEN]
[INFO ] 2023-11-07 09:50:30.704 [main] ConvertMxmlService - Node Name =Controls:ACCCheckBox [OPEN]
[INFO ] 2023-11-07 09:50:30.705 [main] ConvertMxmlService - Node Name =Controls:ACCCheckBox [CLOSE]
[INFO ] 2023-11-07 09:50:30.705 [main] ConvertMxmlService - Node Name =#text [OPEN]
[INFO ] 2023-11-07 09:50:30.705 [main] ConvertMxmlService - Node Name =Controls:ACCCheckBox [OPEN]
[INFO ] 2023-11-07 09:50:30.705 [main] ConvertMxmlService - Node Name =Controls:ACCCheckBox [CLOSE]
[INFO ] 2023-11-07 09:50:30.705 [main] ConvertMxmlService - Node Name =#text [OPEN]
[INFO ] 2023-11-07 09:50:30.705 [main] ConvertMxmlService - Node Name =Controls:ACCLabel [OPEN]
[INFO ] 2023-11-07 09:50:30.706 [main] ConvertMxmlService - Node Name =Controls:ACCLabel [CLOSE]
[INFO ] 2023-11-07 09:50:30.706 [main] ConvertMxmlService - Node Name =#text [OPEN]
[INFO ] 2023-11-07 09:50:30.706 [main] ConvertMxmlService - Node Name =Controls:ACCComboBoxCode [OPEN]
[INFO ] 2023-11-07 09:50:30.706 [main] ConvertMxmlService - Node Name =Controls:ACCComboBoxCode [CLOSE]
[INFO ] 2023-11-07 09:50:30.706 [main] ConvertMxmlService - Node Name =#text [OPEN]
[INFO ] 2023-11-07 09:50:30.706 [main] ConvertMxmlService - Node Name =Controls:ACCLabel [OPEN]
[INFO ] 2023-11-07 09:50:30.707 [main] ConvertMxmlService - Node Name =Controls:ACCLabel [CLOSE]
[INFO ] 2023-11-07 09:50:30.707 [main] ConvertMxmlService - Node Name =#text [OPEN]
[INFO ] 2023-11-07 09:50:30.707 [main] ConvertMxmlService - Node Name =Controls:ACCTextInputMaskNumberOnly [OPEN]
[INFO ] 2023-11-07 09:50:30.707 [main] ConvertMxmlService - Node Name =Controls:ACCTextInputMaskNumberOnly [CLOSE]
[INFO ] 2023-11-07 09:50:30.707 [main] ConvertMxmlService - Node Name =#text [OPEN]
[INFO ] 2023-11-07 09:50:30.707 [main] ConvertMxmlService - Node Name =Controls:ACCLabel [OPEN]
[INFO ] 2023-11-07 09:50:30.708 [main] ConvertMxmlService - Node Name =Controls:ACCLabel [CLOSE]
[INFO ] 2023-11-07 09:50:30.708 [main] ConvertMxmlService - Node Name =#text [OPEN]
[INFO ] 2023-11-07 09:50:30.708 [main] ConvertMxmlService - Node Name =Controls:ACCTextInputMaskNumberOnly [OPEN]
[INFO ] 2023-11-07 09:50:30.708 [main] ConvertMxmlService - Node Name =Controls:ACCTextInputMaskNumberOnly [CLOSE]
[INFO ] 2023-11-07 09:50:30.708 [main] ConvertMxmlService - Node Name =#text [OPEN]
[INFO ] 2023-11-07 09:50:30.708 [main] ConvertMxmlService - Node Name =Controls:ACCLabel [OPEN]
[INFO ] 2023-11-07 09:50:30.709 [main] ConvertMxmlService - Node Name =Controls:ACCLabel [CLOSE]
[INFO ] 2023-11-07 09:50:30.709 [main] ConvertMxmlService - Node Name =#text [OPEN]
[INFO ] 2023-11-07 09:50:30.709 [main] ConvertMxmlService - Node Name =Controls:ACCTextInputMaskZip [OPEN]
[INFO ] 2023-11-07 09:50:30.709 [main] ConvertMxmlService - Node Name =Controls:ACCTextInputMaskZip [CLOSE]
[INFO ] 2023-11-07 09:50:30.709 [main] ConvertMxmlService - Node Name =#text [OPEN]
[INFO ] 2023-11-07 09:50:30.709 [main] ConvertMxmlService - Node Name =Controls:ACCLabel [OPEN]
[INFO ] 2023-11-07 09:50:30.710 [main] ConvertMxmlService - Node Name =Controls:ACCLabel [CLOSE]
[INFO ] 2023-11-07 09:50:30.710 [main] ConvertMxmlService - Node Name =#text [OPEN]
[INFO ] 2023-11-07 09:50:30.710 [main] ConvertMxmlService - Node Name =Controls:ACCTextInputMaskZip [OPEN]
[INFO ] 2023-11-07 09:50:30.710 [main] ConvertMxmlService - Node Name =Controls:ACCTextInputMaskZip [CLOSE]
[INFO ] 2023-11-07 09:50:30.710 [main] ConvertMxmlService - Node Name =#text [OPEN]
[INFO ] 2023-11-07 09:50:30.710 [main] ConvertMxmlService - Node Name =#comment [OPEN]
[INFO ] 2023-11-07 09:50:30.710 [main] ConvertMxmlService - Node Name =#text [OPEN]
[INFO ] 2023-11-07 09:50:30.711 [main] ConvertMxmlService - Node Name =Containers:ACCPanel [OPEN]
[INFO ] 2023-11-07 09:50:30.711 [main] ConvertMxmlService - Node Name =#text [OPEN]
[INFO ] 2023-11-07 09:50:30.711 [main] ConvertMxmlService - Node Name =#comment [OPEN]
[INFO ] 2023-11-07 09:50:30.711 [main] ConvertMxmlService - Node Name =#text [OPEN]
[INFO ] 2023-11-07 09:50:30.711 [main] ConvertMxmlService - Node Name =Controls:ACCLabel [OPEN]
[INFO ] 2023-11-07 09:50:30.712 [main] ConvertMxmlService - Node Name =Controls:ACCLabel [CLOSE]
[INFO ] 2023-11-07 09:50:30.712 [main] ConvertMxmlService - Node Name =#text [OPEN]
[INFO ] 2023-11-07 09:50:30.712 [main] ConvertMxmlService - Node Name =Controls:ACCComboBoxCode [OPEN]
[INFO ] 2023-11-07 09:50:30.712 [main] ConvertMxmlService - Node Name =Controls:ACCComboBoxCode [CLOSE]
[INFO ] 2023-11-07 09:50:30.712 [main] ConvertMxmlService - Node Name =#text [OPEN]
[INFO ] 2023-11-07 09:50:30.712 [main] ConvertMxmlService - Node Name =#comment [OPEN]
[INFO ] 2023-11-07 09:50:30.712 [main] ConvertMxmlService - Node Name =#text [OPEN]
[INFO ] 2023-11-07 09:50:30.712 [main] ConvertMxmlService - Node Name =Controls:ACCLabel [OPEN]
[INFO ] 2023-11-07 09:50:30.713 [main] ConvertMxmlService - Node Name =Controls:ACCLabel [CLOSE]
[INFO ] 2023-11-07 09:50:30.713 [main] ConvertMxmlService - Node Name =#text [OPEN]
[INFO ] 2023-11-07 09:50:30.713 [main] ConvertMxmlService - Node Name =Controls:ACCComboBoxCode [OPEN]
[INFO ] 2023-11-07 09:50:30.713 [main] ConvertMxmlService - Node Name =Controls:ACCComboBoxCode [CLOSE]
[INFO ] 2023-11-07 09:50:30.713 [main] ConvertMxmlService - Node Name =#text [OPEN]
[INFO ] 2023-11-07 09:50:30.713 [main] ConvertMxmlService - Node Name =#comment [OPEN]
[INFO ] 2023-11-07 09:50:30.713 [main] ConvertMxmlService - Node Name =#text [OPEN]
[INFO ] 2023-11-07 09:50:30.713 [main] ConvertMxmlService - Node Name =Controls:ACCLabel [OPEN]
[INFO ] 2023-11-07 09:50:30.714 [main] ConvertMxmlService - Node Name =Controls:ACCLabel [CLOSE]
[INFO ] 2023-11-07 09:50:30.714 [main] ConvertMxmlService - Node Name =#text [OPEN]
[INFO ] 2023-11-07 09:50:30.714 [main] ConvertMxmlService - Node Name =Controls:ACCComboBoxCode [OPEN]
[INFO ] 2023-11-07 09:50:30.714 [main] ConvertMxmlService - Node Name =Controls:ACCComboBoxCode [CLOSE]
[INFO ] 2023-11-07 09:50:30.714 [main] ConvertMxmlService - Node Name =#text [OPEN]
[INFO ] 2023-11-07 09:50:30.715 [main] ConvertMxmlService - Node Name =#comment [OPEN]
[INFO ] 2023-11-07 09:50:30.715 [main] ConvertMxmlService - Node Name =#text [OPEN]
[INFO ] 2023-11-07 09:50:30.715 [main] ConvertMxmlService - Node Name =Controls:ACCLabel [OPEN]
[INFO ] 2023-11-07 09:50:30.715 [main] ConvertMxmlService - Node Name =Controls:ACCLabel [CLOSE]
[INFO ] 2023-11-07 09:50:30.715 [main] ConvertMxmlService - Node Name =#text [OPEN]
[INFO ] 2023-11-07 09:50:30.715 [main] ConvertMxmlService - Node Name =Controls:ACCComboBoxCode [OPEN]
[INFO ] 2023-11-07 09:50:30.716 [main] ConvertMxmlService - Node Name =Controls:ACCComboBoxCode [CLOSE]
[INFO ] 2023-11-07 09:50:30.716 [main] ConvertMxmlService - Node Name =#text [OPEN]
[INFO ] 2023-11-07 09:50:30.716 [main] ConvertMxmlService - Node Name =#comment [OPEN]
[INFO ] 2023-11-07 09:50:30.716 [main] ConvertMxmlService - Node Name =#text [OPEN]
[INFO ] 2023-11-07 09:50:30.716 [main] ConvertMxmlService - Node Name =Controls:ACCLabel [OPEN]
[INFO ] 2023-11-07 09:50:30.716 [main] ConvertMxmlService - Node Name =Controls:ACCLabel [CLOSE]
[INFO ] 2023-11-07 09:50:30.716 [main] ConvertMxmlService - Node Name =#text [OPEN]
[INFO ] 2023-11-07 09:50:30.716 [main] ConvertMxmlService - Node Name =Controls:ACCComboBoxCode [OPEN]
[INFO ] 2023-11-07 09:50:30.717 [main] ConvertMxmlService - Node Name =Controls:ACCComboBoxCode [CLOSE]
[INFO ] 2023-11-07 09:50:30.717 [main] ConvertMxmlService - Node Name =#text [OPEN]
[INFO ] 2023-11-07 09:50:30.717 [main] ConvertMxmlService - Node Name =Containers:ACCPanel [CLOSE]
[INFO ] 2023-11-07 09:50:30.717 [main] ConvertMxmlService - Node Name =#text [OPEN]
[INFO ] 2023-11-07 09:50:30.717 [main] ConvertMxmlService - Node Name =#comment [OPEN]
[INFO ] 2023-11-07 09:50:30.717 [main] ConvertMxmlService - Node Name =#text [OPEN]
[INFO ] 2023-11-07 09:50:30.717 [main] ConvertMxmlService - Node Name =Containers:ACCPanel [OPEN]
[INFO ] 2023-11-07 09:50:30.728 [main] ConvertMxmlService - Node Name =#text [OPEN]
[INFO ] 2023-11-07 09:50:30.729 [main] ConvertMxmlService - Node Name =Controls:ACCLabel [OPEN]
[INFO ] 2023-11-07 09:50:30.729 [main] ConvertMxmlService - Node Name =Controls:ACCLabel [CLOSE]
[INFO ] 2023-11-07 09:50:30.729 [main] ConvertMxmlService - Node Name =#text [OPEN]
[INFO ] 2023-11-07 09:50:30.730 [main] ConvertMxmlService - Node Name =Controls:ACCComboBoxCode [OPEN]
[INFO ] 2023-11-07 09:50:30.730 [main] ConvertMxmlService - Node Name =Controls:ACCComboBoxCode [CLOSE]
[INFO ] 2023-11-07 09:50:30.730 [main] ConvertMxmlService - Node Name =#text [OPEN]
[INFO ] 2023-11-07 09:50:30.730 [main] ConvertMxmlService - Node Name =Controls:ACCLabel [OPEN]
[INFO ] 2023-11-07 09:50:30.731 [main] ConvertMxmlService - Node Name =Controls:ACCLabel [CLOSE]
[INFO ] 2023-11-07 09:50:30.731 [main] ConvertMxmlService - Node Name =#text [OPEN]
[INFO ] 2023-11-07 09:50:30.731 [main] ConvertMxmlService - Node Name =Controls:ACCComboBoxCode [OPEN]
[INFO ] 2023-11-07 09:50:30.731 [main] ConvertMxmlService - Node Name =Controls:ACCComboBoxCode [CLOSE]
[INFO ] 2023-11-07 09:50:30.731 [main] ConvertMxmlService - Node Name =#text [OPEN]
[INFO ] 2023-11-07 09:50:30.731 [main] ConvertMxmlService - Node Name =Controls:ACCLabel [OPEN]
[INFO ] 2023-11-07 09:50:30.732 [main] ConvertMxmlService - Node Name =Controls:ACCLabel [CLOSE]
[INFO ] 2023-11-07 09:50:30.732 [main] ConvertMxmlService - Node Name =#text [OPEN]
[INFO ] 2023-11-07 09:50:30.732 [main] ConvertMxmlService - Node Name =Controls:ACCComboBoxCode [OPEN]
[INFO ] 2023-11-07 09:50:30.732 [main] ConvertMxmlService - Node Name =Controls:ACCComboBoxCode [CLOSE]
[INFO ] 2023-11-07 09:50:30.732 [main] ConvertMxmlService - Node Name =#text [OPEN]
[INFO ] 2023-11-07 09:50:30.732 [main] ConvertMxmlService - Node Name =Containers:ACCPanel [CLOSE]
[INFO ] 2023-11-07 09:50:30.732 [main] ConvertMxmlService - Node Name =#text [OPEN]
[INFO ] 2023-11-07 09:50:30.732 [main] ConvertMxmlService - Node Name =#comment [OPEN]
[INFO ] 2023-11-07 09:50:30.733 [main] ConvertMxmlService - Node Name =#text [OPEN]
[INFO ] 2023-11-07 09:50:30.733 [main] ConvertMxmlService - Node Name =Containers:ACCPanel [OPEN]
[INFO ] 2023-11-07 09:50:30.733 [main] ConvertMxmlService - Node Name =#text [OPEN]
[INFO ] 2023-11-07 09:50:30.733 [main] ConvertMxmlService - Node Name =Controls:ACCDataGrid [OPEN]
[INFO ] 2023-11-07 09:50:30.734 [main] ConvertMxmlService - Node Name =#text [OPEN]
[INFO ] 2023-11-07 09:50:30.734 [main] ConvertMxmlService - Node Name =Controls:columns [OPEN]
[INFO ] 2023-11-07 09:50:30.734 [main] ConvertMxmlService - Node Name =#text [OPEN]
[INFO ] 2023-11-07 09:50:30.734 [main] ConvertMxmlService - Node Name =mx:DataGridColumn [OPEN]
[INFO ] 2023-11-07 09:50:30.756 [main] MxmlConvert - Root Element :Containers:ACCCanvas
[INFO ] 2023-11-07 09:50:30.756 [main] MxmlConvert - ------
[INFO ] 2023-11-07 09:50:30.756 [main] ConvertMxmlService - Node Name =#comment [OPEN]
[INFO ] 2023-11-07 09:50:30.756 [main] ConvertMxmlService - Node Name =Containers:ACCCanvas [OPEN]
[INFO ] 2023-11-07 09:50:30.756 [main] ConvertMxmlService - Node Name =#text [OPEN]
[INFO ] 2023-11-07 09:50:30.756 [main] ConvertMxmlService - Node Name =#comment [OPEN]
[INFO ] 2023-11-07 09:50:30.756 [main] ConvertMxmlService - Node Name =#text [OPEN]
[INFO ] 2023-11-07 09:50:30.756 [main] ConvertMxmlService - Node Name =#comment [OPEN]
[INFO ] 2023-11-07 09:50:30.756 [main] ConvertMxmlService - Node Name =#text [OPEN]
[INFO ] 2023-11-07 09:50:30.756 [main] ConvertMxmlService - Node Name =tougouchusyutsu:MG3001002_00_000_AS [OPEN]
[INFO ] 2023-11-07 09:50:30.756 [main] ConvertMxmlService - Node Name =#text [OPEN]
[INFO ] 2023-11-07 09:50:30.756 [main] ConvertMxmlService - Node Name =mx:Script [OPEN]
[INFO ] 2023-11-07 09:50:30.757 [main] ConvertMxmlService - Node Name =#text [OPEN]
[INFO ] 2023-11-07 09:50:30.757 [main] ConvertMxmlService - Node Name =mx:Metadata [OPEN]
[INFO ] 2023-11-07 09:50:30.757 [main] ConvertMxmlService - Node Name =#text [OPEN]
[INFO ] 2023-11-07 09:50:30.757 [main] ConvertMxmlService - Node Name =Containers:ACCTabNavigator [OPEN]
[INFO ] 2023-11-07 09:50:30.758 [main] ConvertMxmlService - Node Name =#text [OPEN]
[INFO ] 2023-11-07 09:50:30.758 [main] ConvertMxmlService - Node Name =tougouchusyutsu:MG3001002_01_000 [OPEN]
[INFO ] 2023-11-07 09:50:30.758 [main] ConvertMxmlService - Node Name =tougouchusyutsu:MG3001002_01_000 [CLOSE]
[INFO ] 2023-11-07 09:50:30.758 [main] ConvertMxmlService - Node Name =#text [OPEN]
[INFO ] 2023-11-07 09:50:30.758 [main] ConvertMxmlService - Node Name =tougouchusyutsu:MG3001003_01_000 [OPEN]
[INFO ] 2023-11-07 09:50:30.759 [main] ConvertMxmlService - Node Name =tougouchusyutsu:MG3001003_01_000 [CLOSE]
[INFO ] 2023-11-07 09:50:30.759 [main] ConvertMxmlService - Node Name =#text [OPEN]
[INFO ] 2023-11-07 09:50:30.759 [main] ConvertMxmlService - Node Name =tougouchusyutsu:MG3001004_01_000 [OPEN]
[INFO ] 2023-11-07 09:50:30.759 [main] ConvertMxmlService - Node Name =tougouchusyutsu:MG3001004_01_000 [CLOSE]
[INFO ] 2023-11-07 09:50:30.759 [main] ConvertMxmlService - Node Name =#text [OPEN]
[INFO ] 2023-11-07 09:50:30.759 [main] ConvertMxmlService - Node Name =tougouchusyutsu:MG3001005_01_000 [OPEN]
[INFO ] 2023-11-07 09:50:30.760 [main] ConvertMxmlService - Node Name =tougouchusyutsu:MG3001005_01_000 [CLOSE]
[INFO ] 2023-11-07 09:50:30.760 [main] ConvertMxmlService - Node Name =#text [OPEN]
[INFO ] 2023-11-07 09:50:30.760 [main] ConvertMxmlService - Node Name =Containers:ACCTabNavigator [CLOSE]
[INFO ] 2023-11-07 09:50:30.760 [main] ConvertMxmlService - Node Name =#text [OPEN]
[INFO ] 2023-11-07 09:50:30.760 [main] ConvertMxmlService - Node Name =Containers:ACCCanvas [CLOSE]
[DEBUG] 2023-11-07 09:50:30.760 [main] MxmlConvert - parent name: null
[DEBUG] 2023-11-07 09:50:30.760 [main] MxmlConvert - name: #comment
[DEBUG] 2023-11-07 09:50:30.760 [main] MxmlConvert - cssElement: 
[DEBUG] 2023-11-07 09:50:30.760 [main] MxmlConvert - attributeElement: 
[DEBUG] 2023-11-07 09:50:30.760 [main] MxmlConvert - parent name: RootNode
[DEBUG] 2023-11-07 09:50:30.760 [main] MxmlConvert - name: Containers:ACCCanvas
[DEBUG] 2023-11-07 09:50:30.760 [main] MxmlConvert - parent name: Containers:ACCCanvas
[DEBUG] 2023-11-07 09:50:30.760 [main] MxmlConvert - name: Containers:ACCTabNavigator
[DEBUG] 2023-11-07 09:50:30.760 [main] MxmlConvert - parent name: Containers:ACCTabNavigator
[DEBUG] 2023-11-07 09:50:30.760 [main] MxmlConvert - name: tougouchusyutsu:MG3001002_01_000
[DEBUG] 2023-11-07 09:50:30.760 [main] MxmlConvert - cssElement: height:100%;width:100%;
[DEBUG] 2023-11-07 09:50:30.761 [main] MxmlConvert - attributeElement:  id="compCanvas1" title="抽出一覧"
[DEBUG] 2023-11-07 09:50:30.761 [main] MxmlConvert - parent name: Containers:ACCTabNavigator
[DEBUG] 2023-11-07 09:50:30.761 [main] MxmlConvert - name: tougouchusyutsu:MG3001003_01_000
[DEBUG] 2023-11-07 09:50:30.761 [main] MxmlConvert - cssElement: height:100%;width:100%;
[DEBUG] 2023-11-07 09:50:30.761 [main] MxmlConvert - attributeElement:  id="compCanvas2" title="ｺｰﾙﾘｽﾄ"
[DEBUG] 2023-11-07 09:50:30.761 [main] MxmlConvert - parent name: Containers:ACCTabNavigator
[DEBUG] 2023-11-07 09:50:30.761 [main] MxmlConvert - name: tougouchusyutsu:MG3001004_01_000
[DEBUG] 2023-11-07 09:50:30.761 [main] MxmlConvert - cssElement: height:100%;width:100%;
[DEBUG] 2023-11-07 09:50:30.761 [main] MxmlConvert - attributeElement:  id="compCanvas3" title="文書一括"
[DEBUG] 2023-11-07 09:50:30.761 [main] MxmlConvert - parent name: Containers:ACCTabNavigator
[DEBUG] 2023-11-07 09:50:30.761 [main] MxmlConvert - name: tougouchusyutsu:MG3001005_01_000
[DEBUG] 2023-11-07 09:50:30.761 [main] MxmlConvert - cssElement: height:100%;width:100%;
[DEBUG] 2023-11-07 09:50:30.761 [main] MxmlConvert - attributeElement:  id="compCanvas4" title="担当割当"
[DEBUG] 2023-11-07 09:50:30.761 [main] MxmlConvert - cssElement: height:281px;width:488px;
[DEBUG] 2023-11-07 09:50:30.761 [main] MxmlConvert - attributeElement:  id="accTab01"
[DEBUG] 2023-11-07 09:50:30.761 [main] MxmlConvert - cssElement: height:282px;width:490px;
[DEBUG] 2023-11-07 09:50:30.761 [main] MxmlConvert - attributeElement: 
[INFO ] 2023-11-07 09:50:30.762 [main] MxmlConvert - Html file created successfully.
[INFO ] 2023-11-07 09:50:30.762 [main] MxmlConvert - CSS file created successfully.
[INFO ] 2023-11-07 09:50:30.765 [main] MxmlConvert - Root Element :Containers:ACCCanvas
[INFO ] 2023-11-07 09:50:30.766 [main] MxmlConvert - ------
[INFO ] 2023-11-07 09:50:30.766 [main] ConvertMxmlService - Node Name =#comment [OPEN]
[INFO ] 2023-11-07 09:50:30.766 [main] ConvertMxmlService - Node Name =Containers:ACCCanvas [OPEN]
[INFO ] 2023-11-07 09:50:30.766 [main] ConvertMxmlService - Node Name =#text [OPEN]
[INFO ] 2023-11-07 09:50:30.766 [main] ConvertMxmlService - Node Name =mx:Script [OPEN]
[INFO ] 2023-11-07 09:50:30.767 [main] ConvertMxmlService - Node Name =#text [OPEN]
[INFO ] 2023-11-07 09:50:30.767 [main] ConvertMxmlService - Node Name =tougouchusyutsu:MG3001002_01_000_AS [OPEN]
[INFO ] 2023-11-07 09:50:30.767 [main] ConvertMxmlService - Node Name =#text [OPEN]
[INFO ] 2023-11-07 09:50:30.767 [main] ConvertMxmlService - Node Name =Controls:ACCLabel [OPEN]
[INFO ] 2023-11-07 09:50:30.768 [main] ConvertMxmlService - Node Name =Controls:ACCLabel [CLOSE]
[INFO ] 2023-11-07 09:50:30.768 [main] ConvertMxmlService - Node Name =#text [OPEN]
[INFO ] 2023-11-07 09:50:30.768 [main] ConvertMxmlService - Node Name =Controls:ACCTextInputMaskNumber [OPEN]
[INFO ] 2023-11-07 09:50:30.768 [main] ConvertMxmlService - Node Name =Controls:ACCTextInputMaskNumber [CLOSE]
[INFO ] 2023-11-07 09:50:30.768 [main] ConvertMxmlService - Node Name =#text [OPEN]
[INFO ] 2023-11-07 09:50:30.768 [main] ConvertMxmlService - Node Name =Containers:ACCPanel [OPEN]
[INFO ] 2023-11-07 09:50:30.769 [main] ConvertMxmlService - Node Name =#text [OPEN]
[INFO ] 2023-11-07 09:50:30.769 [main] ConvertMxmlService - Node Name =Controls:ACCRadioButtonGroup [OPEN]
[INFO ] 2023-11-07 09:50:30.769 [main] ConvertMxmlService - Node Name =Controls:ACCRadioButtonGroup [CLOSE]
[INFO ] 2023-11-07 09:50:30.769 [main] ConvertMxmlService - Node Name =#text [OPEN]
[INFO ] 2023-11-07 09:50:30.769 [main] ConvertMxmlService - Node Name =Controls:ACCRadioButton [OPEN]
[INFO ] 2023-11-07 09:50:30.770 [main] ConvertMxmlService - Node Name =Controls:ACCRadioButton [CLOSE]
[INFO ] 2023-11-07 09:50:30.770 [main] ConvertMxmlService - Node Name =#text [OPEN]
[INFO ] 2023-11-07 09:50:30.770 [main] ConvertMxmlService - Node Name =Controls:ACCRadioButton [OPEN]
[INFO ] 2023-11-07 09:50:30.771 [main] ConvertMxmlService - Node Name =Controls:ACCRadioButton [CLOSE]
[INFO ] 2023-11-07 09:50:30.771 [main] ConvertMxmlService - Node Name =#text [OPEN]
[INFO ] 2023-11-07 09:50:30.771 [main] ConvertMxmlService - Node Name =Controls:ACCRadioButton [OPEN]
[INFO ] 2023-11-07 09:50:30.771 [main] ConvertMxmlService - Node Name =Controls:ACCRadioButton [CLOSE]
[INFO ] 2023-11-07 09:50:30.771 [main] ConvertMxmlService - Node Name =#text [OPEN]
[INFO ] 2023-11-07 09:50:30.771 [main] ConvertMxmlService - Node Name =Controls:ACCRadioButton [OPEN]
[INFO ] 2023-11-07 09:50:30.772 [main] ConvertMxmlService - Node Name =Controls:ACCRadioButton [CLOSE]
[INFO ] 2023-11-07 09:50:30.772 [main] ConvertMxmlService - Node Name =#text [OPEN]
[INFO ] 2023-11-07 09:50:30.772 [main] ConvertMxmlService - Node Name =Controls:ACCRadioButton [OPEN]
[INFO ] 2023-11-07 09:50:30.772 [main] ConvertMxmlService - Node Name =Controls:ACCRadioButton [CLOSE]
[INFO ] 2023-11-07 09:50:30.772 [main] ConvertMxmlService - Node Name =#text [OPEN]
[INFO ] 2023-11-07 09:50:30.772 [main] ConvertMxmlService - Node Name =Controls:ACCRadioButtonGroup [OPEN]
[INFO ] 2023-11-07 09:50:30.773 [main] ConvertMxmlService - Node Name =Controls:ACCRadioButtonGroup [CLOSE]
[INFO ] 2023-11-07 09:50:30.773 [main] ConvertMxmlService - Node Name =#text [OPEN]
[INFO ] 2023-11-07 09:50:30.773 [main] ConvertMxmlService - Node Name =Controls:ACCRadioButton [OPEN]
[INFO ] 2023-11-07 09:50:30.773 [main] ConvertMxmlService - Node Name =Controls:ACCRadioButton [CLOSE]
[INFO ] 2023-11-07 09:50:30.773 [main] ConvertMxmlService - Node Name =#text [OPEN]
[INFO ] 2023-11-07 09:50:30.774 [main] ConvertMxmlService - Node Name =Controls:ACCRadioButton [OPEN]
[INFO ] 2023-11-07 09:50:30.774 [main] ConvertMxmlService - Node Name =Controls:ACCRadioButton [CLOSE]
[INFO ] 2023-11-07 09:50:30.774 [main] ConvertMxmlService - Node Name =#text [OPEN]
[INFO ] 2023-11-07 09:50:30.774 [main] ConvertMxmlService - Node Name =Containers:ACCPanel [CLOSE]
[INFO ] 2023-11-07 09:50:30.774 [main] ConvertMxmlService - Node Name =#text [OPEN]
[INFO ] 2023-11-07 09:50:30.774 [main] ConvertMxmlService - Node Name =#comment [OPEN]
[INFO ] 2023-11-07 09:50:30.774 [main] ConvertMxmlService - Node Name =#text [OPEN]
[INFO ] 2023-11-07 09:50:30.774 [main] ConvertMxmlService - Node Name =Controls:ACCButton [OPEN]
[INFO ] 2023-11-07 09:50:30.775 [main] ConvertMxmlService - Node Name =Controls:ACCButton [CLOSE]
[INFO ] 2023-11-07 09:50:30.775 [main] ConvertMxmlService - Node Name =#text [OPEN]
[INFO ] 2023-11-07 09:50:30.775 [main] ConvertMxmlService - Node Name =Controls:ACCTextInputMaskNumber [OPEN]
[INFO ] 2023-11-07 09:50:30.775 [main] ConvertMxmlService - Node Name =Controls:ACCTextInputMaskNumber [CLOSE]
[INFO ] 2023-11-07 09:50:30.775 [main] ConvertMxmlService - Node Name =#text [OPEN]
[INFO ] 2023-11-07 09:50:30.775 [main] ConvertMxmlService - Node Name =#comment [OPEN]
[INFO ] 2023-11-07 09:50:30.775 [main] ConvertMxmlService - Node Name =#text [OPEN]
[INFO ] 2023-11-07 09:50:30.775 [main] ConvertMxmlService - Node Name =Controls:ACCButton [OPEN]
[INFO ] 2023-11-07 09:50:30.776 [main] ConvertMxmlService - Node Name =Controls:ACCButton [CLOSE]
[INFO ] 2023-11-07 09:50:30.776 [main] ConvertMxmlService - Node Name =#text [OPEN]
[INFO ] 2023-11-07 09:50:30.776 [main] ConvertMxmlService - Node Name =#comment [OPEN]
[INFO ] 2023-11-07 09:50:30.776 [main] ConvertMxmlService - Node Name =#text [OPEN]
[INFO ] 2023-11-07 09:50:30.776 [main] ConvertMxmlService - Node Name =Controls:ACCButton [OPEN]
[INFO ] 2023-11-07 09:50:30.776 [main] ConvertMxmlService - Node Name =Controls:ACCButton [CLOSE]
[INFO ] 2023-11-07 09:50:30.776 [main] ConvertMxmlService - Node Name =#text [OPEN]
[INFO ] 2023-11-07 09:50:30.776 [main] ConvertMxmlService - Node Name =Containers:ACCCanvas [CLOSE]
[DEBUG] 2023-11-07 09:50:30.776 [main] MxmlConvert - parent name: null
[DEBUG] 2023-11-07 09:50:30.776 [main] MxmlConvert - name: #comment
[DEBUG] 2023-11-07 09:50:30.776 [main] MxmlConvert - cssElement: 
[DEBUG] 2023-11-07 09:50:30.776 [main] MxmlConvert - attributeElement: 
[DEBUG] 2023-11-07 09:50:30.776 [main] MxmlConvert - parent name: RootNode
[DEBUG] 2023-11-07 09:50:30.776 [main] MxmlConvert - name: Containers:ACCCanvas
[DEBUG] 2023-11-07 09:50:30.776 [main] MxmlConvert - parent name: Containers:ACCCanvas
[DEBUG] 2023-11-07 09:50:30.776 [main] MxmlConvert - name: Controls:ACCLabel
[DEBUG] 2023-11-07 09:50:30.776 [main] MxmlConvert - cssElement: height:20px;width:100px;position: absolute; left:7px;top:11px;
[DEBUG] 2023-11-07 09:50:30.776 [main] MxmlConvert - attributeElement:  value="抽出済件数"
[DEBUG] 2023-11-07 09:50:30.776 [main] MxmlConvert - parent name: Containers:ACCCanvas
[DEBUG] 2023-11-07 09:50:30.776 [main] MxmlConvert - name: Controls:ACCTextInputMaskNumber
[DEBUG] 2023-11-07 09:50:30.776 [main] MxmlConvert - cssElement: text-align:right;width:101px;position: absolute; left:109px;top:9px;
[DEBUG] 2023-11-07 09:50:30.776 [main] MxmlConvert - attributeElement:  id="txCount" readOnly="true" tabindex="1"
[DEBUG] 2023-11-07 09:50:30.777 [main] MxmlConvert - parent name: Containers:ACCCanvas
[DEBUG] 2023-11-07 09:50:30.777 [main] MxmlConvert - name: Containers:ACCPanel
[DEBUG] 2023-11-07 09:50:30.777 [main] MxmlConvert - parent name: Containers:ACCPanel
[DEBUG] 2023-11-07 09:50:30.777 [main] MxmlConvert - name: Controls:ACCRadioButtonGroup
[DEBUG] 2023-11-07 09:50:30.777 [main] MxmlConvert - cssElement: 
[DEBUG] 2023-11-07 09:50:30.777 [main] MxmlConvert - attributeElement:  id="grpSortRadio"
[DEBUG] 2023-11-07 09:50:30.777 [main] MxmlConvert - parent name: Containers:ACCPanel
[DEBUG] 2023-11-07 09:50:30.777 [main] MxmlConvert - name: Controls:ACCRadioButton
[DEBUG] 2023-11-07 09:50:30.777 [main] MxmlConvert - cssElement: width:75px;position: absolute; left:12px;top:10px;
[DEBUG] 2023-11-07 09:50:30.777 [main] MxmlConvert - attributeElement:  groupName="grpSortRadio" id="radioMishuGaku" value="未納額" tabindex="1"
[DEBUG] 2023-11-07 09:50:30.777 [main] MxmlConvert - parent name: Containers:ACCPanel
[DEBUG] 2023-11-07 09:50:30.777 [main] MxmlConvert - name: Controls:ACCRadioButton
[DEBUG] 2023-11-07 09:50:30.777 [main] MxmlConvert - cssElement: width:72px;position: absolute; left:104px;top:10px;
[DEBUG] 2023-11-07 09:50:30.777 [main] MxmlConvert - attributeElement:  groupName="grpSortRadio" id="radioZandaka" value="総残高" tabindex="2"
[DEBUG] 2023-11-07 09:50:30.777 [main] MxmlConvert - parent name: Containers:ACCPanel
[DEBUG] 2023-11-07 09:50:30.777 [main] MxmlConvert - name: Controls:ACCRadioButton
[DEBUG] 2023-11-07 09:50:30.777 [main] MxmlConvert - cssElement: width:72px;position: absolute; left:12px;top:36px;
[DEBUG] 2023-11-07 09:50:30.777 [main] MxmlConvert - attributeElement:  groupName="grpSortRadio" id="radioKainBango" value="会員番号" tabindex="3"
[DEBUG] 2023-11-07 09:50:30.777 [main] MxmlConvert - parent name: Containers:ACCPanel
[DEBUG] 2023-11-07 09:50:30.777 [main] MxmlConvert - name: Controls:ACCRadioButton
[DEBUG] 2023-11-07 09:50:30.777 [main] MxmlConvert - cssElement: width:72px;position: absolute; left:104px;top:36px;
[DEBUG] 2023-11-07 09:50:30.777 [main] MxmlConvert - attributeElement:  groupName="grpSortRadio" id="radioYakujouB" value="約定日" tabindex="4"
[DEBUG] 2023-11-07 09:50:30.777 [main] MxmlConvert - parent name: Containers:ACCPanel
[DEBUG] 2023-11-07 09:50:30.777 [main] MxmlConvert - name: Controls:ACCRadioButton
[DEBUG] 2023-11-07 09:50:30.777 [main] MxmlConvert - cssElement: width:72px;position: absolute; left:12px;top:64px;
[DEBUG] 2023-11-07 09:50:30.777 [main] MxmlConvert - attributeElement:  groupName="grpSortRadio" id="radioEntaiM" value="滞留月数" tabindex="5"
[DEBUG] 2023-11-07 09:50:30.777 [main] MxmlConvert - parent name: Containers:ACCPanel
[DEBUG] 2023-11-07 09:50:30.777 [main] MxmlConvert - name: Controls:ACCRadioButtonGroup
[DEBUG] 2023-11-07 09:50:30.777 [main] MxmlConvert - cssElement: 
[DEBUG] 2023-11-07 09:50:30.777 [main] MxmlConvert - attributeElement:  id="grpRadio"
[DEBUG] 2023-11-07 09:50:30.777 [main] MxmlConvert - parent name: Containers:ACCPanel
[DEBUG] 2023-11-07 09:50:30.777 [main] MxmlConvert - name: Controls:ACCRadioButton
[DEBUG] 2023-11-07 09:50:30.777 [main] MxmlConvert - cssElement: width:75px;position: absolute; left:250px;top:10px;
[DEBUG] 2023-11-07 09:50:30.777 [main] MxmlConvert - attributeElement:  groupName="grpRadio" id="radioSyoujun" value="昇順" tabindex="6"
[DEBUG] 2023-11-07 09:50:30.777 [main] MxmlConvert - parent name: Containers:ACCPanel
[DEBUG] 2023-11-07 09:50:30.777 [main] MxmlConvert - name: Controls:ACCRadioButton
[DEBUG] 2023-11-07 09:50:30.778 [main] MxmlConvert - cssElement: width:72px;position: absolute; left:250px;top:36px;
[DEBUG] 2023-11-07 09:50:30.778 [main] MxmlConvert - attributeElement:  groupName="grpRadio" id="radioKoujun" value="降順" tabindex="7"
[DEBUG] 2023-11-07 09:50:30.778 [main] MxmlConvert - cssElement: height:127px;position:absolute;width:476px;position: absolute; left:5px;top:39px;
[DEBUG] 2023-11-07 09:50:30.778 [main] MxmlConvert - attributeElement:  id="compPanel13" tabindex="2" header="ソート順"
[DEBUG] 2023-11-07 09:50:30.778 [main] MxmlConvert - parent name: Containers:ACCCanvas
[DEBUG] 2023-11-07 09:50:30.778 [main] MxmlConvert - name: Controls:ACCButton
[DEBUG] 2023-11-07 09:50:30.778 [main] MxmlConvert - cssElement: width:80px;position: absolute; left:3px;top:217px;
[DEBUG] 2023-11-07 09:50:30.778 [main] MxmlConvert - attributeElement:  id="btnSEL001" value="件数取得" tabindex="3"
[DEBUG] 2023-11-07 09:50:30.778 [main] MxmlConvert - parent name: Containers:ACCCanvas
[DEBUG] 2023-11-07 09:50:30.778 [main] MxmlConvert - name: Controls:ACCTextInputMaskNumber
[DEBUG] 2023-11-07 09:50:30.778 [main] MxmlConvert - cssElement: text-align:right;width:101px;position: absolute; left:91px;top:216px;
[DEBUG] 2023-11-07 09:50:30.778 [main] MxmlConvert - attributeElement:  id="txGetCount" readOnly="true" tabindex="4"
[DEBUG] 2023-11-07 09:50:30.778 [main] MxmlConvert - parent name: Containers:ACCCanvas
[DEBUG] 2023-11-07 09:50:30.778 [main] MxmlConvert - name: Controls:ACCButton
[DEBUG] 2023-11-07 09:50:30.778 [main] MxmlConvert - cssElement: width:80px;position: absolute; left:307px;top:217px;
[DEBUG] 2023-11-07 09:50:30.778 [main] MxmlConvert - attributeElement:  id="btnUPD001" value="抽出" tabindex="5"
[DEBUG] 2023-11-07 09:50:30.778 [main] MxmlConvert - parent name: Containers:ACCCanvas
[DEBUG] 2023-11-07 09:50:30.778 [main] MxmlConvert - name: Controls:ACCButton
[DEBUG] 2023-11-07 09:50:30.778 [main] MxmlConvert - cssElement: width:80px;position: absolute; left:395px;top:217px;
[DEBUG] 2023-11-07 09:50:30.778 [main] MxmlConvert - attributeElement:  id="btnUPD002" value="スタート" tabindex="6"
[DEBUG] 2023-11-07 09:50:30.778 [main] MxmlConvert - cssElement: height:250px;width:490px;
[DEBUG] 2023-11-07 09:50:30.778 [main] MxmlConvert - attributeElement:  title="抽出一覧"
[INFO ] 2023-11-07 09:50:30.779 [main] MxmlConvert - Html file created successfully.
[INFO ] 2023-11-07 09:50:30.779 [main] MxmlConvert - CSS file created successfully.
[INFO ] 2023-11-07 09:50:30.783 [main] MxmlConvert - Root Element :Containers:ACCCanvas
[INFO ] 2023-11-07 09:50:30.783 [main] MxmlConvert - ------
[INFO ] 2023-11-07 09:50:30.783 [main] ConvertMxmlService - Node Name =#comment [OPEN]
[INFO ] 2023-11-07 09:50:30.783 [main] ConvertMxmlService - Node Name =Containers:ACCCanvas [OPEN]
[INFO ] 2023-11-07 09:50:30.784 [main] ConvertMxmlService - Node Name =#text [OPEN]
[INFO ] 2023-11-07 09:50:30.784 [main] ConvertMxmlService - Node Name =mx:Script [OPEN]
[INFO ] 2023-11-07 09:50:30.784 [main] ConvertMxmlService - Node Name =#text [OPEN]
[INFO ] 2023-11-07 09:50:30.784 [main] ConvertMxmlService - Node Name =#comment [OPEN]
[INFO ] 2023-11-07 09:50:30.784 [main] ConvertMxmlService - Node Name =#text [OPEN]
[INFO ] 2023-11-07 09:50:30.784 [main] ConvertMxmlService - Node Name =#comment [OPEN]
[INFO ] 2023-11-07 09:50:30.784 [main] ConvertMxmlService - Node Name =#text [OPEN]
[INFO ] 2023-11-07 09:50:30.784 [main] ConvertMxmlService - Node Name =mx:XML [OPEN]
[INFO ] 2023-11-07 09:50:30.785 [main] ConvertMxmlService - Node Name =#text [OPEN]
[INFO ] 2023-11-07 09:50:30.785 [main] ConvertMxmlService - Node Name =tougouchusyutsu:MG3001003_01_000_AS [OPEN]
[INFO ] 2023-11-07 09:50:30.785 [main] ConvertMxmlService - Node Name =#text [OPEN]
[INFO ] 2023-11-07 09:50:30.785 [main] ConvertMxmlService - Node Name =Containers:ACCPanel [OPEN]
[INFO ] 2023-11-07 09:50:30.786 [main] ConvertMxmlService - Node Name =#text [OPEN]
[INFO ] 2023-11-07 09:50:30.786 [main] ConvertMxmlService - Node Name =Controls:ACCRadioButtonGroup [OPEN]
[INFO ] 2023-11-07 09:50:30.786 [main] ConvertMxmlService - Node Name =Controls:ACCRadioButtonGroup [CLOSE]
[INFO ] 2023-11-07 09:50:30.786 [main] ConvertMxmlService - Node Name =#text [OPEN]
[INFO ] 2023-11-07 09:50:30.786 [main] ConvertMxmlService - Node Name =Controls:ACCRadioButton [OPEN]
[INFO ] 2023-11-07 09:50:30.787 [main] ConvertMxmlService - Node Name =Controls:ACCRadioButton [CLOSE]
[INFO ] 2023-11-07 09:50:30.787 [main] ConvertMxmlService - Node Name =#text [OPEN]
[INFO ] 2023-11-07 09:50:30.787 [main] ConvertMxmlService - Node Name =Controls:ACCRadioButton [OPEN]
[INFO ] 2023-11-07 09:50:30.787 [main] ConvertMxmlService - Node Name =Controls:ACCRadioButton [CLOSE]
[INFO ] 2023-11-07 09:50:30.787 [main] ConvertMxmlService - Node Name =#text [OPEN]
[INFO ] 2023-11-07 09:50:30.787 [main] ConvertMxmlService - Node Name =Controls:ACCRadioButton [OPEN]
[INFO ] 2023-11-07 09:50:30.788 [main] ConvertMxmlService - Node Name =Controls:ACCRadioButton [CLOSE]
[INFO ] 2023-11-07 09:50:30.788 [main] ConvertMxmlService - Node Name =#text [OPEN]
[INFO ] 2023-11-07 09:50:30.788 [main] ConvertMxmlService - Node Name =Controls:ACCRadioButton [OPEN]
[INFO ] 2023-11-07 09:50:30.788 [main] ConvertMxmlService - Node Name =Controls:ACCRadioButton [CLOSE]
[INFO ] 2023-11-07 09:50:30.788 [main] ConvertMxmlService - Node Name =#text [OPEN]
[INFO ] 2023-11-07 09:50:30.788 [main] ConvertMxmlService - Node Name =Controls:ACCRadioButton [OPEN]
[INFO ] 2023-11-07 09:50:30.789 [main] ConvertMxmlService - Node Name =Controls:ACCRadioButton [CLOSE]
[INFO ] 2023-11-07 09:50:30.789 [main] ConvertMxmlService - Node Name =#text [OPEN]
[INFO ] 2023-11-07 09:50:30.789 [main] ConvertMxmlService - Node Name =Controls:ACCRadioButtonGroup [OPEN]
[INFO ] 2023-11-07 09:50:30.793 [main] ConvertMxmlService - Node Name =Controls:ACCRadioButtonGroup [CLOSE]
[INFO ] 2023-11-07 09:50:30.793 [main] ConvertMxmlService - Node Name =#text [OPEN]
[INFO ] 2023-11-07 09:50:30.793 [main] ConvertMxmlService - Node Name =Controls:ACCRadioButton [OPEN]
[INFO ] 2023-11-07 09:50:30.794 [main] ConvertMxmlService - Node Name =Controls:ACCRadioButton [CLOSE]
[INFO ] 2023-11-07 09:50:30.794 [main] ConvertMxmlService - Node Name =#text [OPEN]
[INFO ] 2023-11-07 09:50:30.794 [main] ConvertMxmlService - Node Name =Controls:ACCRadioButton [OPEN]
[INFO ] 2023-11-07 09:50:30.795 [main] ConvertMxmlService - Node Name =Controls:ACCRadioButton [CLOSE]
[INFO ] 2023-11-07 09:50:30.795 [main] ConvertMxmlService - Node Name =#text [OPEN]
[INFO ] 2023-11-07 09:50:30.795 [main] ConvertMxmlService - Node Name =Containers:ACCPanel [CLOSE]
[INFO ] 2023-11-07 09:50:30.795 [main] ConvertMxmlService - Node Name =#text [OPEN]
[INFO ] 2023-11-07 09:50:30.795 [main] ConvertMxmlService - Node Name =Controls:ACCLabel [OPEN]
[INFO ] 2023-11-07 09:50:30.795 [main] ConvertMxmlService - Node Name =Controls:ACCLabel [CLOSE]
[INFO ] 2023-11-07 09:50:30.795 [main] ConvertMxmlService - Node Name =#text [OPEN]
[INFO ] 2023-11-07 09:50:30.795 [main] ConvertMxmlService - Node Name =Controls:ACCTextInputMaskNumber [OPEN]
[INFO ] 2023-11-07 09:50:30.796 [main] ConvertMxmlService - Node Name =Controls:ACCTextInputMaskNumber [CLOSE]
[INFO ] 2023-11-07 09:50:30.796 [main] ConvertMxmlService - Node Name =#text [OPEN]
[INFO ] 2023-11-07 09:50:30.796 [main] ConvertMxmlService - Node Name =Controls:ACCButton [OPEN]
[INFO ] 2023-11-07 09:50:30.796 [main] ConvertMxmlService - Node Name =Controls:ACCButton [CLOSE]
[INFO ] 2023-11-07 09:50:30.796 [main] ConvertMxmlService - Node Name =#text [OPEN]
[INFO ] 2023-11-07 09:50:30.796 [main] ConvertMxmlService - Node Name =Controls:ACCLabel [OPEN]
[INFO ] 2023-11-07 09:50:30.796 [main] ConvertMxmlService - Node Name =Controls:ACCLabel [CLOSE]
[INFO ] 2023-11-07 09:50:30.797 [main] ConvertMxmlService - Node Name =#text [OPEN]
[INFO ] 2023-11-07 09:50:30.797 [main] ConvertMxmlService - Node Name =Controls:ACCComboBoxCode [OPEN]
[INFO ] 2023-11-07 09:50:30.797 [main] ConvertMxmlService - Node Name =Controls:ACCComboBoxCode [CLOSE]
[INFO ] 2023-11-07 09:50:30.797 [main] ConvertMxmlService - Node Name =#text [OPEN]
[INFO ] 2023-11-07 09:50:30.797 [main] ConvertMxmlService - Node Name =Controls:ACCCheckBox [OPEN]
[INFO ] 2023-11-07 09:50:30.797 [main] ConvertMxmlService - Node Name =Controls:ACCCheckBox [CLOSE]
[INFO ] 2023-11-07 09:50:30.797 [main] ConvertMxmlService - Node Name =#text [OPEN]
[INFO ] 2023-11-07 09:50:30.797 [main] ConvertMxmlService - Node Name =Controls:ACCLabel [OPEN]
[INFO ] 2023-11-07 09:50:30.798 [main] ConvertMxmlService - Node Name =Controls:ACCLabel [CLOSE]
[INFO ] 2023-11-07 09:50:30.798 [main] ConvertMxmlService - Node Name =#text [OPEN]
[INFO ] 2023-11-07 09:50:30.798 [main] ConvertMxmlService - Node Name =Controls:ACCComboBox [OPEN]
[INFO ] 2023-11-07 09:50:30.798 [main] ConvertMxmlService - Node Name =Controls:ACCComboBox [CLOSE]
[INFO ] 2023-11-07 09:50:30.798 [main] ConvertMxmlService - Node Name =#text [OPEN]
[INFO ] 2023-11-07 09:50:30.798 [main] ConvertMxmlService - Node Name =Controls:ACCButton [OPEN]
[INFO ] 2023-11-07 09:50:30.799 [main] ConvertMxmlService - Node Name =Controls:ACCButton [CLOSE]
[INFO ] 2023-11-07 09:50:30.799 [main] ConvertMxmlService - Node Name =#text [OPEN]
[INFO ] 2023-11-07 09:50:30.799 [main] ConvertMxmlService - Node Name =Controls:ACCButton [OPEN]
[INFO ] 2023-11-07 09:50:30.799 [main] ConvertMxmlService - Node Name =Controls:ACCButton [CLOSE]
[INFO ] 2023-11-07 09:50:30.799 [main] ConvertMxmlService - Node Name =#text [OPEN]
[INFO ] 2023-11-07 09:50:30.799 [main] ConvertMxmlService - Node Name =#comment [OPEN]
[INFO ] 2023-11-07 09:50:30.799 [main] ConvertMxmlService - Node Name =#text [OPEN]
[INFO ] 2023-11-07 09:50:30.799 [main] ConvertMxmlService - Node Name =Containers:ACCPanel [OPEN]
[INFO ] 2023-11-07 09:50:30.800 [main] ConvertMxmlService - Node Name =#text [OPEN]
[INFO ] 2023-11-07 09:50:30.800 [main] ConvertMxmlService - Node Name =Controls:ACCLabel [OPEN]
[INFO ] 2023-11-07 09:50:30.800 [main] ConvertMxmlService - Node Name =Controls:ACCLabel [CLOSE]
[INFO ] 2023-11-07 09:50:30.800 [main] ConvertMxmlService - Node Name =#text [OPEN]
[INFO ] 2023-11-07 09:50:30.800 [main] ConvertMxmlService - Node Name =Controls:ACCComboBox [OPEN]
[INFO ] 2023-11-07 09:50:30.800 [main] ConvertMxmlService - Node Name =Controls:ACCComboBox [CLOSE]
[INFO ] 2023-11-07 09:50:30.801 [main] ConvertMxmlService - Node Name =#text [OPEN]
[INFO ] 2023-11-07 09:50:30.801 [main] ConvertMxmlService - Node Name =Controls:ACCLabel [OPEN]
[INFO ] 2023-11-07 09:50:30.801 [main] ConvertMxmlService - Node Name =Controls:ACCLabel [CLOSE]
[INFO ] 2023-11-07 09:50:30.801 [main] ConvertMxmlService - Node Name =#text [OPEN]
[INFO ] 2023-11-07 09:50:30.801 [main] ConvertMxmlService - Node Name =Controls:ACCTextInput [OPEN]
[INFO ] 2023-11-07 09:50:30.801 [main] ConvertMxmlService - Node Name =Controls:ACCTextInput [CLOSE]
[INFO ] 2023-11-07 09:50:30.801 [main] ConvertMxmlService - Node Name =#text [OPEN]
[INFO ] 2023-11-07 09:50:30.801 [main] ConvertMxmlService - Node Name =Controls:ACCButton [OPEN]
[INFO ] 2023-11-07 09:50:30.802 [main] ConvertMxmlService - Node Name =Controls:ACCButton [CLOSE]
[INFO ] 2023-11-07 09:50:30.802 [main] ConvertMxmlService - Node Name =#text [OPEN]
[INFO ] 2023-11-07 09:50:30.802 [main] ConvertMxmlService - Node Name =Containers:ACCPanel [CLOSE]
[INFO ] 2023-11-07 09:50:30.802 [main] ConvertMxmlService - Node Name =#text [OPEN]
[INFO ] 2023-11-07 09:50:30.802 [main] ConvertMxmlService - Node Name =Containers:ACCCanvas [CLOSE]
[DEBUG] 2023-11-07 09:50:30.802 [main] MxmlConvert - parent name: null
[DEBUG] 2023-11-07 09:50:30.802 [main] MxmlConvert - name: #comment
[DEBUG] 2023-11-07 09:50:30.802 [main] MxmlConvert - cssElement: 
[DEBUG] 2023-11-07 09:50:30.802 [main] MxmlConvert - attributeElement: 
[DEBUG] 2023-11-07 09:50:30.802 [main] MxmlConvert - parent name: RootNode
[DEBUG] 2023-11-07 09:50:30.802 [main] MxmlConvert - name: Containers:ACCCanvas
[DEBUG] 2023-11-07 09:50:30.802 [main] MxmlConvert - parent name: Containers:ACCCanvas
[DEBUG] 2023-11-07 09:50:30.802 [main] MxmlConvert - name: Containers:ACCPanel
[DEBUG] 2023-11-07 09:50:30.802 [main] MxmlConvert - parent name: Containers:ACCPanel
[DEBUG] 2023-11-07 09:50:30.802 [main] MxmlConvert - name: Controls:ACCRadioButtonGroup
[DEBUG] 2023-11-07 09:50:30.802 [main] MxmlConvert - cssElement: 
[DEBUG] 2023-11-07 09:50:30.802 [main] MxmlConvert - attributeElement:  id="grpSortRadio"
[DEBUG] 2023-11-07 09:50:30.802 [main] MxmlConvert - parent name: Containers:ACCPanel
[DEBUG] 2023-11-07 09:50:30.802 [main] MxmlConvert - name: Controls:ACCRadioButton
[DEBUG] 2023-11-07 09:50:30.802 [main] MxmlConvert - cssElement: width:75px;position: absolute; left:13px;top:3px;
[DEBUG] 2023-11-07 09:50:30.802 [main] MxmlConvert - attributeElement:  groupName="grpSortRadio" id="radioMishuGaku" value="未納額" tabindex="1"
[DEBUG] 2023-11-07 09:50:30.802 [main] MxmlConvert - parent name: Containers:ACCPanel
[DEBUG] 2023-11-07 09:50:30.802 [main] MxmlConvert - name: Controls:ACCRadioButton
[DEBUG] 2023-11-07 09:50:30.802 [main] MxmlConvert - cssElement: width:72px;position: absolute; left:92px;top:3px;
[DEBUG] 2023-11-07 09:50:30.802 [main] MxmlConvert - attributeElement:  groupName="grpSortRadio" id="radioZandaka" value="総残高" tabindex="2"
[DEBUG] 2023-11-07 09:50:30.802 [main] MxmlConvert - parent name: Containers:ACCPanel
[DEBUG] 2023-11-07 09:50:30.802 [main] MxmlConvert - name: Controls:ACCRadioButton
[DEBUG] 2023-11-07 09:50:30.802 [main] MxmlConvert - cssElement: width:72px;position: absolute; left:174px;top:3px;
[DEBUG] 2023-11-07 09:50:30.802 [main] MxmlConvert - attributeElement:  groupName="grpSortRadio" id="radioKainBango" value="会員番号" tabindex="3"
[DEBUG] 2023-11-07 09:50:30.802 [main] MxmlConvert - parent name: Containers:ACCPanel
[DEBUG] 2023-11-07 09:50:30.802 [main] MxmlConvert - name: Controls:ACCRadioButton
[DEBUG] 2023-11-07 09:50:30.802 [main] MxmlConvert - cssElement: width:72px;position: absolute; left:13px;top:21px;
[DEBUG] 2023-11-07 09:50:30.802 [main] MxmlConvert - attributeElement:  groupName="grpSortRadio" id="radioYakujouB" value="約定日" tabindex="4"
[DEBUG] 2023-11-07 09:50:30.802 [main] MxmlConvert - parent name: Containers:ACCPanel
[DEBUG] 2023-11-07 09:50:30.802 [main] MxmlConvert - name: Controls:ACCRadioButton
[DEBUG] 2023-11-07 09:50:30.802 [main] MxmlConvert - cssElement: width:72px;position: absolute; left:92px;top:21px;
[DEBUG] 2023-11-07 09:50:30.802 [main] MxmlConvert - attributeElement:  groupName="grpSortRadio" id="radioEntaiM" value="滞留月数" tabindex="5"
[DEBUG] 2023-11-07 09:50:30.802 [main] MxmlConvert - parent name: Containers:ACCPanel
[DEBUG] 2023-11-07 09:50:30.802 [main] MxmlConvert - name: Controls:ACCRadioButtonGroup
[DEBUG] 2023-11-07 09:50:30.803 [main] MxmlConvert - cssElement: 
[DEBUG] 2023-11-07 09:50:30.803 [main] MxmlConvert - attributeElement:  id="grpRadio"
[DEBUG] 2023-11-07 09:50:30.803 [main] MxmlConvert - parent name: Containers:ACCPanel
[DEBUG] 2023-11-07 09:50:30.803 [main] MxmlConvert - name: Controls:ACCRadioButton
[DEBUG] 2023-11-07 09:50:30.803 [main] MxmlConvert - cssElement: width:75px;position: absolute; left:314px;top:3px;
[DEBUG] 2023-11-07 09:50:30.803 [main] MxmlConvert - attributeElement:  groupName="grpRadio" id="radioSyoujun" value="昇順" tabindex="6"
[DEBUG] 2023-11-07 09:50:30.803 [main] MxmlConvert - parent name: Containers:ACCPanel
[DEBUG] 2023-11-07 09:50:30.803 [main] MxmlConvert - name: Controls:ACCRadioButton
[DEBUG] 2023-11-07 09:50:30.803 [main] MxmlConvert - cssElement: width:72px;position: absolute; left:314px;top:21px;
[DEBUG] 2023-11-07 09:50:30.803 [main] MxmlConvert - attributeElement:  groupName="grpRadio" id="radioKoujun" value="降順" tabindex="7"
[DEBUG] 2023-11-07 09:50:30.803 [main] MxmlConvert - cssElement: height:60px;position:absolute;width:476px;position: absolute; left:4px;top:7px;
[DEBUG] 2023-11-07 09:50:30.803 [main] MxmlConvert - attributeElement:  id="compPanel14" tabindex="1" header="ソート順"
[DEBUG] 2023-11-07 09:50:30.803 [main] MxmlConvert - parent name: Containers:ACCCanvas
[DEBUG] 2023-11-07 09:50:30.803 [main] MxmlConvert - name: Controls:ACCLabel
[DEBUG] 2023-11-07 09:50:30.803 [main] MxmlConvert - cssElement: height:20px;width:100px;position: absolute; left:5px;top:78px;
[DEBUG] 2023-11-07 09:50:30.803 [main] MxmlConvert - attributeElement:  value="抽出済件数"
[DEBUG] 2023-11-07 09:50:30.803 [main] MxmlConvert - parent name: Containers:ACCCanvas
[DEBUG] 2023-11-07 09:50:30.803 [main] MxmlConvert - name: Controls:ACCTextInputMaskNumber
[DEBUG] 2023-11-07 09:50:30.803 [main] MxmlConvert - cssElement: text-align:right;width:101px;position: absolute; left:86px;top:76px;
[DEBUG] 2023-11-07 09:50:30.803 [main] MxmlConvert - attributeElement:  id="txCount" readOnly="true" tabindex="1"
[DEBUG] 2023-11-07 09:50:30.803 [main] MxmlConvert - parent name: Containers:ACCCanvas
[DEBUG] 2023-11-07 09:50:30.803 [main] MxmlConvert - name: Controls:ACCButton
[DEBUG] 2023-11-07 09:50:30.803 [main] MxmlConvert - cssElement: width:80px;position: absolute; left:228px;top:75px;
[DEBUG] 2023-11-07 09:50:30.803 [main] MxmlConvert - attributeElement:  id="btnSEL001" value="抽出" tabindex="2"
[DEBUG] 2023-11-07 09:50:30.803 [main] MxmlConvert - parent name: Containers:ACCCanvas
[DEBUG] 2023-11-07 09:50:30.803 [main] MxmlConvert - name: Controls:ACCLabel
[DEBUG] 2023-11-07 09:50:30.803 [main] MxmlConvert - cssElement: height:20px;width:70px;position: absolute; left:6px;top:104px;
[DEBUG] 2023-11-07 09:50:30.803 [main] MxmlConvert - attributeElement:  value="架電先選択"
[DEBUG] 2023-11-07 09:50:30.803 [main] MxmlConvert - parent name: Containers:ACCCanvas
[DEBUG] 2023-11-07 09:50:30.803 [main] MxmlConvert - name: Controls:ACCComboBoxCode
[DEBUG] 2023-11-07 09:50:30.803 [main] MxmlConvert - cssElement: width:102px;position: absolute; left:85px;top:101px;
[DEBUG] 2023-11-07 09:50:30.803 [main] MxmlConvert - attributeElement:  change="#{MG3001003_01_000Controller.comboPdKadensakiKbnOnChange};" id="comboPdKadensakiKbn" tabindex="3"
[DEBUG] 2023-11-07 09:50:30.803 [main] MxmlConvert - parent name: Containers:ACCCanvas
[DEBUG] 2023-11-07 09:50:30.803 [main] MxmlConvert - name: Controls:ACCCheckBox
[DEBUG] 2023-11-07 09:50:30.803 [main] MxmlConvert - cssElement: height:20px;width:77px;position: absolute; left:228px;top:102px;
[DEBUG] 2023-11-07 09:50:30.803 [main] MxmlConvert - attributeElement:  change="#{MG3001003_01_000Controller.ckTel186FOnChange};" id="ckTel186F" itemLabel="186通知" tabindex="4"
[DEBUG] 2023-11-07 09:50:30.803 [main] MxmlConvert - parent name: Containers:ACCCanvas
[DEBUG] 2023-11-07 09:50:30.803 [main] MxmlConvert - name: Controls:ACCLabel
[DEBUG] 2023-11-07 09:50:30.803 [main] MxmlConvert - cssElement: height:20px;width:70px;position: absolute; left:6px;top:129px;
[DEBUG] 2023-11-07 09:50:30.803 [main] MxmlConvert - attributeElement:  value="分類移動先"
[DEBUG] 2023-11-07 09:50:30.803 [main] MxmlConvert - parent name: Containers:ACCCanvas
[DEBUG] 2023-11-07 09:50:30.803 [main] MxmlConvert - name: Controls:ACCComboBox
[DEBUG] 2023-11-07 09:50:30.803 [main] MxmlConvert - cssElement: width:132px;position: absolute; left:85px;top:126px;
[DEBUG] 2023-11-07 09:50:30.803 [main] MxmlConvert - attributeElement:  id="comboBunnoAfter" tabindex="5"
[DEBUG] 2023-11-07 09:50:30.803 [main] MxmlConvert - parent name: Containers:ACCCanvas
[DEBUG] 2023-11-07 09:50:30.803 [main] MxmlConvert - name: Controls:ACCButton
[DEBUG] 2023-11-07 09:50:30.803 [main] MxmlConvert - cssElement: width:120px;position: absolute; left:228px;top:126px;
[DEBUG] 2023-11-07 09:50:30.803 [main] MxmlConvert - attributeElement:  id="btnUPD001" value="分類移動実行" tabindex="6"
[DEBUG] 2023-11-07 09:50:30.803 [main] MxmlConvert - parent name: Containers:ACCCanvas
[DEBUG] 2023-11-07 09:50:30.803 [main] MxmlConvert - name: Controls:ACCButton
[DEBUG] 2023-11-07 09:50:30.803 [main] MxmlConvert - cssElement: width:120px;position: absolute; left:357px;top:126px;
[DEBUG] 2023-11-07 09:50:30.803 [main] MxmlConvert - attributeElement:  id="btnUPD002" value="分類移動削除" tabindex="7"
[DEBUG] 2023-11-07 09:50:30.803 [main] MxmlConvert - parent name: Containers:ACCCanvas
[DEBUG] 2023-11-07 09:50:30.803 [main] MxmlConvert - name: Containers:ACCPanel
[DEBUG] 2023-11-07 09:50:30.803 [main] MxmlConvert - parent name: Containers:ACCPanel
[DEBUG] 2023-11-07 09:50:30.803 [main] MxmlConvert - name: Controls:ACCLabel
[DEBUG] 2023-11-07 09:50:30.803 [main] MxmlConvert - cssElement: height:20px;width:139px;position: absolute; left:6px;top:11px;
[DEBUG] 2023-11-07 09:50:30.803 [main] MxmlConvert - attributeElement:  value="コールリストの指定："
[DEBUG] 2023-11-07 09:50:30.803 [main] MxmlConvert - parent name: Containers:ACCPanel
[DEBUG] 2023-11-07 09:50:30.803 [main] MxmlConvert - name: Controls:ACCComboBox
[DEBUG] 2023-11-07 09:50:30.803 [main] MxmlConvert - cssElement: width:167px;position: absolute; left:139px;top:8px;
[DEBUG] 2023-11-07 09:50:30.803 [main] MxmlConvert - attributeElement:  change="#{MG3001003_01_000Controller.setTime};" id="comboCampaignId" tabindex="1"
[DEBUG] 2023-11-07 09:50:30.803 [main] MxmlConvert - parent name: Containers:ACCPanel
[DEBUG] 2023-11-07 09:50:30.803 [main] MxmlConvert - name: Controls:ACCLabel
[DEBUG] 2023-11-07 09:50:30.803 [main] MxmlConvert - cssElement: height:20px;width:139px;position: absolute; left:6px;top:41px;
[DEBUG] 2023-11-07 09:50:30.803 [main] MxmlConvert - attributeElement:  value="コールリスト作成日時："
[DEBUG] 2023-11-07 09:50:30.803 [main] MxmlConvert - parent name: Containers:ACCPanel
[DEBUG] 2023-11-07 09:50:30.803 [main] MxmlConvert - name: Controls:ACCTextInput
[DEBUG] 2023-11-07 09:50:30.803 [main] MxmlConvert - cssElement: width:120px;position: absolute; left:140px;top:39px;
[DEBUG] 2023-11-07 09:50:30.803 [main] MxmlConvert - attributeElement:  id="txSakuseiTime" readOnly="true" tabindex="2"
[DEBUG] 2023-11-07 09:50:30.803 [main] MxmlConvert - parent name: Containers:ACCPanel
[DEBUG] 2023-11-07 09:50:30.803 [main] MxmlConvert - name: Controls:ACCButton
[DEBUG] 2023-11-07 09:50:30.803 [main] MxmlConvert - cssElement: width:120px;position: absolute; left:315px;top:38px;
[DEBUG] 2023-11-07 09:50:30.803 [main] MxmlConvert - attributeElement:  id="btnUPD003" value="コールリスト登録" tabindex="3"
[DEBUG] 2023-11-07 09:50:30.803 [main] MxmlConvert - cssElement: height:85px;position:absolute;width:476px;position: absolute; left:4px;top:154px;
[DEBUG] 2023-11-07 09:50:30.803 [main] MxmlConvert - attributeElement:  id="compPanel15" tabindex="8" header="コールリスト設定"
[DEBUG] 2023-11-07 09:50:30.803 [main] MxmlConvert - cssElement: height:250px;width:490px;
[DEBUG] 2023-11-07 09:50:30.803 [main] MxmlConvert - attributeElement:  title="コールリスト"
[INFO ] 2023-11-07 09:50:30.807 [main] MxmlConvert - Html file created successfully.
[INFO ] 2023-11-07 09:50:30.807 [main] MxmlConvert - CSS file created successfully.
[INFO ] 2023-11-07 09:50:30.811 [main] MxmlConvert - Root Element :Containers:ACCCanvas
[INFO ] 2023-11-07 09:50:30.811 [main] MxmlConvert - ------
[INFO ] 2023-11-07 09:50:30.812 [main] ConvertMxmlService - Node Name =#comment [OPEN]
[INFO ] 2023-11-07 09:50:30.812 [main] ConvertMxmlService - Node Name =#comment [OPEN]
[INFO ] 2023-11-07 09:50:30.812 [main] ConvertMxmlService - Node Name =Containers:ACCCanvas [OPEN]
[INFO ] 2023-11-07 09:50:30.812 [main] ConvertMxmlService - Node Name =#text [OPEN]
[INFO ] 2023-11-07 09:50:30.812 [main] ConvertMxmlService - Node Name =mx:Script [OPEN]
[INFO ] 2023-11-07 09:50:30.812 [main] ConvertMxmlService - Node Name =#text [OPEN]
[INFO ] 2023-11-07 09:50:30.813 [main] ConvertMxmlService - Node Name =#comment [OPEN]
[INFO ] 2023-11-07 09:50:30.813 [main] ConvertMxmlService - Node Name =#text [OPEN]
[INFO ] 2023-11-07 09:50:30.813 [main] ConvertMxmlService - Node Name =#comment [OPEN]
[INFO ] 2023-11-07 09:50:30.813 [main] ConvertMxmlService - Node Name =#text [OPEN]
[INFO ] 2023-11-07 09:50:30.813 [main] ConvertMxmlService - Node Name =mx:XML [OPEN]
[INFO ] 2023-11-07 09:50:30.813 [main] ConvertMxmlService - Node Name =#text [OPEN]
[INFO ] 2023-11-07 09:50:30.813 [main] ConvertMxmlService - Node Name =#comment [OPEN]
[INFO ] 2023-11-07 09:50:30.813 [main] ConvertMxmlService - Node Name =#text [OPEN]
[INFO ] 2023-11-07 09:50:30.813 [main] ConvertMxmlService - Node Name =mx:Metadata [OPEN]
[INFO ] 2023-11-07 09:50:30.813 [main] ConvertMxmlService - Node Name =#text [OPEN]
[INFO ] 2023-11-07 09:50:30.813 [main] ConvertMxmlService - Node Name =tougouchusyutsu:MG3001004_01_000_AS [OPEN]
[INFO ] 2023-11-07 09:50:30.814 [main] ConvertMxmlService - Node Name =#text [OPEN]
[INFO ] 2023-11-07 09:50:30.814 [main] ConvertMxmlService - Node Name =#comment [OPEN]
[INFO ] 2023-11-07 09:50:30.814 [main] ConvertMxmlService - Node Name =#text [OPEN]
[INFO ] 2023-11-07 09:50:30.814 [main] ConvertMxmlService - Node Name =Containers:ACCPanel [OPEN]
[INFO ] 2023-11-07 09:50:30.814 [main] ConvertMxmlService - Node Name =#text [OPEN]
[INFO ] 2023-11-07 09:50:30.814 [main] ConvertMxmlService - Node Name =Controls:ACCLabel [OPEN]
[INFO ] 2023-11-07 09:50:30.815 [main] ConvertMxmlService - Node Name =Controls:ACCLabel [CLOSE]
[INFO ] 2023-11-07 09:50:30.815 [main] ConvertMxmlService - Node Name =#text [OPEN]
[INFO ] 2023-11-07 09:50:30.815 [main] ConvertMxmlService - Node Name =Controls:ACCComboBox [OPEN]
[INFO ] 2023-11-07 09:50:30.815 [main] ConvertMxmlService - Node Name =Controls:ACCComboBox [CLOSE]
[INFO ] 2023-11-07 09:50:30.815 [main] ConvertMxmlService - Node Name =#text [OPEN]
[INFO ] 2023-11-07 09:50:30.815 [main] ConvertMxmlService - Node Name =Controls:ACCLabel [OPEN]
[INFO ] 2023-11-07 09:50:30.815 [main] ConvertMxmlService - Node Name =Controls:ACCLabel [CLOSE]
[INFO ] 2023-11-07 09:50:30.816 [main] ConvertMxmlService - Node Name =#text [OPEN]
[INFO ] 2023-11-07 09:50:30.816 [main] ConvertMxmlService - Node Name =Controls:ACCComboBoxCode [OPEN]
[INFO ] 2023-11-07 09:50:30.816 [main] ConvertMxmlService - Node Name =Controls:ACCComboBoxCode [CLOSE]
[INFO ] 2023-11-07 09:50:30.816 [main] ConvertMxmlService - Node Name =#text [OPEN]
[INFO ] 2023-11-07 09:50:30.816 [main] ConvertMxmlService - Node Name =Controls:ACCLabel [OPEN]
[INFO ] 2023-11-07 09:50:30.816 [main] ConvertMxmlService - Node Name =Controls:ACCLabel [CLOSE]
[INFO ] 2023-11-07 09:50:30.816 [main] ConvertMxmlService - Node Name =#text [OPEN]
[INFO ] 2023-11-07 09:50:30.816 [main] ConvertMxmlService - Node Name =Controls:ACCRadioButtonGroup [OPEN]
[INFO ] 2023-11-07 09:50:30.817 [main] ConvertMxmlService - Node Name =Controls:ACCRadioButtonGroup [CLOSE]
[INFO ] 2023-11-07 09:50:30.817 [main] ConvertMxmlService - Node Name =#text [OPEN]
[INFO ] 2023-11-07 09:50:30.817 [main] ConvertMxmlService - Node Name =Controls:ACCRadioButton [OPEN]
[INFO ] 2023-11-07 09:50:30.817 [main] ConvertMxmlService - Node Name =Controls:ACCRadioButton [CLOSE]
[INFO ] 2023-11-07 09:50:30.817 [main] ConvertMxmlService - Node Name =#text [OPEN]
[INFO ] 2023-11-07 09:50:30.817 [main] ConvertMxmlService - Node Name =Controls:ACCRadioButton [OPEN]
[INFO ] 2023-11-07 09:50:30.818 [main] ConvertMxmlService - Node Name =Controls:ACCRadioButton [CLOSE]
[INFO ] 2023-11-07 09:50:30.818 [main] ConvertMxmlService - Node Name =#text [OPEN]
[INFO ] 2023-11-07 09:50:30.818 [main] ConvertMxmlService - Node Name =Containers:ACCPanel [CLOSE]
[INFO ] 2023-11-07 09:50:30.818 [main] ConvertMxmlService - Node Name =#text [OPEN]
[INFO ] 2023-11-07 09:50:30.818 [main] ConvertMxmlService - Node Name =#comment [OPEN]
[INFO ] 2023-11-07 09:50:30.818 [main] ConvertMxmlService - Node Name =#text [OPEN]
[INFO ] 2023-11-07 09:50:30.818 [main] ConvertMxmlService - Node Name =Containers:ACCPanel [OPEN]
[INFO ] 2023-11-07 09:50:30.818 [main] ConvertMxmlService - Node Name =#text [OPEN]
[INFO ] 2023-11-07 09:50:30.818 [main] ConvertMxmlService - Node Name =Controls:ACCLabel [OPEN]
[INFO ] 2023-11-07 09:50:30.819 [main] ConvertMxmlService - Node Name =Controls:ACCLabel [CLOSE]
[INFO ] 2023-11-07 09:50:30.819 [main] ConvertMxmlService - Node Name =#text [OPEN]
[INFO ] 2023-11-07 09:50:30.819 [main] ConvertMxmlService - Node Name =Controls:ACCComboBox [OPEN]
[INFO ] 2023-11-07 09:50:30.819 [main] ConvertMxmlService - Node Name =Controls:ACCComboBox [CLOSE]
[INFO ] 2023-11-07 09:50:30.819 [main] ConvertMxmlService - Node Name =#text [OPEN]
[INFO ] 2023-11-07 09:50:30.819 [main] ConvertMxmlService - Node Name =Controls:ACCLabel [OPEN]
[INFO ] 2023-11-07 09:50:30.819 [main] ConvertMxmlService - Node Name =Controls:ACCLabel [CLOSE]
[INFO ] 2023-11-07 09:50:30.819 [main] ConvertMxmlService - Node Name =#text [OPEN]
[INFO ] 2023-11-07 09:50:30.819 [main] ConvertMxmlService - Node Name =Controls:ACCTextInput [OPEN]
[INFO ] 2023-11-07 09:50:30.820 [main] ConvertMxmlService - Node Name =Controls:ACCTextInput [CLOSE]
[INFO ] 2023-11-07 09:50:30.820 [main] ConvertMxmlService - Node Name =#text [OPEN]
[INFO ] 2023-11-07 09:50:30.820 [main] ConvertMxmlService - Node Name =Controls:ACCLabel [OPEN]
[INFO ] 2023-11-07 09:50:30.820 [main] ConvertMxmlService - Node Name =Controls:ACCLabel [CLOSE]
[INFO ] 2023-11-07 09:50:30.820 [main] ConvertMxmlService - Node Name =#text [OPEN]
[INFO ] 2023-11-07 09:50:30.820 [main] ConvertMxmlService - Node Name =Controls:ACCTextInput [OPEN]
[INFO ] 2023-11-07 09:50:30.821 [main] ConvertMxmlService - Node Name =Controls:ACCTextInput [CLOSE]
[INFO ] 2023-11-07 09:50:30.821 [main] ConvertMxmlService - Node Name =#text [OPEN]
[INFO ] 2023-11-07 09:50:30.821 [main] ConvertMxmlService - Node Name =Containers:ACCPanel [CLOSE]
[INFO ] 2023-11-07 09:50:30.821 [main] ConvertMxmlService - Node Name =#text [OPEN]
[INFO ] 2023-11-07 09:50:30.821 [main] ConvertMxmlService - Node Name =#comment [OPEN]
[INFO ] 2023-11-07 09:50:30.821 [main] ConvertMxmlService - Node Name =#text [OPEN]
[INFO ] 2023-11-07 09:50:30.821 [main] ConvertMxmlService - Node Name =Containers:ACCPanel [OPEN]
[INFO ] 2023-11-07 09:50:30.821 [main] ConvertMxmlService - Node Name =#text [OPEN]
[INFO ] 2023-11-07 09:50:30.821 [main] ConvertMxmlService - Node Name =Controls:ACCLabel [OPEN]
[INFO ] 2023-11-07 09:50:30.822 [main] ConvertMxmlService - Node Name =Controls:ACCLabel [CLOSE]
[INFO ] 2023-11-07 09:50:30.822 [main] ConvertMxmlService - Node Name =#text [OPEN]
[INFO ] 2023-11-07 09:50:30.822 [main] ConvertMxmlService - Node Name =Controls:ACCDateField [OPEN]
[INFO ] 2023-11-07 09:50:30.822 [main] ConvertMxmlService - Node Name =Controls:ACCDateField [CLOSE]
[INFO ] 2023-11-07 09:50:30.822 [main] ConvertMxmlService - Node Name =#text [OPEN]
[INFO ] 2023-11-07 09:50:30.822 [main] ConvertMxmlService - Node Name =Controls:ACCLabel [OPEN]
[INFO ] 2023-11-07 09:50:30.822 [main] ConvertMxmlService - Node Name =Controls:ACCLabel [CLOSE]
[INFO ] 2023-11-07 09:50:30.822 [main] ConvertMxmlService - Node Name =#text [OPEN]
[INFO ] 2023-11-07 09:50:30.823 [main] ConvertMxmlService - Node Name =Controls:ACCDateField [OPEN]
[INFO ] 2023-11-07 09:50:30.823 [main] ConvertMxmlService - Node Name =Controls:ACCDateField [CLOSE]
[INFO ] 2023-11-07 09:50:30.823 [main] ConvertMxmlService - Node Name =#text [OPEN]
[INFO ] 2023-11-07 09:50:30.823 [main] ConvertMxmlService - Node Name =Controls:ACCLabel [OPEN]
[INFO ] 2023-11-07 09:50:30.823 [main] ConvertMxmlService - Node Name =Controls:ACCLabel [CLOSE]
[INFO ] 2023-11-07 09:50:30.823 [main] ConvertMxmlService - Node Name =#text [OPEN]
[INFO ] 2023-11-07 09:50:30.823 [main] ConvertMxmlService - Node Name =Containers:ACCPanel [CLOSE]
[INFO ] 2023-11-07 09:50:30.823 [main] ConvertMxmlService - Node Name =#text [OPEN]
[INFO ] 2023-11-07 09:50:30.823 [main] ConvertMxmlService - Node Name =#comment [OPEN]
[INFO ] 2023-11-07 09:50:30.823 [main] ConvertMxmlService - Node Name =#text [OPEN]
[INFO ] 2023-11-07 09:50:30.823 [main] ConvertMxmlService - Node Name =Controls:ACCButton [OPEN]
[INFO ] 2023-11-07 09:50:30.824 [main] ConvertMxmlService - Node Name =Controls:ACCButton [CLOSE]
[INFO ] 2023-11-07 09:50:30.824 [main] ConvertMxmlService - Node Name =#text [OPEN]
[INFO ] 2023-11-07 09:50:30.824 [main] ConvertMxmlService - Node Name =Controls:ACCTextInputMaskNumber [OPEN]
[INFO ] 2023-11-07 09:50:30.824 [main] ConvertMxmlService - Node Name =Controls:ACCTextInputMaskNumber [CLOSE]
[INFO ] 2023-11-07 09:50:30.824 [main] ConvertMxmlService - Node Name =#text [OPEN]
[INFO ] 2023-11-07 09:50:30.824 [main] ConvertMxmlService - Node Name =Controls:ACCButton [OPEN]
[INFO ] 2023-11-07 09:50:30.825 [main] ConvertMxmlService - Node Name =Controls:ACCButton [CLOSE]
[INFO ] 2023-11-07 09:50:30.825 [main] ConvertMxmlService - Node Name =#text [OPEN]
[INFO ] 2023-11-07 09:50:30.825 [main] ConvertMxmlService - Node Name =Containers:ACCCanvas [CLOSE]
[DEBUG] 2023-11-07 09:50:30.825 [main] MxmlConvert - parent name: null
[DEBUG] 2023-11-07 09:50:30.825 [main] MxmlConvert - name: #comment
[DEBUG] 2023-11-07 09:50:30.825 [main] MxmlConvert - cssElement: 
[DEBUG] 2023-11-07 09:50:30.825 [main] MxmlConvert - attributeElement: 
[DEBUG] 2023-11-07 09:50:30.825 [main] MxmlConvert - parent name: null
[DEBUG] 2023-11-07 09:50:30.825 [main] MxmlConvert - name: #comment
[DEBUG] 2023-11-07 09:50:30.825 [main] MxmlConvert - cssElement: 
[DEBUG] 2023-11-07 09:50:30.825 [main] MxmlConvert - attributeElement: 
[DEBUG] 2023-11-07 09:50:30.825 [main] MxmlConvert - parent name: RootNode
[DEBUG] 2023-11-07 09:50:30.825 [main] MxmlConvert - name: Containers:ACCCanvas
[DEBUG] 2023-11-07 09:50:30.825 [main] MxmlConvert - parent name: Containers:ACCCanvas
[DEBUG] 2023-11-07 09:50:30.825 [main] MxmlConvert - name: Containers:ACCPanel
[DEBUG] 2023-11-07 09:50:30.825 [main] MxmlConvert - parent name: Containers:ACCPanel
[DEBUG] 2023-11-07 09:50:30.825 [main] MxmlConvert - name: Controls:ACCLabel
[DEBUG] 2023-11-07 09:50:30.825 [main] MxmlConvert - cssElement: height:20px;width:80px;position: absolute; left:1px;top:5px;
[DEBUG] 2023-11-07 09:50:30.825 [main] MxmlConvert - attributeElement:  value="出力文書"
[DEBUG] 2023-11-07 09:50:30.825 [main] MxmlConvert - parent name: Containers:ACCPanel
[DEBUG] 2023-11-07 09:50:30.825 [main] MxmlConvert - name: Controls:ACCComboBox
[DEBUG] 2023-11-07 09:50:30.825 [main] MxmlConvert - cssElement: width:360px;position: absolute; left:82px;top:3px;
[DEBUG] 2023-11-07 09:50:30.825 [main] MxmlConvert - attributeElement:  id="comboLtBunshoId" required="true" tabindex="1"
[DEBUG] 2023-11-07 09:50:30.825 [main] MxmlConvert - parent name: Containers:ACCPanel
[DEBUG] 2023-11-07 09:50:30.825 [main] MxmlConvert - name: Controls:ACCLabel
[DEBUG] 2023-11-07 09:50:30.825 [main] MxmlConvert - cssElement: height:20px;width:80px;position: absolute; left:1px;top:30px;
[DEBUG] 2023-11-07 09:50:30.825 [main] MxmlConvert - attributeElement:  value="相手"
[DEBUG] 2023-11-07 09:50:30.825 [main] MxmlConvert - parent name: Containers:ACCPanel
[DEBUG] 2023-11-07 09:50:30.825 [main] MxmlConvert - name: Controls:ACCComboBoxCode
[DEBUG] 2023-11-07 09:50:30.825 [main] MxmlConvert - cssElement: width:138px;position: absolute; left:82px;top:28px;
[DEBUG] 2023-11-07 09:50:30.825 [main] MxmlConvert - attributeElement:  id="comboLtAtesakiKbn" required="false" tabindex="2"
[DEBUG] 2023-11-07 09:50:30.825 [main] MxmlConvert - parent name: Containers:ACCPanel
[DEBUG] 2023-11-07 09:50:30.825 [main] MxmlConvert - name: Controls:ACCLabel
[DEBUG] 2023-11-07 09:50:30.825 [main] MxmlConvert - cssElement: height:20px;width:95px;position: absolute; left:238px;top:30px;
[DEBUG] 2023-11-07 09:50:30.825 [main] MxmlConvert - attributeElement:  value="送付元住所"
[DEBUG] 2023-11-07 09:50:30.825 [main] MxmlConvert - parent name: Containers:ACCPanel
[DEBUG] 2023-11-07 09:50:30.825 [main] MxmlConvert - name: Controls:ACCRadioButtonGroup
[DEBUG] 2023-11-07 09:50:30.825 [main] MxmlConvert - cssElement: 
[DEBUG] 2023-11-07 09:50:30.825 [main] MxmlConvert - attributeElement:  id="grpKankatuCdRadio"
[DEBUG] 2023-11-07 09:50:30.825 [main] MxmlConvert - parent name: Containers:ACCPanel
[DEBUG] 2023-11-07 09:50:30.825 [main] MxmlConvert - name: Controls:ACCRadioButton
[DEBUG] 2023-11-07 09:50:30.825 [main] MxmlConvert - cssElement: width:75px;position: absolute; left:318px;top:29px;
[DEBUG] 2023-11-07 09:50:30.825 [main] MxmlConvert - attributeElement:  groupName="grpKankatuCdRadio" id="radioMisyuZandaka" value="本社" tabindex="3"
[DEBUG] 2023-11-07 09:50:30.825 [main] MxmlConvert - parent name: Containers:ACCPanel
[DEBUG] 2023-11-07 09:50:30.825 [main] MxmlConvert - name: Controls:ACCRadioButton
[DEBUG] 2023-11-07 09:50:30.825 [main] MxmlConvert - cssElement: width:72px;position: absolute; left:382px;top:29px;
[DEBUG] 2023-11-07 09:50:30.825 [main] MxmlConvert - attributeElement:  groupName="grpKankatuCdRadio" id="radioSaikenZandaka" value="関東" tabindex="4"
[DEBUG] 2023-11-07 09:50:30.825 [main] MxmlConvert - cssElement: height:75px;position:absolute;width:476px;position: absolute; left:4px;top:5px;
[DEBUG] 2023-11-07 09:50:30.825 [main] MxmlConvert - attributeElement:  id="compPanel16" tabindex="1" header="文書選択"
[DEBUG] 2023-11-07 09:50:30.825 [main] MxmlConvert - parent name: Containers:ACCCanvas
[DEBUG] 2023-11-07 09:50:30.825 [main] MxmlConvert - name: Containers:ACCPanel
[DEBUG] 2023-11-07 09:50:30.825 [main] MxmlConvert - parent name: Containers:ACCPanel
[DEBUG] 2023-11-07 09:50:30.825 [main] MxmlConvert - name: Controls:ACCLabel
[DEBUG] 2023-11-07 09:50:30.825 [main] MxmlConvert - cssElement: height:20px;width:80px;position: absolute; left:1px;top:5px;
[DEBUG] 2023-11-07 09:50:30.825 [main] MxmlConvert - attributeElement:  value="前回出力文書"
[DEBUG] 2023-11-07 09:50:30.825 [main] MxmlConvert - parent name: Containers:ACCPanel
[DEBUG] 2023-11-07 09:50:30.825 [main] MxmlConvert - name: Controls:ACCComboBox
[DEBUG] 2023-11-07 09:50:30.825 [main] MxmlConvert - cssElement: width:360px;position: absolute; left:82px;top:3px;
[DEBUG] 2023-11-07 09:50:30.825 [main] MxmlConvert - attributeElement:  id="comboLtLastBunshoId" tabindex="1"
[DEBUG] 2023-11-07 09:50:30.825 [main] MxmlConvert - parent name: Containers:ACCPanel
[DEBUG] 2023-11-07 09:50:30.825 [main] MxmlConvert - name: Controls:ACCLabel
[DEBUG] 2023-11-07 09:50:30.825 [main] MxmlConvert - cssElement: height:20px;width:70px;position: absolute; left:1px;top:30px;
[DEBUG] 2023-11-07 09:50:30.825 [main] MxmlConvert - attributeElement:  value="経過日数"
[DEBUG] 2023-11-07 09:50:30.825 [main] MxmlConvert - parent name: Containers:ACCPanel
[DEBUG] 2023-11-07 09:50:30.825 [main] MxmlConvert - name: Controls:ACCTextInput
[DEBUG] 2023-11-07 09:50:30.825 [main] MxmlConvert - cssElement: text-align:right;width:40px;position: absolute; left:82px;top:28px;
[DEBUG] 2023-11-07 09:50:30.825 [main] MxmlConvert - attributeElement:  id="txNissuFrom" maxbytelength="3" tabindex="2"
[DEBUG] 2023-11-07 09:50:30.825 [main] MxmlConvert - parent name: Containers:ACCPanel
[DEBUG] 2023-11-07 09:50:30.825 [main] MxmlConvert - name: Controls:ACCLabel
[DEBUG] 2023-11-07 09:50:30.825 [main] MxmlConvert - cssElement: height:20px;width:20px;position: absolute; left:130px;top:30px;
[DEBUG] 2023-11-07 09:50:30.825 [main] MxmlConvert - attributeElement:  value="～"
[DEBUG] 2023-11-07 09:50:30.825 [main] MxmlConvert - parent name: Containers:ACCPanel
[DEBUG] 2023-11-07 09:50:30.825 [main] MxmlConvert - name: Controls:ACCTextInput
[DEBUG] 2023-11-07 09:50:30.825 [main] MxmlConvert - cssElement: text-align:right;width:40px;position: absolute; left:150px;top:28px;
[DEBUG] 2023-11-07 09:50:30.825 [main] MxmlConvert - attributeElement:  id="txNissuTo" maxbytelength="3" tabindex="3"
[DEBUG] 2023-11-07 09:50:30.825 [main] MxmlConvert - cssElement: height:75px;position:absolute;width:476px;position: absolute; left:4px;top:86px;
[DEBUG] 2023-11-07 09:50:30.825 [main] MxmlConvert - attributeElement:  id="compPanel17" tabindex="2" header="前回出力文書選択"
[DEBUG] 2023-11-07 09:50:30.825 [main] MxmlConvert - parent name: Containers:ACCCanvas
[DEBUG] 2023-11-07 09:50:30.825 [main] MxmlConvert - name: Containers:ACCPanel
[DEBUG] 2023-11-07 09:50:30.825 [main] MxmlConvert - parent name: Containers:ACCPanel
[DEBUG] 2023-11-07 09:50:30.825 [main] MxmlConvert - name: Controls:ACCLabel
[DEBUG] 2023-11-07 09:50:30.825 [main] MxmlConvert - cssElement: height:20px;width:72px;position: absolute; left:1px;top:5px;
[DEBUG] 2023-11-07 09:50:30.825 [main] MxmlConvert - attributeElement:  value="支払期限"
[DEBUG] 2023-11-07 09:50:30.825 [main] MxmlConvert - parent name: Containers:ACCPanel
[DEBUG] 2023-11-07 09:50:30.825 [main] MxmlConvert - name: Controls:ACCDateField
[DEBUG] 2023-11-07 09:50:30.825 [main] MxmlConvert - cssElement: position: absolute; left:82px;top:3px;
[DEBUG] 2023-11-07 09:50:30.825 [main] MxmlConvert - attributeElement:  id="txSiharaiKigen" tabindex="1"
[DEBUG] 2023-11-07 09:50:30.825 [main] MxmlConvert - parent name: Containers:ACCPanel
[DEBUG] 2023-11-07 09:50:30.825 [main] MxmlConvert - name: Controls:ACCLabel
[DEBUG] 2023-11-07 09:50:30.825 [main] MxmlConvert - cssElement: height:20px;width:80px;position: absolute; left:193px;top:5px;
[DEBUG] 2023-11-07 09:50:30.825 [main] MxmlConvert - attributeElement:  value="書面の応答日"
[DEBUG] 2023-11-07 09:50:30.825 [main] MxmlConvert - parent name: Containers:ACCPanel
[DEBUG] 2023-11-07 09:50:30.825 [main] MxmlConvert - name: Controls:ACCDateField
[DEBUG] 2023-11-07 09:50:30.825 [main] MxmlConvert - cssElement: position: absolute; left:270px;top:3px;
[DEBUG] 2023-11-07 09:50:30.825 [main] MxmlConvert - attributeElement:  id="txSkOtoDay" tabindex="2"
[DEBUG] 2023-11-07 09:50:30.825 [main] MxmlConvert - parent name: Containers:ACCPanel
[DEBUG] 2023-11-07 09:50:30.825 [main] MxmlConvert - name: Controls:ACCLabel
[DEBUG] 2023-11-07 09:50:30.825 [main] MxmlConvert - cssElement: height:20px;width:93px;position: absolute; left:363px;top:5px;
[DEBUG] 2023-11-07 09:50:30.826 [main] MxmlConvert - attributeElement:  value="（銀行営業日）"
[DEBUG] 2023-11-07 09:50:30.826 [main] MxmlConvert - cssElement: height:45px;position:absolute;width:476px;position: absolute; left:4px;top:169px;
[DEBUG] 2023-11-07 09:50:30.826 [main] MxmlConvert - attributeElement:  id="compPanel18" tabindex="3" header="応答日設定"
[DEBUG] 2023-11-07 09:50:30.826 [main] MxmlConvert - parent name: Containers:ACCCanvas
[DEBUG] 2023-11-07 09:50:30.826 [main] MxmlConvert - name: Controls:ACCButton
[DEBUG] 2023-11-07 09:50:30.826 [main] MxmlConvert - cssElement: width:80px;position: absolute; left:7px;top:221px;
[DEBUG] 2023-11-07 09:50:30.826 [main] MxmlConvert - attributeElement:  id="btnSEL001" value="件数取得" tabindex="4"
[DEBUG] 2023-11-07 09:50:30.826 [main] MxmlConvert - parent name: Containers:ACCCanvas
[DEBUG] 2023-11-07 09:50:30.826 [main] MxmlConvert - name: Controls:ACCTextInputMaskNumber
[DEBUG] 2023-11-07 09:50:30.826 [main] MxmlConvert - cssElement: text-align:right;width:101px;position: absolute; left:96px;top:221px;
[DEBUG] 2023-11-07 09:50:30.826 [main] MxmlConvert - attributeElement:  id="txGetCount" readOnly="true"
[DEBUG] 2023-11-07 09:50:30.826 [main] MxmlConvert - parent name: Containers:ACCCanvas
[DEBUG] 2023-11-07 09:50:30.826 [main] MxmlConvert - name: Controls:ACCButton
[DEBUG] 2023-11-07 09:50:30.826 [main] MxmlConvert - cssElement: width:80px;position: absolute; left:401px;top:221px;
[DEBUG] 2023-11-07 09:50:30.826 [main] MxmlConvert - attributeElement:  id="btnUPD001" value="申請" tabindex="5"
[DEBUG] 2023-11-07 09:50:30.826 [main] MxmlConvert - cssElement: height:250px;width:490px;
[DEBUG] 2023-11-07 09:50:30.826 [main] MxmlConvert - attributeElement:  title="文書一括出力"
[INFO ] 2023-11-07 09:50:30.826 [main] MxmlConvert - Html file created successfully.
[INFO ] 2023-11-07 09:50:30.827 [main] MxmlConvert - CSS file created successfully.
[INFO ] 2023-11-07 09:50:30.831 [main] MxmlConvert - Root Element :Containers:ACCCanvas
[INFO ] 2023-11-07 09:50:30.831 [main] MxmlConvert - ------
[INFO ] 2023-11-07 09:50:30.832 [main] ConvertMxmlService - Node Name =#comment [OPEN]
[INFO ] 2023-11-07 09:50:30.832 [main] ConvertMxmlService - Node Name =Containers:ACCCanvas [OPEN]
[INFO ] 2023-11-07 09:50:30.832 [main] ConvertMxmlService - Node Name =#text [OPEN]
[INFO ] 2023-11-07 09:50:30.832 [main] ConvertMxmlService - Node Name =mx:Script [OPEN]
[INFO ] 2023-11-07 09:50:30.833 [main] ConvertMxmlService - Node Name =#text [OPEN]
[INFO ] 2023-11-07 09:50:30.833 [main] ConvertMxmlService - Node Name =tougouchusyutsu:MG3001005_01_000_AS [OPEN]
[INFO ] 2023-11-07 09:50:30.833 [main] ConvertMxmlService - Node Name =#text [OPEN]
[INFO ] 2023-11-07 09:50:30.833 [main] ConvertMxmlService - Node Name =Containers:ACCPanel [OPEN]
[INFO ] 2023-11-07 09:50:30.833 [main] ConvertMxmlService - Node Name =#text [OPEN]
[INFO ] 2023-11-07 09:50:30.833 [main] ConvertMxmlService - Node Name =#comment [OPEN]
[INFO ] 2023-11-07 09:50:30.833 [main] ConvertMxmlService - Node Name =#text [OPEN]
[INFO ] 2023-11-07 09:50:30.833 [main] ConvertMxmlService - Node Name =Controls:ACCDataGrid [OPEN]
[INFO ] 2023-11-07 09:50:30.834 [main] ConvertMxmlService - Node Name =#text [OPEN]
[INFO ] 2023-11-07 09:50:30.834 [main] ConvertMxmlService - Node Name =Controls:columns [OPEN]
[INFO ] 2023-11-07 09:50:30.834 [main] ConvertMxmlService - Node Name =#text [OPEN]
[INFO ] 2023-11-07 09:50:30.834 [main] ConvertMxmlService - Node Name =mx:DataGridColumn [OPEN]
[INFO ] 2023-11-07 09:50:30.840 [main] ConvertMxmlService - Node Name =#text [OPEN]
[INFO ] 2023-11-07 09:50:30.840 [main] ConvertMxmlService - Node Name =mx:headerRenderer [OPEN]
[INFO ] 2023-11-07 09:50:30.841 [main] ConvertMxmlService - Node Name =#text [OPEN]
[INFO ] 2023-11-07 09:50:30.841 [main] ConvertMxmlService - Node Name =mx:Component [OPEN]
[INFO ] 2023-11-07 09:50:30.842 [main] ConvertMxmlService - Node Name =#text [OPEN]
[INFO ] 2023-11-07 09:50:30.842 [main] ConvertMxmlService - Node Name =Controls:ACCLabel [OPEN]
[INFO ] 2023-11-07 09:50:30.842 [main] ConvertMxmlService - Node Name =Controls:ACCLabel [CLOSE]
[INFO ] 2023-11-07 09:50:30.842 [main] ConvertMxmlService - Node Name =#text [OPEN]
[INFO ] 2023-11-07 09:50:30.842 [main] ConvertMxmlService - Node Name =mx:Component [CLOSE]
[INFO ] 2023-11-07 09:50:30.842 [main] ConvertMxmlService - Node Name =#text [OPEN]
[INFO ] 2023-11-07 09:50:30.842 [main] ConvertMxmlService - Node Name =mx:headerRenderer [CLOSE]
[INFO ] 2023-11-07 09:50:30.842 [main] ConvertMxmlService - Node Name =#text [OPEN]
[INFO ] 2023-11-07 09:50:30.842 [main] ConvertMxmlService - Node Name =mx:DataGridColumn [CLOSE]
[INFO ] 2023-11-07 09:50:30.842 [main] ConvertMxmlService - Node Name =#text [OPEN]
[INFO ] 2023-11-07 09:50:30.842 [main] ConvertMxmlService - Node Name =mx:DataGridColumn [OPEN]
[INFO ] 2023-11-07 09:50:30.843 [main] ConvertMxmlService - Node Name =#text [OPEN]
[INFO ] 2023-11-07 09:50:30.843 [main] ConvertMxmlService - Node Name =mx:headerRenderer [OPEN]
[INFO ] 2023-11-07 09:50:30.844 [main] ConvertMxmlService - Node Name =#text [OPEN]
[INFO ] 2023-11-07 09:50:30.844 [main] ConvertMxmlService - Node Name =mx:Component [OPEN]
[INFO ] 2023-11-07 09:50:30.844 [main] ConvertMxmlService - Node Name =#text [OPEN]
[INFO ] 2023-11-07 09:50:30.844 [main] ConvertMxmlService - Node Name =Controls:ACCLabel [OPEN]
[INFO ] 2023-11-07 09:50:30.845 [main] ConvertMxmlService - Node Name =Controls:ACCLabel [CLOSE]
[INFO ] 2023-11-07 09:50:30.845 [main] ConvertMxmlService - Node Name =#text [OPEN]
[INFO ] 2023-11-07 09:50:30.845 [main] ConvertMxmlService - Node Name =mx:Component [CLOSE]
[INFO ] 2023-11-07 09:50:30.845 [main] ConvertMxmlService - Node Name =#text [OPEN]
[INFO ] 2023-11-07 09:50:30.845 [main] ConvertMxmlService - Node Name =mx:headerRenderer [CLOSE]
[INFO ] 2023-11-07 09:50:30.845 [main] ConvertMxmlService - Node Name =#text [OPEN]
[INFO ] 2023-11-07 09:50:30.845 [main] ConvertMxmlService - Node Name =mx:DataGridColumn [CLOSE]
[INFO ] 2023-11-07 09:50:30.845 [main] ConvertMxmlService - Node Name =#text [OPEN]
[INFO ] 2023-11-07 09:50:30.845 [main] ConvertMxmlService - Node Name =#comment [OPEN]
[INFO ] 2023-11-07 09:50:30.845 [main] ConvertMxmlService - Node Name =#text [OPEN]
[INFO ] 2023-11-07 09:50:30.845 [main] ConvertMxmlService - Node Name =mx:DataGridColumn [OPEN]
[INFO ] 2023-11-07 09:50:30.846 [main] ConvertMxmlService - Node Name =#text [OPEN]
[INFO ] 2023-11-07 09:50:30.846 [main] ConvertMxmlService - Node Name =#comment [OPEN]
[INFO ] 2023-11-07 09:50:30.846 [main] ConvertMxmlService - Node Name =#text [OPEN]
[INFO ] 2023-11-07 09:50:30.846 [main] ConvertMxmlService - Node Name =mx:headerRenderer [OPEN]
