[INFO ] 2023-11-08 08:59:27.158 [main] MxmlConvert - Root Element :%s
[INFO ] 2023-11-08 08:59:27.160 [main] MxmlConvert - ------
[INFO ] 2023-11-08 08:59:27.162 [main] ConvertMxmlService - Node Name =%s [OPEN]
[INFO ] 2023-11-08 08:59:27.175 [main] ConvertMxmlService - Node Name =%s [OPEN]
[INFO ] 2023-11-08 08:59:27.175 [main] ConvertMxmlService - Node Name =%s [OPEN]
[INFO ] 2023-11-08 08:59:27.176 [main] ConvertMxmlService - Node Name =%s [OPEN]
[INFO ] 2023-11-08 08:59:27.176 [main] ConvertMxmlService - Node Name =%s [OPEN]
[INFO ] 2023-11-08 08:59:27.176 [main] ConvertMxmlService - Node Name =%s [OPEN]
[INFO ] 2023-11-08 08:59:27.176 [main] ConvertMxmlService - Node Name =%s [OPEN]
[INFO ] 2023-11-08 08:59:27.176 [main] ConvertMxmlService - Node Name =%s [OPEN]
[INFO ] 2023-11-08 08:59:27.177 [main] ConvertMxmlService - Node Name =%s [OPEN]
[INFO ] 2023-11-08 08:59:27.177 [main] ConvertMxmlService - Node Name =%s [OPEN]
[INFO ] 2023-11-08 08:59:27.177 [main] ConvertMxmlService - Node Name =%s [OPEN]
[INFO ] 2023-11-08 08:59:27.178 [main] ConvertMxmlService - Node Name =%s [OPEN]
[INFO ] 2023-11-08 08:59:27.178 [main] ConvertMxmlService - Node Name =%s [OPEN]
[INFO ] 2023-11-08 08:59:27.179 [main] ConvertMxmlService - Node Name =%s [CLOSE]
[INFO ] 2023-11-08 08:59:27.179 [main] ConvertMxmlService - Node Name =%s [OPEN]
[INFO ] 2023-11-08 08:59:27.179 [main] ConvertMxmlService - Node Name =%s [OPEN]
[INFO ] 2023-11-08 08:59:27.179 [main] ConvertMxmlService - Node Name =%s [OPEN]
[INFO ] 2023-11-08 08:59:27.179 [main] ConvertMxmlService - Node Name =%s [OPEN]
[INFO ] 2023-11-08 08:59:27.179 [main] ConvertMxmlService - Node Name =%s [OPEN]
[INFO ] 2023-11-08 08:59:27.179 [main] ConvertMxmlService - Node Name =%s [OPEN]
[INFO ] 2023-11-08 08:59:27.180 [main] ConvertMxmlService - Node Name =%s [CLOSE]
[INFO ] 2023-11-08 08:59:27.180 [main] ConvertMxmlService - Node Name =%s [OPEN]
[INFO ] 2023-11-08 08:59:27.180 [main] ConvertMxmlService - Node Name =%s [OPEN]
[INFO ] 2023-11-08 08:59:27.181 [main] ConvertMxmlService - Node Name =%s [CLOSE]
[INFO ] 2023-11-08 08:59:27.181 [main] ConvertMxmlService - Node Name =%s [OPEN]
[INFO ] 2023-11-08 08:59:27.181 [main] ConvertMxmlService - Node Name =%s [OPEN]
[INFO ] 2023-11-08 08:59:27.182 [main] ConvertMxmlService - Node Name =%s [OPEN]
[INFO ] 2023-11-08 08:59:27.182 [main] ConvertMxmlService - Node Name =%s [OPEN]
[INFO ] 2023-11-08 08:59:27.182 [main] ConvertMxmlService - Node Name =%s [CLOSE]
[INFO ] 2023-11-08 08:59:27.182 [main] ConvertMxmlService - Node Name =%s [OPEN]
[INFO ] 2023-11-08 08:59:27.182 [main] ConvertMxmlService - Node Name =%s [OPEN]
[INFO ] 2023-11-08 08:59:27.183 [main] ConvertMxmlService - Node Name =%s [CLOSE]
[INFO ] 2023-11-08 08:59:27.183 [main] ConvertMxmlService - Node Name =%s [OPEN]
[INFO ] 2023-11-08 08:59:27.183 [main] ConvertMxmlService - Node Name =%s [OPEN]
[INFO ] 2023-11-08 08:59:27.183 [main] ConvertMxmlService - Node Name =%s [OPEN]
[INFO ] 2023-11-08 08:59:27.183 [main] ConvertMxmlService - Node Name =%s [OPEN]
[INFO ] 2023-11-08 08:59:27.183 [main] ConvertMxmlService - Node Name =%s [CLOSE]
[INFO ] 2023-11-08 08:59:27.183 [main] ConvertMxmlService - Node Name =%s [OPEN]
[INFO ] 2023-11-08 08:59:27.183 [main] ConvertMxmlService - Node Name =%s [OPEN]
[INFO ] 2023-11-08 08:59:27.184 [main] ConvertMxmlService - Node Name =%s [CLOSE]
[INFO ] 2023-11-08 08:59:27.184 [main] ConvertMxmlService - Node Name =%s [OPEN]
[INFO ] 2023-11-08 08:59:27.184 [main] ConvertMxmlService - Node Name =%s [OPEN]
[INFO ] 2023-11-08 08:59:27.184 [main] ConvertMxmlService - Node Name =%s [OPEN]
[INFO ] 2023-11-08 08:59:27.184 [main] ConvertMxmlService - Node Name =%s [OPEN]
[INFO ] 2023-11-08 08:59:27.185 [main] ConvertMxmlService - Node Name =%s [CLOSE]
[INFO ] 2023-11-08 08:59:27.185 [main] ConvertMxmlService - Node Name =%s [OPEN]
[INFO ] 2023-11-08 08:59:27.185 [main] ConvertMxmlService - Node Name =%s [OPEN]
[INFO ] 2023-11-08 08:59:27.185 [main] ConvertMxmlService - Node Name =%s [OPEN]
[INFO ] 2023-11-08 08:59:27.185 [main] ConvertMxmlService - Node Name =%s [OPEN]
[INFO ] 2023-11-08 08:59:27.185 [main] ConvertMxmlService - Node Name =%s [CLOSE]
[INFO ] 2023-11-08 08:59:27.185 [main] ConvertMxmlService - Node Name =%s [OPEN]
[INFO ] 2023-11-08 08:59:27.185 [main] ConvertMxmlService - Node Name =%s [CLOSE]
[INFO ] 2023-11-08 08:59:27.185 [main] ConvertMxmlService - Node Name =%s [OPEN]
[INFO ] 2023-11-08 08:59:27.185 [main] ConvertMxmlService - Node Name =%s [OPEN]
[INFO ] 2023-11-08 08:59:27.186 [main] ConvertMxmlService - Node Name =%s [OPEN]
[INFO ] 2023-11-08 08:59:27.186 [main] ConvertMxmlService - Node Name =%s [OPEN]
[INFO ] 2023-11-08 08:59:27.186 [main] ConvertMxmlService - Node Name =%s [OPEN]
[INFO ] 2023-11-08 08:59:27.186 [main] ConvertMxmlService - Node Name =%s [OPEN]
[INFO ] 2023-11-08 08:59:27.187 [main] ConvertMxmlService - Node Name =%s [CLOSE]
[INFO ] 2023-11-08 08:59:27.187 [main] ConvertMxmlService - Node Name =%s [OPEN]
[INFO ] 2023-11-08 08:59:27.187 [main] ConvertMxmlService - Node Name =%s [OPEN]
[INFO ] 2023-11-08 08:59:27.187 [main] ConvertMxmlService - Node Name =%s [OPEN]
[INFO ] 2023-11-08 08:59:27.187 [main] ConvertMxmlService - Node Name =%s [OPEN]
[INFO ] 2023-11-08 08:59:27.187 [main] ConvertMxmlService - Node Name =%s [CLOSE]
[INFO ] 2023-11-08 08:59:27.187 [main] ConvertMxmlService - Node Name =%s [OPEN]
[INFO ] 2023-11-08 08:59:27.187 [main] ConvertMxmlService - Node Name =%s [OPEN]
[INFO ] 2023-11-08 08:59:27.187 [main] ConvertMxmlService - Node Name =%s [OPEN]
[INFO ] 2023-11-08 08:59:27.187 [main] ConvertMxmlService - Node Name =%s [OPEN]
[INFO ] 2023-11-08 08:59:27.188 [main] ConvertMxmlService - Node Name =%s [CLOSE]
[INFO ] 2023-11-08 08:59:27.188 [main] ConvertMxmlService - Node Name =%s [OPEN]
[INFO ] 2023-11-08 08:59:27.188 [main] ConvertMxmlService - Node Name =%s [CLOSE]
[INFO ] 2023-11-08 08:59:27.188 [main] ConvertMxmlService - Node Name =%s [OPEN]
[INFO ] 2023-11-08 08:59:27.188 [main] ConvertMxmlService - Node Name =%s [CLOSE]
[DEBUG] 2023-11-08 08:59:27.189 [main] MxmlConvert - parent name: %s
[DEBUG] 2023-11-08 08:59:27.189 [main] MxmlConvert - name: %s
[DEBUG] 2023-11-08 08:59:27.189 [main] MxmlConvert - parent name: %s
[DEBUG] 2023-11-08 08:59:27.189 [main] MxmlConvert - name: %s
[DEBUG] 2023-11-08 08:59:27.189 [main] MxmlConvert - cssElement: %s
[DEBUG] 2023-11-08 08:59:27.189 [main] MxmlConvert - attributeElement: %s
[DEBUG] 2023-11-08 08:59:27.189 [main] MxmlConvert - parent name: %s
[DEBUG] 2023-11-08 08:59:27.189 [main] MxmlConvert - name: %s
[DEBUG] 2023-11-08 08:59:27.189 [main] MxmlConvert - parent name: %s
[DEBUG] 2023-11-08 08:59:27.189 [main] MxmlConvert - name: %s
[DEBUG] 2023-11-08 08:59:27.189 [main] MxmlConvert - cssElement: %s
[DEBUG] 2023-11-08 08:59:27.190 [main] MxmlConvert - attributeElement: %s
[DEBUG] 2023-11-08 08:59:27.190 [main] MxmlConvert - parent name: %s
[DEBUG] 2023-11-08 08:59:27.190 [main] MxmlConvert - name: %s
[DEBUG] 2023-11-08 08:59:27.190 [main] MxmlConvert - cssElement: %s
[DEBUG] 2023-11-08 08:59:27.190 [main] MxmlConvert - attributeElement: %s
[DEBUG] 2023-11-08 08:59:27.190 [main] MxmlConvert - parent name: %s
[DEBUG] 2023-11-08 08:59:27.190 [main] MxmlConvert - name: %s
[DEBUG] 2023-11-08 08:59:27.190 [main] MxmlConvert - cssElement: %s
[DEBUG] 2023-11-08 08:59:27.190 [main] MxmlConvert - attributeElement: %s
[DEBUG] 2023-11-08 08:59:27.190 [main] MxmlConvert - parent name: %s
[DEBUG] 2023-11-08 08:59:27.190 [main] MxmlConvert - name: %s
[DEBUG] 2023-11-08 08:59:27.190 [main] MxmlConvert - cssElement: %s
[DEBUG] 2023-11-08 08:59:27.190 [main] MxmlConvert - attributeElement: %s
[DEBUG] 2023-11-08 08:59:27.190 [main] MxmlConvert - parent name: %s
[DEBUG] 2023-11-08 08:59:27.190 [main] MxmlConvert - name: %s
[DEBUG] 2023-11-08 08:59:27.190 [main] MxmlConvert - cssElement: %s
[DEBUG] 2023-11-08 08:59:27.190 [main] MxmlConvert - attributeElement: %s
[DEBUG] 2023-11-08 08:59:27.190 [main] MxmlConvert - parent name: %s
[DEBUG] 2023-11-08 08:59:27.190 [main] MxmlConvert - name: %s
[DEBUG] 2023-11-08 08:59:27.190 [main] MxmlConvert - cssElement: %s
[DEBUG] 2023-11-08 08:59:27.190 [main] MxmlConvert - attributeElement: %s
[DEBUG] 2023-11-08 08:59:27.190 [main] MxmlConvert - parent name: %s
[DEBUG] 2023-11-08 08:59:27.190 [main] MxmlConvert - name: %s
[DEBUG] 2023-11-08 08:59:27.190 [main] MxmlConvert - cssElement: %s
[DEBUG] 2023-11-08 08:59:27.190 [main] MxmlConvert - attributeElement: %s
[DEBUG] 2023-11-08 08:59:27.190 [main] MxmlConvert - parent name: %s
[DEBUG] 2023-11-08 08:59:27.191 [main] MxmlConvert - name: %s
[DEBUG] 2023-11-08 08:59:27.191 [main] MxmlConvert - cssElement: %s
[DEBUG] 2023-11-08 08:59:27.191 [main] MxmlConvert - attributeElement: %s
[DEBUG] 2023-11-08 08:59:27.191 [main] MxmlConvert - parent name: %s
[DEBUG] 2023-11-08 08:59:27.191 [main] MxmlConvert - name: %s
[DEBUG] 2023-11-08 08:59:27.191 [main] MxmlConvert - cssElement: %s
[DEBUG] 2023-11-08 08:59:27.191 [main] MxmlConvert - attributeElement: %s
[DEBUG] 2023-11-08 08:59:27.191 [main] MxmlConvert - parent name: %s
[DEBUG] 2023-11-08 08:59:27.191 [main] MxmlConvert - name: %s
[DEBUG] 2023-11-08 08:59:27.191 [main] MxmlConvert - cssElement: %s
[DEBUG] 2023-11-08 08:59:27.191 [main] MxmlConvert - attributeElement: %s
[DEBUG] 2023-11-08 08:59:27.191 [main] MxmlConvert - parent name: %s
[DEBUG] 2023-11-08 08:59:27.191 [main] MxmlConvert - name: %s
[DEBUG] 2023-11-08 08:59:27.191 [main] MxmlConvert - cssElement: %s
[DEBUG] 2023-11-08 08:59:27.191 [main] MxmlConvert - attributeElement: %s
[DEBUG] 2023-11-08 08:59:27.191 [main] MxmlConvert - parent name: %s
[DEBUG] 2023-11-08 08:59:27.191 [main] MxmlConvert - name: %s
[DEBUG] 2023-11-08 08:59:27.191 [main] MxmlConvert - cssElement: %s
[DEBUG] 2023-11-08 08:59:27.191 [main] MxmlConvert - attributeElement: %s
[DEBUG] 2023-11-08 08:59:27.191 [main] MxmlConvert - parent name: %s
[DEBUG] 2023-11-08 08:59:27.191 [main] MxmlConvert - name: %s
[DEBUG] 2023-11-08 08:59:27.191 [main] MxmlConvert - cssElement: %s
[DEBUG] 2023-11-08 08:59:27.191 [main] MxmlConvert - attributeElement: %s
[DEBUG] 2023-11-08 08:59:27.191 [main] MxmlConvert - cssElement: %s
[DEBUG] 2023-11-08 08:59:27.191 [main] MxmlConvert - attributeElement: %s
[DEBUG] 2023-11-08 08:59:27.191 [main] MxmlConvert - parent name: %s
[DEBUG] 2023-11-08 08:59:27.191 [main] MxmlConvert - name: %s
[DEBUG] 2023-11-08 08:59:27.192 [main] MxmlConvert - parent name: %s
[DEBUG] 2023-11-08 08:59:27.192 [main] MxmlConvert - name: %s
[DEBUG] 2023-11-08 08:59:27.192 [main] MxmlConvert - cssElement: %s
[DEBUG] 2023-11-08 08:59:27.192 [main] MxmlConvert - attributeElement: %s
[DEBUG] 2023-11-08 08:59:27.192 [main] MxmlConvert - parent name: %s
[DEBUG] 2023-11-08 08:59:27.192 [main] MxmlConvert - name: %s
[DEBUG] 2023-11-08 08:59:27.192 [main] MxmlConvert - cssElement: %s
[DEBUG] 2023-11-08 08:59:27.192 [main] MxmlConvert - attributeElement: %s
[DEBUG] 2023-11-08 08:59:27.192 [main] MxmlConvert - parent name: %s
[DEBUG] 2023-11-08 08:59:27.192 [main] MxmlConvert - name: %s
[DEBUG] 2023-11-08 08:59:27.192 [main] MxmlConvert - cssElement: %s
[DEBUG] 2023-11-08 08:59:27.192 [main] MxmlConvert - attributeElement: %s
[DEBUG] 2023-11-08 08:59:27.192 [main] MxmlConvert - parent name: %s
[DEBUG] 2023-11-08 08:59:27.192 [main] MxmlConvert - name: %s
[DEBUG] 2023-11-08 08:59:27.192 [main] MxmlConvert - cssElement: %s
[DEBUG] 2023-11-08 08:59:27.192 [main] MxmlConvert - attributeElement: %s
[DEBUG] 2023-11-08 08:59:27.192 [main] MxmlConvert - parent name: %s
[DEBUG] 2023-11-08 08:59:27.192 [main] MxmlConvert - name: %s
[DEBUG] 2023-11-08 08:59:27.192 [main] MxmlConvert - cssElement: %s
[DEBUG] 2023-11-08 08:59:27.192 [main] MxmlConvert - attributeElement: %s
[DEBUG] 2023-11-08 08:59:27.192 [main] MxmlConvert - parent name: %s
[DEBUG] 2023-11-08 08:59:27.192 [main] MxmlConvert - name: %s
[DEBUG] 2023-11-08 08:59:27.192 [main] MxmlConvert - cssElement: %s
[DEBUG] 2023-11-08 08:59:27.192 [main] MxmlConvert - attributeElement: %s
[DEBUG] 2023-11-08 08:59:27.192 [main] MxmlConvert - cssElement: %s
[DEBUG] 2023-11-08 08:59:27.192 [main] MxmlConvert - attributeElement: %s
[DEBUG] 2023-11-08 08:59:27.192 [main] MxmlConvert - cssElement: %s
[DEBUG] 2023-11-08 08:59:27.192 [main] MxmlConvert - attributeElement: %s
[INFO ] 2023-11-08 08:59:27.229 [main] MxmlConvert - Html file created successfully.
[INFO ] 2023-11-08 08:59:27.229 [main] MxmlConvert - CSS file created successfully.
