[INFO ] 2023-11-07 11:12:44.129 [main] MxmlConvert - Root Element :Containers:ACCTitleWindow
[INFO ] 2023-11-07 11:12:44.132 [main] MxmlConvert - ------
[INFO ] 2023-11-07 11:12:44.135 [main] ConvertMxmlService - Node Name =#comment [OPEN]
[INFO ] 2023-11-07 11:12:44.136 [main] ConvertMxmlService - Node Name =Containers:ACCTitleWindow [OPEN]
[INFO ] 2023-11-07 11:12:44.147 [main] ConvertMxmlService - Node Name =#text [OPEN]
[INFO ] 2023-11-07 11:12:44.147 [main] ConvertMxmlService - Node Name =mx:Script [OPEN]
[INFO ] 2023-11-07 11:12:44.148 [main] ConvertMxmlService - Node Name =#text [OPEN]
[INFO ] 2023-11-07 11:12:44.148 [main] ConvertMxmlService - Node Name =tougouchusyutsu:MG3001001_00_000_AS [OPEN]
[INFO ] 2023-11-07 11:12:44.150 [main] ConvertMxmlService - Node Name =#text [OPEN]
[INFO ] 2023-11-07 11:12:44.150 [main] ConvertMxmlService - Node Name =tougouchusyutsu:MG3001001_01_000 [OPEN]
[INFO ] 2023-11-07 11:13:17.378 [main] ConvertMxmlService - Node Name =tougouchusyutsu:MG3001001_01_000 [CLOSE]
[INFO ] 2023-11-07 11:13:17.378 [main] ConvertMxmlService - Node Name =#text [OPEN]
[INFO ] 2023-11-07 11:13:17.378 [main] ConvertMxmlService - Node Name =Containers:ACCTitleWindow [CLOSE]
[DEBUG] 2023-11-07 11:13:17.379 [main] MxmlConvert - parent name: null
[DEBUG] 2023-11-07 11:13:17.380 [main] MxmlConvert - name: #comment
[DEBUG] 2023-11-07 11:13:17.380 [main] MxmlConvert - cssElement: 
[DEBUG] 2023-11-07 11:13:17.380 [main] MxmlConvert - attributeElement: 
[DEBUG] 2023-11-07 11:13:17.380 [main] MxmlConvert - parent name: RootNode
[DEBUG] 2023-11-07 11:13:17.380 [main] MxmlConvert - name: Containers:ACCTitleWindow
[DEBUG] 2023-11-07 11:13:17.380 [main] MxmlConvert - parent name: Containers:ACCTitleWindow
[DEBUG] 2023-11-07 11:13:17.380 [main] MxmlConvert - name: tougouchusyutsu:MG3001001_01_000
[DEBUG] 2023-11-07 11:13:17.381 [main] MxmlConvert - cssElement: height:712px;width:1018px;position: absolute; left:-1px;top:-2px;
[DEBUG] 2023-11-07 11:13:17.381 [main] MxmlConvert - attributeElement:  id="compCanvas1"
[DEBUG] 2023-11-07 11:13:17.381 [main] MxmlConvert - cssElement: height:738px;position:absolute;width:1022px;
[DEBUG] 2023-11-07 11:13:17.381 [main] MxmlConvert - attributeElement:  title="統合抽出画面"
[INFO ] 2023-11-07 11:13:17.429 [main] MxmlConvert - Html file created successfully.
[INFO ] 2023-11-07 11:13:17.429 [main] MxmlConvert - CSS file created successfully.
