[INFO ] 2023-11-03 15:34:43.770 [main] MxmlConvert - Root Element :Containers:ACCTitleWindow
[INFO ] 2023-11-03 15:34:43.772 [main] MxmlConvert - ------
[INFO ] 2023-11-03 15:34:43.799 [main] ConvertMxmlService - Node Name =#comment [OPEN]
[INFO ] 2023-11-03 15:34:43.799 [main] ConvertMxmlService - Node Name =Containers:ACCTitleWindow [OPEN]
[INFO ] 2023-11-03 15:34:43.815 [main] ConvertMxmlService - Node Name =#text [OPEN]
[INFO ] 2023-11-03 15:34:43.815 [main] ConvertMxmlService - Node Name =mx:Script [OPEN]
[INFO ] 2023-11-03 15:34:43.816 [main] ConvertMxmlService - Node Name =#text [OPEN]
[INFO ] 2023-11-03 15:34:43.816 [main] ConvertMxmlService - Node Name =tougouchusyutsu:MG3001001_00_000_AS [OPEN]
[INFO ] 2023-11-03 15:34:43.817 [main] ConvertMxmlService - Node Name =#text [OPEN]
[INFO ] 2023-11-03 15:34:43.818 [main] ConvertMxmlService - Node Name =tougouchusyutsu:MG3001001_01_000 [OPEN]
[INFO ] 2023-11-03 15:34:43.820 [main] ConvertMxmlService - Node Name =tougouchusyutsu:MG3001001_01_000 [CLOSE]
[INFO ] 2023-11-03 15:34:43.820 [main] ConvertMxmlService - Node Name =#text [OPEN]
[INFO ] 2023-11-03 15:34:43.820 [main] ConvertMxmlService - Node Name =Containers:ACCTitleWindow [CLOSE]
[DEBUG] 2023-11-03 15:34:43.821 [main] MxmlConvert - parent name: null
[DEBUG] 2023-11-03 15:34:43.821 [main] MxmlConvert - name: #comment
[DEBUG] 2023-11-03 15:34:43.821 [main] MxmlConvert - cssElement: 
[DEBUG] 2023-11-03 15:34:43.821 [main] MxmlConvert - attributeElement: 
[DEBUG] 2023-11-03 15:34:43.821 [main] MxmlConvert - <!--  統合抽出画面 -->
[DEBUG] 2023-11-03 15:34:43.821 [main] MxmlConvert - parent name: RootNode
[DEBUG] 2023-11-03 15:34:43.821 [main] MxmlConvert - name: Containers:ACCTitleWindow
[DEBUG] 2023-11-03 15:34:43.821 [main] MxmlConvert - parent name: Containers:ACCTitleWindow
[DEBUG] 2023-11-03 15:34:43.821 [main] MxmlConvert - name: tougouchusyutsu:MG3001001_01_000
[DEBUG] 2023-11-03 15:34:43.822 [main] MxmlConvert - cssElement: height:712px;width:1018px;position: absolute; left:-1px;top:-2px;
[DEBUG] 2023-11-03 15:34:43.822 [main] MxmlConvert - attributeElement:  id="compCanvas1"
[DEBUG] 2023-11-03 15:34:43.822 [main] MxmlConvert - cssElement: height:738px;position:absolute;width:1022px;
[DEBUG] 2023-11-03 15:34:43.822 [main] MxmlConvert - attributeElement:  title="統合抽出画面"
[DEBUG] 2023-11-03 15:34:43.822 [main] MxmlConvert - <!--  統合抽出画面 --><ui:include src="MG3001001_01_000.xhtml" id="compCanvas1" style="height:712px;width:1018px;position: absolute; left:-1px;top:-2px;"></ui:include>
[INFO ] 2023-11-03 15:34:56.575 [main] MxmlConvert - Html file created successfully.
[INFO ] 2023-11-03 15:35:32.990 [main] MxmlConvert - CSS file created successfully.
[INFO ] 2023-11-03 15:35:33.011 [main] MxmlConvert - Root Element :Containers:ACCCanvas
[INFO ] 2023-11-03 15:35:33.011 [main] MxmlConvert - ------
[INFO ] 2023-11-03 15:35:33.016 [main] ConvertMxmlService - Node Name =#comment [OPEN]
[INFO ] 2023-11-03 15:35:33.017 [main] ConvertMxmlService - Node Name =Containers:ACCCanvas [OPEN]
[INFO ] 2023-11-03 15:35:33.020 [main] ConvertMxmlService - Node Name =#text [OPEN]
[INFO ] 2023-11-03 15:35:33.020 [main] ConvertMxmlService - Node Name =mx:Script [OPEN]
[INFO ] 2023-11-03 15:35:33.021 [main] ConvertMxmlService - Node Name =#text [OPEN]
[INFO ] 2023-11-03 15:35:33.021 [main] ConvertMxmlService - Node Name =#comment [OPEN]
[INFO ] 2023-11-03 15:35:33.021 [main] ConvertMxmlService - Node Name =#text [OPEN]
[INFO ] 2023-11-03 15:35:33.021 [main] ConvertMxmlService - Node Name =mx:XML [OPEN]
[INFO ] 2023-11-03 15:35:33.021 [main] ConvertMxmlService - Node Name =#text [OPEN]
[INFO ] 2023-11-03 15:35:33.021 [main] ConvertMxmlService - Node Name =#comment [OPEN]
[INFO ] 2023-11-03 15:35:33.021 [main] ConvertMxmlService - Node Name =#text [OPEN]
[INFO ] 2023-11-03 15:35:33.022 [main] ConvertMxmlService - Node Name =#comment [OPEN]
[INFO ] 2023-11-03 15:35:33.022 [main] ConvertMxmlService - Node Name =#text [OPEN]
[INFO ] 2023-11-03 15:35:33.022 [main] ConvertMxmlService - Node Name =mx:XML [OPEN]
[INFO ] 2023-11-03 15:35:33.022 [main] ConvertMxmlService - Node Name =#text [OPEN]
[INFO ] 2023-11-03 15:35:33.022 [main] ConvertMxmlService - Node Name =tougouchusyutsu:MG3001001_01_000_AS [OPEN]
[INFO ] 2023-11-03 15:35:33.023 [main] ConvertMxmlService - Node Name =#text [OPEN]
[INFO ] 2023-11-03 15:35:33.023 [main] ConvertMxmlService - Node Name =Controls:ACCLabel [OPEN]
[INFO ] 2023-11-03 15:35:33.025 [main] ConvertMxmlService - Node Name =Controls:ACCLabel [CLOSE]
[INFO ] 2023-11-03 15:35:33.025 [main] ConvertMxmlService - Node Name =#text [OPEN]
[INFO ] 2023-11-03 15:35:33.025 [main] ConvertMxmlService - Node Name =#comment [OPEN]
[INFO ] 2023-11-03 15:35:33.025 [main] ConvertMxmlService - Node Name =#text [OPEN]
[INFO ] 2023-11-03 15:35:33.025 [main] ConvertMxmlService - Node Name =Controls:ACCTextInput [OPEN]
[INFO ] 2023-11-03 15:35:33.028 [main] ConvertMxmlService - Node Name =Controls:ACCTextInput [CLOSE]
[INFO ] 2023-11-03 15:35:33.028 [main] ConvertMxmlService - Node Name =#text [OPEN]
[INFO ] 2023-11-03 15:35:33.028 [main] ConvertMxmlService - Node Name =#comment [OPEN]
[INFO ] 2023-11-03 15:35:33.028 [main] ConvertMxmlService - Node Name =#text [OPEN]
[INFO ] 2023-11-03 15:35:33.028 [main] ConvertMxmlService - Node Name =Controls:ACCButton [OPEN]
[INFO ] 2023-11-03 15:35:33.031 [main] ConvertMxmlService - Node Name =Controls:ACCButton [CLOSE]
[INFO ] 2023-11-03 15:35:33.031 [main] ConvertMxmlService - Node Name =#text [OPEN]
[INFO ] 2023-11-03 15:35:33.031 [main] ConvertMxmlService - Node Name =Controls:ACCLabel [OPEN]
[INFO ] 2023-11-03 15:35:33.033 [main] ConvertMxmlService - Node Name =Controls:ACCLabel [CLOSE]
[INFO ] 2023-11-03 15:35:33.033 [main] ConvertMxmlService - Node Name =#text [OPEN]
[INFO ] 2023-11-03 15:35:33.033 [main] ConvertMxmlService - Node Name =#comment [OPEN]
[INFO ] 2023-11-03 15:35:33.033 [main] ConvertMxmlService - Node Name =#text [OPEN]
[INFO ] 2023-11-03 15:35:33.033 [main] ConvertMxmlService - Node Name =Controls:ACCTextInput [OPEN]
[INFO ] 2023-11-03 15:35:33.036 [main] ConvertMxmlService - Node Name =Controls:ACCTextInput [CLOSE]
[INFO ] 2023-11-03 15:35:33.036 [main] ConvertMxmlService - Node Name =#text [OPEN]
[INFO ] 2023-11-03 15:35:33.036 [main] ConvertMxmlService - Node Name =Controls:ACCCheckBox [OPEN]
[INFO ] 2023-11-03 15:35:33.038 [main] ConvertMxmlService - Node Name =Controls:ACCCheckBox [CLOSE]
[INFO ] 2023-11-03 15:35:33.038 [main] ConvertMxmlService - Node Name =#text [OPEN]
[INFO ] 2023-11-03 15:35:33.038 [main] ConvertMxmlService - Node Name =Controls:ACCCheckBox [OPEN]
[INFO ] 2023-11-03 15:35:33.041 [main] ConvertMxmlService - Node Name =Controls:ACCCheckBox [CLOSE]
[INFO ] 2023-11-03 15:35:33.041 [main] ConvertMxmlService - Node Name =#text [OPEN]
[INFO ] 2023-11-03 15:35:33.041 [main] ConvertMxmlService - Node Name =Controls:ACCCheckBox [OPEN]
[INFO ] 2023-11-03 15:35:33.043 [main] ConvertMxmlService - Node Name =Controls:ACCCheckBox [CLOSE]
[INFO ] 2023-11-03 15:35:33.044 [main] ConvertMxmlService - Node Name =#text [OPEN]
[INFO ] 2023-11-03 15:35:33.044 [main] ConvertMxmlService - Node Name =#comment [OPEN]
[INFO ] 2023-11-03 15:35:33.044 [main] ConvertMxmlService - Node Name =#text [OPEN]
[INFO ] 2023-11-03 15:35:33.044 [main] ConvertMxmlService - Node Name =Containers:ACCTabNavigator [OPEN]
[INFO ] 2023-11-03 15:35:33.046 [main] ConvertMxmlService - Node Name =#text [OPEN]
[INFO ] 2023-11-03 15:35:33.046 [main] ConvertMxmlService - Node Name =#comment [OPEN]
[INFO ] 2023-11-03 15:35:33.046 [main] ConvertMxmlService - Node Name =#text [OPEN]
[INFO ] 2023-11-03 15:35:33.046 [main] ConvertMxmlService - Node Name =Containers:ACCCanvas [OPEN]
[INFO ] 2023-11-03 15:35:33.048 [main] ConvertMxmlService - Node Name =#text [OPEN]
[INFO ] 2023-11-03 15:35:33.049 [main] ConvertMxmlService - Node Name =Controls:ACCLabel [OPEN]
[INFO ] 2023-11-03 15:35:33.051 [main] ConvertMxmlService - Node Name =Controls:ACCLabel [CLOSE]
[INFO ] 2023-11-03 15:35:33.051 [main] ConvertMxmlService - Node Name =#text [OPEN]
[INFO ] 2023-11-03 15:35:33.051 [main] ConvertMxmlService - Node Name =Controls:ACCCheckBox [OPEN]
[INFO ] 2023-11-03 15:35:33.053 [main] ConvertMxmlService - Node Name =Controls:ACCCheckBox [CLOSE]
[INFO ] 2023-11-03 15:35:33.053 [main] ConvertMxmlService - Node Name =#text [OPEN]
[INFO ] 2023-11-03 15:35:33.053 [main] ConvertMxmlService - Node Name =Controls:ACCCheckBox [OPEN]
[INFO ] 2023-11-03 15:35:33.055 [main] ConvertMxmlService - Node Name =Controls:ACCCheckBox [CLOSE]
[INFO ] 2023-11-03 15:35:33.055 [main] ConvertMxmlService - Node Name =#text [OPEN]
[INFO ] 2023-11-03 15:35:33.055 [main] ConvertMxmlService - Node Name =Controls:ACCCheckBox [OPEN]
[INFO ] 2023-11-03 15:35:33.057 [main] ConvertMxmlService - Node Name =Controls:ACCCheckBox [CLOSE]
[INFO ] 2023-11-03 15:35:33.057 [main] ConvertMxmlService - Node Name =#text [OPEN]
[INFO ] 2023-11-03 15:35:33.057 [main] ConvertMxmlService - Node Name =Controls:ACCLabel [OPEN]
[INFO ] 2023-11-03 15:35:33.059 [main] ConvertMxmlService - Node Name =Controls:ACCLabel [CLOSE]
[INFO ] 2023-11-03 15:35:33.059 [main] ConvertMxmlService - Node Name =#text [OPEN]
[INFO ] 2023-11-03 15:35:33.059 [main] ConvertMxmlService - Node Name =Controls:ACCComboBoxCode [OPEN]
[INFO ] 2023-11-03 15:35:33.061 [main] ConvertMxmlService - Node Name =Controls:ACCComboBoxCode [CLOSE]
[INFO ] 2023-11-03 15:35:33.061 [main] ConvertMxmlService - Node Name =#text [OPEN]
[INFO ] 2023-11-03 15:35:33.061 [main] ConvertMxmlService - Node Name =Controls:ACCLabel [OPEN]
[INFO ] 2023-11-03 15:35:33.063 [main] ConvertMxmlService - Node Name =Controls:ACCLabel [CLOSE]
[INFO ] 2023-11-03 15:35:33.063 [main] ConvertMxmlService - Node Name =#text [OPEN]
[INFO ] 2023-11-03 15:35:33.063 [main] ConvertMxmlService - Node Name =Controls:ACCTextInputMaskNumberOnly [OPEN]
[INFO ] 2023-11-03 15:35:33.065 [main] ConvertMxmlService - Node Name =Controls:ACCTextInputMaskNumberOnly [CLOSE]
[INFO ] 2023-11-03 15:35:33.065 [main] ConvertMxmlService - Node Name =#text [OPEN]
[INFO ] 2023-11-03 15:35:33.065 [main] ConvertMxmlService - Node Name =Controls:ACCLabel [OPEN]
[INFO ] 2023-11-03 15:35:33.067 [main] ConvertMxmlService - Node Name =Controls:ACCLabel [CLOSE]
[INFO ] 2023-11-03 15:35:33.067 [main] ConvertMxmlService - Node Name =#text [OPEN]
[INFO ] 2023-11-03 15:35:33.067 [main] ConvertMxmlService - Node Name =Controls:ACCTextInputMaskNumberOnly [OPEN]
[INFO ] 2023-11-03 15:35:33.068 [main] ConvertMxmlService - Node Name =Controls:ACCTextInputMaskNumberOnly [CLOSE]
[INFO ] 2023-11-03 15:35:33.068 [main] ConvertMxmlService - Node Name =#text [OPEN]
[INFO ] 2023-11-03 15:35:33.069 [main] ConvertMxmlService - Node Name =Controls:ACCLabel [OPEN]
[INFO ] 2023-11-03 15:35:33.070 [main] ConvertMxmlService - Node Name =Controls:ACCLabel [CLOSE]
[INFO ] 2023-11-03 15:35:33.071 [main] ConvertMxmlService - Node Name =#text [OPEN]
[INFO ] 2023-11-03 15:35:33.071 [main] ConvertMxmlService - Node Name =Controls:ACCTextInputMaskZip [OPEN]
[INFO ] 2023-11-03 15:35:33.072 [main] ConvertMxmlService - Node Name =Controls:ACCTextInputMaskZip [CLOSE]
[INFO ] 2023-11-03 15:35:33.072 [main] ConvertMxmlService - Node Name =#text [OPEN]
[INFO ] 2023-11-03 15:35:33.073 [main] ConvertMxmlService - Node Name =Controls:ACCLabel [OPEN]
[INFO ] 2023-11-03 15:35:33.074 [main] ConvertMxmlService - Node Name =Controls:ACCLabel [CLOSE]
[INFO ] 2023-11-03 15:35:33.075 [main] ConvertMxmlService - Node Name =#text [OPEN]
[INFO ] 2023-11-03 15:35:33.075 [main] ConvertMxmlService - Node Name =Controls:ACCTextInputMaskZip [OPEN]
[INFO ] 2023-11-03 15:35:33.077 [main] ConvertMxmlService - Node Name =Controls:ACCTextInputMaskZip [CLOSE]
[INFO ] 2023-11-03 15:35:33.077 [main] ConvertMxmlService - Node Name =#text [OPEN]
[INFO ] 2023-11-03 15:35:33.077 [main] ConvertMxmlService - Node Name =#comment [OPEN]
[INFO ] 2023-11-03 15:35:33.077 [main] ConvertMxmlService - Node Name =#text [OPEN]
[INFO ] 2023-11-03 15:35:33.077 [main] ConvertMxmlService - Node Name =Containers:ACCPanel [OPEN]
[INFO ] 2023-11-03 15:35:33.079 [main] ConvertMxmlService - Node Name =#text [OPEN]
[INFO ] 2023-11-03 15:35:33.079 [main] ConvertMxmlService - Node Name =#comment [OPEN]
[INFO ] 2023-11-03 15:35:33.079 [main] ConvertMxmlService - Node Name =#text [OPEN]
[INFO ] 2023-11-03 15:35:33.079 [main] ConvertMxmlService - Node Name =Controls:ACCLabel [OPEN]
[INFO ] 2023-11-03 15:35:33.081 [main] ConvertMxmlService - Node Name =Controls:ACCLabel [CLOSE]
[INFO ] 2023-11-03 15:35:33.081 [main] ConvertMxmlService - Node Name =#text [OPEN]
[INFO ] 2023-11-03 15:35:33.082 [main] ConvertMxmlService - Node Name =Controls:ACCComboBoxCode [OPEN]
[INFO ] 2023-11-03 15:35:33.084 [main] ConvertMxmlService - Node Name =Controls:ACCComboBoxCode [CLOSE]
[INFO ] 2023-11-03 15:35:33.084 [main] ConvertMxmlService - Node Name =#text [OPEN]
[INFO ] 2023-11-03 15:35:33.084 [main] ConvertMxmlService - Node Name =#comment [OPEN]
[INFO ] 2023-11-03 15:35:33.084 [main] ConvertMxmlService - Node Name =#text [OPEN]
[INFO ] 2023-11-03 15:35:33.084 [main] ConvertMxmlService - Node Name =Controls:ACCLabel [OPEN]
