[INFO ] 2023-11-07 14:22:32.933 [main] MxmlConvert - Root Element :Containers:ACCCanvas
[INFO ] 2023-11-07 14:22:32.936 [main] MxmlConvert - ------
[INFO ] 2023-11-07 14:22:32.938 [main] ConvertMxmlService - Node Name =Containers:ACCCanvas [OPEN]
[INFO ] 2023-11-07 14:22:32.950 [main] ConvertMxmlService - Node Name =#text [OPEN]
[INFO ] 2023-11-07 14:22:32.950 [main] ConvertMxmlService - Node Name =mx:Script [OPEN]
[INFO ] 2023-11-07 14:22:32.950 [main] ConvertMxmlService - Node Name =#text [OPEN]
[INFO ] 2023-11-07 14:22:32.950 [main] ConvertMxmlService - Node Name =#comment [OPEN]
[INFO ] 2023-11-07 14:22:32.950 [main] ConvertMxmlService - Node Name =#text [OPEN]
[INFO ] 2023-11-07 14:22:32.951 [main] ConvertMxmlService - Node Name =#comment [OPEN]
[INFO ] 2023-11-07 14:22:32.952 [main] ConvertMxmlService - Node Name =#text [OPEN]
[INFO ] 2023-11-07 14:22:32.952 [main] ConvertMxmlService - Node Name =mx:XML [OPEN]
[INFO ] 2023-11-07 14:22:32.952 [main] ConvertMxmlService - Node Name =#text [OPEN]
[INFO ] 2023-11-07 14:22:32.952 [main] ConvertMxmlService - Node Name =login:MG1001001_01_000_AS [OPEN]
[INFO ] 2023-11-07 14:22:32.953 [main] ConvertMxmlService - Node Name =#text [OPEN]
[INFO ] 2023-11-07 14:22:32.953 [main] ConvertMxmlService - Node Name =mx:Image [OPEN]
[INFO ] 2023-11-07 14:22:32.954 [main] ConvertMxmlService - Node Name =mx:Image [CLOSE]
[INFO ] 2023-11-07 14:22:32.954 [main] ConvertMxmlService - Node Name =#text [OPEN]
[INFO ] 2023-11-07 14:22:32.954 [main] ConvertMxmlService - Node Name =Containers:ACCCanvas [OPEN]
[INFO ] 2023-11-07 14:22:32.954 [main] ConvertMxmlService - Node Name =#text [OPEN]
[INFO ] 2023-11-07 14:22:32.954 [main] ConvertMxmlService - Node Name =#comment [OPEN]
[INFO ] 2023-11-07 14:22:32.954 [main] ConvertMxmlService - Node Name =#text [OPEN]
[INFO ] 2023-11-07 14:22:32.954 [main] ConvertMxmlService - Node Name =Controls:ACCLabel [OPEN]
[INFO ] 2023-11-07 14:22:32.955 [main] ConvertMxmlService - Node Name =Controls:ACCLabel [CLOSE]
[INFO ] 2023-11-07 14:22:32.955 [main] ConvertMxmlService - Node Name =#text [OPEN]
[INFO ] 2023-11-07 14:22:32.955 [main] ConvertMxmlService - Node Name =Controls:ACCTextInput [OPEN]
[INFO ] 2023-11-07 14:22:32.956 [main] ConvertMxmlService - Node Name =Controls:ACCTextInput [CLOSE]
[INFO ] 2023-11-07 14:22:32.956 [main] ConvertMxmlService - Node Name =#text [OPEN]
[INFO ] 2023-11-07 14:22:32.956 [main] ConvertMxmlService - Node Name =#comment [OPEN]
[INFO ] 2023-11-07 14:22:32.956 [main] ConvertMxmlService - Node Name =#text [OPEN]
[INFO ] 2023-11-07 14:22:32.956 [main] ConvertMxmlService - Node Name =Controls:ACCLabel [OPEN]
[INFO ] 2023-11-07 14:22:32.957 [main] ConvertMxmlService - Node Name =Controls:ACCLabel [CLOSE]
[INFO ] 2023-11-07 14:22:32.957 [main] ConvertMxmlService - Node Name =#text [OPEN]
[INFO ] 2023-11-07 14:22:32.957 [main] ConvertMxmlService - Node Name =Controls:ACCTextInput [OPEN]
[INFO ] 2023-11-07 14:22:32.958 [main] ConvertMxmlService - Node Name =Controls:ACCTextInput [CLOSE]
[INFO ] 2023-11-07 14:22:32.958 [main] ConvertMxmlService - Node Name =#text [OPEN]
[INFO ] 2023-11-07 14:22:32.958 [main] ConvertMxmlService - Node Name =#comment [OPEN]
[INFO ] 2023-11-07 14:22:32.958 [main] ConvertMxmlService - Node Name =#text [OPEN]
[INFO ] 2023-11-07 14:22:32.958 [main] ConvertMxmlService - Node Name =Controls:ACCLabel [OPEN]
[INFO ] 2023-11-07 14:22:32.958 [main] ConvertMxmlService - Node Name =Controls:ACCLabel [CLOSE]
[INFO ] 2023-11-07 14:22:32.958 [main] ConvertMxmlService - Node Name =#text [OPEN]
[INFO ] 2023-11-07 14:22:32.958 [main] ConvertMxmlService - Node Name =Controls:ACCTextInput [OPEN]
[INFO ] 2023-11-07 14:22:32.959 [main] ConvertMxmlService - Node Name =Controls:ACCTextInput [CLOSE]
[INFO ] 2023-11-07 14:22:32.959 [main] ConvertMxmlService - Node Name =#text [OPEN]
[INFO ] 2023-11-07 14:22:32.959 [main] ConvertMxmlService - Node Name =#comment [OPEN]
[INFO ] 2023-11-07 14:22:32.959 [main] ConvertMxmlService - Node Name =#text [OPEN]
[INFO ] 2023-11-07 14:22:32.959 [main] ConvertMxmlService - Node Name =Controls:ACCButton [OPEN]
[INFO ] 2023-11-07 14:22:32.960 [main] ConvertMxmlService - Node Name =Controls:ACCButton [CLOSE]
[INFO ] 2023-11-07 14:22:32.960 [main] ConvertMxmlService - Node Name =#text [OPEN]
[INFO ] 2023-11-07 14:22:32.960 [main] ConvertMxmlService - Node Name =#comment [OPEN]
[INFO ] 2023-11-07 14:22:32.960 [main] ConvertMxmlService - Node Name =#text [OPEN]
[INFO ] 2023-11-07 14:22:32.960 [main] ConvertMxmlService - Node Name =Controls:ACCButton [OPEN]
[INFO ] 2023-11-07 14:22:32.960 [main] ConvertMxmlService - Node Name =Controls:ACCButton [CLOSE]
[INFO ] 2023-11-07 14:22:32.960 [main] ConvertMxmlService - Node Name =#text [OPEN]
[INFO ] 2023-11-07 14:22:32.960 [main] ConvertMxmlService - Node Name =Containers:ACCCanvas [CLOSE]
[INFO ] 2023-11-07 14:22:32.960 [main] ConvertMxmlService - Node Name =#text [OPEN]
[INFO ] 2023-11-07 14:22:32.961 [main] ConvertMxmlService - Node Name =Containers:ACCCanvas [OPEN]
[INFO ] 2023-11-07 14:22:32.961 [main] ConvertMxmlService - Node Name =#text [OPEN]
[INFO ] 2023-11-07 14:22:32.961 [main] ConvertMxmlService - Node Name =#comment [OPEN]
[INFO ] 2023-11-07 14:22:32.961 [main] ConvertMxmlService - Node Name =#text [OPEN]
[INFO ] 2023-11-07 14:22:32.961 [main] ConvertMxmlService - Node Name =Controls:ACCLabel [OPEN]
[INFO ] 2023-11-07 14:22:32.962 [main] ConvertMxmlService - Node Name =Controls:ACCLabel [CLOSE]
[INFO ] 2023-11-07 14:22:32.962 [main] ConvertMxmlService - Node Name =#text [OPEN]
[INFO ] 2023-11-07 14:22:32.962 [main] ConvertMxmlService - Node Name =#comment [OPEN]
[INFO ] 2023-11-07 14:22:32.962 [main] ConvertMxmlService - Node Name =#text [OPEN]
[INFO ] 2023-11-07 14:22:32.962 [main] ConvertMxmlService - Node Name =Controls:ACCLabel [OPEN]
[INFO ] 2023-11-07 14:22:32.963 [main] ConvertMxmlService - Node Name =Controls:ACCLabel [CLOSE]
[INFO ] 2023-11-07 14:22:32.963 [main] ConvertMxmlService - Node Name =#text [OPEN]
[INFO ] 2023-11-07 14:22:32.963 [main] ConvertMxmlService - Node Name =#comment [OPEN]
[INFO ] 2023-11-07 14:22:32.963 [main] ConvertMxmlService - Node Name =#text [OPEN]
[INFO ] 2023-11-07 14:22:32.963 [main] ConvertMxmlService - Node Name =mx:Image [OPEN]
[INFO ] 2023-11-07 14:22:32.963 [main] ConvertMxmlService - Node Name =mx:Image [CLOSE]
[INFO ] 2023-11-07 14:22:32.963 [main] ConvertMxmlService - Node Name =#text [OPEN]
[INFO ] 2023-11-07 14:22:32.963 [main] ConvertMxmlService - Node Name =Containers:ACCCanvas [CLOSE]
[INFO ] 2023-11-07 14:22:32.963 [main] ConvertMxmlService - Node Name =#text [OPEN]
[INFO ] 2023-11-07 14:22:32.963 [main] ConvertMxmlService - Node Name =Containers:ACCCanvas [CLOSE]
[DEBUG] 2023-11-07 14:22:32.964 [main] MxmlConvert - parent name: RootNode
[DEBUG] 2023-11-07 14:22:32.964 [main] MxmlConvert - name: Containers:ACCCanvas
[DEBUG] 2023-11-07 14:22:32.964 [main] MxmlConvert - parent name: Containers:ACCCanvas
[DEBUG] 2023-11-07 14:22:32.964 [main] MxmlConvert - name: mx:Image
[DEBUG] 2023-11-07 14:22:32.964 [main] MxmlConvert - cssElement: height:100%;background-image:url(#{resource['icon:login.jpg']});width:100%;position: absolute; left:0px;top:0px;
[DEBUG] 2023-11-07 14:22:32.965 [main] MxmlConvert - attributeElement: 
[DEBUG] 2023-11-07 14:22:32.965 [main] MxmlConvert - parent name: Containers:ACCCanvas
[DEBUG] 2023-11-07 14:22:32.965 [main] MxmlConvert - name: Containers:ACCCanvas
[DEBUG] 2023-11-07 14:22:32.965 [main] MxmlConvert - parent name: null
[DEBUG] 2023-11-07 14:22:32.965 [main] MxmlConvert - name: #comment
[DEBUG] 2023-11-07 14:22:32.965 [main] MxmlConvert - cssElement: 
[DEBUG] 2023-11-07 14:22:32.965 [main] MxmlConvert - attributeElement: 
[DEBUG] 2023-11-07 14:22:32.965 [main] MxmlConvert - parent name: Containers:ACCCanvas
[DEBUG] 2023-11-07 14:22:32.965 [main] MxmlConvert - name: Controls:ACCLabel
[DEBUG] 2023-11-07 14:22:32.965 [main] MxmlConvert - cssElement: color:#FFFFFF;font-family:MS Gothic;font-size:16px;font-weight:bold;text-align:right;width:78px;position: absolute; left:116px;top:34px;
[DEBUG] 2023-11-07 14:22:32.965 [main] MxmlConvert - attributeElement:  value="法人CD"
[DEBUG] 2023-11-07 14:22:32.965 [main] MxmlConvert - parent name: Containers:ACCCanvas
[DEBUG] 2023-11-07 14:22:32.965 [main] MxmlConvert - name: Controls:ACCTextInput
[DEBUG] 2023-11-07 14:22:32.965 [main] MxmlConvert - cssElement: width:60px;position: absolute; left:194px;top:34px;
[DEBUG] 2023-11-07 14:22:32.965 [main] MxmlConvert - attributeElement:  change="#{MG1001001_01_000Controller.textOnChangeHandler};" id="corpCd" maxbytelength="3" readOnly="true" required="true" tabindex="1"
[DEBUG] 2023-11-07 14:22:32.965 [main] MxmlConvert - parent name: null
[DEBUG] 2023-11-07 14:22:32.966 [main] MxmlConvert - name: #comment
[DEBUG] 2023-11-07 14:22:32.966 [main] MxmlConvert - cssElement: 
[DEBUG] 2023-11-07 14:22:32.966 [main] MxmlConvert - attributeElement: 
[DEBUG] 2023-11-07 14:22:32.966 [main] MxmlConvert - parent name: Containers:ACCCanvas
[DEBUG] 2023-11-07 14:22:32.966 [main] MxmlConvert - name: Controls:ACCLabel
[DEBUG] 2023-11-07 14:22:32.966 [main] MxmlConvert - cssElement: color:#FFFFFF;font-family:MS Gothic;font-size:16px;font-weight:bold;text-align:right;width:84px;position: absolute; left:109px;top:66px;
[DEBUG] 2023-11-07 14:22:32.966 [main] MxmlConvert - attributeElement:  value="ユーザID"
[DEBUG] 2023-11-07 14:22:32.966 [main] MxmlConvert - parent name: Containers:ACCCanvas
[DEBUG] 2023-11-07 14:22:32.966 [main] MxmlConvert - name: Controls:ACCTextInput
[DEBUG] 2023-11-07 14:22:32.966 [main] MxmlConvert - cssElement: width:178px;position: absolute; left:194px;top:64px;
[DEBUG] 2023-11-07 14:22:32.966 [main] MxmlConvert - attributeElement:  change="#{MG1001001_01_000Controller.textOnChangeHandler};" id="ttCd" maxbytelength="30" required="true" tabindex="2"
[DEBUG] 2023-11-07 14:22:32.966 [main] MxmlConvert - parent name: null
[DEBUG] 2023-11-07 14:22:32.966 [main] MxmlConvert - name: #comment
[DEBUG] 2023-11-07 14:22:32.966 [main] MxmlConvert - cssElement: 
[DEBUG] 2023-11-07 14:22:32.966 [main] MxmlConvert - attributeElement: 
[DEBUG] 2023-11-07 14:22:32.966 [main] MxmlConvert - parent name: Containers:ACCCanvas
[DEBUG] 2023-11-07 14:22:32.966 [main] MxmlConvert - name: Controls:ACCLabel
[DEBUG] 2023-11-07 14:22:32.966 [main] MxmlConvert - cssElement: color:#FFFFFF;font-family:MS Gothic;font-size:16px;font-weight:bold;text-align:right;width:108px;position: absolute; left:86px;top:96px;
[DEBUG] 2023-11-07 14:22:32.966 [main] MxmlConvert - attributeElement:  value="パスワード"
[DEBUG] 2023-11-07 14:22:32.966 [main] MxmlConvert - parent name: Containers:ACCCanvas
[DEBUG] 2023-11-07 14:22:32.966 [main] MxmlConvert - name: Controls:ACCTextInput
[DEBUG] 2023-11-07 14:22:32.966 [main] MxmlConvert - cssElement: width:178px;position: absolute; left:194px;top:94px;
[DEBUG] 2023-11-07 14:22:32.966 [main] MxmlConvert - attributeElement:  change="#{MG1001001_01_000Controller.textOnChangeHandler};" displayAsPassword="true" id="ttPwd" maxbytelength="30" required="true" tabindex="3"
[DEBUG] 2023-11-07 14:22:32.966 [main] MxmlConvert - parent name: null
[DEBUG] 2023-11-07 14:22:32.966 [main] MxmlConvert - name: #comment
[DEBUG] 2023-11-07 14:22:32.967 [main] MxmlConvert - cssElement: 
[DEBUG] 2023-11-07 14:22:32.967 [main] MxmlConvert - attributeElement: 
[DEBUG] 2023-11-07 14:22:32.967 [main] MxmlConvert - parent name: Containers:ACCCanvas
[DEBUG] 2023-11-07 14:22:32.967 [main] MxmlConvert - name: Controls:ACCButton
[DEBUG] 2023-11-07 14:22:32.967 [main] MxmlConvert - cssElement: width:85px;position: absolute; left:194px;top:124px;
[DEBUG] 2023-11-07 14:22:32.967 [main] MxmlConvert - attributeElement:  actionListener="#{MG1001001_01_000Controller.btnLoginOnClickHandler};" id="btnUPD001" value="ログイン" tabindex="4"
[DEBUG] 2023-11-07 14:22:32.967 [main] MxmlConvert - parent name: null
[DEBUG] 2023-11-07 14:22:32.967 [main] MxmlConvert - name: #comment
[DEBUG] 2023-11-07 14:22:32.967 [main] MxmlConvert - cssElement: 
[DEBUG] 2023-11-07 14:22:32.967 [main] MxmlConvert - attributeElement: 
[DEBUG] 2023-11-07 14:22:32.967 [main] MxmlConvert - parent name: Containers:ACCCanvas
[DEBUG] 2023-11-07 14:22:32.967 [main] MxmlConvert - name: Controls:ACCButton
[DEBUG] 2023-11-07 14:22:32.967 [main] MxmlConvert - cssElement: width:85px;position: absolute; left:287px;top:124px;
[DEBUG] 2023-11-07 14:22:32.967 [main] MxmlConvert - attributeElement:  actionListener="applicationCloseDispatch(event);" id="btnCLO001" value="終了" tabindex="5"
[DEBUG] 2023-11-07 14:22:32.967 [main] MxmlConvert - cssElement: height:155px;width:378px;position: absolute; left:133px;top:101px;
[DEBUG] 2023-11-07 14:22:32.967 [main] MxmlConvert - attributeElement: 
[DEBUG] 2023-11-07 14:22:32.967 [main] MxmlConvert - parent name: Containers:ACCCanvas
[DEBUG] 2023-11-07 14:22:32.967 [main] MxmlConvert - name: Containers:ACCCanvas
[DEBUG] 2023-11-07 14:22:32.967 [main] MxmlConvert - parent name: null
[DEBUG] 2023-11-07 14:22:32.967 [main] MxmlConvert - name: #comment
[DEBUG] 2023-11-07 14:22:32.967 [main] MxmlConvert - cssElement: 
[DEBUG] 2023-11-07 14:22:32.967 [main] MxmlConvert - attributeElement: 
[DEBUG] 2023-11-07 14:22:32.967 [main] MxmlConvert - parent name: Containers:ACCCanvas
[DEBUG] 2023-11-07 14:22:32.967 [main] MxmlConvert - name: Controls:ACCLabel
[DEBUG] 2023-11-07 14:22:32.967 [main] MxmlConvert - cssElement: color:white;text-align:right;width:100%;position: absolute; left:0px;top:55px;
[DEBUG] 2023-11-07 14:22:32.968 [main] MxmlConvert - attributeElement:  id="lblCopyright"
[DEBUG] 2023-11-07 14:22:32.968 [main] MxmlConvert - parent name: null
[DEBUG] 2023-11-07 14:22:32.968 [main] MxmlConvert - name: #comment
[DEBUG] 2023-11-07 14:22:32.968 [main] MxmlConvert - cssElement: 
[DEBUG] 2023-11-07 14:22:32.968 [main] MxmlConvert - attributeElement: 
[DEBUG] 2023-11-07 14:22:32.968 [main] MxmlConvert - parent name: Containers:ACCCanvas
[DEBUG] 2023-11-07 14:22:32.968 [main] MxmlConvert - name: Controls:ACCLabel
[DEBUG] 2023-11-07 14:22:32.968 [main] MxmlConvert - cssElement: color:white;height:15px;text-align:left;width:65px;position: absolute; left:475px;top:36px;
[DEBUG] 2023-11-07 14:22:32.968 [main] MxmlConvert - attributeElement:  id="lblVersion"
[DEBUG] 2023-11-07 14:22:32.968 [main] MxmlConvert - parent name: null
[DEBUG] 2023-11-07 14:22:32.968 [main] MxmlConvert - name: #comment
[DEBUG] 2023-11-07 14:22:32.968 [main] MxmlConvert - cssElement: 
[DEBUG] 2023-11-07 14:22:32.968 [main] MxmlConvert - attributeElement: 
[DEBUG] 2023-11-07 14:22:32.968 [main] MxmlConvert - parent name: Containers:ACCCanvas
[DEBUG] 2023-11-07 14:22:32.968 [main] MxmlConvert - name: mx:Image
[DEBUG] 2023-11-07 14:22:32.968 [main] MxmlConvert - cssElement: height:57px;background-image:url(#{resource['icon:logo.gif']});width:354px;position: absolute; left:122px;top:0px;
[DEBUG] 2023-11-07 14:22:32.968 [main] MxmlConvert - attributeElement: 
[DEBUG] 2023-11-07 14:22:32.968 [main] MxmlConvert - cssElement: opacity:0.7;background-color:#FC0505;height:73px;width:100%;position: absolute; left:0px;top:255px;
[DEBUG] 2023-11-07 14:22:32.968 [main] MxmlConvert - attributeElement: 
[DEBUG] 2023-11-07 14:22:32.968 [main] MxmlConvert - cssElement: height:100%;width:100%;
[DEBUG] 2023-11-07 14:22:32.968 [main] MxmlConvert - attributeElement:  title="ログイン"
[INFO ] 2023-11-07 14:22:33.012 [main] MxmlConvert - Html file created successfully.
[INFO ] 2023-11-07 14:22:57.983 [main] MxmlConvert - CSS file created successfully.
