[INFO ] 2023-11-07 11:10:47.212 [main] MxmlConvert - Root Element :Containers:ACCCanvas
[INFO ] 2023-11-07 11:10:47.215 [main] MxmlConvert - ------
[INFO ] 2023-11-07 11:10:47.221 [main] ConvertMxmlService - Node Name =#comment [OPEN]
[INFO ] 2023-11-07 11:10:47.221 [main] ConvertMxmlService - Node Name =Containers:ACCCanvas [OPEN]
[INFO ] 2023-11-07 11:10:47.236 [main] ConvertMxmlService - Node Name =#text [OPEN]
[INFO ] 2023-11-07 11:10:47.237 [main] ConvertMxmlService - Node Name =mx:Script [OPEN]
[INFO ] 2023-11-07 11:10:47.237 [main] ConvertMxmlService - Node Name =#text [OPEN]
[INFO ] 2023-11-07 11:10:47.238 [main] ConvertMxmlService - Node Name =tougouchusyutsu:MG3001005_01_000_AS [OPEN]
[INFO ] 2023-11-07 11:10:47.238 [main] ConvertMxmlService - Node Name =#text [OPEN]
[INFO ] 2023-11-07 11:10:47.239 [main] ConvertMxmlService - Node Name =Containers:ACCPanel [OPEN]
[INFO ] 2023-11-07 11:10:47.239 [main] ConvertMxmlService - Node Name =#text [OPEN]
[INFO ] 2023-11-07 11:10:47.239 [main] ConvertMxmlService - Node Name =#comment [OPEN]
[INFO ] 2023-11-07 11:10:47.240 [main] ConvertMxmlService - Node Name =#text [OPEN]
[INFO ] 2023-11-07 11:10:47.240 [main] ConvertMxmlService - Node Name =Controls:ACCDataGrid [OPEN]
[INFO ] 2023-11-07 11:10:47.240 [main] ConvertMxmlService - Node Name =#text [OPEN]
[INFO ] 2023-11-07 11:10:47.240 [main] ConvertMxmlService - Node Name =Controls:columns [OPEN]
[INFO ] 2023-11-07 11:10:47.241 [main] ConvertMxmlService - Node Name =#text [OPEN]
[INFO ] 2023-11-07 11:10:47.241 [main] ConvertMxmlService - Node Name =mx:DataGridColumn [OPEN]
[INFO ] 2023-11-07 11:10:47.271 [main] ConvertMxmlService - Node Name =#text [OPEN]
[INFO ] 2023-11-07 11:10:47.271 [main] ConvertMxmlService - Node Name =mx:headerRenderer [OPEN]
[INFO ] 2023-11-07 11:10:47.272 [main] ConvertMxmlService - Node Name =#text [OPEN]
[INFO ] 2023-11-07 11:10:47.272 [main] ConvertMxmlService - Node Name =mx:Component [OPEN]
[INFO ] 2023-11-07 11:10:47.272 [main] ConvertMxmlService - Node Name =#text [OPEN]
[INFO ] 2023-11-07 11:10:47.272 [main] ConvertMxmlService - Node Name =Controls:ACCLabel [OPEN]
[INFO ] 2023-11-07 11:10:47.273 [main] ConvertMxmlService - Node Name =Controls:ACCLabel [CLOSE]
[INFO ] 2023-11-07 11:10:47.273 [main] ConvertMxmlService - Node Name =#text [OPEN]
[INFO ] 2023-11-07 11:10:47.273 [main] ConvertMxmlService - Node Name =mx:Component [CLOSE]
[INFO ] 2023-11-07 11:10:47.273 [main] ConvertMxmlService - Node Name =#text [OPEN]
[INFO ] 2023-11-07 11:10:47.273 [main] ConvertMxmlService - Node Name =mx:headerRenderer [CLOSE]
[INFO ] 2023-11-07 11:10:47.273 [main] ConvertMxmlService - Node Name =#text [OPEN]
[INFO ] 2023-11-07 11:10:47.273 [main] ConvertMxmlService - Node Name =mx:DataGridColumn [CLOSE]
[INFO ] 2023-11-07 11:10:47.273 [main] ConvertMxmlService - Node Name =#text [OPEN]
[INFO ] 2023-11-07 11:10:47.273 [main] ConvertMxmlService - Node Name =mx:DataGridColumn [OPEN]
[INFO ] 2023-11-07 11:10:47.274 [main] ConvertMxmlService - Node Name =#text [OPEN]
[INFO ] 2023-11-07 11:10:47.274 [main] ConvertMxmlService - Node Name =mx:headerRenderer [OPEN]
[INFO ] 2023-11-07 11:10:47.275 [main] ConvertMxmlService - Node Name =#text [OPEN]
[INFO ] 2023-11-07 11:10:47.275 [main] ConvertMxmlService - Node Name =mx:Component [OPEN]
[INFO ] 2023-11-07 11:10:47.275 [main] ConvertMxmlService - Node Name =#text [OPEN]
[INFO ] 2023-11-07 11:10:47.275 [main] ConvertMxmlService - Node Name =Controls:ACCLabel [OPEN]
[INFO ] 2023-11-07 11:10:47.276 [main] ConvertMxmlService - Node Name =Controls:ACCLabel [CLOSE]
[INFO ] 2023-11-07 11:10:47.276 [main] ConvertMxmlService - Node Name =#text [OPEN]
[INFO ] 2023-11-07 11:10:47.276 [main] ConvertMxmlService - Node Name =mx:Component [CLOSE]
[INFO ] 2023-11-07 11:10:47.276 [main] ConvertMxmlService - Node Name =#text [OPEN]
[INFO ] 2023-11-07 11:10:47.276 [main] ConvertMxmlService - Node Name =mx:headerRenderer [CLOSE]
[INFO ] 2023-11-07 11:10:47.276 [main] ConvertMxmlService - Node Name =#text [OPEN]
[INFO ] 2023-11-07 11:10:47.276 [main] ConvertMxmlService - Node Name =mx:DataGridColumn [CLOSE]
[INFO ] 2023-11-07 11:10:47.276 [main] ConvertMxmlService - Node Name =#text [OPEN]
[INFO ] 2023-11-07 11:10:47.276 [main] ConvertMxmlService - Node Name =#comment [OPEN]
[INFO ] 2023-11-07 11:10:47.276 [main] ConvertMxmlService - Node Name =#text [OPEN]
[INFO ] 2023-11-07 11:10:47.276 [main] ConvertMxmlService - Node Name =mx:DataGridColumn [OPEN]
[INFO ] 2023-11-07 11:10:47.277 [main] ConvertMxmlService - Node Name =#text [OPEN]
[INFO ] 2023-11-07 11:10:47.277 [main] ConvertMxmlService - Node Name =#comment [OPEN]
[INFO ] 2023-11-07 11:10:47.277 [main] ConvertMxmlService - Node Name =#text [OPEN]
[INFO ] 2023-11-07 11:10:47.277 [main] ConvertMxmlService - Node Name =mx:headerRenderer [OPEN]
[INFO ] 2023-11-07 11:10:47.278 [main] ConvertMxmlService - Node Name =#text [OPEN]
[INFO ] 2023-11-07 11:10:47.278 [main] ConvertMxmlService - Node Name =mx:Component [OPEN]
[INFO ] 2023-11-07 11:10:47.279 [main] ConvertMxmlService - Node Name =#text [OPEN]
[INFO ] 2023-11-07 11:10:47.279 [main] ConvertMxmlService - Node Name =Controls:ACCLabel [OPEN]
[INFO ] 2023-11-07 11:10:47.279 [main] ConvertMxmlService - Node Name =Controls:ACCLabel [CLOSE]
[INFO ] 2023-11-07 11:10:47.279 [main] ConvertMxmlService - Node Name =#text [OPEN]
[INFO ] 2023-11-07 11:10:47.279 [main] ConvertMxmlService - Node Name =mx:Component [CLOSE]
[INFO ] 2023-11-07 11:10:47.279 [main] ConvertMxmlService - Node Name =#text [OPEN]
[INFO ] 2023-11-07 11:10:47.279 [main] ConvertMxmlService - Node Name =mx:headerRenderer [CLOSE]
[INFO ] 2023-11-07 11:10:47.279 [main] ConvertMxmlService - Node Name =#text [OPEN]
[INFO ] 2023-11-07 11:10:47.280 [main] ConvertMxmlService - Node Name =mx:DataGridColumn [CLOSE]
[INFO ] 2023-11-07 11:10:47.280 [main] ConvertMxmlService - Node Name =#text [OPEN]
[INFO ] 2023-11-07 11:10:47.280 [main] ConvertMxmlService - Node Name =Controls:columns [CLOSE]
[INFO ] 2023-11-07 11:10:47.280 [main] ConvertMxmlService - Node Name =#text [OPEN]
[INFO ] 2023-11-07 11:10:47.280 [main] ConvertMxmlService - Node Name =Controls:ACCDataGrid [CLOSE]
[INFO ] 2023-11-07 11:10:47.280 [main] ConvertMxmlService - Node Name =#text [OPEN]
[INFO ] 2023-11-07 11:10:47.280 [main] ConvertMxmlService - Node Name =#comment [OPEN]
[INFO ] 2023-11-07 11:10:47.280 [main] ConvertMxmlService - Node Name =#text [OPEN]
[INFO ] 2023-11-07 11:10:47.280 [main] ConvertMxmlService - Node Name =Controls:ACCButton [OPEN]
[INFO ] 2023-11-07 11:10:47.281 [main] ConvertMxmlService - Node Name =Controls:ACCButton [CLOSE]
[INFO ] 2023-11-07 11:10:47.281 [main] ConvertMxmlService - Node Name =#text [OPEN]
[INFO ] 2023-11-07 11:10:47.281 [main] ConvertMxmlService - Node Name =Containers:ACCPanel [CLOSE]
[INFO ] 2023-11-07 11:10:47.281 [main] ConvertMxmlService - Node Name =#text [OPEN]
[INFO ] 2023-11-07 11:10:47.281 [main] ConvertMxmlService - Node Name =Containers:ACCHBox [OPEN]
[INFO ] 2023-11-07 11:10:47.282 [main] ConvertMxmlService - Node Name =#text [OPEN]
[INFO ] 2023-11-07 11:10:47.282 [main] ConvertMxmlService - Node Name =#comment [OPEN]
[INFO ] 2023-11-07 11:10:47.282 [main] ConvertMxmlService - Node Name =#text [OPEN]
[INFO ] 2023-11-07 11:10:47.282 [main] ConvertMxmlService - Node Name =Containers:ACCPanel [OPEN]
[INFO ] 2023-11-07 11:10:47.282 [main] ConvertMxmlService - Node Name =#text [OPEN]
[INFO ] 2023-11-07 11:10:47.282 [main] ConvertMxmlService - Node Name =Controls:ACCRadioButtonGroup [OPEN]
[INFO ] 2023-11-07 11:10:47.283 [main] ConvertMxmlService - Node Name =Controls:ACCRadioButtonGroup [CLOSE]
[INFO ] 2023-11-07 11:10:47.284 [main] ConvertMxmlService - Node Name =#text [OPEN]
[INFO ] 2023-11-07 11:10:47.284 [main] ConvertMxmlService - Node Name =Controls:ACCRadioButton [OPEN]
[INFO ] 2023-11-07 11:10:47.289 [main] ConvertMxmlService - Node Name =Controls:ACCRadioButton [CLOSE]
[INFO ] 2023-11-07 11:10:47.289 [main] ConvertMxmlService - Node Name =#text [OPEN]
[INFO ] 2023-11-07 11:10:47.289 [main] ConvertMxmlService - Node Name =Controls:ACCRadioButton [OPEN]
[INFO ] 2023-11-07 11:10:47.290 [main] ConvertMxmlService - Node Name =Controls:ACCRadioButton [CLOSE]
[INFO ] 2023-11-07 11:10:47.290 [main] ConvertMxmlService - Node Name =#text [OPEN]
[INFO ] 2023-11-07 11:10:47.290 [main] ConvertMxmlService - Node Name =Containers:ACCPanel [CLOSE]
[INFO ] 2023-11-07 11:10:47.290 [main] ConvertMxmlService - Node Name =#text [OPEN]
[INFO ] 2023-11-07 11:10:47.290 [main] ConvertMxmlService - Node Name =#comment [OPEN]
[INFO ] 2023-11-07 11:10:47.290 [main] ConvertMxmlService - Node Name =#text [OPEN]
[INFO ] 2023-11-07 11:10:47.291 [main] ConvertMxmlService - Node Name =Containers:ACCPanel [OPEN]
[INFO ] 2023-11-07 11:10:47.291 [main] ConvertMxmlService - Node Name =#text [OPEN]
[INFO ] 2023-11-07 11:10:47.291 [main] ConvertMxmlService - Node Name =Controls:ACCRadioButtonGroup [OPEN]
[INFO ] 2023-11-07 11:10:47.292 [main] ConvertMxmlService - Node Name =Controls:ACCRadioButtonGroup [CLOSE]
[INFO ] 2023-11-07 11:10:47.292 [main] ConvertMxmlService - Node Name =#text [OPEN]
[INFO ] 2023-11-07 11:10:47.292 [main] ConvertMxmlService - Node Name =Controls:ACCRadioButton [OPEN]
[INFO ] 2023-11-07 11:10:47.292 [main] ConvertMxmlService - Node Name =Controls:ACCRadioButton [CLOSE]
[INFO ] 2023-11-07 11:10:47.292 [main] ConvertMxmlService - Node Name =#text [OPEN]
[INFO ] 2023-11-07 11:10:47.293 [main] ConvertMxmlService - Node Name =Controls:ACCRadioButton [OPEN]
[INFO ] 2023-11-07 11:10:47.293 [main] ConvertMxmlService - Node Name =Controls:ACCRadioButton [CLOSE]
[INFO ] 2023-11-07 11:10:47.293 [main] ConvertMxmlService - Node Name =#text [OPEN]
[INFO ] 2023-11-07 11:10:47.293 [main] ConvertMxmlService - Node Name =Containers:ACCPanel [CLOSE]
[INFO ] 2023-11-07 11:10:47.293 [main] ConvertMxmlService - Node Name =#text [OPEN]
[INFO ] 2023-11-07 11:10:47.293 [main] ConvertMxmlService - Node Name =Containers:ACCHBox [CLOSE]
[INFO ] 2023-11-07 11:10:47.293 [main] ConvertMxmlService - Node Name =#text [OPEN]
[INFO ] 2023-11-07 11:10:47.293 [main] ConvertMxmlService - Node Name =Containers:ACCCanvas [CLOSE]
[DEBUG] 2023-11-07 11:10:47.294 [main] MxmlConvert - parent name: null
[DEBUG] 2023-11-07 11:10:47.294 [main] MxmlConvert - name: #comment
[DEBUG] 2023-11-07 11:10:47.294 [main] MxmlConvert - cssElement: 
[DEBUG] 2023-11-07 11:10:47.294 [main] MxmlConvert - attributeElement: 
[DEBUG] 2023-11-07 11:10:47.294 [main] MxmlConvert - parent name: RootNode
[DEBUG] 2023-11-07 11:10:47.294 [main] MxmlConvert - name: Containers:ACCCanvas
[DEBUG] 2023-11-07 11:10:47.294 [main] MxmlConvert - parent name: Containers:ACCCanvas
[DEBUG] 2023-11-07 11:10:47.294 [main] MxmlConvert - name: Containers:ACCPanel
[DEBUG] 2023-11-07 11:10:47.295 [main] MxmlConvert - parent name: null
[DEBUG] 2023-11-07 11:10:47.295 [main] MxmlConvert - name: #comment
[DEBUG] 2023-11-07 11:10:47.295 [main] MxmlConvert - cssElement: 
[DEBUG] 2023-11-07 11:10:47.295 [main] MxmlConvert - attributeElement: 
[DEBUG] 2023-11-07 11:10:47.295 [main] MxmlConvert - parent name: Containers:ACCPanel
[DEBUG] 2023-11-07 11:10:47.295 [main] MxmlConvert - name: Controls:ACCDataGrid
[DEBUG] 2023-11-07 11:10:47.295 [main] MxmlConvert - parent name: Controls:ACCDataGrid
[DEBUG] 2023-11-07 11:10:47.295 [main] MxmlConvert - name: Controls:columns
[DEBUG] 2023-11-07 11:10:47.295 [main] MxmlConvert - parent name: Controls:columns
[DEBUG] 2023-11-07 11:10:47.295 [main] MxmlConvert - name: mx:DataGridColumn
[DEBUG] 2023-11-07 11:10:47.295 [main] MxmlConvert - parent name: mx:DataGridColumn
[DEBUG] 2023-11-07 11:10:47.295 [main] MxmlConvert - name: mx:headerRenderer
[DEBUG] 2023-11-07 11:10:47.295 [main] MxmlConvert - parent name: mx:headerRenderer
[DEBUG] 2023-11-07 11:10:47.295 [main] MxmlConvert - name: mx:Component
[DEBUG] 2023-11-07 11:10:47.295 [main] MxmlConvert - parent name: mx:Component
[DEBUG] 2023-11-07 11:10:47.295 [main] MxmlConvert - name: Controls:ACCLabel
[DEBUG] 2023-11-07 11:10:47.295 [main] MxmlConvert - cssElement: text-align:center;
[DEBUG] 2023-11-07 11:10:47.295 [main] MxmlConvert - attributeElement:  id="sectionNameId" value="#{record.sectionName}" showDataTips="true"
[DEBUG] 2023-11-07 11:10:47.295 [main] MxmlConvert - cssElement: 
[DEBUG] 2023-11-07 11:10:47.295 [main] MxmlConvert - attributeElement:  id="sectionNameId"
[DEBUG] 2023-11-07 11:10:47.295 [main] MxmlConvert - cssElement: 
[DEBUG] 2023-11-07 11:10:47.296 [main] MxmlConvert - attributeElement:  id="sectionNameId"
[DEBUG] 2023-11-07 11:10:47.296 [main] MxmlConvert - cssElement: text-align:left;width:200px;
[DEBUG] 2023-11-07 11:10:47.296 [main] MxmlConvert - attributeElement:  headerText="部署" id="sectionName"
[DEBUG] 2023-11-07 11:10:47.296 [main] MxmlConvert - parent name: Controls:columns
[DEBUG] 2023-11-07 11:10:47.296 [main] MxmlConvert - name: mx:DataGridColumn
[DEBUG] 2023-11-07 11:10:47.296 [main] MxmlConvert - parent name: mx:DataGridColumn
[DEBUG] 2023-11-07 11:10:47.296 [main] MxmlConvert - name: mx:headerRenderer
[DEBUG] 2023-11-07 11:10:47.296 [main] MxmlConvert - parent name: mx:headerRenderer
[DEBUG] 2023-11-07 11:10:47.296 [main] MxmlConvert - name: mx:Component
[DEBUG] 2023-11-07 11:10:47.296 [main] MxmlConvert - parent name: mx:Component
[DEBUG] 2023-11-07 11:10:47.296 [main] MxmlConvert - name: Controls:ACCLabel
[DEBUG] 2023-11-07 11:10:47.296 [main] MxmlConvert - cssElement: text-align:center;
[DEBUG] 2023-11-07 11:10:47.296 [main] MxmlConvert - attributeElement:  id="ttNameId" value="#{record.ttName}" showDataTips="true"
[DEBUG] 2023-11-07 11:10:47.296 [main] MxmlConvert - cssElement: 
[DEBUG] 2023-11-07 11:10:47.296 [main] MxmlConvert - attributeElement:  id="ttNameId"
[DEBUG] 2023-11-07 11:10:47.296 [main] MxmlConvert - cssElement: 
[DEBUG] 2023-11-07 11:10:47.296 [main] MxmlConvert - attributeElement:  id="ttNameId"
[DEBUG] 2023-11-07 11:10:47.296 [main] MxmlConvert - cssElement: text-align:left;width:200px;
[DEBUG] 2023-11-07 11:10:47.296 [main] MxmlConvert - attributeElement:  headerText="督促担当者" id="ttName"
[DEBUG] 2023-11-07 11:10:47.296 [main] MxmlConvert - parent name: null
[DEBUG] 2023-11-07 11:10:47.296 [main] MxmlConvert - name: #comment
[DEBUG] 2023-11-07 11:10:47.296 [main] MxmlConvert - cssElement: 
[DEBUG] 2023-11-07 11:10:47.296 [main] MxmlConvert - attributeElement: 
[DEBUG] 2023-11-07 11:10:47.296 [main] MxmlConvert - parent name: Controls:columns
[DEBUG] 2023-11-07 11:10:47.296 [main] MxmlConvert - name: mx:DataGridColumn
[DEBUG] 2023-11-07 11:10:47.296 [main] MxmlConvert - parent name: null
[DEBUG] 2023-11-07 11:10:47.296 [main] MxmlConvert - name: #comment
[DEBUG] 2023-11-07 11:10:47.296 [main] MxmlConvert - cssElement: 
[DEBUG] 2023-11-07 11:10:47.296 [main] MxmlConvert - attributeElement: 
[DEBUG] 2023-11-07 11:10:47.296 [main] MxmlConvert - parent name: mx:DataGridColumn
[DEBUG] 2023-11-07 11:10:47.296 [main] MxmlConvert - name: mx:headerRenderer
[DEBUG] 2023-11-07 11:10:47.296 [main] MxmlConvert - parent name: mx:headerRenderer
[DEBUG] 2023-11-07 11:10:47.296 [main] MxmlConvert - name: mx:Component
[DEBUG] 2023-11-07 11:10:47.296 [main] MxmlConvert - parent name: mx:Component
[DEBUG] 2023-11-07 11:10:47.296 [main] MxmlConvert - name: Controls:ACCLabel
[DEBUG] 2023-11-07 11:10:47.297 [main] MxmlConvert - cssElement: text-align:center;
[DEBUG] 2023-11-07 11:10:47.308 [main] MxmlConvert - attributeElement:  value="#{record.callCount}"
[DEBUG] 2023-11-07 11:10:47.308 [main] MxmlConvert - cssElement: 
[DEBUG] 2023-11-07 11:10:47.308 [main] MxmlConvert - attributeElement: 
[DEBUG] 2023-11-07 11:10:47.308 [main] MxmlConvert - cssElement: 
[DEBUG] 2023-11-07 11:10:47.308 [main] MxmlConvert - attributeElement: 
[DEBUG] 2023-11-07 11:10:47.308 [main] MxmlConvert - cssElement: text-align:right;width:50px;
[DEBUG] 2023-11-07 11:10:47.308 [main] MxmlConvert - attributeElement:  headerText="件数" id="callCount"
[DEBUG] 2023-11-07 11:10:47.308 [main] MxmlConvert - cssElement: 
[DEBUG] 2023-11-07 11:10:47.308 [main] MxmlConvert - attributeElement: 
[DEBUG] 2023-11-07 11:10:47.308 [main] MxmlConvert - cssElement: height:140px;width:100%;position: absolute; left:0px;top:3px;
[DEBUG] 2023-11-07 11:10:47.308 [main] MxmlConvert - attributeElement:  id="gridSEL001" tabindex="1" scrollable="on"
[DEBUG] 2023-11-07 11:10:47.308 [main] MxmlConvert - parent name: null
[DEBUG] 2023-11-07 11:10:47.308 [main] MxmlConvert - name: #comment
[DEBUG] 2023-11-07 11:10:47.308 [main] MxmlConvert - cssElement: 
[DEBUG] 2023-11-07 11:10:47.308 [main] MxmlConvert - attributeElement: 
[DEBUG] 2023-11-07 11:10:47.308 [main] MxmlConvert - parent name: Containers:ACCPanel
[DEBUG] 2023-11-07 11:10:47.308 [main] MxmlConvert - name: Controls:ACCButton
[DEBUG] 2023-11-07 11:10:47.308 [main] MxmlConvert - cssElement: text-align:center;width:100%;position: absolute; left:0px;top:142px;
[DEBUG] 2023-11-07 11:10:47.309 [main] MxmlConvert - attributeElement:  actionListener="#{MG3001005_01_000Controller.btnSEL001OnClickHandler};" id="btnSEL001" value="督促担当者選択" tabindex="2"
[DEBUG] 2023-11-07 11:10:47.309 [main] MxmlConvert - cssElement: height:181px;position:absolute;width:476px;position: absolute; left:4px;top:7px;
[DEBUG] 2023-11-07 11:10:47.309 [main] MxmlConvert - attributeElement:  id="compPanel19" tabindex="1" header="担当者選択"
[DEBUG] 2023-11-07 11:10:47.309 [main] MxmlConvert - parent name: Containers:ACCCanvas
[DEBUG] 2023-11-07 11:10:47.309 [main] MxmlConvert - name: Containers:ACCHBox
[DEBUG] 2023-11-07 11:10:47.309 [main] MxmlConvert - parent name: null
[DEBUG] 2023-11-07 11:10:47.309 [main] MxmlConvert - name: #comment
[DEBUG] 2023-11-07 11:10:47.309 [main] MxmlConvert - cssElement: 
[DEBUG] 2023-11-07 11:10:47.309 [main] MxmlConvert - attributeElement: 
[DEBUG] 2023-11-07 11:10:47.309 [main] MxmlConvert - parent name: Containers:ACCHBox
[DEBUG] 2023-11-07 11:10:47.309 [main] MxmlConvert - name: Containers:ACCPanel
[DEBUG] 2023-11-07 11:10:47.309 [main] MxmlConvert - parent name: Containers:ACCPanel
[DEBUG] 2023-11-07 11:10:47.309 [main] MxmlConvert - name: Controls:ACCRadioButtonGroup
[DEBUG] 2023-11-07 11:10:47.309 [main] MxmlConvert - cssElement: 
[DEBUG] 2023-11-07 11:10:47.309 [main] MxmlConvert - attributeElement:  id="grpDistribution"
[DEBUG] 2023-11-07 11:10:47.309 [main] MxmlConvert - parent name: Containers:ACCPanel
[DEBUG] 2023-11-07 11:10:47.309 [main] MxmlConvert - name: Controls:ACCRadioButton
[DEBUG] 2023-11-07 11:10:47.309 [main] MxmlConvert - cssElement: text-align:center;width:50%;
[DEBUG] 2023-11-07 11:10:47.309 [main] MxmlConvert - attributeElement:  groupName="grpDistribution" id="rdoOneReam" value="一連" tabindex="1"
[DEBUG] 2023-11-07 11:10:47.309 [main] MxmlConvert - parent name: Containers:ACCPanel
[DEBUG] 2023-11-07 11:10:47.309 [main] MxmlConvert - name: Controls:ACCRadioButton
[DEBUG] 2023-11-07 11:10:47.309 [main] MxmlConvert - cssElement: text-align:center;width:50%;
[DEBUG] 2023-11-07 11:10:47.309 [main] MxmlConvert - attributeElement:  groupName="grpDistribution" id="rdoCards" value="トランプ" tabindex="2"
[DEBUG] 2023-11-07 11:10:47.309 [main] MxmlConvert - cssElement: height:100%;position:horizontal;width:50%;
[DEBUG] 2023-11-07 11:10:47.309 [main] MxmlConvert - attributeElement:  id="compPanel20" tabindex="1" header="振分方法"
[DEBUG] 2023-11-07 11:10:47.309 [main] MxmlConvert - parent name: null
[DEBUG] 2023-11-07 11:10:47.309 [main] MxmlConvert - name: #comment
[DEBUG] 2023-11-07 11:10:47.309 [main] MxmlConvert - cssElement: 
[DEBUG] 2023-11-07 11:10:47.309 [main] MxmlConvert - attributeElement: 
[DEBUG] 2023-11-07 11:10:47.309 [main] MxmlConvert - parent name: Containers:ACCHBox
[DEBUG] 2023-11-07 11:10:47.309 [main] MxmlConvert - name: Containers:ACCPanel
[DEBUG] 2023-11-07 11:10:47.309 [main] MxmlConvert - parent name: Containers:ACCPanel
[DEBUG] 2023-11-07 11:10:47.309 [main] MxmlConvert - name: Controls:ACCRadioButtonGroup
[DEBUG] 2023-11-07 11:10:47.309 [main] MxmlConvert - cssElement: 
[DEBUG] 2023-11-07 11:10:47.309 [main] MxmlConvert - attributeElement:  id="grpSort"
[DEBUG] 2023-11-07 11:10:47.309 [main] MxmlConvert - parent name: Containers:ACCPanel
[DEBUG] 2023-11-07 11:10:47.309 [main] MxmlConvert - name: Controls:ACCRadioButton
[DEBUG] 2023-11-07 11:10:47.310 [main] MxmlConvert - cssElement: text-align:center;width:50%;
[DEBUG] 2023-11-07 11:10:47.310 [main] MxmlConvert - attributeElement:  groupName="grpSort" id="rdoDeferredBalance" value="未納額" tabindex="1"
[DEBUG] 2023-11-07 11:10:47.310 [main] MxmlConvert - parent name: Containers:ACCPanel
[DEBUG] 2023-11-07 11:10:47.310 [main] MxmlConvert - name: Controls:ACCRadioButton
[DEBUG] 2023-11-07 11:10:47.310 [main] MxmlConvert - cssElement: text-align:center;width:50%;
[DEBUG] 2023-11-07 11:10:47.310 [main] MxmlConvert - attributeElement:  groupName="grpSort" id="rdoClaimBalance" value="総残高" tabindex="2"
[DEBUG] 2023-11-07 11:10:47.310 [main] MxmlConvert - cssElement: height:100%;position:horizontal;width:50%;
[DEBUG] 2023-11-07 11:10:47.310 [main] MxmlConvert - attributeElement:  id="compPanel21" tabindex="2" header="ソート順（降順）"
[DEBUG] 2023-11-07 11:10:47.310 [main] MxmlConvert - cssElement: height:50px;width:476px;position: absolute; left:4px;top:194px;
[DEBUG] 2023-11-07 11:10:47.310 [main] MxmlConvert - attributeElement:  id="compHBox02" tabindex="2"
[DEBUG] 2023-11-07 11:10:47.310 [main] MxmlConvert - cssElement: height:250px;width:490px;
[DEBUG] 2023-11-07 11:10:47.310 [main] MxmlConvert - attributeElement:  title="担当割当"
[INFO ] 2023-11-07 11:10:53.104 [main] MxmlConvert - Html file created successfully.
[INFO ] 2023-11-07 11:10:53.104 [main] MxmlConvert - CSS file created successfully.
