[INFO ] 2023-11-01 10:00:15.046 [main] MxmlConvert - Root Element :Containers:ACCTitleWindow
[INFO ] 2023-11-01 10:00:15.048 [main] MxmlConvert - ------
[INFO ] 2023-11-01 10:00:15.131 [main] ConvertMxmlService - Node Name =Containers:ACCTitleWindow [OPEN]
[INFO ] 2023-11-01 10:00:17.075 [main] ConvertMxmlService - Node Name =#text [OPEN]
[INFO ] 2023-11-01 10:00:17.076 [main] ConvertMxmlService - Node Name =mx:Script [OPEN]
[INFO ] 2023-11-01 10:00:17.078 [main] ConvertMxmlService - Node Name =#text [OPEN]
[INFO ] 2023-11-01 10:00:17.078 [main] ConvertMxmlService - Node Name =login:MG1001001_00_000_AS [OPEN]
[INFO ] 2023-11-01 10:00:17.079 [main] ConvertMxmlService - Node Name =#text [OPEN]
[INFO ] 2023-11-01 10:00:17.079 [main] ConvertMxmlService - Node Name =login:MG1001001_01_000 [OPEN]
[INFO ] 2023-11-01 10:00:17.085 [main] ConvertMxmlService - Node Name =login:MG1001001_01_000 [CLOSE]
[INFO ] 2023-11-01 10:00:17.085 [main] ConvertMxmlService - Node Name =#text [OPEN]
[INFO ] 2023-11-01 10:00:17.085 [main] ConvertMxmlService - Node Name =mx:ProgressBar [OPEN]
[INFO ] 2023-11-01 10:00:17.085 [main] ConvertMxmlService - Node Name =#text [OPEN]
[INFO ] 2023-11-01 10:00:17.085 [main] ConvertMxmlService - Node Name =Containers:ACCTitleWindow [CLOSE]
[DEBUG] 2023-11-01 10:00:17.085 [main] MxmlConvert - parent name: First Node
[DEBUG] 2023-11-01 10:00:17.086 [main] MxmlConvert - name: Containers:ACCTitleWindow
[DEBUG] 2023-11-01 10:00:17.086 [main] MxmlConvert - parent name: Containers:ACCTitleWindow
[DEBUG] 2023-11-01 10:00:17.086 [main] MxmlConvert - name: login:MG1001001_01_000
[DEBUG] 2023-11-01 10:00:17.086 [main] MxmlConvert - cssElement: 
[DEBUG] 2023-11-01 10:00:17.086 [main] MxmlConvert - attributeElement: 
[DEBUG] 2023-11-01 10:00:17.086 [main] MxmlConvert - cssElement: 
[DEBUG] 2023-11-01 10:00:17.086 [main] MxmlConvert - attributeElement: 
[DEBUG] 2023-11-01 10:00:17.086 [main] MxmlConvert - <ui:include src="MG1001001_01_000.xhtml"></ui:include>
[INFO ] 2023-11-01 10:00:17.122 [main] MxmlConvert - Html file created successfully.
[INFO ] 2023-11-01 10:00:17.122 [main] MxmlConvert - CSS file created successfully.
[INFO ] 2023-11-01 10:00:17.155 [main] MxmlConvert - Root Element :Containers:ACCCanvas
[INFO ] 2023-11-01 10:00:17.155 [main] MxmlConvert - ------
[INFO ] 2023-11-01 10:00:17.157 [main] ConvertMxmlService - Node Name =Containers:ACCCanvas [OPEN]
[INFO ] 2023-11-01 10:00:17.733 [main] ConvertMxmlService - Node Name =#text [OPEN]
[INFO ] 2023-11-01 10:00:17.733 [main] ConvertMxmlService - Node Name =mx:Script [OPEN]
[INFO ] 2023-11-01 10:00:17.735 [main] ConvertMxmlService - Node Name =#text [OPEN]
[INFO ] 2023-11-01 10:00:17.735 [main] ConvertMxmlService - Node Name =#comment [OPEN]
[INFO ] 2023-11-01 10:00:17.736 [main] ConvertMxmlService - Node Name =#text [OPEN]
[INFO ] 2023-11-01 10:00:17.736 [main] ConvertMxmlService - Node Name =#comment [OPEN]
[INFO ] 2023-11-01 10:00:17.736 [main] ConvertMxmlService - Node Name =#text [OPEN]
[INFO ] 2023-11-01 10:00:17.736 [main] ConvertMxmlService - Node Name =mx:XML [OPEN]
[INFO ] 2023-11-01 10:00:17.738 [main] ConvertMxmlService - Node Name =#text [OPEN]
[INFO ] 2023-11-01 10:00:17.738 [main] ConvertMxmlService - Node Name =login:MG1001001_01_000_AS [OPEN]
[INFO ] 2023-11-01 10:00:17.739 [main] ConvertMxmlService - Node Name =#text [OPEN]
[INFO ] 2023-11-01 10:00:17.739 [main] ConvertMxmlService - Node Name =mx:Image [OPEN]
[INFO ] 2023-11-01 10:00:17.742 [main] ConvertMxmlService - Node Name =mx:Image [CLOSE]
[INFO ] 2023-11-01 10:00:17.742 [main] ConvertMxmlService - Node Name =#text [OPEN]
[INFO ] 2023-11-01 10:00:17.742 [main] ConvertMxmlService - Node Name =Containers:ACCCanvas [OPEN]
[INFO ] 2023-11-01 10:00:18.232 [main] ConvertMxmlService - Node Name =#text [OPEN]
[INFO ] 2023-11-01 10:00:18.233 [main] ConvertMxmlService - Node Name =#comment [OPEN]
[INFO ] 2023-11-01 10:00:18.233 [main] ConvertMxmlService - Node Name =#text [OPEN]
[INFO ] 2023-11-01 10:00:18.233 [main] ConvertMxmlService - Node Name =Controls:ACCLabel [OPEN]
[INFO ] 2023-11-01 10:00:18.237 [main] ConvertMxmlService - Node Name =Controls:ACCLabel [CLOSE]
[INFO ] 2023-11-01 10:00:18.237 [main] ConvertMxmlService - Node Name =#text [OPEN]
[INFO ] 2023-11-01 10:00:18.237 [main] ConvertMxmlService - Node Name =Controls:ACCTextInput [OPEN]
[INFO ] 2023-11-01 10:00:18.243 [main] ConvertMxmlService - Node Name =Controls:ACCTextInput [CLOSE]
[INFO ] 2023-11-01 10:00:18.243 [main] ConvertMxmlService - Node Name =#text [OPEN]
[INFO ] 2023-11-01 10:00:18.243 [main] ConvertMxmlService - Node Name =#comment [OPEN]
[INFO ] 2023-11-01 10:00:18.243 [main] ConvertMxmlService - Node Name =#text [OPEN]
[INFO ] 2023-11-01 10:00:18.243 [main] ConvertMxmlService - Node Name =Controls:ACCLabel [OPEN]
[INFO ] 2023-11-01 10:00:18.247 [main] ConvertMxmlService - Node Name =Controls:ACCLabel [CLOSE]
[INFO ] 2023-11-01 10:00:18.258 [main] ConvertMxmlService - Node Name =#text [OPEN]
[INFO ] 2023-11-01 10:00:18.258 [main] ConvertMxmlService - Node Name =Controls:ACCTextInput [OPEN]
[INFO ] 2023-11-01 10:00:18.260 [main] ConvertMxmlService - Node Name =Controls:ACCTextInput [CLOSE]
[INFO ] 2023-11-01 10:00:18.260 [main] ConvertMxmlService - Node Name =#text [OPEN]
[INFO ] 2023-11-01 10:00:18.260 [main] ConvertMxmlService - Node Name =#comment [OPEN]
[INFO ] 2023-11-01 10:00:18.260 [main] ConvertMxmlService - Node Name =#text [OPEN]
[INFO ] 2023-11-01 10:00:18.260 [main] ConvertMxmlService - Node Name =Controls:ACCLabel [OPEN]
[INFO ] 2023-11-01 10:00:18.262 [main] ConvertMxmlService - Node Name =Controls:ACCLabel [CLOSE]
[INFO ] 2023-11-01 10:00:18.262 [main] ConvertMxmlService - Node Name =#text [OPEN]
[INFO ] 2023-11-01 10:00:18.262 [main] ConvertMxmlService - Node Name =Controls:ACCTextInput [OPEN]
[INFO ] 2023-11-01 10:00:18.264 [main] ConvertMxmlService - Node Name =Controls:ACCTextInput [CLOSE]
[INFO ] 2023-11-01 10:00:18.264 [main] ConvertMxmlService - Node Name =#text [OPEN]
[INFO ] 2023-11-01 10:00:18.264 [main] ConvertMxmlService - Node Name =#comment [OPEN]
[INFO ] 2023-11-01 10:00:18.264 [main] ConvertMxmlService - Node Name =#text [OPEN]
[INFO ] 2023-11-01 10:00:18.264 [main] ConvertMxmlService - Node Name =Controls:ACCButton [OPEN]
[INFO ] 2023-11-01 10:00:18.266 [main] ConvertMxmlService - Node Name =Controls:ACCButton [CLOSE]
[INFO ] 2023-11-01 10:00:18.266 [main] ConvertMxmlService - Node Name =#text [OPEN]
[INFO ] 2023-11-01 10:00:18.266 [main] ConvertMxmlService - Node Name =#comment [OPEN]
[INFO ] 2023-11-01 10:00:18.266 [main] ConvertMxmlService - Node Name =#text [OPEN]
[INFO ] 2023-11-01 10:00:18.266 [main] ConvertMxmlService - Node Name =Controls:ACCButton [OPEN]
[INFO ] 2023-11-01 10:00:18.268 [main] ConvertMxmlService - Node Name =Controls:ACCButton [CLOSE]
[INFO ] 2023-11-01 10:00:18.268 [main] ConvertMxmlService - Node Name =#text [OPEN]
[INFO ] 2023-11-01 10:00:18.268 [main] ConvertMxmlService - Node Name =Containers:ACCCanvas [CLOSE]
[INFO ] 2023-11-01 10:00:18.268 [main] ConvertMxmlService - Node Name =#text [OPEN]
[INFO ] 2023-11-01 10:00:18.268 [main] ConvertMxmlService - Node Name =Containers:ACCCanvas [OPEN]
[INFO ] 2023-11-01 10:00:18.789 [main] ConvertMxmlService - Node Name =#text [OPEN]
[INFO ] 2023-11-01 10:00:18.789 [main] ConvertMxmlService - Node Name =#comment [OPEN]
[INFO ] 2023-11-01 10:00:18.789 [main] ConvertMxmlService - Node Name =#text [OPEN]
[INFO ] 2023-11-01 10:00:18.789 [main] ConvertMxmlService - Node Name =Controls:ACCLabel [OPEN]
[INFO ] 2023-11-01 10:00:18.795 [main] ConvertMxmlService - Node Name =Controls:ACCLabel [CLOSE]
[INFO ] 2023-11-01 10:00:18.795 [main] ConvertMxmlService - Node Name =#text [OPEN]
[INFO ] 2023-11-01 10:00:18.795 [main] ConvertMxmlService - Node Name =#comment [OPEN]
[INFO ] 2023-11-01 10:00:18.795 [main] ConvertMxmlService - Node Name =#text [OPEN]
[INFO ] 2023-11-01 10:00:18.795 [main] ConvertMxmlService - Node Name =Controls:ACCLabel [OPEN]
[INFO ] 2023-11-01 10:00:18.800 [main] ConvertMxmlService - Node Name =Controls:ACCLabel [CLOSE]
[INFO ] 2023-11-01 10:00:18.800 [main] ConvertMxmlService - Node Name =#text [OPEN]
[INFO ] 2023-11-01 10:00:18.800 [main] ConvertMxmlService - Node Name =#comment [OPEN]
[INFO ] 2023-11-01 10:00:18.800 [main] ConvertMxmlService - Node Name =#text [OPEN]
[INFO ] 2023-11-01 10:00:18.800 [main] ConvertMxmlService - Node Name =mx:Image [OPEN]
[INFO ] 2023-11-01 10:00:18.803 [main] ConvertMxmlService - Node Name =mx:Image [CLOSE]
[INFO ] 2023-11-01 10:00:18.803 [main] ConvertMxmlService - Node Name =#text [OPEN]
[INFO ] 2023-11-01 10:00:18.803 [main] ConvertMxmlService - Node Name =Containers:ACCCanvas [CLOSE]
[INFO ] 2023-11-01 10:00:18.803 [main] ConvertMxmlService - Node Name =#text [OPEN]
[INFO ] 2023-11-01 10:00:18.803 [main] ConvertMxmlService - Node Name =Containers:ACCCanvas [CLOSE]
[DEBUG] 2023-11-01 10:00:18.803 [main] MxmlConvert - parent name: First Node
[DEBUG] 2023-11-01 10:00:18.804 [main] MxmlConvert - name: Containers:ACCCanvas
[DEBUG] 2023-11-01 10:00:18.804 [main] MxmlConvert - parent name: Containers:ACCCanvas
[DEBUG] 2023-11-01 10:00:18.804 [main] MxmlConvert - name: mx:Image
[DEBUG] 2023-11-01 10:00:18.804 [main] MxmlConvert - cssElement: 
[DEBUG] 2023-11-01 10:00:18.804 [main] MxmlConvert - attributeElement: 
[DEBUG] 2023-11-01 10:00:18.804 [main] MxmlConvert - parent name: Containers:ACCCanvas
[DEBUG] 2023-11-01 10:00:18.804 [main] MxmlConvert - name: Containers:ACCCanvas
[DEBUG] 2023-11-01 10:00:18.804 [main] MxmlConvert - parent name: null
[DEBUG] 2023-11-01 10:00:18.804 [main] MxmlConvert - name: #comment
[DEBUG] 2023-11-01 10:00:18.804 [main] MxmlConvert - cssElement: 
[DEBUG] 2023-11-01 10:00:18.804 [main] MxmlConvert - attributeElement: 
[DEBUG] 2023-11-01 10:00:18.804 [main] MxmlConvert - parent name: Containers:ACCCanvas
[DEBUG] 2023-11-01 10:00:18.804 [main] MxmlConvert - name: Controls:ACCLabel
[DEBUG] 2023-11-01 10:00:18.804 [main] MxmlConvert - cssElement: 
[DEBUG] 2023-11-01 10:00:18.804 [main] MxmlConvert - attributeElement: 
[DEBUG] 2023-11-01 10:00:18.804 [main] MxmlConvert - parent name: Containers:ACCCanvas
[DEBUG] 2023-11-01 10:00:18.804 [main] MxmlConvert - name: Controls:ACCTextInput
[DEBUG] 2023-11-01 10:00:18.804 [main] MxmlConvert - cssElement: 
[DEBUG] 2023-11-01 10:00:18.804 [main] MxmlConvert - attributeElement: 
[DEBUG] 2023-11-01 10:00:18.804 [main] MxmlConvert - parent name: null
[DEBUG] 2023-11-01 10:00:18.804 [main] MxmlConvert - name: #comment
[DEBUG] 2023-11-01 10:00:18.804 [main] MxmlConvert - cssElement: 
[DEBUG] 2023-11-01 10:00:18.804 [main] MxmlConvert - attributeElement: 
[DEBUG] 2023-11-01 10:00:18.804 [main] MxmlConvert - parent name: Containers:ACCCanvas
[DEBUG] 2023-11-01 10:00:18.804 [main] MxmlConvert - name: Controls:ACCLabel
[DEBUG] 2023-11-01 10:00:18.804 [main] MxmlConvert - cssElement: 
[DEBUG] 2023-11-01 10:00:18.805 [main] MxmlConvert - attributeElement: 
[DEBUG] 2023-11-01 10:00:18.805 [main] MxmlConvert - parent name: Containers:ACCCanvas
[DEBUG] 2023-11-01 10:00:18.805 [main] MxmlConvert - name: Controls:ACCTextInput
[DEBUG] 2023-11-01 10:00:18.805 [main] MxmlConvert - cssElement: 
[DEBUG] 2023-11-01 10:00:18.805 [main] MxmlConvert - attributeElement: 
[DEBUG] 2023-11-01 10:00:18.805 [main] MxmlConvert - parent name: null
[DEBUG] 2023-11-01 10:00:18.805 [main] MxmlConvert - name: #comment
[DEBUG] 2023-11-01 10:00:18.805 [main] MxmlConvert - cssElement: 
[DEBUG] 2023-11-01 10:00:18.805 [main] MxmlConvert - attributeElement: 
[DEBUG] 2023-11-01 10:00:18.805 [main] MxmlConvert - parent name: Containers:ACCCanvas
[DEBUG] 2023-11-01 10:00:18.805 [main] MxmlConvert - name: Controls:ACCLabel
[DEBUG] 2023-11-01 10:00:18.805 [main] MxmlConvert - cssElement: 
[DEBUG] 2023-11-01 10:00:18.805 [main] MxmlConvert - attributeElement: 
[DEBUG] 2023-11-01 10:00:18.805 [main] MxmlConvert - parent name: Containers:ACCCanvas
[DEBUG] 2023-11-01 10:00:18.805 [main] MxmlConvert - name: Controls:ACCTextInput
[DEBUG] 2023-11-01 10:00:18.805 [main] MxmlConvert - cssElement: 
[DEBUG] 2023-11-01 10:00:18.805 [main] MxmlConvert - attributeElement: 
[DEBUG] 2023-11-01 10:00:18.805 [main] MxmlConvert - parent name: null
[DEBUG] 2023-11-01 10:00:18.805 [main] MxmlConvert - name: #comment
[DEBUG] 2023-11-01 10:00:18.805 [main] MxmlConvert - cssElement: 
[DEBUG] 2023-11-01 10:00:18.805 [main] MxmlConvert - attributeElement: 
[DEBUG] 2023-11-01 10:00:18.805 [main] MxmlConvert - parent name: Containers:ACCCanvas
[DEBUG] 2023-11-01 10:00:18.805 [main] MxmlConvert - name: Controls:ACCButton
[DEBUG] 2023-11-01 10:00:18.805 [main] MxmlConvert - cssElement: 
[DEBUG] 2023-11-01 10:00:18.805 [main] MxmlConvert - attributeElement: 
[DEBUG] 2023-11-01 10:00:18.805 [main] MxmlConvert - parent name: null
[DEBUG] 2023-11-01 10:00:18.805 [main] MxmlConvert - name: #comment
[DEBUG] 2023-11-01 10:00:18.805 [main] MxmlConvert - cssElement: 
[DEBUG] 2023-11-01 10:00:18.805 [main] MxmlConvert - attributeElement: 
[DEBUG] 2023-11-01 10:00:18.805 [main] MxmlConvert - parent name: Containers:ACCCanvas
[DEBUG] 2023-11-01 10:00:18.805 [main] MxmlConvert - name: Controls:ACCButton
[DEBUG] 2023-11-01 10:00:18.805 [main] MxmlConvert - cssElement: 
[DEBUG] 2023-11-01 10:00:18.805 [main] MxmlConvert - attributeElement: 
[DEBUG] 2023-11-01 10:00:18.805 [main] MxmlConvert - cssElement: 
[DEBUG] 2023-11-01 10:00:18.805 [main] MxmlConvert - attributeElement: 
[DEBUG] 2023-11-01 10:00:18.805 [main] MxmlConvert - parent name: Containers:ACCCanvas
[DEBUG] 2023-11-01 10:00:18.805 [main] MxmlConvert - name: Containers:ACCCanvas
[DEBUG] 2023-11-01 10:00:18.805 [main] MxmlConvert - parent name: null
[DEBUG] 2023-11-01 10:00:18.805 [main] MxmlConvert - name: #comment
[DEBUG] 2023-11-01 10:00:18.806 [main] MxmlConvert - cssElement: 
[DEBUG] 2023-11-01 10:00:18.806 [main] MxmlConvert - attributeElement: 
[DEBUG] 2023-11-01 10:00:18.806 [main] MxmlConvert - parent name: Containers:ACCCanvas
[DEBUG] 2023-11-01 10:00:18.806 [main] MxmlConvert - name: Controls:ACCLabel
[DEBUG] 2023-11-01 10:00:18.806 [main] MxmlConvert - cssElement: 
[DEBUG] 2023-11-01 10:00:18.806 [main] MxmlConvert - attributeElement: 
[DEBUG] 2023-11-01 10:00:18.806 [main] MxmlConvert - parent name: null
[DEBUG] 2023-11-01 10:00:18.806 [main] MxmlConvert - name: #comment
[DEBUG] 2023-11-01 10:00:18.806 [main] MxmlConvert - cssElement: 
[DEBUG] 2023-11-01 10:00:18.806 [main] MxmlConvert - attributeElement: 
[DEBUG] 2023-11-01 10:00:18.806 [main] MxmlConvert - parent name: Containers:ACCCanvas
[DEBUG] 2023-11-01 10:00:18.806 [main] MxmlConvert - name: Controls:ACCLabel
[DEBUG] 2023-11-01 10:00:18.806 [main] MxmlConvert - cssElement: 
[DEBUG] 2023-11-01 10:00:18.806 [main] MxmlConvert - attributeElement: 
[DEBUG] 2023-11-01 10:00:18.806 [main] MxmlConvert - parent name: null
[DEBUG] 2023-11-01 10:00:18.806 [main] MxmlConvert - name: #comment
[DEBUG] 2023-11-01 10:00:18.806 [main] MxmlConvert - cssElement: 
[DEBUG] 2023-11-01 10:00:18.806 [main] MxmlConvert - attributeElement: 
[DEBUG] 2023-11-01 10:00:18.806 [main] MxmlConvert - parent name: Containers:ACCCanvas
[DEBUG] 2023-11-01 10:00:18.806 [main] MxmlConvert - name: mx:Image
[DEBUG] 2023-11-01 10:00:18.806 [main] MxmlConvert - cssElement: 
[DEBUG] 2023-11-01 10:00:18.806 [main] MxmlConvert - attributeElement: 
[DEBUG] 2023-11-01 10:00:18.806 [main] MxmlConvert - cssElement: 
[DEBUG] 2023-11-01 10:00:18.806 [main] MxmlConvert - attributeElement: 
[DEBUG] 2023-11-01 10:00:18.806 [main] MxmlConvert - cssElement: 
[DEBUG] 2023-11-01 10:00:18.806 [main] MxmlConvert - attributeElement: 
[DEBUG] 2023-11-01 10:00:18.806 [main] MxmlConvert - <p:panel/><p:outputPanel><!--  法人CD --><p:outputLabel></p:outputLabel><p:inputText></p:inputText><!--  ユーザID --><p:outputLabel></p:outputLabel><p:inputText></p:inputText><!--  パスワード --><p:outputLabel></p:outputLabel><p:inputText></p:inputText><!--  ログイン --><p:commandButton></p:commandButton><!--  終了 --><p:commandButton></p:commandButton></p:outputPanel><p:outputPanel><!--  Copyright --><p:outputLabel></p:outputLabel><!--  2013.10.23 TR1059対応　JiaoMingQi start--><p:outputLabel></p:outputLabel><!--  2013.10.23 TR1059対応　JiaoMingQi end--><p:panel/></p:outputPanel>
[INFO ] 2023-11-01 10:00:18.807 [main] MxmlConvert - Html file created successfully.
[INFO ] 2023-11-01 10:00:18.807 [main] MxmlConvert - CSS file created successfully.
