[INFO ] 2023-11-06 09:03:16.933 [main] MxmlConvert - Root Element :Containers:ACCTitleWindow
[INFO ] 2023-11-06 09:03:16.935 [main] MxmlConvert - ------
[INFO ] 2023-11-06 09:03:16.954 [main] ConvertMxmlService - Node Name =Containers:ACCTitleWindow [OPEN]
[INFO ] 2023-11-06 09:03:16.968 [main] ConvertMxmlService - Node Name =#text [OPEN]
[INFO ] 2023-11-06 09:03:16.968 [main] ConvertMxmlService - Node Name =mx:Script [OPEN]
[INFO ] 2023-11-06 09:03:16.968 [main] ConvertMxmlService - Node Name =#text [OPEN]
[INFO ] 2023-11-06 09:03:16.968 [main] ConvertMxmlService - Node Name =login:MG1001001_00_000_AS [OPEN]
[INFO ] 2023-11-06 09:03:16.969 [main] ConvertMxmlService - Node Name =#text [OPEN]
[INFO ] 2023-11-06 09:03:16.969 [main] ConvertMxmlService - Node Name =login:MG1001001_01_000 [OPEN]
[INFO ] 2023-11-06 09:03:16.974 [main] ConvertMxmlService - Node Name =login:MG1001001_01_000 [CLOSE]
[INFO ] 2023-11-06 09:03:16.974 [main] ConvertMxmlService - Node Name =#text [OPEN]
[INFO ] 2023-11-06 09:03:16.974 [main] ConvertMxmlService - Node Name =mx:ProgressBar [OPEN]
[INFO ] 2023-11-06 09:03:16.975 [main] ConvertMxmlService - Node Name =#text [OPEN]
[INFO ] 2023-11-06 09:03:16.975 [main] ConvertMxmlService - Node Name =Containers:ACCTitleWindow [CLOSE]
[DEBUG] 2023-11-06 09:03:16.976 [main] MxmlConvert - parent name: RootNode
[DEBUG] 2023-11-06 09:03:16.976 [main] MxmlConvert - name: Containers:ACCTitleWindow
[DEBUG] 2023-11-06 09:03:16.976 [main] MxmlConvert - parent name: Containers:ACCTitleWindow
[DEBUG] 2023-11-06 09:03:16.976 [main] MxmlConvert - name: login:MG1001001_01_000
[DEBUG] 2023-11-06 09:03:16.976 [main] MxmlConvert - cssElement: height:100%;width:100%;position: absolute; left:0px;top:0px;
[DEBUG] 2023-11-06 09:03:16.976 [main] MxmlConvert - attributeElement:  id="compCanvas1"
[DEBUG] 2023-11-06 09:03:16.976 [main] MxmlConvert - cssElement:  border-bottom-width:0;border-left-width:0;border-right-width:0;border-top-width:0;height:374px;position:absolute;width:517px;
[DEBUG] 2023-11-06 09:03:16.976 [main] MxmlConvert - attributeElement: 
[INFO ] 2023-11-06 09:03:17.005 [main] MxmlConvert - Html file created successfully.
[INFO ] 2023-11-06 09:03:17.005 [main] MxmlConvert - CSS file created successfully.
[INFO ] 2023-11-06 09:03:17.007 [main] ASConvert - START: Convert Script inline-------------------------------
[INFO ] 2023-11-06 09:03:17.010 [main] ASConvert - Analyzing class path: MG1001001_00_000
[INFO ] 2023-11-06 09:03:17.010 [main] ASParser - Starting parser class....................
[DEBUG] 2023-11-06 09:03:17.013 [main] ASParser - Found import keyword...
[DEBUG] 2023-11-06 09:03:17.013 [main] ASParser - Parsed import name: mx.controls.ProgressBar
[DEBUG] 2023-11-06 09:03:17.013 [main] ASParser - Found import keyword...
[DEBUG] 2023-11-06 09:03:17.014 [main] ASParser - Parsed import name: jp.co.nissho_ele.acc.framework.classes.constants.ACCSetFrameConst
[DEBUG] 2023-11-06 09:03:17.014 [main] ASParser - Entering comment...
[DEBUG] 2023-11-06 09:03:17.014 [main] ASParser - Exiting comment...
[DEBUG] 2023-11-06 09:03:17.014 [main] ASParser - ->Member encapsulation set to private
[INFO ] 2023-11-06 09:03:17.015 [main] ASParser - Parsing class member variable start.................
[DEBUG] 2023-11-06 09:03:17.015 [main] ASParser - --->Member type "variable" set.
[DEBUG] 2023-11-06 09:03:17.015 [main] ASParser - ---->Variable name declared: serviceCounter
[DEBUG] 2023-11-06 09:03:17.015 [main] ASParser - ---->Variable type for serviceCounter declared as: int
[DEBUG] 2023-11-06 09:03:17.015 [main] ASParser - ---->Variable with assignment value:  0
[DEBUG] 2023-11-06 09:03:17.015 [main] ASParser - Entering comment...
[DEBUG] 2023-11-06 09:03:17.015 [main] ASParser - Exiting comment...
[DEBUG] 2023-11-06 09:03:17.015 [main] ASParser - ->Member encapsulation set to private
[DEBUG] 2023-11-06 09:03:17.015 [main] ASParser - -->Static flag set
[INFO ] 2023-11-06 09:03:17.016 [main] ASParser - Parsing class member variable start.................
[DEBUG] 2023-11-06 09:03:17.016 [main] ASParser - --->Member type "variable" set.
[DEBUG] 2023-11-06 09:03:17.016 [main] ASParser - ---->Variable name declared: allServiceNumber
[DEBUG] 2023-11-06 09:03:17.016 [main] ASParser - ---->Variable type for allServiceNumber declared as: int
[DEBUG] 2023-11-06 09:03:17.016 [main] ASParser - ---->Variable with assignment value:  8
[DEBUG] 2023-11-06 09:03:17.016 [main] ASParser - Entering comment...
[DEBUG] 2023-11-06 09:03:17.016 [main] ASParser - Exiting comment...
[DEBUG] 2023-11-06 09:03:17.016 [main] ASParser - ->Member encapsulation set to public
[INFO ] 2023-11-06 09:03:17.016 [main] ASParser - Parsing class member variable end.................
[INFO ] 2023-11-06 09:03:17.017 [main] ASParser - Parsing class member function start.................
[DEBUG] 2023-11-06 09:03:17.017 [main] ASParser - ---->Member type function set.
[DEBUG] 2023-11-06 09:03:17.017 [main] ASParser - ****>Function name declared: clearFrame
[DEBUG] 2023-11-06 09:03:17.017 [main] ASParser - ----->Function argument found: i
[DEBUG] 2023-11-06 09:03:17.017 [main] ASParser - ----->Function argument typed to: int
[DEBUG] 2023-11-06 09:03:17.018 [main] ASParser - ----->Function argument defaulted to: 0
[DEBUG] 2023-11-06 09:03:17.018 [main] ASParser - ------>Completed paring args: 1 args
[DEBUG] 2023-11-06 09:03:17.018 [main] ASParser - ------>Typed the function to: void
[DEBUG] 2023-11-06 09:03:17.018 [main] ASParser - Entering comment...
[DEBUG] 2023-11-06 09:03:17.018 [main] ASParser - Exiting comment...
[DEBUG] 2023-11-06 09:03:17.018 [main] ASParser - ->Member encapsulation set to public
[INFO ] 2023-11-06 09:03:17.018 [main] ASParser - Parsing class member variable end.................
[INFO ] 2023-11-06 09:03:17.019 [main] ASParser - Parsing class member function start.................
[DEBUG] 2023-11-06 09:03:17.019 [main] ASParser - ---->Member type function set.
[DEBUG] 2023-11-06 09:03:17.019 [main] ASParser - ****>Function name declared: setFrame
[DEBUG] 2023-11-06 09:03:17.019 [main] ASParser - ----->Function argument found: i
[DEBUG] 2023-11-06 09:03:17.019 [main] ASParser - ----->Function argument typed to: int
[DEBUG] 2023-11-06 09:03:17.019 [main] ASParser - ----->Function argument defaulted to: 0
[DEBUG] 2023-11-06 09:03:17.019 [main] ASParser - ------>Completed paring args: 1 args
[DEBUG] 2023-11-06 09:03:17.019 [main] ASParser - ------>Typed the function to: void
[DEBUG] 2023-11-06 09:03:17.019 [main] ASParser - Entering comment...
[DEBUG] 2023-11-06 09:03:17.019 [main] ASParser - Exiting comment...
[DEBUG] 2023-11-06 09:03:17.020 [main] ASParser - ->Member encapsulation set to public
[INFO ] 2023-11-06 09:03:17.020 [main] ASParser - Parsing class member variable end.................
[INFO ] 2023-11-06 09:03:17.020 [main] ASParser - Parsing class member function start.................
[DEBUG] 2023-11-06 09:03:17.020 [main] ASParser - ---->Member type function set.
[DEBUG] 2023-11-06 09:03:17.020 [main] ASParser - ****>Function name declared: addControlBar
[DEBUG] 2023-11-06 09:03:17.020 [main] ASParser - ------>Completed paring args: 0 args
[DEBUG] 2023-11-06 09:03:17.020 [main] ASParser - ------>Typed the function to: void
[DEBUG] 2023-11-06 09:03:17.020 [main] ASParser - Entering comment... (//)
[DEBUG] 2023-11-06 09:03:17.020 [main] ASParser - Exited comment
[DEBUG] 2023-11-06 09:03:17.020 [main] ASParser - Entering comment... (//)
[DEBUG] 2023-11-06 09:03:17.020 [main] ASParser - Exited comment
[DEBUG] 2023-11-06 09:03:17.020 [main] ASParser - Entering comment... (//)
[DEBUG] 2023-11-06 09:03:17.020 [main] ASParser - Exited comment
[DEBUG] 2023-11-06 09:03:17.020 [main] ASParser - Entering comment... (//)
[DEBUG] 2023-11-06 09:03:17.021 [main] ASParser - Exited comment
[DEBUG] 2023-11-06 09:03:17.021 [main] ASParser - Entering comment...
[DEBUG] 2023-11-06 09:03:17.021 [main] ASParser - Exiting comment...
[DEBUG] 2023-11-06 09:03:17.021 [main] ASParser - ->Member encapsulation set to private
[INFO ] 2023-11-06 09:03:17.021 [main] ASParser - Parsing class member variable end.................
[INFO ] 2023-11-06 09:03:17.021 [main] ASParser - Parsing class member function start.................
[DEBUG] 2023-11-06 09:03:17.021 [main] ASParser - ---->Member type function set.
[DEBUG] 2023-11-06 09:03:17.021 [main] ASParser - ****>Function name declared: onProgressBarRenewalEventHandler
[DEBUG] 2023-11-06 09:03:17.021 [main] ASParser - ------>Completed paring args: 0 args
[DEBUG] 2023-11-06 09:03:17.021 [main] ASParser - ------>Typed the function to: void
[INFO ] 2023-11-06 09:03:17.022 [main] ASParser - Parsing class end.................
[INFO ] 2023-11-06 09:03:17.022 [main] ASParser - End parser class.................
[INFO ] 2023-11-06 09:03:17.023 [main] ASConvert - Save output file: D:\output\login\MG1001001_00_000Model.java
[DEBUG] 2023-11-06 09:03:17.025 [main] ASConvert - Save output file: Success
[INFO ] 2023-11-06 09:03:17.025 [main] ASConvert - END: Convert Script inline-------------------------------
[INFO ] 2023-11-06 09:03:17.029 [main] MxmlConvert - Root Element :Containers:ACCCanvas
[INFO ] 2023-11-06 09:03:17.029 [main] MxmlConvert - ------
[INFO ] 2023-11-06 09:03:17.030 [main] ConvertMxmlService - Node Name =Containers:ACCCanvas [OPEN]
[INFO ] 2023-11-06 09:03:17.034 [main] ConvertMxmlService - Node Name =#text [OPEN]
[INFO ] 2023-11-06 09:03:17.034 [main] ConvertMxmlService - Node Name =mx:Script [OPEN]
[INFO ] 2023-11-06 09:03:17.035 [main] ConvertMxmlService - Node Name =#text [OPEN]
[INFO ] 2023-11-06 09:03:17.035 [main] ConvertMxmlService - Node Name =#comment [OPEN]
[INFO ] 2023-11-06 09:03:17.035 [main] ConvertMxmlService - Node Name =#text [OPEN]
[INFO ] 2023-11-06 09:03:17.035 [main] ConvertMxmlService - Node Name =#comment [OPEN]
[INFO ] 2023-11-06 09:03:17.035 [main] ConvertMxmlService - Node Name =#text [OPEN]
[INFO ] 2023-11-06 09:03:17.035 [main] ConvertMxmlService - Node Name =mx:XML [OPEN]
[INFO ] 2023-11-06 09:03:17.036 [main] ConvertMxmlService - Node Name =#text [OPEN]
[INFO ] 2023-11-06 09:03:17.036 [main] ConvertMxmlService - Node Name =login:MG1001001_01_000_AS [OPEN]
[INFO ] 2023-11-06 09:03:17.036 [main] ConvertMxmlService - Node Name =#text [OPEN]
[INFO ] 2023-11-06 09:03:17.036 [main] ConvertMxmlService - Node Name =mx:Image [OPEN]
[INFO ] 2023-11-06 09:03:17.039 [main] ConvertMxmlService - Node Name =mx:Image [CLOSE]
[INFO ] 2023-11-06 09:03:17.039 [main] ConvertMxmlService - Node Name =#text [OPEN]
[INFO ] 2023-11-06 09:03:17.039 [main] ConvertMxmlService - Node Name =Containers:ACCCanvas [OPEN]
[INFO ] 2023-11-06 09:03:17.042 [main] ConvertMxmlService - Node Name =#text [OPEN]
[INFO ] 2023-11-06 09:03:17.042 [main] ConvertMxmlService - Node Name =#comment [OPEN]
[INFO ] 2023-11-06 09:03:17.042 [main] ConvertMxmlService - Node Name =#text [OPEN]
[INFO ] 2023-11-06 09:03:17.042 [main] ConvertMxmlService - Node Name =Controls:ACCLabel [OPEN]
[INFO ] 2023-11-06 09:03:17.044 [main] ConvertMxmlService - Node Name =Controls:ACCLabel [CLOSE]
[INFO ] 2023-11-06 09:03:17.045 [main] ConvertMxmlService - Node Name =#text [OPEN]
[INFO ] 2023-11-06 09:03:17.045 [main] ConvertMxmlService - Node Name =Controls:ACCTextInput [OPEN]
[INFO ] 2023-11-06 09:03:17.047 [main] ConvertMxmlService - Node Name =Controls:ACCTextInput [CLOSE]
[INFO ] 2023-11-06 09:03:17.047 [main] ConvertMxmlService - Node Name =#text [OPEN]
[INFO ] 2023-11-06 09:03:17.047 [main] ConvertMxmlService - Node Name =#comment [OPEN]
[INFO ] 2023-11-06 09:03:17.048 [main] ConvertMxmlService - Node Name =#text [OPEN]
[INFO ] 2023-11-06 09:03:17.048 [main] ConvertMxmlService - Node Name =Controls:ACCLabel [OPEN]
[INFO ] 2023-11-06 09:03:17.050 [main] ConvertMxmlService - Node Name =Controls:ACCLabel [CLOSE]
[INFO ] 2023-11-06 09:03:17.050 [main] ConvertMxmlService - Node Name =#text [OPEN]
[INFO ] 2023-11-06 09:03:17.050 [main] ConvertMxmlService - Node Name =Controls:ACCTextInput [OPEN]
[INFO ] 2023-11-06 09:03:17.052 [main] ConvertMxmlService - Node Name =Controls:ACCTextInput [CLOSE]
[INFO ] 2023-11-06 09:03:17.052 [main] ConvertMxmlService - Node Name =#text [OPEN]
[INFO ] 2023-11-06 09:03:17.052 [main] ConvertMxmlService - Node Name =#comment [OPEN]
[INFO ] 2023-11-06 09:03:17.052 [main] ConvertMxmlService - Node Name =#text [OPEN]
[INFO ] 2023-11-06 09:03:17.052 [main] ConvertMxmlService - Node Name =Controls:ACCLabel [OPEN]
[INFO ] 2023-11-06 09:03:17.054 [main] ConvertMxmlService - Node Name =Controls:ACCLabel [CLOSE]
[INFO ] 2023-11-06 09:03:17.054 [main] ConvertMxmlService - Node Name =#text [OPEN]
[INFO ] 2023-11-06 09:03:17.054 [main] ConvertMxmlService - Node Name =Controls:ACCTextInput [OPEN]
[INFO ] 2023-11-06 09:03:17.056 [main] ConvertMxmlService - Node Name =Controls:ACCTextInput [CLOSE]
[INFO ] 2023-11-06 09:03:17.056 [main] ConvertMxmlService - Node Name =#text [OPEN]
[INFO ] 2023-11-06 09:03:17.056 [main] ConvertMxmlService - Node Name =#comment [OPEN]
[INFO ] 2023-11-06 09:03:17.056 [main] ConvertMxmlService - Node Name =#text [OPEN]
[INFO ] 2023-11-06 09:03:17.056 [main] ConvertMxmlService - Node Name =Controls:ACCButton [OPEN]
[INFO ] 2023-11-06 09:03:17.058 [main] ConvertMxmlService - Node Name =Controls:ACCButton [CLOSE]
[INFO ] 2023-11-06 09:03:17.058 [main] ConvertMxmlService - Node Name =#text [OPEN]
[INFO ] 2023-11-06 09:03:17.058 [main] ConvertMxmlService - Node Name =#comment [OPEN]
[INFO ] 2023-11-06 09:03:17.058 [main] ConvertMxmlService - Node Name =#text [OPEN]
[INFO ] 2023-11-06 09:03:17.058 [main] ConvertMxmlService - Node Name =Controls:ACCButton [OPEN]
[INFO ] 2023-11-06 09:03:17.060 [main] ConvertMxmlService - Node Name =Controls:ACCButton [CLOSE]
[INFO ] 2023-11-06 09:03:17.060 [main] ConvertMxmlService - Node Name =#text [OPEN]
[INFO ] 2023-11-06 09:03:17.060 [main] ConvertMxmlService - Node Name =Containers:ACCCanvas [CLOSE]
[INFO ] 2023-11-06 09:03:17.060 [main] ConvertMxmlService - Node Name =#text [OPEN]
[INFO ] 2023-11-06 09:03:17.060 [main] ConvertMxmlService - Node Name =Containers:ACCCanvas [OPEN]
[INFO ] 2023-11-06 09:03:17.062 [main] ConvertMxmlService - Node Name =#text [OPEN]
[INFO ] 2023-11-06 09:03:17.063 [main] ConvertMxmlService - Node Name =#comment [OPEN]
[INFO ] 2023-11-06 09:03:17.063 [main] ConvertMxmlService - Node Name =#text [OPEN]
[INFO ] 2023-11-06 09:03:17.063 [main] ConvertMxmlService - Node Name =Controls:ACCLabel [OPEN]
[INFO ] 2023-11-06 09:03:17.065 [main] ConvertMxmlService - Node Name =Controls:ACCLabel [CLOSE]
[INFO ] 2023-11-06 09:03:17.065 [main] ConvertMxmlService - Node Name =#text [OPEN]
[INFO ] 2023-11-06 09:03:17.065 [main] ConvertMxmlService - Node Name =#comment [OPEN]
[INFO ] 2023-11-06 09:03:17.065 [main] ConvertMxmlService - Node Name =#text [OPEN]
[INFO ] 2023-11-06 09:03:17.065 [main] ConvertMxmlService - Node Name =Controls:ACCLabel [OPEN]
[INFO ] 2023-11-06 09:03:17.067 [main] ConvertMxmlService - Node Name =Controls:ACCLabel [CLOSE]
[INFO ] 2023-11-06 09:03:17.067 [main] ConvertMxmlService - Node Name =#text [OPEN]
[INFO ] 2023-11-06 09:03:17.067 [main] ConvertMxmlService - Node Name =#comment [OPEN]
[INFO ] 2023-11-06 09:03:17.067 [main] ConvertMxmlService - Node Name =#text [OPEN]
[INFO ] 2023-11-06 09:03:17.067 [main] ConvertMxmlService - Node Name =mx:Image [OPEN]
[INFO ] 2023-11-06 09:03:17.069 [main] ConvertMxmlService - Node Name =mx:Image [CLOSE]
[INFO ] 2023-11-06 09:03:17.069 [main] ConvertMxmlService - Node Name =#text [OPEN]
[INFO ] 2023-11-06 09:03:17.069 [main] ConvertMxmlService - Node Name =Containers:ACCCanvas [CLOSE]
[INFO ] 2023-11-06 09:03:17.069 [main] ConvertMxmlService - Node Name =#text [OPEN]
[INFO ] 2023-11-06 09:03:17.069 [main] ConvertMxmlService - Node Name =Containers:ACCCanvas [CLOSE]
[DEBUG] 2023-11-06 09:03:17.070 [main] MxmlConvert - parent name: RootNode
[DEBUG] 2023-11-06 09:03:17.070 [main] MxmlConvert - name: Containers:ACCCanvas
[DEBUG] 2023-11-06 09:03:17.070 [main] MxmlConvert - parent name: Containers:ACCCanvas
[DEBUG] 2023-11-06 09:03:17.070 [main] MxmlConvert - name: mx:Image
[DEBUG] 2023-11-06 09:03:17.070 [main] MxmlConvert - cssElement: height:100%;background-image:url(#{resource['icon:login.jpg']});width:100%;position: absolute; left:0px;top:0px;
[DEBUG] 2023-11-06 09:03:17.070 [main] MxmlConvert - attributeElement: 
[DEBUG] 2023-11-06 09:03:17.070 [main] MxmlConvert - parent name: Containers:ACCCanvas
[DEBUG] 2023-11-06 09:03:17.070 [main] MxmlConvert - name: Containers:ACCCanvas
[DEBUG] 2023-11-06 09:03:17.070 [main] MxmlConvert - parent name: null
[DEBUG] 2023-11-06 09:03:17.070 [main] MxmlConvert - name: #comment
[DEBUG] 2023-11-06 09:03:17.070 [main] MxmlConvert - cssElement: 
[DEBUG] 2023-11-06 09:03:17.070 [main] MxmlConvert - attributeElement: 
[DEBUG] 2023-11-06 09:03:17.071 [main] MxmlConvert - parent name: Containers:ACCCanvas
[DEBUG] 2023-11-06 09:03:17.071 [main] MxmlConvert - name: Controls:ACCLabel
[DEBUG] 2023-11-06 09:03:17.071 [main] MxmlConvert - cssElement: color:#FFFFFF;font-family:MS Gothic;font-size:16px;font-weight:bold;text-align:right;width:78px;position: absolute; left:116px;top:34px;
[DEBUG] 2023-11-06 09:03:17.071 [main] MxmlConvert - attributeElement:  value="法人CD"
[DEBUG] 2023-11-06 09:03:17.071 [main] MxmlConvert - parent name: Containers:ACCCanvas
[DEBUG] 2023-11-06 09:03:17.071 [main] MxmlConvert - name: Controls:ACCTextInput
[DEBUG] 2023-11-06 09:03:17.071 [main] MxmlConvert - cssElement: width:60px;position: absolute; left:194px;top:34px;
[DEBUG] 2023-11-06 09:03:17.071 [main] MxmlConvert - attributeElement:  change="#{MG1001001_01_000Controller.textOnChangeHandler};" id="corpCd" maxbytelength="3" readOnly="true" required="true" tabindex="1"
[DEBUG] 2023-11-06 09:03:17.071 [main] MxmlConvert - parent name: null
[DEBUG] 2023-11-06 09:03:17.071 [main] MxmlConvert - name: #comment
[DEBUG] 2023-11-06 09:03:17.071 [main] MxmlConvert - cssElement: 
[DEBUG] 2023-11-06 09:03:17.071 [main] MxmlConvert - attributeElement: 
[DEBUG] 2023-11-06 09:03:17.071 [main] MxmlConvert - parent name: Containers:ACCCanvas
[DEBUG] 2023-11-06 09:03:17.071 [main] MxmlConvert - name: Controls:ACCLabel
[DEBUG] 2023-11-06 09:03:17.071 [main] MxmlConvert - cssElement: color:#FFFFFF;font-family:MS Gothic;font-size:16px;font-weight:bold;text-align:right;width:84px;position: absolute; left:109px;top:66px;
[DEBUG] 2023-11-06 09:03:17.071 [main] MxmlConvert - attributeElement:  value="ユーザID"
[DEBUG] 2023-11-06 09:03:17.071 [main] MxmlConvert - parent name: Containers:ACCCanvas
[DEBUG] 2023-11-06 09:03:17.071 [main] MxmlConvert - name: Controls:ACCTextInput
[DEBUG] 2023-11-06 09:03:17.071 [main] MxmlConvert - cssElement: width:178px;position: absolute; left:194px;top:64px;
[DEBUG] 2023-11-06 09:03:17.071 [main] MxmlConvert - attributeElement:  change="#{MG1001001_01_000Controller.textOnChangeHandler};" id="ttCd" maxbytelength="30" required="true" tabindex="2"
[DEBUG] 2023-11-06 09:03:17.071 [main] MxmlConvert - parent name: null
[DEBUG] 2023-11-06 09:03:17.071 [main] MxmlConvert - name: #comment
[DEBUG] 2023-11-06 09:03:17.071 [main] MxmlConvert - cssElement: 
[DEBUG] 2023-11-06 09:03:17.071 [main] MxmlConvert - attributeElement: 
[DEBUG] 2023-11-06 09:03:17.071 [main] MxmlConvert - parent name: Containers:ACCCanvas
[DEBUG] 2023-11-06 09:03:17.071 [main] MxmlConvert - name: Controls:ACCLabel
[DEBUG] 2023-11-06 09:03:17.071 [main] MxmlConvert - cssElement: color:#FFFFFF;font-family:MS Gothic;font-size:16px;font-weight:bold;text-align:right;width:108px;position: absolute; left:86px;top:96px;
[DEBUG] 2023-11-06 09:03:17.071 [main] MxmlConvert - attributeElement:  value="パスワード"
[DEBUG] 2023-11-06 09:03:17.071 [main] MxmlConvert - parent name: Containers:ACCCanvas
[DEBUG] 2023-11-06 09:03:17.071 [main] MxmlConvert - name: Controls:ACCTextInput
[DEBUG] 2023-11-06 09:03:17.072 [main] MxmlConvert - cssElement: width:178px;position: absolute; left:194px;top:94px;
[DEBUG] 2023-11-06 09:03:17.072 [main] MxmlConvert - attributeElement:  change="#{MG1001001_01_000Controller.textOnChangeHandler};" displayAsPassword="true" id="ttPwd" maxbytelength="30" required="true" tabindex="3"
[DEBUG] 2023-11-06 09:03:17.072 [main] MxmlConvert - parent name: null
[DEBUG] 2023-11-06 09:03:17.072 [main] MxmlConvert - name: #comment
[DEBUG] 2023-11-06 09:03:17.072 [main] MxmlConvert - cssElement: 
[DEBUG] 2023-11-06 09:03:17.072 [main] MxmlConvert - attributeElement: 
[DEBUG] 2023-11-06 09:03:17.072 [main] MxmlConvert - parent name: Containers:ACCCanvas
[DEBUG] 2023-11-06 09:03:17.072 [main] MxmlConvert - name: Controls:ACCButton
[DEBUG] 2023-11-06 09:03:17.072 [main] MxmlConvert - cssElement: width:85px;position: absolute; left:194px;top:124px;
[DEBUG] 2023-11-06 09:03:17.072 [main] MxmlConvert - attributeElement:  actionListener="#{MG1001001_01_000Controller.btnLoginOnClickHandler};" id="btnUPD001" value="ログイン" tabindex="4"
[DEBUG] 2023-11-06 09:03:17.072 [main] MxmlConvert - parent name: null
[DEBUG] 2023-11-06 09:03:17.072 [main] MxmlConvert - name: #comment
[DEBUG] 2023-11-06 09:03:17.072 [main] MxmlConvert - cssElement: 
[DEBUG] 2023-11-06 09:03:17.072 [main] MxmlConvert - attributeElement: 
[DEBUG] 2023-11-06 09:03:17.072 [main] MxmlConvert - parent name: Containers:ACCCanvas
[DEBUG] 2023-11-06 09:03:17.072 [main] MxmlConvert - name: Controls:ACCButton
[DEBUG] 2023-11-06 09:03:17.072 [main] MxmlConvert - cssElement: width:85px;position: absolute; left:287px;top:124px;
[DEBUG] 2023-11-06 09:03:17.072 [main] MxmlConvert - attributeElement:  actionListener="applicationCloseDispatch(event);" id="btnCLO001" value="終了" tabindex="5"
[DEBUG] 2023-11-06 09:03:17.072 [main] MxmlConvert - cssElement: height:155px;width:378px;position: absolute; left:133px;top:101px;
[DEBUG] 2023-11-06 09:03:17.072 [main] MxmlConvert - attributeElement: 
[DEBUG] 2023-11-06 09:03:17.072 [main] MxmlConvert - parent name: Containers:ACCCanvas
[DEBUG] 2023-11-06 09:03:17.072 [main] MxmlConvert - name: Containers:ACCCanvas
[DEBUG] 2023-11-06 09:03:17.072 [main] MxmlConvert - parent name: null
[DEBUG] 2023-11-06 09:03:17.072 [main] MxmlConvert - name: #comment
[DEBUG] 2023-11-06 09:03:17.072 [main] MxmlConvert - cssElement: 
[DEBUG] 2023-11-06 09:03:17.072 [main] MxmlConvert - attributeElement: 
[DEBUG] 2023-11-06 09:03:17.072 [main] MxmlConvert - parent name: Containers:ACCCanvas
[DEBUG] 2023-11-06 09:03:17.072 [main] MxmlConvert - name: Controls:ACCLabel
[DEBUG] 2023-11-06 09:03:17.072 [main] MxmlConvert - cssElement: color:white;text-align:right;width:100%;position: absolute; left:0px;top:55px;
[DEBUG] 2023-11-06 09:03:17.072 [main] MxmlConvert - attributeElement:  id="lblCopyright"
[DEBUG] 2023-11-06 09:03:17.073 [main] MxmlConvert - parent name: null
[DEBUG] 2023-11-06 09:03:17.073 [main] MxmlConvert - name: #comment
[DEBUG] 2023-11-06 09:03:17.073 [main] MxmlConvert - cssElement: 
[DEBUG] 2023-11-06 09:03:17.073 [main] MxmlConvert - attributeElement: 
[DEBUG] 2023-11-06 09:03:17.073 [main] MxmlConvert - parent name: Containers:ACCCanvas
[DEBUG] 2023-11-06 09:03:17.073 [main] MxmlConvert - name: Controls:ACCLabel
[DEBUG] 2023-11-06 09:03:17.073 [main] MxmlConvert - cssElement: color:white;height:15px;text-align:left;width:65px;position: absolute; left:475px;top:36px;
[DEBUG] 2023-11-06 09:03:17.073 [main] MxmlConvert - attributeElement:  id="lblVersion"
[DEBUG] 2023-11-06 09:03:17.073 [main] MxmlConvert - parent name: null
[DEBUG] 2023-11-06 09:03:17.073 [main] MxmlConvert - name: #comment
[DEBUG] 2023-11-06 09:03:17.073 [main] MxmlConvert - cssElement: 
[DEBUG] 2023-11-06 09:03:17.073 [main] MxmlConvert - attributeElement: 
[DEBUG] 2023-11-06 09:03:17.073 [main] MxmlConvert - parent name: Containers:ACCCanvas
[DEBUG] 2023-11-06 09:03:17.073 [main] MxmlConvert - name: mx:Image
[DEBUG] 2023-11-06 09:03:17.073 [main] MxmlConvert - cssElement: height:57px;background-image:url(#{resource['icon:logo.gif']});width:354px;position: absolute; left:122px;top:0px;
[DEBUG] 2023-11-06 09:03:17.073 [main] MxmlConvert - attributeElement: 
[DEBUG] 2023-11-06 09:03:17.073 [main] MxmlConvert - cssElement: opacity:0.7;background-color:#FC0505;height:73px;width:100%;position: absolute; left:0px;top:255px;
[DEBUG] 2023-11-06 09:03:17.073 [main] MxmlConvert - attributeElement: 
[DEBUG] 2023-11-06 09:03:17.073 [main] MxmlConvert - cssElement: height:100%;width:100%;
[DEBUG] 2023-11-06 09:03:17.073 [main] MxmlConvert - attributeElement:  title="ログイン"
[INFO ] 2023-11-06 09:03:17.077 [main] MxmlConvert - Html file created successfully.
[INFO ] 2023-11-06 09:03:17.077 [main] MxmlConvert - CSS file created successfully.
[INFO ] 2023-11-06 09:03:17.084 [main] ASConvert - START: Convert Script inline-------------------------------
[INFO ] 2023-11-06 09:03:17.084 [main] ASConvert - Analyzing class path: MG1001001_01_000
[INFO ] 2023-11-06 09:03:17.084 [main] ASParser - Starting parser class....................
[DEBUG] 2023-11-06 09:03:17.084 [main] ASParser - Found import keyword...
[DEBUG] 2023-11-06 09:03:17.084 [main] ASParser - Parsed import name: mx.events.IndexChangedEvent
[DEBUG] 2023-11-06 09:03:17.084 [main] ASParser - Found import keyword...
[DEBUG] 2023-11-06 09:03:17.085 [main] ASParser - Parsed import name: jp.co.nissho_ele.acc.framework.classes.constants.ACCInputModeConst
[DEBUG] 2023-11-06 09:03:17.085 [main] ASParser - Entering comment...
[DEBUG] 2023-11-06 09:03:17.085 [main] ASParser - Exiting comment...
[DEBUG] 2023-11-06 09:03:17.085 [main] ASParser - ->Member encapsulation set to public
[INFO ] 2023-11-06 09:03:17.085 [main] ASParser - Parsing class member variable start.................
[DEBUG] 2023-11-06 09:03:17.085 [main] ASParser - --->Member type "variable" set.
[DEBUG] 2023-11-06 09:03:17.085 [main] ASParser - ---->Variable name declared: serviceId_02
[DEBUG] 2023-11-06 09:03:17.085 [main] ASParser - ---->Variable type for serviceId_02 declared as: String
[DEBUG] 2023-11-06 09:03:17.085 [main] ASParser - ---->Variable with assignment value:  "MG1001001_02_000"
[DEBUG] 2023-11-06 09:03:17.085 [main] ASParser - Entering comment...
[DEBUG] 2023-11-06 09:03:17.085 [main] ASParser - Exiting comment...
[DEBUG] 2023-11-06 09:03:17.086 [main] ASParser - ->Member encapsulation set to public
[INFO ] 2023-11-06 09:03:17.086 [main] ASParser - Parsing class member variable start.................
[DEBUG] 2023-11-06 09:03:17.086 [main] ASParser - --->Member type "variable" set.
[DEBUG] 2023-11-06 09:03:17.086 [main] ASParser - ---->Variable name declared: wsdl_02
[DEBUG] 2023-11-06 09:03:17.086 [main] ASParser - ---->Variable type for wsdl_02 declared as: String
[DEBUG] 2023-11-06 09:03:17.086 [main] ASParser - ---->Variable with assignment value:  "/acc_web/services/MG1001001_02_000WebService?wsdl"
[DEBUG] 2023-11-06 09:03:17.086 [main] ASParser - Entering comment...
[DEBUG] 2023-11-06 09:03:17.086 [main] ASParser - Exiting comment...
[DEBUG] 2023-11-06 09:03:17.086 [main] ASParser - ->Member encapsulation set to public
[INFO ] 2023-11-06 09:03:17.086 [main] ASParser - Parsing class member variable start.................
[DEBUG] 2023-11-06 09:03:17.086 [main] ASParser - --->Member type "variable" set.
[DEBUG] 2023-11-06 09:03:17.086 [main] ASParser - ---->Variable name declared: endpointURI_02
[DEBUG] 2023-11-06 09:03:17.087 [main] ASParser - ---->Variable type for endpointURI_02 declared as: String
[DEBUG] 2023-11-06 09:03:17.087 [main] ASParser - ---->Variable with assignment value:  "/acc_web/services/MG1001001_02_000WebService.MG1001001_02_000WebServiceHttpSoap12Endpoint/"
[DEBUG] 2023-11-06 09:03:17.087 [main] ASParser - Entering comment...
[DEBUG] 2023-11-06 09:03:17.087 [main] ASParser - Exiting comment...
[DEBUG] 2023-11-06 09:03:17.087 [main] ASParser - ->Member encapsulation set to public
[INFO ] 2023-11-06 09:03:17.087 [main] ASParser - Parsing class member variable start.................
[DEBUG] 2023-11-06 09:03:17.087 [main] ASParser - --->Member type "variable" set.
[DEBUG] 2023-11-06 09:03:17.087 [main] ASParser - ---->Variable name declared: serviceId_03
[DEBUG] 2023-11-06 09:03:17.087 [main] ASParser - ---->Variable type for serviceId_03 declared as: String
[DEBUG] 2023-11-06 09:03:17.087 [main] ASParser - ---->Variable with assignment value:  "MG1001001_03_000"
[DEBUG] 2023-11-06 09:03:17.087 [main] ASParser - Entering comment...
[DEBUG] 2023-11-06 09:03:17.087 [main] ASParser - Exiting comment...
[DEBUG] 2023-11-06 09:03:17.087 [main] ASParser - ->Member encapsulation set to public
[INFO ] 2023-11-06 09:03:17.087 [main] ASParser - Parsing class member variable start.................
[DEBUG] 2023-11-06 09:03:17.087 [main] ASParser - --->Member type "variable" set.
[DEBUG] 2023-11-06 09:03:17.087 [main] ASParser - ---->Variable name declared: wsdl_03
[DEBUG] 2023-11-06 09:03:17.088 [main] ASParser - ---->Variable type for wsdl_03 declared as: String
[DEBUG] 2023-11-06 09:03:17.088 [main] ASParser - ---->Variable with assignment value:  "/acc_web/services/MG1001001_03_000WebService?wsdl"
[DEBUG] 2023-11-06 09:03:17.088 [main] ASParser - Entering comment...
[DEBUG] 2023-11-06 09:03:17.088 [main] ASParser - Exiting comment...
[DEBUG] 2023-11-06 09:03:17.088 [main] ASParser - ->Member encapsulation set to public
[INFO ] 2023-11-06 09:03:17.088 [main] ASParser - Parsing class member variable start.................
[DEBUG] 2023-11-06 09:03:17.088 [main] ASParser - --->Member type "variable" set.
[DEBUG] 2023-11-06 09:03:17.088 [main] ASParser - ---->Variable name declared: endpointURI_03
[DEBUG] 2023-11-06 09:03:17.088 [main] ASParser - ---->Variable type for endpointURI_03 declared as: String
[DEBUG] 2023-11-06 09:03:17.089 [main] ASParser - ---->Variable with assignment value:  "/acc_web/services/MG1001001_03_000WebService.MG1001001_03_000WebServiceHttpSoap12Endpoint/"
[DEBUG] 2023-11-06 09:03:17.089 [main] ASParser - Entering comment...
[DEBUG] 2023-11-06 09:03:17.089 [main] ASParser - Exiting comment...
[DEBUG] 2023-11-06 09:03:17.089 [main] ASParser - ->Member encapsulation set to public
[INFO ] 2023-11-06 09:03:17.089 [main] ASParser - Parsing class member variable start.................
[DEBUG] 2023-11-06 09:03:17.089 [main] ASParser - --->Member type "variable" set.
[DEBUG] 2023-11-06 09:03:17.089 [main] ASParser - ---->Variable name declared: serviceId_04
[DEBUG] 2023-11-06 09:03:17.089 [main] ASParser - ---->Variable type for serviceId_04 declared as: String
[DEBUG] 2023-11-06 09:03:17.089 [main] ASParser - ---->Variable with assignment value:  "MG1001001_04_000"
[DEBUG] 2023-11-06 09:03:17.089 [main] ASParser - Entering comment...
[DEBUG] 2023-11-06 09:03:17.089 [main] ASParser - Exiting comment...
[DEBUG] 2023-11-06 09:03:17.090 [main] ASParser - ->Member encapsulation set to public
[INFO ] 2023-11-06 09:03:17.090 [main] ASParser - Parsing class member variable start.................
[DEBUG] 2023-11-06 09:03:17.090 [main] ASParser - --->Member type "variable" set.
[DEBUG] 2023-11-06 09:03:17.090 [main] ASParser - ---->Variable name declared: wsdl_04
[DEBUG] 2023-11-06 09:03:17.090 [main] ASParser - ---->Variable type for wsdl_04 declared as: String
[DEBUG] 2023-11-06 09:03:17.090 [main] ASParser - ---->Variable with assignment value:  "/acc_web/services/MG1001001_04_000WebService?wsdl"
[DEBUG] 2023-11-06 09:03:17.090 [main] ASParser - Entering comment...
[DEBUG] 2023-11-06 09:03:17.090 [main] ASParser - Exiting comment...
[DEBUG] 2023-11-06 09:03:17.090 [main] ASParser - ->Member encapsulation set to public
[INFO ] 2023-11-06 09:03:17.090 [main] ASParser - Parsing class member variable start.................
[DEBUG] 2023-11-06 09:03:17.090 [main] ASParser - --->Member type "variable" set.
[DEBUG] 2023-11-06 09:03:17.090 [main] ASParser - ---->Variable name declared: endpointURI_04
[DEBUG] 2023-11-06 09:03:17.090 [main] ASParser - ---->Variable type for endpointURI_04 declared as: String
[DEBUG] 2023-11-06 09:03:17.091 [main] ASParser - ---->Variable with assignment value:  "/acc_web/services/MG1001001_04_000WebService.MG1001001_04_000WebServiceHttpSoap12Endpoint/"
[DEBUG] 2023-11-06 09:03:17.091 [main] ASParser - Entering comment...
[DEBUG] 2023-11-06 09:03:17.091 [main] ASParser - Exiting comment...
[DEBUG] 2023-11-06 09:03:17.091 [main] ASParser - ->Member encapsulation set to public
[INFO ] 2023-11-06 09:03:17.091 [main] ASParser - Parsing class member variable start.................
[DEBUG] 2023-11-06 09:03:17.091 [main] ASParser - --->Member type "variable" set.
[DEBUG] 2023-11-06 09:03:17.091 [main] ASParser - ---->Variable name declared: serviceId_05
[DEBUG] 2023-11-06 09:03:17.091 [main] ASParser - ---->Variable type for serviceId_05 declared as: String
[DEBUG] 2023-11-06 09:03:17.091 [main] ASParser - ---->Variable with assignment value:  "MG1001001_05_000"
[DEBUG] 2023-11-06 09:03:17.091 [main] ASParser - Entering comment...
[DEBUG] 2023-11-06 09:03:17.091 [main] ASParser - Exiting comment...
[DEBUG] 2023-11-06 09:03:17.092 [main] ASParser - ->Member encapsulation set to public
[INFO ] 2023-11-06 09:03:17.092 [main] ASParser - Parsing class member variable start.................
[DEBUG] 2023-11-06 09:03:17.092 [main] ASParser - --->Member type "variable" set.
[DEBUG] 2023-11-06 09:03:17.092 [main] ASParser - ---->Variable name declared: wsdl_05
[DEBUG] 2023-11-06 09:03:17.092 [main] ASParser - ---->Variable type for wsdl_05 declared as: String
[DEBUG] 2023-11-06 09:03:17.092 [main] ASParser - ---->Variable with assignment value:  "/acc_web/services/MG1001001_05_000WebService?wsdl"
[DEBUG] 2023-11-06 09:03:17.092 [main] ASParser - Entering comment...
[DEBUG] 2023-11-06 09:03:17.092 [main] ASParser - Exiting comment...
[DEBUG] 2023-11-06 09:03:17.092 [main] ASParser - ->Member encapsulation set to public
[INFO ] 2023-11-06 09:03:17.092 [main] ASParser - Parsing class member variable start.................
[DEBUG] 2023-11-06 09:03:17.092 [main] ASParser - --->Member type "variable" set.
[DEBUG] 2023-11-06 09:03:17.092 [main] ASParser - ---->Variable name declared: endpointURI_05
[DEBUG] 2023-11-06 09:03:17.097 [main] ASParser - ---->Variable type for endpointURI_05 declared as: String
[DEBUG] 2023-11-06 09:03:17.097 [main] ASParser - ---->Variable with assignment value:  "/acc_web/services/MG1001001_05_000WebService.MG1001001_05_000WebServiceHttpSoap12Endpoint/"
[DEBUG] 2023-11-06 09:03:17.097 [main] ASParser - Entering comment...
[DEBUG] 2023-11-06 09:03:17.097 [main] ASParser - Exiting comment...
[DEBUG] 2023-11-06 09:03:17.097 [main] ASParser - ->Member encapsulation set to public
[INFO ] 2023-11-06 09:03:17.097 [main] ASParser - Parsing class member variable start.................
[DEBUG] 2023-11-06 09:03:17.097 [main] ASParser - --->Member type "variable" set.
[DEBUG] 2023-11-06 09:03:17.097 [main] ASParser - ---->Variable name declared: serviceId_06
[DEBUG] 2023-11-06 09:03:17.097 [main] ASParser - ---->Variable type for serviceId_06 declared as: String
[DEBUG] 2023-11-06 09:03:17.098 [main] ASParser - ---->Variable with assignment value:  "MG1001001_06_000"
[DEBUG] 2023-11-06 09:03:17.098 [main] ASParser - Entering comment...
[DEBUG] 2023-11-06 09:03:17.098 [main] ASParser - Exiting comment...
[DEBUG] 2023-11-06 09:03:17.098 [main] ASParser - ->Member encapsulation set to public
[INFO ] 2023-11-06 09:03:17.098 [main] ASParser - Parsing class member variable start.................
[DEBUG] 2023-11-06 09:03:17.098 [main] ASParser - --->Member type "variable" set.
[DEBUG] 2023-11-06 09:03:17.098 [main] ASParser - ---->Variable name declared: wsdl_06
[DEBUG] 2023-11-06 09:03:17.098 [main] ASParser - ---->Variable type for wsdl_06 declared as: String
[DEBUG] 2023-11-06 09:03:17.098 [main] ASParser - ---->Variable with assignment value:  "/acc_web/services/MG1001001_06_000WebService?wsdl"
[DEBUG] 2023-11-06 09:03:17.098 [main] ASParser - Entering comment...
[DEBUG] 2023-11-06 09:03:17.098 [main] ASParser - Exiting comment...
[DEBUG] 2023-11-06 09:03:17.098 [main] ASParser - ->Member encapsulation set to public
[INFO ] 2023-11-06 09:03:17.098 [main] ASParser - Parsing class member variable start.................
[DEBUG] 2023-11-06 09:03:17.098 [main] ASParser - --->Member type "variable" set.
[DEBUG] 2023-11-06 09:03:17.098 [main] ASParser - ---->Variable name declared: endpointURI_06
[DEBUG] 2023-11-06 09:03:17.098 [main] ASParser - ---->Variable type for endpointURI_06 declared as: String
[DEBUG] 2023-11-06 09:03:17.098 [main] ASParser - ---->Variable with assignment value:  "/acc_web/services/MG1001001_06_000WebService.MG1001001_06_000WebServiceHttpSoap12Endpoint/"
[DEBUG] 2023-11-06 09:03:17.098 [main] ASParser - Entering comment...
[DEBUG] 2023-11-06 09:03:17.098 [main] ASParser - Exiting comment...
[DEBUG] 2023-11-06 09:03:17.098 [main] ASParser - ->Member encapsulation set to public
[INFO ] 2023-11-06 09:03:17.098 [main] ASParser - Parsing class member variable start.................
[DEBUG] 2023-11-06 09:03:17.098 [main] ASParser - --->Member type "variable" set.
[DEBUG] 2023-11-06 09:03:17.098 [main] ASParser - ---->Variable name declared: serviceId_07
[DEBUG] 2023-11-06 09:03:17.098 [main] ASParser - ---->Variable type for serviceId_07 declared as: String
[DEBUG] 2023-11-06 09:03:17.098 [main] ASParser - ---->Variable with assignment value:  "MG1001001_07_000"
[DEBUG] 2023-11-06 09:03:17.099 [main] ASParser - Entering comment...
[DEBUG] 2023-11-06 09:03:17.099 [main] ASParser - Exiting comment...
[DEBUG] 2023-11-06 09:03:17.099 [main] ASParser - ->Member encapsulation set to public
[INFO ] 2023-11-06 09:03:17.099 [main] ASParser - Parsing class member variable start.................
[DEBUG] 2023-11-06 09:03:17.099 [main] ASParser - --->Member type "variable" set.
[DEBUG] 2023-11-06 09:03:17.099 [main] ASParser - ---->Variable name declared: wsdl_07
[DEBUG] 2023-11-06 09:03:17.099 [main] ASParser - ---->Variable type for wsdl_07 declared as: String
[DEBUG] 2023-11-06 09:03:17.099 [main] ASParser - ---->Variable with assignment value:  "/acc_web/services/MG1001001_07_000WebService?wsdl"
[DEBUG] 2023-11-06 09:03:17.099 [main] ASParser - Entering comment...
[DEBUG] 2023-11-06 09:03:17.099 [main] ASParser - Exiting comment...
[DEBUG] 2023-11-06 09:03:17.099 [main] ASParser - ->Member encapsulation set to public
[INFO ] 2023-11-06 09:03:17.099 [main] ASParser - Parsing class member variable start.................
[DEBUG] 2023-11-06 09:03:17.099 [main] ASParser - --->Member type "variable" set.
[DEBUG] 2023-11-06 09:03:17.099 [main] ASParser - ---->Variable name declared: endpointURI_07
[DEBUG] 2023-11-06 09:03:17.099 [main] ASParser - ---->Variable type for endpointURI_07 declared as: String
[DEBUG] 2023-11-06 09:03:17.099 [main] ASParser - ---->Variable with assignment value:  "/acc_web/services/MG1001001_07_000WebService.MG1001001_07_000WebServiceHttpSoap12Endpoint/"
[DEBUG] 2023-11-06 09:03:17.099 [main] ASParser - Entering comment...
[DEBUG] 2023-11-06 09:03:17.099 [main] ASParser - Exiting comment...
[DEBUG] 2023-11-06 09:03:17.099 [main] ASParser - ->Member encapsulation set to public
[INFO ] 2023-11-06 09:03:17.099 [main] ASParser - Parsing class member variable start.................
[DEBUG] 2023-11-06 09:03:17.099 [main] ASParser - --->Member type "variable" set.
[DEBUG] 2023-11-06 09:03:17.099 [main] ASParser - ---->Variable name declared: serviceId_09
[DEBUG] 2023-11-06 09:03:17.099 [main] ASParser - ---->Variable type for serviceId_09 declared as: String
[DEBUG] 2023-11-06 09:03:17.099 [main] ASParser - ---->Variable with assignment value:  "MG1001001_09_000"
[DEBUG] 2023-11-06 09:03:17.099 [main] ASParser - Entering comment...
[DEBUG] 2023-11-06 09:03:17.099 [main] ASParser - Exiting comment...
[DEBUG] 2023-11-06 09:03:17.100 [main] ASParser - ->Member encapsulation set to public
[INFO ] 2023-11-06 09:03:17.100 [main] ASParser - Parsing class member variable start.................
[DEBUG] 2023-11-06 09:03:17.100 [main] ASParser - --->Member type "variable" set.
[DEBUG] 2023-11-06 09:03:17.100 [main] ASParser - ---->Variable name declared: wsdl_09
[DEBUG] 2023-11-06 09:03:17.100 [main] ASParser - ---->Variable type for wsdl_09 declared as: String
[DEBUG] 2023-11-06 09:03:17.100 [main] ASParser - ---->Variable with assignment value:  "/acc_web/services/MG1001001_09_000WebService?wsdl"
[DEBUG] 2023-11-06 09:03:17.100 [main] ASParser - Entering comment...
[DEBUG] 2023-11-06 09:03:17.100 [main] ASParser - Exiting comment...
[DEBUG] 2023-11-06 09:03:17.100 [main] ASParser - ->Member encapsulation set to public
[INFO ] 2023-11-06 09:03:17.100 [main] ASParser - Parsing class member variable start.................
[DEBUG] 2023-11-06 09:03:17.100 [main] ASParser - --->Member type "variable" set.
[DEBUG] 2023-11-06 09:03:17.100 [main] ASParser - ---->Variable name declared: endpointURI_09
[DEBUG] 2023-11-06 09:03:17.100 [main] ASParser - ---->Variable type for endpointURI_09 declared as: String
[DEBUG] 2023-11-06 09:03:17.100 [main] ASParser - ---->Variable with assignment value:  "/acc_web/services/MG1001001_09_000WebService.MG1001001_09_000WebServiceHttpSoap12Endpoint/"
[DEBUG] 2023-11-06 09:03:17.100 [main] ASParser - Entering comment...
[DEBUG] 2023-11-06 09:03:17.100 [main] ASParser - Exiting comment...
[DEBUG] 2023-11-06 09:03:17.100 [main] ASParser - ->Member encapsulation set to public
[INFO ] 2023-11-06 09:03:17.100 [main] ASParser - Parsing class member variable start.................
[DEBUG] 2023-11-06 09:03:17.100 [main] ASParser - --->Member type "variable" set.
[DEBUG] 2023-11-06 09:03:17.100 [main] ASParser - ---->Variable name declared: serviceId_1
[DEBUG] 2023-11-06 09:03:17.100 [main] ASParser - ---->Variable type for serviceId_1 declared as: String
[DEBUG] 2023-11-06 09:03:17.100 [main] ASParser - ---->Variable with assignment value:  "MG1001001_01_000"
[DEBUG] 2023-11-06 09:03:17.101 [main] ASParser - Entering comment...
[DEBUG] 2023-11-06 09:03:17.101 [main] ASParser - Exiting comment...
[DEBUG] 2023-11-06 09:03:17.101 [main] ASParser - ->Member encapsulation set to public
[INFO ] 2023-11-06 09:03:17.101 [main] ASParser - Parsing class member variable start.................
[DEBUG] 2023-11-06 09:03:17.101 [main] ASParser - --->Member type "variable" set.
[DEBUG] 2023-11-06 09:03:17.101 [main] ASParser - ---->Variable name declared: wsdl_1
[DEBUG] 2023-11-06 09:03:17.101 [main] ASParser - ---->Variable type for wsdl_1 declared as: String
[DEBUG] 2023-11-06 09:03:17.101 [main] ASParser - ---->Variable with assignment value:  "/acc_web/services/MG1001001_01_000WebService?wsdl"
[DEBUG] 2023-11-06 09:03:17.101 [main] ASParser - Entering comment...
[DEBUG] 2023-11-06 09:03:17.101 [main] ASParser - Exiting comment...
[DEBUG] 2023-11-06 09:03:17.101 [main] ASParser - ->Member encapsulation set to public
[INFO ] 2023-11-06 09:03:17.101 [main] ASParser - Parsing class member variable start.................
[DEBUG] 2023-11-06 09:03:17.101 [main] ASParser - --->Member type "variable" set.
[DEBUG] 2023-11-06 09:03:17.101 [main] ASParser - ---->Variable name declared: endpointURI_1
[DEBUG] 2023-11-06 09:03:17.101 [main] ASParser - ---->Variable type for endpointURI_1 declared as: String
[DEBUG] 2023-11-06 09:03:17.101 [main] ASParser - ---->Variable with assignment value:  "/acc_web/services/MG1001001_01_000WebService.MG1001001_01_000WebServiceHttpSoap12Endpoint/"
[DEBUG] 2023-11-06 09:03:17.101 [main] ASParser - Entering comment...
[DEBUG] 2023-11-06 09:03:17.101 [main] ASParser - Exiting comment...
[DEBUG] 2023-11-06 09:03:17.101 [main] ASParser - ->Member encapsulation set to public
[INFO ] 2023-11-06 09:03:17.101 [main] ASParser - Parsing class member variable start.................
[DEBUG] 2023-11-06 09:03:17.102 [main] ASParser - --->Member type "variable" set.
[DEBUG] 2023-11-06 09:03:17.102 [main] ASParser - ---->Variable name declared: serviceId_10
[DEBUG] 2023-11-06 09:03:17.102 [main] ASParser - ---->Variable type for serviceId_10 declared as: String
[DEBUG] 2023-11-06 09:03:17.102 [main] ASParser - ---->Variable with assignment value:  "MG1001001_10_000"
[DEBUG] 2023-11-06 09:03:17.102 [main] ASParser - Entering comment...
[DEBUG] 2023-11-06 09:03:17.102 [main] ASParser - Exiting comment...
[DEBUG] 2023-11-06 09:03:17.102 [main] ASParser - ->Member encapsulation set to public
[INFO ] 2023-11-06 09:03:17.102 [main] ASParser - Parsing class member variable start.................
[DEBUG] 2023-11-06 09:03:17.102 [main] ASParser - --->Member type "variable" set.
[DEBUG] 2023-11-06 09:03:17.102 [main] ASParser - ---->Variable name declared: wsdl_10
[DEBUG] 2023-11-06 09:03:17.102 [main] ASParser - ---->Variable type for wsdl_10 declared as: String
[DEBUG] 2023-11-06 09:03:17.102 [main] ASParser - ---->Variable with assignment value:  "/acc_web/services/MG1001001_10_000WebService?wsdl"
[DEBUG] 2023-11-06 09:03:17.102 [main] ASParser - Entering comment...
[DEBUG] 2023-11-06 09:03:17.102 [main] ASParser - Exiting comment...
[DEBUG] 2023-11-06 09:03:17.102 [main] ASParser - ->Member encapsulation set to public
[INFO ] 2023-11-06 09:03:17.102 [main] ASParser - Parsing class member variable start.................
[DEBUG] 2023-11-06 09:03:17.102 [main] ASParser - --->Member type "variable" set.
[DEBUG] 2023-11-06 09:03:17.102 [main] ASParser - ---->Variable name declared: endpointURI_10
[DEBUG] 2023-11-06 09:03:17.102 [main] ASParser - ---->Variable type for endpointURI_10 declared as: String
[DEBUG] 2023-11-06 09:03:17.102 [main] ASParser - ---->Variable with assignment value:  "/acc_web/services/MG1001001_10_000WebService.MG1001001_10_000WebServiceHttpSoap12Endpoint/"
[DEBUG] 2023-11-06 09:03:17.102 [main] ASParser - Entering comment...
[DEBUG] 2023-11-06 09:03:17.103 [main] ASParser - Exiting comment...
[DEBUG] 2023-11-06 09:03:17.103 [main] ASParser - ->Member encapsulation set to public
[INFO ] 2023-11-06 09:03:17.103 [main] ASParser - Parsing class member variable start.................
[DEBUG] 2023-11-06 09:03:17.103 [main] ASParser - --->Member type "variable" set.
[DEBUG] 2023-11-06 09:03:17.103 [main] ASParser - ---->Variable name declared: serviceId_loginDelete
[DEBUG] 2023-11-06 09:03:17.103 [main] ASParser - ---->Variable type for serviceId_loginDelete declared as: String
[DEBUG] 2023-11-06 09:03:17.103 [main] ASParser - ---->Variable with assignment value:  "MG1002001_01_000"
[DEBUG] 2023-11-06 09:03:17.103 [main] ASParser - Entering comment...
[DEBUG] 2023-11-06 09:03:17.103 [main] ASParser - Exiting comment...
[DEBUG] 2023-11-06 09:03:17.103 [main] ASParser - ->Member encapsulation set to public
[INFO ] 2023-11-06 09:03:17.103 [main] ASParser - Parsing class member variable start.................
[DEBUG] 2023-11-06 09:03:17.103 [main] ASParser - --->Member type "variable" set.
[DEBUG] 2023-11-06 09:03:17.103 [main] ASParser - ---->Variable name declared: wsdl_loginDelete
[DEBUG] 2023-11-06 09:03:17.103 [main] ASParser - ---->Variable type for wsdl_loginDelete declared as: String
[DEBUG] 2023-11-06 09:03:17.103 [main] ASParser - ---->Variable with assignment value:  "/acc_web/services/MG1002001_01_000WebService?wsdl"
[DEBUG] 2023-11-06 09:03:17.103 [main] ASParser - Entering comment...
[DEBUG] 2023-11-06 09:03:17.103 [main] ASParser - Exiting comment...
[DEBUG] 2023-11-06 09:03:17.103 [main] ASParser - ->Member encapsulation set to public
[INFO ] 2023-11-06 09:03:17.103 [main] ASParser - Parsing class member variable start.................
[DEBUG] 2023-11-06 09:03:17.103 [main] ASParser - --->Member type "variable" set.
[DEBUG] 2023-11-06 09:03:17.104 [main] ASParser - ---->Variable name declared: endpointURI_loginDelete
[DEBUG] 2023-11-06 09:03:17.104 [main] ASParser - ---->Variable type for endpointURI_loginDelete declared as: String
[DEBUG] 2023-11-06 09:03:17.104 [main] ASParser - ---->Variable with assignment value:  "/acc_web/services/MG1002001_01_000WebService.MG1002001_01_000WebServiceHttpSoap12Endpoint/"
[DEBUG] 2023-11-06 09:03:17.104 [main] ASParser - Entering comment...
[DEBUG] 2023-11-06 09:03:17.104 [main] ASParser - Exiting comment...
[DEBUG] 2023-11-06 09:03:17.104 [main] ASParser - ->Member encapsulation set to public
[INFO ] 2023-11-06 09:03:17.104 [main] ASParser - Parsing class member variable end.................
[INFO ] 2023-11-06 09:03:17.104 [main] ASParser - Parsing class member function start.................
[DEBUG] 2023-11-06 09:03:17.104 [main] ASParser - ---->Member type function set.
[DEBUG] 2023-11-06 09:03:17.104 [main] ASParser - ****>Function name declared: clearForm
[DEBUG] 2023-11-06 09:03:17.104 [main] ASParser - ----->Function argument found: i
[DEBUG] 2023-11-06 09:03:17.104 [main] ASParser - ----->Function argument typed to: int
[DEBUG] 2023-11-06 09:03:17.104 [main] ASParser - ----->Function argument defaulted to: 0
[DEBUG] 2023-11-06 09:03:17.104 [main] ASParser - ------>Completed paring args: 1 args
[DEBUG] 2023-11-06 09:03:17.104 [main] ASParser - ------>Typed the function to: void
[DEBUG] 2023-11-06 09:03:17.104 [main] ASParser - Entering comment...
[DEBUG] 2023-11-06 09:03:17.104 [main] ASParser - Exiting comment...
[DEBUG] 2023-11-06 09:03:17.105 [main] ASParser - ->Member encapsulation set to public
[INFO ] 2023-11-06 09:03:17.105 [main] ASParser - Parsing class member variable end.................
[INFO ] 2023-11-06 09:03:17.105 [main] ASParser - Parsing class member function start.................
[DEBUG] 2023-11-06 09:03:17.105 [main] ASParser - ---->Member type function set.
[DEBUG] 2023-11-06 09:03:17.105 [main] ASParser - ****>Function name declared: setForm
[DEBUG] 2023-11-06 09:03:17.105 [main] ASParser - ----->Function argument found: i
[DEBUG] 2023-11-06 09:03:17.105 [main] ASParser - ----->Function argument typed to: int
[DEBUG] 2023-11-06 09:03:17.105 [main] ASParser - ----->Function argument defaulted to: 0
[DEBUG] 2023-11-06 09:03:17.105 [main] ASParser - ------>Completed paring args: 1 args
[DEBUG] 2023-11-06 09:03:17.105 [main] ASParser - ------>Typed the function to: void
[INFO ] 2023-11-06 09:03:17.105 [main] ASParser - Parsing class end.................
[INFO ] 2023-11-06 09:03:17.105 [main] ASParser - End parser class.................
[INFO ] 2023-11-06 09:03:17.107 [main] ASConvert - Save output file: D:\output\login\MG1001001_01_000Model.java
[DEBUG] 2023-11-06 09:03:17.110 [main] ASConvert - Save output file: Success
[INFO ] 2023-11-06 09:03:17.110 [main] ASConvert - END: Convert Script inline-------------------------------
