[INFO ] 2023-11-09 10:24:18.629 [main] MxmlConvert - Root Element : Containers:ACCTitleWindow
[INFO ] 2023-11-09 10:24:18.631 [main] MxmlConvert - ------
[INFO ] 2023-11-09 10:24:18.636 [main] ConvertMxmlService - Node Name =Containers:ACCTitleWindow [OPEN]
[INFO ] 2023-11-09 10:24:20.908 [main] ConvertMxmlService - Node Name =#text [OPEN]
[INFO ] 2023-11-09 10:24:20.908 [main] ConvertMxmlService - Node Name =mx:Script [OPEN]
[INFO ] 2023-11-09 10:24:20.909 [main] ConvertMxmlService - Node Name =#text [OPEN]
[INFO ] 2023-11-09 10:24:20.909 [main] ConvertMxmlService - Node Name =login:MG1001001_00_000_AS [OPEN]
[INFO ] 2023-11-09 10:24:20.910 [main] ConvertMxmlService - Node Name =#text [OPEN]
[INFO ] 2023-11-09 10:24:20.910 [main] ConvertMxmlService - Node Name =login:MG1001001_01_000 [OPEN]
[INFO ] 2023-11-09 10:24:21.903 [main] ConvertMxmlService - Node Name =login:MG1001001_01_000 [CLOSE]
[INFO ] 2023-11-09 10:24:21.903 [main] ConvertMxmlService - Node Name =#text [OPEN]
[INFO ] 2023-11-09 10:24:21.904 [main] ConvertMxmlService - Node Name =mx:ProgressBar [OPEN]
[INFO ] 2023-11-09 10:24:21.905 [main] ConvertMxmlService - Node Name =#text [OPEN]
[INFO ] 2023-11-09 10:24:21.905 [main] ConvertMxmlService - Node Name =Containers:ACCTitleWindow [CLOSE]
[DEBUG] 2023-11-09 10:24:21.906 [main] MxmlConvert - parent name: RootNode
[DEBUG] 2023-11-09 10:24:21.906 [main] MxmlConvert - name: Containers:ACCTitleWindow
[DEBUG] 2023-11-09 10:24:21.906 [main] MxmlConvert - parent name: Containers:ACCTitleWindow
[DEBUG] 2023-11-09 10:24:21.907 [main] MxmlConvert - name: login:MG1001001_01_000
[DEBUG] 2023-11-09 10:24:21.907 [main] MxmlConvert - cssElement: height:100%;width:100%;position: absolute; left:0px;top:0px;
[DEBUG] 2023-11-09 10:24:21.907 [main] MxmlConvert - attributeElement:  id="compCanvas1"
[DEBUG] 2023-11-09 10:24:21.907 [main] MxmlConvert - cssElement:  border-bottom-width:0;border-left-width:0;border-right-width:0;border-top-width:0;height:374px;position:absolute;width:517px;
[DEBUG] 2023-11-09 10:24:21.907 [main] MxmlConvert - attributeElement: 
[INFO ] 2023-11-09 10:24:21.947 [main] MxmlConvert - Html file created successfully.
[INFO ] 2023-11-09 10:24:21.949 [main] MxmlConvert - CSS file created successfully.
[INFO ] 2023-11-09 10:24:21.952 [main] ASConvert - START: parser Actionscript & Actionscript Inline-------------------------------
[DEBUG] 2023-11-09 10:24:21.953 [main] ASConvert - Loaded file: D:\Project\Nissho\AdobeFlexAir\Source\04.SourceCode\trunk\CLIENT\ACC\src\jp\co\nissho_ele\acc\mg\login\MG1001001_00_000.mxml (package: MG1001001_00_000)
[INFO ] 2023-11-09 10:24:21.955 [main] ASConvert - Analyzing class path for Actionscript: MG1001001_00_000
[INFO ] 2023-11-09 10:24:21.955 [main] ASParser - Starting parser class....................
[INFO ] 2023-11-09 10:24:21.957 [main] ASParser - Parsing package start.................
[DEBUG] 2023-11-09 10:24:21.958 [main] ASParser - Found package: jp.co.nissho_ele.acc.mg.login
[INFO ] 2023-11-09 10:24:21.958 [main] ASParser - Parsing package end.................
[DEBUG] 2023-11-09 10:24:21.958 [main] ASParser - Attempting to parse package...
[DEBUG] 2023-11-09 10:24:21.958 [main] ASParser - Found import keyword...
[INFO ] 2023-11-09 10:24:21.958 [main] ASParser - Parsing import package start.................
[DEBUG] 2023-11-09 10:24:21.958 [main] ASParser - Parsed import name: flash.desktop.NativeApplication
[DEBUG] 2023-11-09 10:24:21.959 [main] ASParser - Found import keyword...
[INFO ] 2023-11-09 10:24:21.959 [main] ASParser - Parsing import package start.................
[DEBUG] 2023-11-09 10:24:21.960 [main] ASParser - Parsed import name: flash.events.Event
[DEBUG] 2023-11-09 10:24:21.960 [main] ASParser - Found import keyword...
[INFO ] 2023-11-09 10:24:21.960 [main] ASParser - Parsing import package start.................
[DEBUG] 2023-11-09 10:24:21.960 [main] ASParser - Parsed import name: jp.co.nissho_ele.acc.framework.classes.constants.ACCAirErrorConst
[DEBUG] 2023-11-09 10:24:21.960 [main] ASParser - Found import keyword...
[INFO ] 2023-11-09 10:24:21.960 [main] ASParser - Parsing import package start.................
[DEBUG] 2023-11-09 10:24:21.961 [main] ASParser - Parsed import name: jp.co.nissho_ele.acc.framework.classes.constants.ACCClearBaseConst
[DEBUG] 2023-11-09 10:24:21.961 [main] ASParser - Found import keyword...
[INFO ] 2023-11-09 10:24:21.961 [main] ASParser - Parsing import package start.................
[DEBUG] 2023-11-09 10:24:21.962 [main] ASParser - Parsed import name: jp.co.nissho_ele.acc.framework.classes.constants.ACCClearFormConst
[DEBUG] 2023-11-09 10:24:21.962 [main] ASParser - Found import keyword...
[INFO ] 2023-11-09 10:24:21.962 [main] ASParser - Parsing import package start.................
[DEBUG] 2023-11-09 10:24:21.962 [main] ASParser - Parsed import name: jp.co.nissho_ele.acc.framework.classes.constants.ACCSetFrameConst
[DEBUG] 2023-11-09 10:24:21.962 [main] ASParser - Found import keyword...
[INFO ] 2023-11-09 10:24:21.962 [main] ASParser - Parsing import package start.................
[DEBUG] 2023-11-09 10:24:21.962 [main] ASParser - Parsed import name: jp.co.nissho_ele.acc.framework.classes.utility.ACCMessageUtility
[DEBUG] 2023-11-09 10:24:21.963 [main] ASParser - Found import keyword...
[INFO ] 2023-11-09 10:24:21.963 [main] ASParser - Parsing import package start.................
[DEBUG] 2023-11-09 10:24:21.963 [main] ASParser - Parsed import name: mx.core.IFlexDisplayObject
[DEBUG] 2023-11-09 10:24:21.963 [main] ASParser - Found import keyword...
[INFO ] 2023-11-09 10:24:21.963 [main] ASParser - Parsing import package start.................
[DEBUG] 2023-11-09 10:24:21.963 [main] ASParser - Parsed import name: mx.core.IMXMLObject
[DEBUG] 2023-11-09 10:24:21.963 [main] ASParser - Found import keyword...
[INFO ] 2023-11-09 10:24:21.963 [main] ASParser - Parsing import package start.................
[DEBUG] 2023-11-09 10:24:21.963 [main] ASParser - Parsed import name: mx.managers.PopUpManager
[DEBUG] 2023-11-09 10:24:21.963 [main] ASParser - Found class keyword...
[INFO ] 2023-11-09 10:24:21.963 [main] ASParser - Parsing import package end.................
[DEBUG] 2023-11-09 10:24:21.964 [main] ASParser - Found parent: ACCControllerBase
[DEBUG] 2023-11-09 10:24:21.964 [main] ASParser - Parsed class name: MG1001001_00_000
[DEBUG] 2023-11-09 10:24:21.964 [main] ASParser - Attempting to parse class...
[INFO ] 2023-11-09 10:24:21.964 [main] ASParser - Parsing class start.................
[DEBUG] 2023-11-09 10:24:21.965 [main] ASParser - Entering comment... (//)
[DEBUG] 2023-11-09 10:24:21.965 [main] ASParser - Exited comment
[DEBUG] 2023-11-09 10:24:21.965 [main] ASParser - Entering comment...(/*)
[DEBUG] 2023-11-09 10:24:21.965 [main] ASParser - Exited comment
[DEBUG] 2023-11-09 10:24:21.965 [main] ASParser - Entering comment...(/*)
[DEBUG] 2023-11-09 10:24:21.966 [main] ASParser - Exited comment
[DEBUG] 2023-11-09 10:24:21.966 [main] ASParser - Entering comment... (//)
[DEBUG] 2023-11-09 10:24:21.966 [main] ASParser - Exited comment
[DEBUG] 2023-11-09 10:24:21.967 [main] ASParser - Entering comment...(/*)
[DEBUG] 2023-11-09 10:24:21.967 [main] ASParser - Exited comment
[DEBUG] 2023-11-09 10:24:21.967 [main] ASParser - Entering comment...(/*)
[DEBUG] 2023-11-09 10:24:21.967 [main] ASParser - Exited comment
[DEBUG] 2023-11-09 10:24:21.967 [main] ASParser - ->Member encapsulation set to private
[INFO ] 2023-11-09 10:24:21.967 [main] ASParser - Parsing class member variable start.................
[DEBUG] 2023-11-09 10:24:21.967 [main] ASParser - --->Member type "variable" set.
[DEBUG] 2023-11-09 10:24:21.968 [main] ASParser - ---->Variable name declared: view
[DEBUG] 2023-11-09 10:24:21.968 [main] ASParser - ---->Variable type for view declared as: MG1001001_00_000
[DEBUG] 2023-11-09 10:24:21.968 [main] ASParser - ->Member encapsulation set to public
[INFO ] 2023-11-09 10:24:21.968 [main] ASParser - Parsing class member variable end.................
[INFO ] 2023-11-09 10:24:21.968 [main] ASParser - Parsing class member function start.................
[DEBUG] 2023-11-09 10:24:21.968 [main] ASParser - ---->Member type function set.
[DEBUG] 2023-11-09 10:24:21.968 [main] ASParser - ****>Function name declared: MG1001001_00_000_AS
[DEBUG] 2023-11-09 10:24:21.968 [main] ASParser - ------>Completed paring args: 0 args
[DEBUG] 2023-11-09 10:24:21.968 [main] ASParser - ->Member encapsulation set to public
[INFO ] 2023-11-09 10:24:21.968 [main] ASParser - Parsing class member variable end.................
[INFO ] 2023-11-09 10:24:21.968 [main] ASParser - Parsing class member function start.................
[DEBUG] 2023-11-09 10:24:21.968 [main] ASParser - ---->Member type function set.
[DEBUG] 2023-11-09 10:24:21.968 [main] ASParser - ****>Function name declared: initialized
[DEBUG] 2023-11-09 10:24:21.969 [main] ASParser - ----->Function argument found: document
[DEBUG] 2023-11-09 10:24:21.969 [main] ASParser - ----->Function argument typed to: Object
[DEBUG] 2023-11-09 10:24:21.970 [main] ASParser - ----->Function argument found: id
[DEBUG] 2023-11-09 10:24:21.970 [main] ASParser - ----->Function argument typed to: String
[DEBUG] 2023-11-09 10:24:21.970 [main] ASParser - ------>Completed paring args: 2 args
[DEBUG] 2023-11-09 10:24:21.970 [main] ASParser - ------>Typed the function to: void
[DEBUG] 2023-11-09 10:24:21.970 [main] ASParser - ->Member encapsulation set to public
[INFO ] 2023-11-09 10:24:21.970 [main] ASParser - Parsing class member variable end.................
[INFO ] 2023-11-09 10:24:21.970 [main] ASParser - Parsing class member function start.................
[DEBUG] 2023-11-09 10:24:21.970 [main] ASParser - ---->Member type function set.
[DEBUG] 2023-11-09 10:24:21.970 [main] ASParser - ****>Function name declared: compCanvas1OnCloseHandler
[DEBUG] 2023-11-09 10:24:21.970 [main] ASParser - ------>Completed paring args: 0 args
[DEBUG] 2023-11-09 10:24:21.970 [main] ASParser - ------>Typed the function to: void
[DEBUG] 2023-11-09 10:24:21.970 [main] ASParser - ->Member encapsulation set to public
[INFO ] 2023-11-09 10:24:21.970 [main] ASParser - Parsing class member variable end.................
[INFO ] 2023-11-09 10:24:21.970 [main] ASParser - Parsing class member function start.................
[DEBUG] 2023-11-09 10:24:21.970 [main] ASParser - ---->Member type function set.
[DEBUG] 2023-11-09 10:24:21.970 [main] ASParser - ****>Function name declared: compCanvas1OnAppCloseHandler
[DEBUG] 2023-11-09 10:24:21.970 [main] ASParser - ------>Completed paring args: 0 args
[DEBUG] 2023-11-09 10:24:21.971 [main] ASParser - ------>Typed the function to: void
[DEBUG] 2023-11-09 10:24:21.971 [main] ASParser - Entering comment... (//)
[DEBUG] 2023-11-09 10:24:21.971 [main] ASParser - Exited comment
[DEBUG] 2023-11-09 10:24:21.971 [main] ASParser - Entering comment...
[DEBUG] 2023-11-09 10:24:21.971 [main] ASParser - Exiting comment...
[DEBUG] 2023-11-09 10:24:21.971 [main] ASParser - ->Member encapsulation set to public
[INFO ] 2023-11-09 10:24:21.971 [main] ASParser - Parsing class member variable end.................
[INFO ] 2023-11-09 10:24:21.971 [main] ASParser - Parsing class member function start.................
[DEBUG] 2023-11-09 10:24:21.971 [main] ASParser - ---->Member type function set.
[DEBUG] 2023-11-09 10:24:21.971 [main] ASParser - ****>Function name declared: clearFrame
[DEBUG] 2023-11-09 10:24:21.971 [main] ASParser - ----->Function argument found: i
[DEBUG] 2023-11-09 10:24:21.971 [main] ASParser - ----->Function argument typed to: int
[DEBUG] 2023-11-09 10:24:21.972 [main] ASParser - ----->Function argument defaulted to: 0
[DEBUG] 2023-11-09 10:24:21.972 [main] ASParser - ------>Completed paring args: 1 args
[DEBUG] 2023-11-09 10:24:21.972 [main] ASParser - ------>Typed the function to: void
[DEBUG] 2023-11-09 10:24:21.972 [main] ASParser - Entering comment...
[DEBUG] 2023-11-09 10:24:21.973 [main] ASParser - Exiting comment...
[DEBUG] 2023-11-09 10:24:21.973 [main] ASParser - ->Member encapsulation set to public
[INFO ] 2023-11-09 10:24:21.973 [main] ASParser - Parsing class member variable end.................
[INFO ] 2023-11-09 10:24:21.973 [main] ASParser - Parsing class member function start.................
[DEBUG] 2023-11-09 10:24:21.973 [main] ASParser - ---->Member type function set.
[DEBUG] 2023-11-09 10:24:21.973 [main] ASParser - ****>Function name declared: setFrame
[DEBUG] 2023-11-09 10:24:21.973 [main] ASParser - ----->Function argument found: i
[DEBUG] 2023-11-09 10:24:21.973 [main] ASParser - ----->Function argument typed to: int
[DEBUG] 2023-11-09 10:24:21.973 [main] ASParser - ----->Function argument defaulted to: 0
[DEBUG] 2023-11-09 10:24:21.973 [main] ASParser - ------>Completed paring args: 1 args
[DEBUG] 2023-11-09 10:24:21.973 [main] ASParser - ------>Typed the function to: void
[DEBUG] 2023-11-09 10:24:21.973 [main] ASParser - Entering comment... (//)
[DEBUG] 2023-11-09 10:24:21.973 [main] ASParser - Exited comment
[DEBUG] 2023-11-09 10:24:21.973 [main] ASParser - Entering comment...
[DEBUG] 2023-11-09 10:24:21.973 [main] ASParser - Exiting comment...
[DEBUG] 2023-11-09 10:24:21.973 [main] ASParser - ->Member encapsulation set to public
[INFO ] 2023-11-09 10:24:21.973 [main] ASParser - Parsing class member variable end.................
[INFO ] 2023-11-09 10:24:21.973 [main] ASParser - Parsing class member function start.................
[DEBUG] 2023-11-09 10:24:21.974 [main] ASParser - ---->Member type function set.
[DEBUG] 2023-11-09 10:24:21.974 [main] ASParser - ****>Function name declared: showDialogue1OnClickHandler
[DEBUG] 2023-11-09 10:24:21.974 [main] ASParser - ----->Function argument found: event
[DEBUG] 2023-11-09 10:24:21.974 [main] ASParser - ----->Function argument typed to: Event
[DEBUG] 2023-11-09 10:24:21.974 [main] ASParser - ------>Completed paring args: 1 args
[DEBUG] 2023-11-09 10:24:21.974 [main] ASParser - ------>Typed the function to: void
[DEBUG] 2023-11-09 10:24:21.974 [main] ASParser - Entering comment...
[DEBUG] 2023-11-09 10:24:21.974 [main] ASParser - Exiting comment...
[DEBUG] 2023-11-09 10:24:21.974 [main] ASParser - ->Member encapsulation set to public
[INFO ] 2023-11-09 10:24:21.974 [main] ASParser - Parsing class member variable end.................
[INFO ] 2023-11-09 10:24:21.974 [main] ASParser - Parsing class member function start.................
[DEBUG] 2023-11-09 10:24:21.974 [main] ASParser - ---->Member type function set.
[DEBUG] 2023-11-09 10:24:21.974 [main] ASParser - ****>Function name declared: showDialogue2OnClickHandler
[DEBUG] 2023-11-09 10:24:21.974 [main] ASParser - ----->Function argument found: event
[DEBUG] 2023-11-09 10:24:21.974 [main] ASParser - ----->Function argument typed to: Event
[DEBUG] 2023-11-09 10:24:21.974 [main] ASParser - ------>Completed paring args: 1 args
[DEBUG] 2023-11-09 10:24:21.974 [main] ASParser - ------>Typed the function to: void
[INFO ] 2023-11-09 10:24:21.974 [main] ASParser - Parsing class end.................
[INFO ] 2023-11-09 10:24:21.974 [main] ASParser - Parsing class end.................
[INFO ] 2023-11-09 10:24:21.974 [main] ASParser - End parser class.................
[INFO ] 2023-11-09 10:24:21.974 [main] ASConvert - Analyzing class path for Actionscript inline: MG1001001_00_000
[INFO ] 2023-11-09 10:24:21.974 [main] ASParser - Starting parser class....................
[DEBUG] 2023-11-09 10:24:21.975 [main] ASParser - Found import keyword...
[DEBUG] 2023-11-09 10:24:21.975 [main] ASParser - Parsed import name: mx.controls.ProgressBar
[DEBUG] 2023-11-09 10:24:21.975 [main] ASParser - Found import keyword...
[DEBUG] 2023-11-09 10:24:21.975 [main] ASParser - Parsed import name: jp.co.nissho_ele.acc.framework.classes.constants.ACCSetFrameConst
[DEBUG] 2023-11-09 10:24:21.975 [main] ASParser - Entering comment...
[DEBUG] 2023-11-09 10:24:21.975 [main] ASParser - Exiting comment...
[DEBUG] 2023-11-09 10:24:21.975 [main] ASParser - ->Member encapsulation set to private
[INFO ] 2023-11-09 10:24:21.975 [main] ASParser - Parsing class member variable start.................
[DEBUG] 2023-11-09 10:24:21.975 [main] ASParser - --->Member type "variable" set.
[DEBUG] 2023-11-09 10:24:21.975 [main] ASParser - ---->Variable name declared: serviceCounter
[DEBUG] 2023-11-09 10:24:21.975 [main] ASParser - ---->Variable type for serviceCounter declared as: int
[DEBUG] 2023-11-09 10:24:21.975 [main] ASParser - ---->Variable with assignment value:  0
[DEBUG] 2023-11-09 10:24:21.975 [main] ASParser - Entering comment...
[DEBUG] 2023-11-09 10:24:21.976 [main] ASParser - Exiting comment...
[DEBUG] 2023-11-09 10:24:21.976 [main] ASParser - ->Member encapsulation set to private
[DEBUG] 2023-11-09 10:24:21.976 [main] ASParser - -->Static flag set
[INFO ] 2023-11-09 10:24:21.976 [main] ASParser - Parsing class member variable start.................
[DEBUG] 2023-11-09 10:24:21.976 [main] ASParser - --->Member type "variable" set.
[DEBUG] 2023-11-09 10:24:21.976 [main] ASParser - ---->Variable name declared: allServiceNumber
[DEBUG] 2023-11-09 10:24:21.976 [main] ASParser - ---->Variable type for allServiceNumber declared as: int
[DEBUG] 2023-11-09 10:24:21.976 [main] ASParser - ---->Variable with assignment value:  8
[DEBUG] 2023-11-09 10:24:21.976 [main] ASParser - Entering comment...
[DEBUG] 2023-11-09 10:24:21.976 [main] ASParser - Exiting comment...
[DEBUG] 2023-11-09 10:24:21.976 [main] ASParser - ->Member encapsulation set to public
[INFO ] 2023-11-09 10:24:21.976 [main] ASParser - Parsing class member variable end.................
[INFO ] 2023-11-09 10:24:21.976 [main] ASParser - Parsing class member function start.................
[DEBUG] 2023-11-09 10:24:21.976 [main] ASParser - ---->Member type function set.
[DEBUG] 2023-11-09 10:24:21.976 [main] ASParser - ****>Function name declared: clearFrame
[DEBUG] 2023-11-09 10:24:21.976 [main] ASParser - ----->Function argument found: i
[DEBUG] 2023-11-09 10:24:21.976 [main] ASParser - ----->Function argument typed to: int
[DEBUG] 2023-11-09 10:24:21.976 [main] ASParser - ----->Function argument defaulted to: 0
[DEBUG] 2023-11-09 10:24:21.976 [main] ASParser - ------>Completed paring args: 1 args
[DEBUG] 2023-11-09 10:24:21.976 [main] ASParser - ------>Typed the function to: void
[DEBUG] 2023-11-09 10:24:21.976 [main] ASParser - Entering comment...
[DEBUG] 2023-11-09 10:24:21.977 [main] ASParser - Exiting comment...
[DEBUG] 2023-11-09 10:24:21.977 [main] ASParser - ->Member encapsulation set to public
[INFO ] 2023-11-09 10:24:21.977 [main] ASParser - Parsing class member variable end.................
[INFO ] 2023-11-09 10:24:21.977 [main] ASParser - Parsing class member function start.................
[DEBUG] 2023-11-09 10:24:21.977 [main] ASParser - ---->Member type function set.
[DEBUG] 2023-11-09 10:24:21.977 [main] ASParser - ****>Function name declared: setFrame
[DEBUG] 2023-11-09 10:24:21.977 [main] ASParser - ----->Function argument found: i
[DEBUG] 2023-11-09 10:24:21.977 [main] ASParser - ----->Function argument typed to: int
[DEBUG] 2023-11-09 10:24:21.977 [main] ASParser - ----->Function argument defaulted to: 0
[DEBUG] 2023-11-09 10:24:21.977 [main] ASParser - ------>Completed paring args: 1 args
[DEBUG] 2023-11-09 10:24:21.977 [main] ASParser - ------>Typed the function to: void
[DEBUG] 2023-11-09 10:24:21.977 [main] ASParser - Entering comment...
[DEBUG] 2023-11-09 10:24:21.977 [main] ASParser - Exiting comment...
[DEBUG] 2023-11-09 10:24:21.977 [main] ASParser - ->Member encapsulation set to public
[INFO ] 2023-11-09 10:24:21.977 [main] ASParser - Parsing class member variable end.................
[INFO ] 2023-11-09 10:24:21.977 [main] ASParser - Parsing class member function start.................
[DEBUG] 2023-11-09 10:24:21.977 [main] ASParser - ---->Member type function set.
[DEBUG] 2023-11-09 10:24:21.977 [main] ASParser - ****>Function name declared: addControlBar
[DEBUG] 2023-11-09 10:24:21.977 [main] ASParser - ------>Completed paring args: 0 args
[DEBUG] 2023-11-09 10:24:21.977 [main] ASParser - ------>Typed the function to: void
[DEBUG] 2023-11-09 10:24:21.977 [main] ASParser - Entering comment... (//)
[DEBUG] 2023-11-09 10:24:21.977 [main] ASParser - Exited comment
[DEBUG] 2023-11-09 10:24:21.977 [main] ASParser - Entering comment... (//)
[DEBUG] 2023-11-09 10:24:21.978 [main] ASParser - Exited comment
[DEBUG] 2023-11-09 10:24:21.978 [main] ASParser - Entering comment... (//)
[DEBUG] 2023-11-09 10:24:21.978 [main] ASParser - Exited comment
[DEBUG] 2023-11-09 10:24:21.978 [main] ASParser - Entering comment... (//)
[DEBUG] 2023-11-09 10:24:21.978 [main] ASParser - Exited comment
[DEBUG] 2023-11-09 10:24:21.978 [main] ASParser - Entering comment...
[DEBUG] 2023-11-09 10:24:21.978 [main] ASParser - Exiting comment...
[DEBUG] 2023-11-09 10:24:21.978 [main] ASParser - ->Member encapsulation set to private
[INFO ] 2023-11-09 10:24:21.978 [main] ASParser - Parsing class member variable end.................
[INFO ] 2023-11-09 10:24:21.978 [main] ASParser - Parsing class member function start.................
[DEBUG] 2023-11-09 10:24:21.978 [main] ASParser - ---->Member type function set.
[DEBUG] 2023-11-09 10:24:21.978 [main] ASParser - ****>Function name declared: onProgressBarRenewalEventHandler
[DEBUG] 2023-11-09 10:24:21.978 [main] ASParser - ------>Completed paring args: 0 args
[DEBUG] 2023-11-09 10:24:21.978 [main] ASParser - ------>Typed the function to: void
[INFO ] 2023-11-09 10:24:21.978 [main] ASParser - Parsing class end.................
[INFO ] 2023-11-09 10:24:21.978 [main] ASParser - End parser class.................
[INFO ] 2023-11-09 10:24:21.978 [main] ASConvert - END: parser Actionscript & Actionscript Inline-------------------------------
[INFO ] 2023-11-09 10:24:21.978 [main] ASConvert - START: Convert Actionscript & Actionscript Inline-------------------------------
[DEBUG] 2023-11-09 10:24:21.980 [main] ASParser - appened untyped: removePopUp
[DEBUG] 2023-11-09 10:24:21.980 [main] ASParser - appened untyped: getStackTrace
[DEBUG] 2023-11-09 10:24:21.980 [main] ASParser - appened untyped: showDialogue
[DEBUG] 2023-11-09 10:24:21.980 [main] ASParser - appened untyped: className
[DEBUG] 2023-11-09 10:24:21.980 [main] ASParser - appened untyped: toString
[DEBUG] 2023-11-09 10:24:21.981 [main] ASParser - parsing: showDialogue1OnClickHandler:void
[DEBUG] 2023-11-09 10:24:21.981 [main] ASParser - parsing: showDialogue2OnClickHandler:void
[DEBUG] 2023-11-09 10:24:21.981 [main] ASParser - appened untyped: removePopUp
[DEBUG] 2023-11-09 10:24:21.981 [main] ASParser - appened untyped: getStackTrace
[DEBUG] 2023-11-09 10:24:21.981 [main] ASParser - appened untyped: showDialogue
[DEBUG] 2023-11-09 10:24:21.982 [main] ASParser - appened untyped: className
[DEBUG] 2023-11-09 10:24:21.982 [main] ASParser - appened untyped: toString
[DEBUG] 2023-11-09 10:24:21.982 [main] ASParser - parsing: showDialogue1OnClickHandler:void
[DEBUG] 2023-11-09 10:24:21.982 [main] ASParser - parsing: showDialogue2OnClickHandler:void
[DEBUG] 2023-11-09 10:24:21.982 [main] ASParser - Entering comment...
[DEBUG] 2023-11-09 10:24:21.982 [main] ASParser - Exiting comment...
[DEBUG] 2023-11-09 10:24:21.982 [main] ASParser - appened untyped: nativeApplication
[DEBUG] 2023-11-09 10:24:21.982 [main] ASParser - appened untyped: exit
[DEBUG] 2023-11-09 10:24:21.983 [main] ASParser - appened untyped: CLEAR_BASE_0
[DEBUG] 2023-11-09 10:24:21.983 [main] ASParser - appened untyped: compCanvas1
[DEBUG] 2023-11-09 10:24:21.983 [main] ASParser - appened untyped: clearForm
[DEBUG] 2023-11-09 10:24:21.983 [main] ASParser - appened untyped: CLEAR_FORM_0
[DEBUG] 2023-11-09 10:24:21.983 [main] ASParser - appened untyped: getStackTrace
[DEBUG] 2023-11-09 10:24:21.983 [main] ASParser - appened untyped: showDialogue
[DEBUG] 2023-11-09 10:24:21.983 [main] ASParser - appened untyped: className
[DEBUG] 2023-11-09 10:24:21.983 [main] ASParser - appened untyped: AIR_ERROR
[DEBUG] 2023-11-09 10:24:21.983 [main] ASParser - appened untyped: toString
[DEBUG] 2023-11-09 10:24:21.984 [main] ASParser - parsing: showDialogue1OnClickHandler:void
[DEBUG] 2023-11-09 10:24:21.984 [main] ASParser - parsing: showDialogue2OnClickHandler:void
[DEBUG] 2023-11-09 10:24:21.984 [main] ASParser - appened untyped: SERVICE_BASE_0
[DEBUG] 2023-11-09 10:24:21.985 [main] ASParser - appened untyped: DISPLAY_BASE_1
[DEBUG] 2023-11-09 10:24:21.985 [main] ASParser - Entering comment...
[DEBUG] 2023-11-09 10:24:21.985 [main] ASParser - Exiting comment...
[DEBUG] 2023-11-09 10:24:21.985 [main] ASParser - appened untyped: compCanvas1
[DEBUG] 2023-11-09 10:24:21.985 [main] ASParser - appened untyped: setForm
[DEBUG] 2023-11-09 10:24:21.985 [main] ASParser - appened untyped: getStackTrace
[DEBUG] 2023-11-09 10:24:21.985 [main] ASParser - appened untyped: showDialogue
[DEBUG] 2023-11-09 10:24:21.985 [main] ASParser - appened untyped: className
[DEBUG] 2023-11-09 10:24:21.986 [main] ASParser - appened untyped: AIR_ERROR
[DEBUG] 2023-11-09 10:24:21.986 [main] ASParser - appened untyped: toString
[DEBUG] 2023-11-09 10:24:21.986 [main] ASParser - parsing: showDialogue1OnClickHandler:void
[DEBUG] 2023-11-09 10:24:21.986 [main] ASParser - parsing: showDialogue2OnClickHandler:void
[DEBUG] 2023-11-09 10:24:21.987 [main] ASParser - Entering comment...
[DEBUG] 2023-11-09 10:24:21.987 [main] ASParser - Exiting comment...
[DEBUG] 2023-11-09 10:24:21.987 [main] ASParser - appened typed: progressBar
[DEBUG] 2023-11-09 10:24:21.987 [main] ASParser - appened untyped: visible
[DEBUG] 2023-11-09 10:24:21.987 [main] ASParser - appened typed: progressBar
[DEBUG] 2023-11-09 10:24:21.987 [main] ASParser - appened untyped: visible
[DEBUG] 2023-11-09 10:24:21.987 [main] ASParser - Entering comment...
[DEBUG] 2023-11-09 10:24:21.987 [main] ASParser - Exiting comment...
[DEBUG] 2023-11-09 10:24:21.987 [main] ASParser - Entering comment...
[DEBUG] 2023-11-09 10:24:21.987 [main] ASParser - Exiting comment...
[DEBUG] 2023-11-09 10:24:21.987 [main] ASParser - appened untyped: setProgress
[DEBUG] 2023-11-09 10:24:21.987 [main] ASParser - Entering comment...
[DEBUG] 2023-11-09 10:24:21.987 [main] ASParser - Exiting comment...
[DEBUG] 2023-11-09 10:24:21.988 [main] ASParser - appened untyped: visible
[DEBUG] 2023-11-09 10:24:21.988 [main] ASParser - appened untyped: setProgress
[INFO ] 2023-11-09 10:24:21.988 [main] ASConvert - Read template controller class: templates/classcontroller
[INFO ] 2023-11-09 10:24:21.989 [main] ASConvert - Generating package name:jp.co.nissho_ele.acc.mg.login
[INFO ] 2023-11-09 10:24:21.989 [main] ASConvert - Generating imported packages: 10 packages
[INFO ] 2023-11-09 10:24:22.000 [main] ASConvert - Generating controller class:MG1001001_00_000Controller
[INFO ] 2023-11-09 10:24:22.002 [main] ASConvert - Save output controller file: D:\output\login\MG1001001_00_000Controller.java
[INFO ] 2023-11-09 10:24:22.005 [main] ASConvert - Done.
[INFO ] 2023-11-09 10:24:22.005 [main] ASConvert - START: compile actionscript inline-------------------------------
[INFO ] 2023-11-09 10:24:22.006 [main] ASConvert - END: compile actionscript inline-------------------------------
[INFO ] 2023-11-09 10:24:22.006 [main] ASConvert - Save output model file: D:\output\login\MG1001001_00_000Model.java
[INFO ] 2023-11-09 10:24:22.008 [main] ASConvert - Done.
[INFO ] 2023-11-09 10:24:22.008 [main] ASConvert - END: Convert Actionscript & Actionscript Inline-------------------------------
[INFO ] 2023-11-09 10:24:22.012 [main] MxmlConvert - Root Element : Containers:ACCCanvas
[INFO ] 2023-11-09 10:24:22.012 [main] MxmlConvert - ------
[INFO ] 2023-11-09 10:24:22.013 [main] ConvertMxmlService - Node Name =Containers:ACCCanvas [OPEN]
[INFO ] 2023-11-09 10:26:13.605 [main] ConvertMxmlService - Node Name =#text [OPEN]
[INFO ] 2023-11-09 10:26:13.605 [main] ConvertMxmlService - Node Name =mx:Script [OPEN]
[INFO ] 2023-11-09 10:26:13.606 [main] ConvertMxmlService - Node Name =#text [OPEN]
[INFO ] 2023-11-09 10:26:13.606 [main] ConvertMxmlService - Node Name =#comment [OPEN]
[INFO ] 2023-11-09 10:26:13.606 [main] ConvertMxmlService - Node Name =#text [OPEN]
[INFO ] 2023-11-09 10:26:13.606 [main] ConvertMxmlService - Node Name =#comment [OPEN]
[INFO ] 2023-11-09 10:26:13.606 [main] ConvertMxmlService - Node Name =#text [OPEN]
[INFO ] 2023-11-09 10:26:13.606 [main] ConvertMxmlService - Node Name =mx:XML [OPEN]
[INFO ] 2023-11-09 10:26:13.606 [main] ConvertMxmlService - Node Name =#text [OPEN]
[INFO ] 2023-11-09 10:26:13.607 [main] ConvertMxmlService - Node Name =login:MG1001001_01_000_AS [OPEN]
[INFO ] 2023-11-09 10:26:13.607 [main] ConvertMxmlService - Node Name =#text [OPEN]
[INFO ] 2023-11-09 10:26:13.607 [main] ConvertMxmlService - Node Name =mx:Image [OPEN]
[INFO ] 2023-11-09 10:26:13.608 [main] ConvertMxmlService - Node Name =mx:Image [CLOSE]
[INFO ] 2023-11-09 10:26:13.608 [main] ConvertMxmlService - Node Name =#text [OPEN]
[INFO ] 2023-11-09 10:26:13.608 [main] ConvertMxmlService - Node Name =Containers:ACCCanvas [OPEN]
[INFO ] 2023-11-09 10:26:13.608 [main] ConvertMxmlService - Node Name =#text [OPEN]
[INFO ] 2023-11-09 10:26:13.608 [main] ConvertMxmlService - Node Name =#comment [OPEN]
[INFO ] 2023-11-09 10:26:13.608 [main] ConvertMxmlService - Node Name =#text [OPEN]
[INFO ] 2023-11-09 10:26:13.608 [main] ConvertMxmlService - Node Name =Controls:ACCLabel [OPEN]
[INFO ] 2023-11-09 10:26:13.609 [main] ConvertMxmlService - Node Name =Controls:ACCLabel [CLOSE]
[INFO ] 2023-11-09 10:26:13.609 [main] ConvertMxmlService - Node Name =#text [OPEN]
[INFO ] 2023-11-09 10:26:13.609 [main] ConvertMxmlService - Node Name =Controls:ACCTextInput [OPEN]
[INFO ] 2023-11-09 10:26:13.611 [main] ConvertMxmlService - Node Name =Controls:ACCTextInput [CLOSE]
[INFO ] 2023-11-09 10:26:13.611 [main] ConvertMxmlService - Node Name =#text [OPEN]
[INFO ] 2023-11-09 10:26:13.611 [main] ConvertMxmlService - Node Name =#comment [OPEN]
[INFO ] 2023-11-09 10:26:13.611 [main] ConvertMxmlService - Node Name =#text [OPEN]
[INFO ] 2023-11-09 10:26:13.611 [main] ConvertMxmlService - Node Name =Controls:ACCLabel [OPEN]
[INFO ] 2023-11-09 10:26:13.612 [main] ConvertMxmlService - Node Name =Controls:ACCLabel [CLOSE]
[INFO ] 2023-11-09 10:26:13.612 [main] ConvertMxmlService - Node Name =#text [OPEN]
[INFO ] 2023-11-09 10:26:13.612 [main] ConvertMxmlService - Node Name =Controls:ACCTextInput [OPEN]
[INFO ] 2023-11-09 10:26:13.613 [main] ConvertMxmlService - Node Name =Controls:ACCTextInput [CLOSE]
[INFO ] 2023-11-09 10:26:13.613 [main] ConvertMxmlService - Node Name =#text [OPEN]
[INFO ] 2023-11-09 10:26:13.613 [main] ConvertMxmlService - Node Name =#comment [OPEN]
[INFO ] 2023-11-09 10:26:13.613 [main] ConvertMxmlService - Node Name =#text [OPEN]
[INFO ] 2023-11-09 10:26:13.613 [main] ConvertMxmlService - Node Name =Controls:ACCLabel [OPEN]
[INFO ] 2023-11-09 10:26:13.614 [main] ConvertMxmlService - Node Name =Controls:ACCLabel [CLOSE]
[INFO ] 2023-11-09 10:26:13.614 [main] ConvertMxmlService - Node Name =#text [OPEN]
[INFO ] 2023-11-09 10:26:13.614 [main] ConvertMxmlService - Node Name =Controls:ACCTextInput [OPEN]
[INFO ] 2023-11-09 10:26:13.614 [main] ConvertMxmlService - Node Name =Controls:ACCTextInput [CLOSE]
[INFO ] 2023-11-09 10:26:13.614 [main] ConvertMxmlService - Node Name =#text [OPEN]
[INFO ] 2023-11-09 10:26:13.614 [main] ConvertMxmlService - Node Name =#comment [OPEN]
[INFO ] 2023-11-09 10:26:13.614 [main] ConvertMxmlService - Node Name =#text [OPEN]
[INFO ] 2023-11-09 10:26:13.614 [main] ConvertMxmlService - Node Name =Controls:ACCButton [OPEN]
[INFO ] 2023-11-09 10:26:13.615 [main] ConvertMxmlService - Node Name =Controls:ACCButton [CLOSE]
[INFO ] 2023-11-09 10:26:13.615 [main] ConvertMxmlService - Node Name =#text [OPEN]
[INFO ] 2023-11-09 10:26:13.615 [main] ConvertMxmlService - Node Name =#comment [OPEN]
[INFO ] 2023-11-09 10:26:13.615 [main] ConvertMxmlService - Node Name =#text [OPEN]
[INFO ] 2023-11-09 10:26:13.615 [main] ConvertMxmlService - Node Name =Controls:ACCButton [OPEN]
[INFO ] 2023-11-09 10:26:13.615 [main] ConvertMxmlService - Node Name =Controls:ACCButton [CLOSE]
[INFO ] 2023-11-09 10:26:13.615 [main] ConvertMxmlService - Node Name =#text [OPEN]
[INFO ] 2023-11-09 10:26:13.616 [main] ConvertMxmlService - Node Name =Containers:ACCCanvas [CLOSE]
[INFO ] 2023-11-09 10:26:13.616 [main] ConvertMxmlService - Node Name =#text [OPEN]
[INFO ] 2023-11-09 10:26:13.616 [main] ConvertMxmlService - Node Name =Containers:ACCCanvas [OPEN]
[INFO ] 2023-11-09 10:26:13.616 [main] ConvertMxmlService - Node Name =#text [OPEN]
[INFO ] 2023-11-09 10:26:13.616 [main] ConvertMxmlService - Node Name =#comment [OPEN]
[INFO ] 2023-11-09 10:26:13.616 [main] ConvertMxmlService - Node Name =#text [OPEN]
[INFO ] 2023-11-09 10:26:13.616 [main] ConvertMxmlService - Node Name =Controls:ACCLabel [OPEN]
[INFO ] 2023-11-09 10:26:13.617 [main] ConvertMxmlService - Node Name =Controls:ACCLabel [CLOSE]
[INFO ] 2023-11-09 10:26:13.617 [main] ConvertMxmlService - Node Name =#text [OPEN]
[INFO ] 2023-11-09 10:26:13.617 [main] ConvertMxmlService - Node Name =#comment [OPEN]
[INFO ] 2023-11-09 10:26:13.617 [main] ConvertMxmlService - Node Name =#text [OPEN]
[INFO ] 2023-11-09 10:26:13.617 [main] ConvertMxmlService - Node Name =Controls:ACCLabel [OPEN]
[INFO ] 2023-11-09 10:26:13.617 [main] ConvertMxmlService - Node Name =Controls:ACCLabel [CLOSE]
[INFO ] 2023-11-09 10:26:13.617 [main] ConvertMxmlService - Node Name =#text [OPEN]
[INFO ] 2023-11-09 10:26:13.617 [main] ConvertMxmlService - Node Name =#comment [OPEN]
[INFO ] 2023-11-09 10:26:13.617 [main] ConvertMxmlService - Node Name =#text [OPEN]
[INFO ] 2023-11-09 10:26:13.618 [main] ConvertMxmlService - Node Name =mx:Image [OPEN]
[INFO ] 2023-11-09 10:26:13.618 [main] ConvertMxmlService - Node Name =mx:Image [CLOSE]
[INFO ] 2023-11-09 10:26:13.618 [main] ConvertMxmlService - Node Name =#text [OPEN]
[INFO ] 2023-11-09 10:26:13.618 [main] ConvertMxmlService - Node Name =Containers:ACCCanvas [CLOSE]
[INFO ] 2023-11-09 10:26:13.618 [main] ConvertMxmlService - Node Name =#text [OPEN]
[INFO ] 2023-11-09 10:26:13.618 [main] ConvertMxmlService - Node Name =Containers:ACCCanvas [CLOSE]
[DEBUG] 2023-11-09 10:26:13.618 [main] MxmlConvert - parent name: RootNode
[DEBUG] 2023-11-09 10:26:13.618 [main] MxmlConvert - name: Containers:ACCCanvas
[DEBUG] 2023-11-09 10:26:13.618 [main] MxmlConvert - parent name: Containers:ACCCanvas
[DEBUG] 2023-11-09 10:26:13.618 [main] MxmlConvert - name: mx:Image
[DEBUG] 2023-11-09 10:26:13.618 [main] MxmlConvert - cssElement: height:100%;background-image:url(#{resource['icon:login.jpg']});width:100%;position: absolute; left:0px;top:0px;
[DEBUG] 2023-11-09 10:26:13.618 [main] MxmlConvert - attributeElement: 
[DEBUG] 2023-11-09 10:26:13.618 [main] MxmlConvert - parent name: Containers:ACCCanvas
[DEBUG] 2023-11-09 10:26:13.619 [main] MxmlConvert - name: Containers:ACCCanvas
[DEBUG] 2023-11-09 10:26:13.619 [main] MxmlConvert - parent name: null
[DEBUG] 2023-11-09 10:26:13.619 [main] MxmlConvert - name: #comment
[DEBUG] 2023-11-09 10:26:13.619 [main] MxmlConvert - cssElement: 
[DEBUG] 2023-11-09 10:26:13.619 [main] MxmlConvert - attributeElement: 
[DEBUG] 2023-11-09 10:26:13.619 [main] MxmlConvert - parent name: Containers:ACCCanvas
[DEBUG] 2023-11-09 10:26:13.619 [main] MxmlConvert - name: Controls:ACCLabel
[DEBUG] 2023-11-09 10:26:13.619 [main] MxmlConvert - cssElement: color:#FFFFFF;font-family:MS Gothic;font-size:16px;font-weight:bold;text-align:right;width:78px;position: absolute; left:116px;top:34px;
[DEBUG] 2023-11-09 10:26:13.619 [main] MxmlConvert - attributeElement:  value="法人CD"
[DEBUG] 2023-11-09 10:26:13.619 [main] MxmlConvert - parent name: Containers:ACCCanvas
[DEBUG] 2023-11-09 10:26:13.619 [main] MxmlConvert - name: Controls:ACCTextInput
[DEBUG] 2023-11-09 10:26:13.619 [main] MxmlConvert - cssElement: width:60px;position: absolute; left:194px;top:34px;
[DEBUG] 2023-11-09 10:26:13.619 [main] MxmlConvert - attributeElement:  change="#{MG1001001_01_000Controller.textOnChangeHandler};" id="corpCd" maxbytelength="3" readOnly="true" required="true" tabindex="1"
[DEBUG] 2023-11-09 10:26:13.619 [main] MxmlConvert - parent name: null
[DEBUG] 2023-11-09 10:26:13.619 [main] MxmlConvert - name: #comment
[DEBUG] 2023-11-09 10:26:13.620 [main] MxmlConvert - cssElement: 
[DEBUG] 2023-11-09 10:26:13.620 [main] MxmlConvert - attributeElement: 
[DEBUG] 2023-11-09 10:26:13.620 [main] MxmlConvert - parent name: Containers:ACCCanvas
[DEBUG] 2023-11-09 10:26:13.620 [main] MxmlConvert - name: Controls:ACCLabel
[DEBUG] 2023-11-09 10:26:13.620 [main] MxmlConvert - cssElement: color:#FFFFFF;font-family:MS Gothic;font-size:16px;font-weight:bold;text-align:right;width:84px;position: absolute; left:109px;top:66px;
[DEBUG] 2023-11-09 10:26:13.620 [main] MxmlConvert - attributeElement:  value="ユーザID"
[DEBUG] 2023-11-09 10:26:13.620 [main] MxmlConvert - parent name: Containers:ACCCanvas
[DEBUG] 2023-11-09 10:26:13.620 [main] MxmlConvert - name: Controls:ACCTextInput
[DEBUG] 2023-11-09 10:26:13.620 [main] MxmlConvert - cssElement: width:178px;position: absolute; left:194px;top:64px;
[DEBUG] 2023-11-09 10:26:13.620 [main] MxmlConvert - attributeElement:  change="#{MG1001001_01_000Controller.textOnChangeHandler};" id="ttCd" maxbytelength="30" required="true" tabindex="2"
[DEBUG] 2023-11-09 10:26:13.620 [main] MxmlConvert - parent name: null
[DEBUG] 2023-11-09 10:26:13.620 [main] MxmlConvert - name: #comment
[DEBUG] 2023-11-09 10:26:13.620 [main] MxmlConvert - cssElement: 
[DEBUG] 2023-11-09 10:26:13.620 [main] MxmlConvert - attributeElement: 
[DEBUG] 2023-11-09 10:26:13.620 [main] MxmlConvert - parent name: Containers:ACCCanvas
[DEBUG] 2023-11-09 10:26:13.620 [main] MxmlConvert - name: Controls:ACCLabel
[DEBUG] 2023-11-09 10:26:13.620 [main] MxmlConvert - cssElement: color:#FFFFFF;font-family:MS Gothic;font-size:16px;font-weight:bold;text-align:right;width:108px;position: absolute; left:86px;top:96px;
[DEBUG] 2023-11-09 10:26:13.620 [main] MxmlConvert - attributeElement:  value="パスワード"
[DEBUG] 2023-11-09 10:26:13.620 [main] MxmlConvert - parent name: Containers:ACCCanvas
[DEBUG] 2023-11-09 10:26:13.620 [main] MxmlConvert - name: Controls:ACCTextInput
[DEBUG] 2023-11-09 10:26:13.620 [main] MxmlConvert - cssElement: width:178px;position: absolute; left:194px;top:94px;
[DEBUG] 2023-11-09 10:26:13.620 [main] MxmlConvert - attributeElement:  change="#{MG1001001_01_000Controller.textOnChangeHandler};" displayAsPassword="true" id="ttPwd" maxbytelength="30" required="true" tabindex="3"
[DEBUG] 2023-11-09 10:26:13.620 [main] MxmlConvert - parent name: null
[DEBUG] 2023-11-09 10:26:13.621 [main] MxmlConvert - name: #comment
[DEBUG] 2023-11-09 10:26:13.621 [main] MxmlConvert - cssElement: 
[DEBUG] 2023-11-09 10:26:13.621 [main] MxmlConvert - attributeElement: 
[DEBUG] 2023-11-09 10:26:13.621 [main] MxmlConvert - parent name: Containers:ACCCanvas
[DEBUG] 2023-11-09 10:26:13.621 [main] MxmlConvert - name: Controls:ACCButton
[DEBUG] 2023-11-09 10:26:13.621 [main] MxmlConvert - cssElement: width:85px;position: absolute; left:194px;top:124px;
[DEBUG] 2023-11-09 10:26:13.621 [main] MxmlConvert - attributeElement:  actionListener="#{MG1001001_01_000Controller.btnLoginOnClickHandler};" id="btnUPD001" value="ログイン" tabindex="4"
[DEBUG] 2023-11-09 10:26:13.621 [main] MxmlConvert - parent name: null
[DEBUG] 2023-11-09 10:26:13.621 [main] MxmlConvert - name: #comment
[DEBUG] 2023-11-09 10:26:13.621 [main] MxmlConvert - cssElement: 
[DEBUG] 2023-11-09 10:26:13.621 [main] MxmlConvert - attributeElement: 
[DEBUG] 2023-11-09 10:26:13.621 [main] MxmlConvert - parent name: Containers:ACCCanvas
[DEBUG] 2023-11-09 10:26:13.621 [main] MxmlConvert - name: Controls:ACCButton
[DEBUG] 2023-11-09 10:26:13.621 [main] MxmlConvert - cssElement: width:85px;position: absolute; left:287px;top:124px;
[DEBUG] 2023-11-09 10:26:13.621 [main] MxmlConvert - attributeElement:  actionListener="applicationCloseDispatch(event);" id="btnCLO001" value="終了" tabindex="5"
[DEBUG] 2023-11-09 10:26:13.621 [main] MxmlConvert - cssElement: height:155px;width:378px;position: absolute; left:133px;top:101px;
[DEBUG] 2023-11-09 10:26:13.621 [main] MxmlConvert - attributeElement: 
[DEBUG] 2023-11-09 10:26:13.621 [main] MxmlConvert - parent name: Containers:ACCCanvas
[DEBUG] 2023-11-09 10:26:13.621 [main] MxmlConvert - name: Containers:ACCCanvas
[DEBUG] 2023-11-09 10:26:13.621 [main] MxmlConvert - parent name: null
[DEBUG] 2023-11-09 10:26:13.621 [main] MxmlConvert - name: #comment
[DEBUG] 2023-11-09 10:26:13.621 [main] MxmlConvert - cssElement: 
[DEBUG] 2023-11-09 10:26:13.621 [main] MxmlConvert - attributeElement: 
[DEBUG] 2023-11-09 10:26:13.621 [main] MxmlConvert - parent name: Containers:ACCCanvas
[DEBUG] 2023-11-09 10:26:13.621 [main] MxmlConvert - name: Controls:ACCLabel
[DEBUG] 2023-11-09 10:26:13.621 [main] MxmlConvert - cssElement: color:white;text-align:right;width:100%;position: absolute; left:0px;top:55px;
[DEBUG] 2023-11-09 10:26:13.621 [main] MxmlConvert - attributeElement:  id="lblCopyright"
[DEBUG] 2023-11-09 10:26:13.621 [main] MxmlConvert - parent name: null
[DEBUG] 2023-11-09 10:26:13.621 [main] MxmlConvert - name: #comment
[DEBUG] 2023-11-09 10:26:13.622 [main] MxmlConvert - cssElement: 
[DEBUG] 2023-11-09 10:26:13.622 [main] MxmlConvert - attributeElement: 
[DEBUG] 2023-11-09 10:26:13.622 [main] MxmlConvert - parent name: Containers:ACCCanvas
[DEBUG] 2023-11-09 10:26:13.622 [main] MxmlConvert - name: Controls:ACCLabel
[DEBUG] 2023-11-09 10:26:13.622 [main] MxmlConvert - cssElement: color:white;height:15px;text-align:left;width:65px;position: absolute; left:475px;top:36px;
[DEBUG] 2023-11-09 10:26:13.622 [main] MxmlConvert - attributeElement:  id="lblVersion"
[DEBUG] 2023-11-09 10:26:13.622 [main] MxmlConvert - parent name: null
[DEBUG] 2023-11-09 10:26:13.622 [main] MxmlConvert - name: #comment
[DEBUG] 2023-11-09 10:26:13.622 [main] MxmlConvert - cssElement: 
[DEBUG] 2023-11-09 10:26:13.622 [main] MxmlConvert - attributeElement: 
[DEBUG] 2023-11-09 10:26:13.622 [main] MxmlConvert - parent name: Containers:ACCCanvas
[DEBUG] 2023-11-09 10:26:13.622 [main] MxmlConvert - name: mx:Image
[DEBUG] 2023-11-09 10:26:13.622 [main] MxmlConvert - cssElement: height:57px;background-image:url(#{resource['icon:logo.gif']});width:354px;position: absolute; left:122px;top:0px;
[DEBUG] 2023-11-09 10:26:13.622 [main] MxmlConvert - attributeElement: 
[DEBUG] 2023-11-09 10:26:13.622 [main] MxmlConvert - cssElement: opacity:0.7;background-color:#FC0505;height:73px;width:100%;position: absolute; left:0px;top:255px;
[DEBUG] 2023-11-09 10:26:13.622 [main] MxmlConvert - attributeElement: 
[DEBUG] 2023-11-09 10:26:13.622 [main] MxmlConvert - cssElement: height:100%;width:100%;
[DEBUG] 2023-11-09 10:26:13.622 [main] MxmlConvert - attributeElement:  title="ログイン"
[INFO ] 2023-11-09 10:26:13.629 [main] MxmlConvert - Html file created successfully.
[INFO ] 2023-11-09 10:26:13.629 [main] MxmlConvert - CSS file created successfully.
[INFO ] 2023-11-09 10:26:13.630 [main] ASConvert - START: parser Actionscript & Actionscript Inline-------------------------------
[DEBUG] 2023-11-09 10:26:13.631 [main] ASConvert - Loaded file: D:\Project\Nissho\AdobeFlexAir\Source\04.SourceCode\trunk\CLIENT\ACC\src\jp\co\nissho_ele\acc\mg\login\MG1001001_01_000.mxml (package: MG1001001_01_000)
[INFO ] 2023-11-09 10:26:13.631 [main] ASConvert - Analyzing class path for Actionscript: MG1001001_01_000
[INFO ] 2023-11-09 10:26:13.631 [main] ASParser - Starting parser class....................
[INFO ] 2023-11-09 10:26:13.631 [main] ASParser - Parsing package start.................
[DEBUG] 2023-11-09 10:26:13.631 [main] ASParser - Found package: jp.co.nissho_ele.acc.mg.login
[INFO ] 2023-11-09 10:26:13.631 [main] ASParser - Parsing package end.................
[DEBUG] 2023-11-09 10:26:13.631 [main] ASParser - Attempting to parse package...
[DEBUG] 2023-11-09 10:26:13.631 [main] ASParser - Found import keyword...
[INFO ] 2023-11-09 10:26:13.631 [main] ASParser - Parsing import package start.................
[DEBUG] 2023-11-09 10:26:13.631 [main] ASParser - Parsed import name: flash.desktop.NativeApplication
[DEBUG] 2023-11-09 10:26:13.632 [main] ASParser - Found import keyword...
[INFO ] 2023-11-09 10:26:13.632 [main] ASParser - Parsing import package start.................
[DEBUG] 2023-11-09 10:26:13.632 [main] ASParser - Parsed import name: flash.display.DisplayObject
[DEBUG] 2023-11-09 10:26:13.632 [main] ASParser - Found import keyword...
[INFO ] 2023-11-09 10:26:13.632 [main] ASParser - Parsing import package start.................
[DEBUG] 2023-11-09 10:26:13.632 [main] ASParser - Parsed import name: flash.events.AsyncErrorEvent
[DEBUG] 2023-11-09 10:26:13.632 [main] ASParser - Found import keyword...
[INFO ] 2023-11-09 10:26:13.632 [main] ASParser - Parsing import package start.................
[DEBUG] 2023-11-09 10:26:13.632 [main] ASParser - Parsed import name: flash.events.Event
[DEBUG] 2023-11-09 10:26:13.632 [main] ASParser - Found import keyword...
[INFO ] 2023-11-09 10:26:13.632 [main] ASParser - Parsing import package start.................
[DEBUG] 2023-11-09 10:26:13.632 [main] ASParser - Parsed import name: flash.events.MouseEvent
[DEBUG] 2023-11-09 10:26:13.632 [main] ASParser - Found import keyword...
[INFO ] 2023-11-09 10:26:13.632 [main] ASParser - Parsing import package start.................
[DEBUG] 2023-11-09 10:26:13.632 [main] ASParser - Parsed import name: flash.events.SecurityErrorEvent
[DEBUG] 2023-11-09 10:26:13.632 [main] ASParser - Found import keyword...
[INFO ] 2023-11-09 10:26:13.632 [main] ASParser - Parsing import package start.................
[DEBUG] 2023-11-09 10:26:13.633 [main] ASParser - Parsed import name: flash.events.StatusEvent
[DEBUG] 2023-11-09 10:26:13.633 [main] ASParser - Found import keyword...
[INFO ] 2023-11-09 10:26:13.633 [main] ASParser - Parsing import package start.................
[DEBUG] 2023-11-09 10:26:13.633 [main] ASParser - Parsed import name: jp.co.nissho_ele.acc.framework.bridge.BridgeReceiver
[DEBUG] 2023-11-09 10:26:13.633 [main] ASParser - Found import keyword...
[INFO ] 2023-11-09 10:26:13.633 [main] ASParser - Parsing import package start.................
[DEBUG] 2023-11-09 10:26:13.633 [main] ASParser - Parsed import name: jp.co.nissho_ele.acc.framework.bridge.BridgeSender
[DEBUG] 2023-11-09 10:26:13.633 [main] ASParser - Found import keyword...
[INFO ] 2023-11-09 10:26:13.633 [main] ASParser - Parsing import package start.................
[DEBUG] 2023-11-09 10:26:13.633 [main] ASParser - Parsed import name: jp.co.nissho_ele.acc.framework.bridge.CallAgentController
[DEBUG] 2023-11-09 10:26:13.633 [main] ASParser - Found import keyword...
[INFO ] 2023-11-09 10:26:13.633 [main] ASParser - Parsing import package start.................
[DEBUG] 2023-11-09 10:26:13.633 [main] ASParser - Parsed import name: jp.co.nissho_ele.acc.framework.classes.constants.ACCAirErrorConst
[DEBUG] 2023-11-09 10:26:13.633 [main] ASParser - Found import keyword...
[INFO ] 2023-11-09 10:26:13.633 [main] ASParser - Parsing import package start.................
[DEBUG] 2023-11-09 10:26:13.634 [main] ASParser - Parsed import name: jp.co.nissho_ele.acc.framework.classes.constants.ACCClearFormConst
[DEBUG] 2023-11-09 10:26:13.634 [main] ASParser - Found import keyword...
[INFO ] 2023-11-09 10:26:13.634 [main] ASParser - Parsing import package start.................
[DEBUG] 2023-11-09 10:26:13.634 [main] ASParser - Parsed import name: jp.co.nissho_ele.acc.framework.classes.constants.ACCCommonServiceConst
[DEBUG] 2023-11-09 10:26:13.634 [main] ASParser - Found import keyword...
[INFO ] 2023-11-09 10:26:13.634 [main] ASParser - Parsing import package start.................
[DEBUG] 2023-11-09 10:26:13.634 [main] ASParser - Parsed import name: jp.co.nissho_ele.acc.framework.classes.constants.ACCServiceConst
[DEBUG] 2023-11-09 10:26:13.634 [main] ASParser - Found import keyword...
[INFO ] 2023-11-09 10:26:13.634 [main] ASParser - Parsing import package start.................
[DEBUG] 2023-11-09 10:26:13.634 [main] ASParser - Parsed import name: jp.co.nissho_ele.acc.framework.classes.constants.ACCSetFormConst
[DEBUG] 2023-11-09 10:26:13.634 [main] ASParser - Found import keyword...
[INFO ] 2023-11-09 10:26:13.634 [main] ASParser - Parsing import package start.................
[DEBUG] 2023-11-09 10:26:13.634 [main] ASParser - Parsed import name: jp.co.nissho_ele.acc.framework.classes.constants.ACCSetFrameConst
[DEBUG] 2023-11-09 10:26:13.634 [main] ASParser - Found import keyword...
[INFO ] 2023-11-09 10:26:13.634 [main] ASParser - Parsing import package start.................
[DEBUG] 2023-11-09 10:26:13.634 [main] ASParser - Parsed import name: jp.co.nissho_ele.acc.framework.classes.constants.ACCUserInfoConst
[DEBUG] 2023-11-09 10:26:13.634 [main] ASParser - Found import keyword...
[INFO ] 2023-11-09 10:26:13.634 [main] ASParser - Parsing import package start.................
[DEBUG] 2023-11-09 10:26:13.635 [main] ASParser - Parsed import name: jp.co.nissho_ele.acc.framework.classes.model.ACCBaseInfoModel
[DEBUG] 2023-11-09 10:26:13.635 [main] ASParser - Found import keyword...
[INFO ] 2023-11-09 10:26:13.635 [main] ASParser - Parsing import package start.................
[DEBUG] 2023-11-09 10:26:13.635 [main] ASParser - Parsed import name: jp.co.nissho_ele.acc.framework.classes.model.ACCTransmissionBaseInfo
[DEBUG] 2023-11-09 10:26:13.635 [main] ASParser - Found import keyword...
[INFO ] 2023-11-09 10:26:13.635 [main] ASParser - Parsing import package start.................
[DEBUG] 2023-11-09 10:26:13.635 [main] ASParser - Parsed import name: jp.co.nissho_ele.acc.framework.classes.utility.ACCApplicationConfigUtility
[DEBUG] 2023-11-09 10:26:13.635 [main] ASParser - Found import keyword...
[INFO ] 2023-11-09 10:26:13.635 [main] ASParser - Parsing import package start.................
[DEBUG] 2023-11-09 10:26:13.635 [main] ASParser - Parsed import name: jp.co.nissho_ele.acc.framework.classes.utility.ACCButtonAuthorityUtility
[DEBUG] 2023-11-09 10:26:13.635 [main] ASParser - Found import keyword...
[INFO ] 2023-11-09 10:26:13.635 [main] ASParser - Parsing import package start.................
[DEBUG] 2023-11-09 10:26:13.635 [main] ASParser - Parsed import name: jp.co.nissho_ele.acc.framework.classes.utility.ACCCheckUtility
[DEBUG] 2023-11-09 10:26:13.635 [main] ASParser - Found import keyword...
[INFO ] 2023-11-09 10:26:13.635 [main] ASParser - Parsing import package start.................
[DEBUG] 2023-11-09 10:26:13.635 [main] ASParser - Parsed import name: jp.co.nissho_ele.acc.framework.classes.utility.ACCCodeInfoUtility
[DEBUG] 2023-11-09 10:26:13.635 [main] ASParser - Found import keyword...
[INFO ] 2023-11-09 10:26:13.635 [main] ASParser - Parsing import package start.................
[DEBUG] 2023-11-09 10:26:13.635 [main] ASParser - Parsed import name: jp.co.nissho_ele.acc.framework.classes.utility.ACCDateUtility
[DEBUG] 2023-11-09 10:26:13.635 [main] ASParser - Found import keyword...
[INFO ] 2023-11-09 10:26:13.635 [main] ASParser - Parsing import package start.................
[DEBUG] 2023-11-09 10:26:13.635 [main] ASParser - Parsed import name: jp.co.nissho_ele.acc.framework.classes.utility.ACCGyomuDate
[DEBUG] 2023-11-09 10:26:13.635 [main] ASParser - Found import keyword...
[INFO ] 2023-11-09 10:26:13.635 [main] ASParser - Parsing import package start.................
[DEBUG] 2023-11-09 10:26:13.636 [main] ASParser - Parsed import name: jp.co.nissho_ele.acc.framework.classes.utility.ACCKoushouUtility
[DEBUG] 2023-11-09 10:26:13.636 [main] ASParser - Found import keyword...
[INFO ] 2023-11-09 10:26:13.636 [main] ASParser - Parsing import package start.................
[DEBUG] 2023-11-09 10:26:13.636 [main] ASParser - Parsed import name: jp.co.nissho_ele.acc.framework.classes.utility.ACCMessageUtility
[DEBUG] 2023-11-09 10:26:13.636 [main] ASParser - Found import keyword...
[INFO ] 2023-11-09 10:26:13.636 [main] ASParser - Parsing import package start.................
[DEBUG] 2023-11-09 10:26:13.636 [main] ASParser - Parsed import name: jp.co.nissho_ele.acc.framework.classes.utility.ACCScreenNameUtility
[DEBUG] 2023-11-09 10:26:13.636 [main] ASParser - Found import keyword...
[INFO ] 2023-11-09 10:26:13.636 [main] ASParser - Parsing import package start.................
[DEBUG] 2023-11-09 10:26:13.636 [main] ASParser - Parsed import name: jp.co.nissho_ele.acc.framework.classes.utility.ACCSoapXMLUtility
[DEBUG] 2023-11-09 10:26:13.636 [main] ASParser - Found import keyword...
[INFO ] 2023-11-09 10:26:13.636 [main] ASParser - Parsing import package start.................
[DEBUG] 2023-11-09 10:26:13.636 [main] ASParser - Parsed import name: jp.co.nissho_ele.acc.framework.classes.utility.ACCStringUtility
[DEBUG] 2023-11-09 10:26:13.636 [main] ASParser - Found import keyword...
[INFO ] 2023-11-09 10:26:13.636 [main] ASParser - Parsing import package start.................
[DEBUG] 2023-11-09 10:26:13.636 [main] ASParser - Parsed import name: jp.co.nissho_ele.acc.framework.classes.utility.ACCSystemParamUtility
[DEBUG] 2023-11-09 10:26:13.636 [main] ASParser - Found import keyword...
[INFO ] 2023-11-09 10:26:13.636 [main] ASParser - Parsing import package start.................
[DEBUG] 2023-11-09 10:26:13.636 [main] ASParser - Parsed import name: jp.co.nissho_ele.acc.framework.classes.utility.ACCUserInfoUtility
[DEBUG] 2023-11-09 10:26:13.637 [main] ASParser - Found import keyword...
[INFO ] 2023-11-09 10:26:13.637 [main] ASParser - Parsing import package start.................
[DEBUG] 2023-11-09 10:26:13.637 [main] ASParser - Parsed import name: jp.co.nissho_ele.acc.framework.event.AccEvent
[DEBUG] 2023-11-09 10:26:13.637 [main] ASParser - Found import keyword...
[INFO ] 2023-11-09 10:26:13.637 [main] ASParser - Parsing import package start.................
[DEBUG] 2023-11-09 10:26:13.637 [main] ASParser - Parsed import name: jp.co.nissho_ele.acc.framework.formatters.ACCDateFormatter
[DEBUG] 2023-11-09 10:26:13.637 [main] ASParser - Found import keyword...
[INFO ] 2023-11-09 10:26:13.637 [main] ASParser - Parsing import package start.................
[DEBUG] 2023-11-09 10:26:13.637 [main] ASParser - Parsed import name: jp.co.nissho_ele.acc.framework.log.ACCLog
[DEBUG] 2023-11-09 10:26:13.637 [main] ASParser - Found import keyword...
[INFO ] 2023-11-09 10:26:13.637 [main] ASParser - Parsing import package start.................
[DEBUG] 2023-11-09 10:26:13.637 [main] ASParser - Parsed import name: jp.co.nissho_ele.acc.framework.soap.ACCWebService
[DEBUG] 2023-11-09 10:26:13.637 [main] ASParser - Found import keyword...
[INFO ] 2023-11-09 10:26:13.637 [main] ASParser - Parsing import package start.................
[DEBUG] 2023-11-09 10:26:13.637 [main] ASParser - Parsed import name: jp.co.nissho_ele.acc.mg.portal.MG1002001_00_000
[DEBUG] 2023-11-09 10:26:13.637 [main] ASParser - Found import keyword...
[INFO ] 2023-11-09 10:26:13.637 [main] ASParser - Parsing import package start.................
[DEBUG] 2023-11-09 10:26:13.637 [main] ASParser - Parsed import name: mx.collections.ArrayCollection
[DEBUG] 2023-11-09 10:26:13.637 [main] ASParser - Found import keyword...
[INFO ] 2023-11-09 10:26:13.637 [main] ASParser - Parsing import package start.................
[DEBUG] 2023-11-09 10:26:13.637 [main] ASParser - Parsed import name: mx.core.IMXMLObject
[DEBUG] 2023-11-09 10:26:13.637 [main] ASParser - Found import keyword...
[INFO ] 2023-11-09 10:26:13.638 [main] ASParser - Parsing import package start.................
[DEBUG] 2023-11-09 10:26:13.638 [main] ASParser - Parsed import name: mx.formatters.DateFormatter
[DEBUG] 2023-11-09 10:26:13.638 [main] ASParser - Found import keyword...
[INFO ] 2023-11-09 10:26:13.638 [main] ASParser - Parsing import package start.................
[DEBUG] 2023-11-09 10:26:13.638 [main] ASParser - Parsed import name: mx.managers.PopUpManager
[DEBUG] 2023-11-09 10:26:13.638 [main] ASParser - Found import keyword...
[INFO ] 2023-11-09 10:26:13.638 [main] ASParser - Parsing import package start.................
[DEBUG] 2023-11-09 10:26:13.638 [main] ASParser - Parsed import name: mx.rpc.events.FaultEvent
[DEBUG] 2023-11-09 10:26:13.638 [main] ASParser - Found import keyword...
[INFO ] 2023-11-09 10:26:13.638 [main] ASParser - Parsing import package start.................
[DEBUG] 2023-11-09 10:26:13.638 [main] ASParser - Parsed import name: mx.rpc.events.ResultEvent
[DEBUG] 2023-11-09 10:26:13.638 [main] ASParser - Found class keyword...
[INFO ] 2023-11-09 10:26:13.638 [main] ASParser - Parsing import package end.................
[DEBUG] 2023-11-09 10:26:13.638 [main] ASParser - Entering comment...
[DEBUG] 2023-11-09 10:26:13.638 [main] ASParser - Exiting comment...
[DEBUG] 2023-11-09 10:26:13.638 [main] ASParser - Found parent: ACCControllerBase
[DEBUG] 2023-11-09 10:26:13.638 [main] ASParser - Parsed class name: MG1001001_01_000
[DEBUG] 2023-11-09 10:26:13.638 [main] ASParser - Attempting to parse class...
[INFO ] 2023-11-09 10:26:13.638 [main] ASParser - Parsing class start.................
[DEBUG] 2023-11-09 10:26:13.638 [main] ASParser - Entering comment...(/*)
[DEBUG] 2023-11-09 10:26:13.638 [main] ASParser - Exited comment
[DEBUG] 2023-11-09 10:26:13.638 [main] ASParser - Entering comment...(/*)
[DEBUG] 2023-11-09 10:26:13.638 [main] ASParser - Exited comment
[DEBUG] 2023-11-09 10:26:13.638 [main] ASParser - Entering comment...(/*)
[DEBUG] 2023-11-09 10:26:13.638 [main] ASParser - Exited comment
[DEBUG] 2023-11-09 10:26:13.638 [main] ASParser - Entering comment...(/*)
[DEBUG] 2023-11-09 10:26:13.638 [main] ASParser - Exited comment
[DEBUG] 2023-11-09 10:26:13.638 [main] ASParser - Entering comment...(/*)
[DEBUG] 2023-11-09 10:26:13.638 [main] ASParser - Exited comment
[DEBUG] 2023-11-09 10:26:13.638 [main] ASParser - Entering comment...(/*)
[DEBUG] 2023-11-09 10:26:13.638 [main] ASParser - Exited comment
[DEBUG] 2023-11-09 10:26:13.638 [main] ASParser - Entering comment... (//)
[DEBUG] 2023-11-09 10:26:13.638 [main] ASParser - Exited comment
[DEBUG] 2023-11-09 10:26:13.638 [main] ASParser - Entering comment... (//)
[DEBUG] 2023-11-09 10:26:13.638 [main] ASParser - Exited comment
[DEBUG] 2023-11-09 10:26:13.639 [main] ASParser - Entering comment... (//)
[DEBUG] 2023-11-09 10:26:13.639 [main] ASParser - Exited comment
[DEBUG] 2023-11-09 10:26:13.639 [main] ASParser - Entering comment... (//)
[DEBUG] 2023-11-09 10:26:13.639 [main] ASParser - Exited comment
[DEBUG] 2023-11-09 10:26:13.639 [main] ASParser - Entering comment... (//)
[DEBUG] 2023-11-09 10:26:13.639 [main] ASParser - Exited comment
[DEBUG] 2023-11-09 10:26:13.639 [main] ASParser - Entering comment... (//)
[DEBUG] 2023-11-09 10:26:13.639 [main] ASParser - Exited comment
[DEBUG] 2023-11-09 10:26:13.639 [main] ASParser - Entering comment... (//)
[DEBUG] 2023-11-09 10:26:13.639 [main] ASParser - Exited comment
[DEBUG] 2023-11-09 10:26:13.639 [main] ASParser - Entering comment... (//)
[DEBUG] 2023-11-09 10:26:13.639 [main] ASParser - Exited comment
[DEBUG] 2023-11-09 10:26:13.639 [main] ASParser - Entering comment... (//)
[DEBUG] 2023-11-09 10:26:13.639 [main] ASParser - Exited comment
[DEBUG] 2023-11-09 10:26:13.639 [main] ASParser - Entering comment... (//)
[DEBUG] 2023-11-09 10:26:13.639 [main] ASParser - Exited comment
[DEBUG] 2023-11-09 10:26:13.639 [main] ASParser - Entering comment...(/*)
[DEBUG] 2023-11-09 10:26:13.639 [main] ASParser - Exited comment
[DEBUG] 2023-11-09 10:26:13.639 [main] ASParser - Entering comment...(/*)
[DEBUG] 2023-11-09 10:26:13.639 [main] ASParser - Exited comment
[DEBUG] 2023-11-09 10:26:13.639 [main] ASParser - Entering comment...(/*)
[DEBUG] 2023-11-09 10:26:13.639 [main] ASParser - Exited comment
[DEBUG] 2023-11-09 10:26:13.639 [main] ASParser - Entering comment...(/*)
[DEBUG] 2023-11-09 10:26:13.639 [main] ASParser - Exited comment
[DEBUG] 2023-11-09 10:26:13.639 [main] ASParser - Entering comment...(/*)
[DEBUG] 2023-11-09 10:26:13.640 [main] ASParser - Exited comment
[DEBUG] 2023-11-09 10:26:13.640 [main] ASParser - Entering comment...(/*)
[DEBUG] 2023-11-09 10:26:13.640 [main] ASParser - Exited comment
[DEBUG] 2023-11-09 10:26:13.640 [main] ASParser - Entering comment...(/*)
[DEBUG] 2023-11-09 10:26:13.640 [main] ASParser - Exited comment
[DEBUG] 2023-11-09 10:26:13.640 [main] ASParser - Entering comment...(/*)
[DEBUG] 2023-11-09 10:26:13.640 [main] ASParser - Exited comment
[DEBUG] 2023-11-09 10:26:13.643 [main] ASParser - Entering comment...(/*)
[DEBUG] 2023-11-09 10:26:13.643 [main] ASParser - Exited comment
[DEBUG] 2023-11-09 10:26:13.643 [main] ASParser - Entering comment...(/*)
[DEBUG] 2023-11-09 10:26:13.644 [main] ASParser - Exited comment
[DEBUG] 2023-11-09 10:26:13.644 [main] ASParser - Entering comment...(/*)
[DEBUG] 2023-11-09 10:26:13.644 [main] ASParser - Exited comment
[DEBUG] 2023-11-09 10:26:13.644 [main] ASParser - Entering comment...(/*)
[DEBUG] 2023-11-09 10:26:13.645 [main] ASParser - Exited comment
[DEBUG] 2023-11-09 10:26:13.645 [main] ASParser - Entering comment...(/*)
[DEBUG] 2023-11-09 10:26:13.645 [main] ASParser - Exited comment
[DEBUG] 2023-11-09 10:26:13.645 [main] ASParser - Entering comment...(/*)
[DEBUG] 2023-11-09 10:26:13.645 [main] ASParser - Exited comment
[DEBUG] 2023-11-09 10:26:13.645 [main] ASParser - Entering comment... (//)
[DEBUG] 2023-11-09 10:26:13.645 [main] ASParser - Exited comment
[DEBUG] 2023-11-09 10:26:13.645 [main] ASParser - Entering comment...(/*)
[DEBUG] 2023-11-09 10:26:13.645 [main] ASParser - Exited comment
[DEBUG] 2023-11-09 10:26:13.646 [main] ASParser - Entering comment... (//)
[DEBUG] 2023-11-09 10:26:13.646 [main] ASParser - Exited comment
[DEBUG] 2023-11-09 10:26:13.646 [main] ASParser - Entering comment...(/*)
[DEBUG] 2023-11-09 10:26:13.647 [main] ASParser - Exited comment
[DEBUG] 2023-11-09 10:26:13.648 [main] ASParser - Entering comment... (//)
[DEBUG] 2023-11-09 10:26:13.648 [main] ASParser - Exited comment
[DEBUG] 2023-11-09 10:26:13.648 [main] ASParser - Entering comment... (//)
[DEBUG] 2023-11-09 10:26:13.648 [main] ASParser - Exited comment
[DEBUG] 2023-11-09 10:26:13.648 [main] ASParser - Entering comment... (//)
[DEBUG] 2023-11-09 10:26:13.648 [main] ASParser - Exited comment
[DEBUG] 2023-11-09 10:26:13.648 [main] ASParser - Entering comment... (//)
[DEBUG] 2023-11-09 10:26:13.648 [main] ASParser - Exited comment
[DEBUG] 2023-11-09 10:26:13.648 [main] ASParser - Entering comment... (//)
[DEBUG] 2023-11-09 10:26:13.648 [main] ASParser - Exited comment
[DEBUG] 2023-11-09 10:26:13.649 [main] ASParser - Entering comment... (//)
[DEBUG] 2023-11-09 10:26:13.649 [main] ASParser - Exited comment
[DEBUG] 2023-11-09 10:26:13.649 [main] ASParser - Entering comment... (//)
[DEBUG] 2023-11-09 10:26:13.649 [main] ASParser - Exited comment
[DEBUG] 2023-11-09 10:26:13.649 [main] ASParser - Entering comment... (//)
[DEBUG] 2023-11-09 10:26:13.649 [main] ASParser - Exited comment
[DEBUG] 2023-11-09 10:26:13.649 [main] ASParser - Entering comment... (//)
[DEBUG] 2023-11-09 10:26:13.649 [main] ASParser - Exited comment
[DEBUG] 2023-11-09 10:26:13.653 [main] ASParser - Entering comment...(/*)
[DEBUG] 2023-11-09 10:26:13.653 [main] ASParser - Exited comment
[DEBUG] 2023-11-09 10:26:13.654 [main] ASParser - Entering comment... (//)
[DEBUG] 2023-11-09 10:26:13.654 [main] ASParser - Exited comment
