[INFO ] 2023-11-01 09:58:04.834 [main] MxmlConvert - Root Element :Containers:ACCTitleWindow
[INFO ] 2023-11-01 09:58:04.837 [main] MxmlConvert - ------
[INFO ] 2023-11-01 09:58:04.868 [main] ConvertMxmlService - Node Name =#comment [OPEN]
[INFO ] 2023-11-01 09:58:04.868 [main] ConvertMxmlService - Node Name =Containers:ACCTitleWindow [OPEN]
[INFO ] 2023-11-01 09:58:15.848 [main] ConvertMxmlService - Node Name =#text [OPEN]
[INFO ] 2023-11-01 09:58:15.848 [main] ConvertMxmlService - Node Name =mx:Script [OPEN]
[INFO ] 2023-11-01 09:58:15.848 [main] ConvertMxmlService - Node Name =#text [OPEN]
[INFO ] 2023-11-01 09:58:15.848 [main] ConvertMxmlService - Node Name =tougouchusyutsu:MG3001001_00_000_AS [OPEN]
[INFO ] 2023-11-01 09:58:15.850 [main] ConvertMxmlService - Node Name =#text [OPEN]
[INFO ] 2023-11-01 09:58:15.850 [main] ConvertMxmlService - Node Name =tougouchusyutsu:MG3001001_01_000 [OPEN]
[INFO ] 2023-11-01 09:58:15.853 [main] ConvertMxmlService - Node Name =tougouchusyutsu:MG3001001_01_000 [CLOSE]
[INFO ] 2023-11-01 09:58:15.853 [main] ConvertMxmlService - Node Name =#text [OPEN]
[INFO ] 2023-11-01 09:58:15.853 [main] ConvertMxmlService - Node Name =Containers:ACCTitleWindow [CLOSE]
[DEBUG] 2023-11-01 09:58:15.853 [main] MxmlConvert - parent name: null
[DEBUG] 2023-11-01 09:58:15.853 [main] MxmlConvert - name: #comment
[DEBUG] 2023-11-01 09:58:15.853 [main] MxmlConvert - cssElement: 
[DEBUG] 2023-11-01 09:58:15.853 [main] MxmlConvert - attributeElement: 
[DEBUG] 2023-11-01 09:58:15.853 [main] MxmlConvert - <!--  統合抽出画面 -->
[DEBUG] 2023-11-01 09:58:15.853 [main] MxmlConvert - parent name: First Node
[DEBUG] 2023-11-01 09:58:15.853 [main] MxmlConvert - name: Containers:ACCTitleWindow
[DEBUG] 2023-11-01 09:58:15.853 [main] MxmlConvert - parent name: Containers:ACCTitleWindow
[DEBUG] 2023-11-01 09:58:15.853 [main] MxmlConvert - name: tougouchusyutsu:MG3001001_01_000
[DEBUG] 2023-11-01 09:58:15.854 [main] MxmlConvert - cssElement: 
[DEBUG] 2023-11-01 09:58:15.854 [main] MxmlConvert - attributeElement: 
[DEBUG] 2023-11-01 09:58:15.854 [main] MxmlConvert - cssElement: 
[DEBUG] 2023-11-01 09:58:15.854 [main] MxmlConvert - attributeElement: 
[DEBUG] 2023-11-01 09:58:15.854 [main] MxmlConvert - <!--  統合抽出画面 --><ui:include src="MG3001001_01_000.xhtml"></ui:include>
[INFO ] 2023-11-01 09:58:15.889 [main] MxmlConvert - Html file created successfully.
[INFO ] 2023-11-01 09:58:15.889 [main] MxmlConvert - CSS file created successfully.
[INFO ] 2023-11-01 09:58:15.911 [main] MxmlConvert - Root Element :Containers:ACCCanvas
[INFO ] 2023-11-01 09:58:15.911 [main] MxmlConvert - ------
[INFO ] 2023-11-01 09:58:15.916 [main] ConvertMxmlService - Node Name =#comment [OPEN]
[INFO ] 2023-11-01 09:58:15.916 [main] ConvertMxmlService - Node Name =Containers:ACCCanvas [OPEN]
[INFO ] 2023-11-01 09:58:24.995 [main] ConvertMxmlService - Node Name =#text [OPEN]
[INFO ] 2023-11-01 09:58:24.995 [main] ConvertMxmlService - Node Name =mx:Script [OPEN]
[INFO ] 2023-11-01 09:58:24.998 [main] ConvertMxmlService - Node Name =#text [OPEN]
[INFO ] 2023-11-01 09:58:24.998 [main] ConvertMxmlService - Node Name =#comment [OPEN]
[INFO ] 2023-11-01 09:58:24.998 [main] ConvertMxmlService - Node Name =#text [OPEN]
[INFO ] 2023-11-01 09:58:24.998 [main] ConvertMxmlService - Node Name =mx:XML [OPEN]
[INFO ] 2023-11-01 09:58:25.000 [main] ConvertMxmlService - Node Name =#text [OPEN]
[INFO ] 2023-11-01 09:58:25.000 [main] ConvertMxmlService - Node Name =#comment [OPEN]
[INFO ] 2023-11-01 09:58:25.000 [main] ConvertMxmlService - Node Name =#text [OPEN]
[INFO ] 2023-11-01 09:58:25.000 [main] ConvertMxmlService - Node Name =#comment [OPEN]
[INFO ] 2023-11-01 09:58:25.000 [main] ConvertMxmlService - Node Name =#text [OPEN]
[INFO ] 2023-11-01 09:58:25.000 [main] ConvertMxmlService - Node Name =mx:XML [OPEN]
[INFO ] 2023-11-01 09:58:25.001 [main] ConvertMxmlService - Node Name =#text [OPEN]
[INFO ] 2023-11-01 09:58:25.001 [main] ConvertMxmlService - Node Name =tougouchusyutsu:MG3001001_01_000_AS [OPEN]
[INFO ] 2023-11-01 09:58:25.002 [main] ConvertMxmlService - Node Name =#text [OPEN]
[INFO ] 2023-11-01 09:58:25.002 [main] ConvertMxmlService - Node Name =Controls:ACCLabel [OPEN]
[INFO ] 2023-11-01 09:58:25.007 [main] ConvertMxmlService - Node Name =Controls:ACCLabel [CLOSE]
[INFO ] 2023-11-01 09:58:25.007 [main] ConvertMxmlService - Node Name =#text [OPEN]
[INFO ] 2023-11-01 09:58:25.007 [main] ConvertMxmlService - Node Name =#comment [OPEN]
[INFO ] 2023-11-01 09:58:25.008 [main] ConvertMxmlService - Node Name =#text [OPEN]
[INFO ] 2023-11-01 09:58:25.008 [main] ConvertMxmlService - Node Name =Controls:ACCTextInput [OPEN]
[INFO ] 2023-11-01 09:58:25.012 [main] ConvertMxmlService - Node Name =Controls:ACCTextInput [CLOSE]
[INFO ] 2023-11-01 09:58:25.012 [main] ConvertMxmlService - Node Name =#text [OPEN]
[INFO ] 2023-11-01 09:58:25.023 [main] ConvertMxmlService - Node Name =#comment [OPEN]
[INFO ] 2023-11-01 09:58:25.023 [main] ConvertMxmlService - Node Name =#text [OPEN]
[INFO ] 2023-11-01 09:58:25.023 [main] ConvertMxmlService - Node Name =Controls:ACCButton [OPEN]
[INFO ] 2023-11-01 09:58:25.025 [main] ConvertMxmlService - Node Name =Controls:ACCButton [CLOSE]
[INFO ] 2023-11-01 09:58:25.025 [main] ConvertMxmlService - Node Name =#text [OPEN]
[INFO ] 2023-11-01 09:58:25.025 [main] ConvertMxmlService - Node Name =Controls:ACCLabel [OPEN]
[INFO ] 2023-11-01 09:58:25.027 [main] ConvertMxmlService - Node Name =Controls:ACCLabel [CLOSE]
[INFO ] 2023-11-01 09:58:25.027 [main] ConvertMxmlService - Node Name =#text [OPEN]
[INFO ] 2023-11-01 09:58:25.027 [main] ConvertMxmlService - Node Name =#comment [OPEN]
[INFO ] 2023-11-01 09:58:25.028 [main] ConvertMxmlService - Node Name =#text [OPEN]
[INFO ] 2023-11-01 09:58:25.028 [main] ConvertMxmlService - Node Name =Controls:ACCTextInput [OPEN]
[INFO ] 2023-11-01 09:58:25.030 [main] ConvertMxmlService - Node Name =Controls:ACCTextInput [CLOSE]
[INFO ] 2023-11-01 09:58:25.030 [main] ConvertMxmlService - Node Name =#text [OPEN]
[INFO ] 2023-11-01 09:58:25.030 [main] ConvertMxmlService - Node Name =Controls:ACCCheckBox [OPEN]
[INFO ] 2023-11-01 09:58:25.032 [main] ConvertMxmlService - Node Name =Controls:ACCCheckBox [CLOSE]
[INFO ] 2023-11-01 09:58:25.032 [main] ConvertMxmlService - Node Name =#text [OPEN]
[INFO ] 2023-11-01 09:58:25.032 [main] ConvertMxmlService - Node Name =Controls:ACCCheckBox [OPEN]
[INFO ] 2023-11-01 09:58:25.034 [main] ConvertMxmlService - Node Name =Controls:ACCCheckBox [CLOSE]
[INFO ] 2023-11-01 09:58:25.034 [main] ConvertMxmlService - Node Name =#text [OPEN]
[INFO ] 2023-11-01 09:58:25.034 [main] ConvertMxmlService - Node Name =Controls:ACCCheckBox [OPEN]
[INFO ] 2023-11-01 09:58:25.035 [main] ConvertMxmlService - Node Name =Controls:ACCCheckBox [CLOSE]
[INFO ] 2023-11-01 09:58:25.035 [main] ConvertMxmlService - Node Name =#text [OPEN]
[INFO ] 2023-11-01 09:58:25.035 [main] ConvertMxmlService - Node Name =#comment [OPEN]
[INFO ] 2023-11-01 09:58:25.035 [main] ConvertMxmlService - Node Name =#text [OPEN]
[INFO ] 2023-11-01 09:58:25.035 [main] ConvertMxmlService - Node Name =Containers:ACCTabNavigator [OPEN]
[INFO ] 2023-11-01 09:58:25.520 [main] ConvertMxmlService - Node Name =#text [OPEN]
[INFO ] 2023-11-01 09:58:25.520 [main] ConvertMxmlService - Node Name =#comment [OPEN]
[INFO ] 2023-11-01 09:58:25.520 [main] ConvertMxmlService - Node Name =#text [OPEN]
[INFO ] 2023-11-01 09:58:25.521 [main] ConvertMxmlService - Node Name =Containers:ACCCanvas [OPEN]
[INFO ] 2023-11-01 09:58:26.109 [main] ConvertMxmlService - Node Name =#text [OPEN]
[INFO ] 2023-11-01 09:58:26.109 [main] ConvertMxmlService - Node Name =Controls:ACCLabel [OPEN]
[INFO ] 2023-11-01 09:58:26.115 [main] ConvertMxmlService - Node Name =Controls:ACCLabel [CLOSE]
[INFO ] 2023-11-01 09:58:26.115 [main] ConvertMxmlService - Node Name =#text [OPEN]
[INFO ] 2023-11-01 09:58:26.115 [main] ConvertMxmlService - Node Name =Controls:ACCCheckBox [OPEN]
[INFO ] 2023-11-01 09:58:26.120 [main] ConvertMxmlService - Node Name =Controls:ACCCheckBox [CLOSE]
[INFO ] 2023-11-01 09:58:26.120 [main] ConvertMxmlService - Node Name =#text [OPEN]
[INFO ] 2023-11-01 09:58:26.120 [main] ConvertMxmlService - Node Name =Controls:ACCCheckBox [OPEN]
[INFO ] 2023-11-01 09:58:26.123 [main] ConvertMxmlService - Node Name =Controls:ACCCheckBox [CLOSE]
[INFO ] 2023-11-01 09:58:26.123 [main] ConvertMxmlService - Node Name =#text [OPEN]
[INFO ] 2023-11-01 09:58:26.123 [main] ConvertMxmlService - Node Name =Controls:ACCCheckBox [OPEN]
[INFO ] 2023-11-01 09:58:26.126 [main] ConvertMxmlService - Node Name =Controls:ACCCheckBox [CLOSE]
[INFO ] 2023-11-01 09:58:26.126 [main] ConvertMxmlService - Node Name =#text [OPEN]
[INFO ] 2023-11-01 09:58:26.126 [main] ConvertMxmlService - Node Name =Controls:ACCLabel [OPEN]
[INFO ] 2023-11-01 09:58:26.128 [main] ConvertMxmlService - Node Name =Controls:ACCLabel [CLOSE]
[INFO ] 2023-11-01 09:58:26.128 [main] ConvertMxmlService - Node Name =#text [OPEN]
[INFO ] 2023-11-01 09:58:26.128 [main] ConvertMxmlService - Node Name =Controls:ACCComboBoxCode [OPEN]
[INFO ] 2023-11-01 09:58:26.131 [main] ConvertMxmlService - Node Name =Controls:ACCComboBoxCode [CLOSE]
[INFO ] 2023-11-01 09:58:26.131 [main] ConvertMxmlService - Node Name =#text [OPEN]
[INFO ] 2023-11-01 09:58:26.131 [main] ConvertMxmlService - Node Name =Controls:ACCLabel [OPEN]
[INFO ] 2023-11-01 09:58:26.133 [main] ConvertMxmlService - Node Name =Controls:ACCLabel [CLOSE]
[INFO ] 2023-11-01 09:58:26.133 [main] ConvertMxmlService - Node Name =#text [OPEN]
[INFO ] 2023-11-01 09:58:26.133 [main] ConvertMxmlService - Node Name =Controls:ACCTextInputMaskNumberOnly [OPEN]
[INFO ] 2023-11-01 09:58:26.134 [main] ConvertMxmlService - Node Name =Controls:ACCTextInputMaskNumberOnly [CLOSE]
[INFO ] 2023-11-01 09:58:26.135 [main] ConvertMxmlService - Node Name =#text [OPEN]
[INFO ] 2023-11-01 09:58:26.135 [main] ConvertMxmlService - Node Name =Controls:ACCLabel [OPEN]
[INFO ] 2023-11-01 09:58:26.137 [main] ConvertMxmlService - Node Name =Controls:ACCLabel [CLOSE]
[INFO ] 2023-11-01 09:58:26.137 [main] ConvertMxmlService - Node Name =#text [OPEN]
[INFO ] 2023-11-01 09:58:26.137 [main] ConvertMxmlService - Node Name =Controls:ACCTextInputMaskNumberOnly [OPEN]
[INFO ] 2023-11-01 09:58:26.138 [main] ConvertMxmlService - Node Name =Controls:ACCTextInputMaskNumberOnly [CLOSE]
[INFO ] 2023-11-01 09:58:26.139 [main] ConvertMxmlService - Node Name =#text [OPEN]
[INFO ] 2023-11-01 09:58:26.139 [main] ConvertMxmlService - Node Name =Controls:ACCLabel [OPEN]
[INFO ] 2023-11-01 09:58:26.140 [main] ConvertMxmlService - Node Name =Controls:ACCLabel [CLOSE]
[INFO ] 2023-11-01 09:58:26.140 [main] ConvertMxmlService - Node Name =#text [OPEN]
[INFO ] 2023-11-01 09:58:26.140 [main] ConvertMxmlService - Node Name =Controls:ACCTextInputMaskZip [OPEN]
[INFO ] 2023-11-01 09:58:26.142 [main] ConvertMxmlService - Node Name =Controls:ACCTextInputMaskZip [CLOSE]
[INFO ] 2023-11-01 09:58:26.142 [main] ConvertMxmlService - Node Name =#text [OPEN]
[INFO ] 2023-11-01 09:58:26.142 [main] ConvertMxmlService - Node Name =Controls:ACCLabel [OPEN]
[INFO ] 2023-11-01 09:58:26.144 [main] ConvertMxmlService - Node Name =Controls:ACCLabel [CLOSE]
[INFO ] 2023-11-01 09:58:26.144 [main] ConvertMxmlService - Node Name =#text [OPEN]
[INFO ] 2023-11-01 09:58:26.144 [main] ConvertMxmlService - Node Name =Controls:ACCTextInputMaskZip [OPEN]
[INFO ] 2023-11-01 09:58:26.146 [main] ConvertMxmlService - Node Name =Controls:ACCTextInputMaskZip [CLOSE]
[INFO ] 2023-11-01 09:58:26.146 [main] ConvertMxmlService - Node Name =#text [OPEN]
[INFO ] 2023-11-01 09:58:26.146 [main] ConvertMxmlService - Node Name =#comment [OPEN]
[INFO ] 2023-11-01 09:58:26.146 [main] ConvertMxmlService - Node Name =#text [OPEN]
[INFO ] 2023-11-01 09:58:26.146 [main] ConvertMxmlService - Node Name =Containers:ACCPanel [OPEN]
[INFO ] 2023-11-01 09:58:26.759 [main] ConvertMxmlService - Node Name =#text [OPEN]
[INFO ] 2023-11-01 09:58:26.759 [main] ConvertMxmlService - Node Name =#comment [OPEN]
[INFO ] 2023-11-01 09:58:26.759 [main] ConvertMxmlService - Node Name =#text [OPEN]
[INFO ] 2023-11-01 09:58:26.759 [main] ConvertMxmlService - Node Name =Controls:ACCLabel [OPEN]
[INFO ] 2023-11-01 09:58:26.764 [main] ConvertMxmlService - Node Name =Controls:ACCLabel [CLOSE]
[INFO ] 2023-11-01 09:58:26.764 [main] ConvertMxmlService - Node Name =#text [OPEN]
[INFO ] 2023-11-01 09:58:26.764 [main] ConvertMxmlService - Node Name =Controls:ACCComboBoxCode [OPEN]
[INFO ] 2023-11-01 09:58:26.770 [main] ConvertMxmlService - Node Name =Controls:ACCComboBoxCode [CLOSE]
[INFO ] 2023-11-01 09:58:26.771 [main] ConvertMxmlService - Node Name =#text [OPEN]
[INFO ] 2023-11-01 09:58:26.771 [main] ConvertMxmlService - Node Name =#comment [OPEN]
[INFO ] 2023-11-01 09:58:26.771 [main] ConvertMxmlService - Node Name =#text [OPEN]
[INFO ] 2023-11-01 09:58:26.771 [main] ConvertMxmlService - Node Name =Controls:ACCLabel [OPEN]
[INFO ] 2023-11-01 09:58:26.778 [main] ConvertMxmlService - Node Name =Controls:ACCLabel [CLOSE]
[INFO ] 2023-11-01 09:58:26.778 [main] ConvertMxmlService - Node Name =#text [OPEN]
[INFO ] 2023-11-01 09:58:26.778 [main] ConvertMxmlService - Node Name =Controls:ACCComboBoxCode [OPEN]
[INFO ] 2023-11-01 09:58:26.781 [main] ConvertMxmlService - Node Name =Controls:ACCComboBoxCode [CLOSE]
[INFO ] 2023-11-01 09:58:26.781 [main] ConvertMxmlService - Node Name =#text [OPEN]
[INFO ] 2023-11-01 09:58:26.781 [main] ConvertMxmlService - Node Name =#comment [OPEN]
[INFO ] 2023-11-01 09:58:26.781 [main] ConvertMxmlService - Node Name =#text [OPEN]
[INFO ] 2023-11-01 09:58:26.781 [main] ConvertMxmlService - Node Name =Controls:ACCLabel [OPEN]
[INFO ] 2023-11-01 09:58:26.783 [main] ConvertMxmlService - Node Name =Controls:ACCLabel [CLOSE]
[INFO ] 2023-11-01 09:58:26.783 [main] ConvertMxmlService - Node Name =#text [OPEN]
[INFO ] 2023-11-01 09:58:26.783 [main] ConvertMxmlService - Node Name =Controls:ACCComboBoxCode [OPEN]
[INFO ] 2023-11-01 09:58:26.786 [main] ConvertMxmlService - Node Name =Controls:ACCComboBoxCode [CLOSE]
[INFO ] 2023-11-01 09:58:26.786 [main] ConvertMxmlService - Node Name =#text [OPEN]
[INFO ] 2023-11-01 09:58:26.786 [main] ConvertMxmlService - Node Name =#comment [OPEN]
[INFO ] 2023-11-01 09:58:26.786 [main] ConvertMxmlService - Node Name =#text [OPEN]
[INFO ] 2023-11-01 09:58:26.786 [main] ConvertMxmlService - Node Name =Controls:ACCLabel [OPEN]
[INFO ] 2023-11-01 09:58:26.787 [main] ConvertMxmlService - Node Name =Controls:ACCLabel [CLOSE]
[INFO ] 2023-11-01 09:58:26.787 [main] ConvertMxmlService - Node Name =#text [OPEN]
[INFO ] 2023-11-01 09:58:26.787 [main] ConvertMxmlService - Node Name =Controls:ACCComboBoxCode [OPEN]
[INFO ] 2023-11-01 09:58:26.789 [main] ConvertMxmlService - Node Name =Controls:ACCComboBoxCode [CLOSE]
[INFO ] 2023-11-01 09:58:26.789 [main] ConvertMxmlService - Node Name =#text [OPEN]
[INFO ] 2023-11-01 09:58:26.789 [main] ConvertMxmlService - Node Name =#comment [OPEN]
[INFO ] 2023-11-01 09:58:26.789 [main] ConvertMxmlService - Node Name =#text [OPEN]
[INFO ] 2023-11-01 09:58:26.789 [main] ConvertMxmlService - Node Name =Controls:ACCLabel [OPEN]
[INFO ] 2023-11-01 09:58:26.791 [main] ConvertMxmlService - Node Name =Controls:ACCLabel [CLOSE]
[INFO ] 2023-11-01 09:58:26.791 [main] ConvertMxmlService - Node Name =#text [OPEN]
[INFO ] 2023-11-01 09:58:26.791 [main] ConvertMxmlService - Node Name =Controls:ACCComboBoxCode [OPEN]
[INFO ] 2023-11-01 09:58:26.793 [main] ConvertMxmlService - Node Name =Controls:ACCComboBoxCode [CLOSE]
[INFO ] 2023-11-01 09:58:26.793 [main] ConvertMxmlService - Node Name =#text [OPEN]
[INFO ] 2023-11-01 09:58:26.793 [main] ConvertMxmlService - Node Name =Containers:ACCPanel [CLOSE]
[INFO ] 2023-11-01 09:58:26.793 [main] ConvertMxmlService - Node Name =#text [OPEN]
[INFO ] 2023-11-01 09:58:26.793 [main] ConvertMxmlService - Node Name =#comment [OPEN]
[INFO ] 2023-11-01 09:58:26.793 [main] ConvertMxmlService - Node Name =#text [OPEN]
[INFO ] 2023-11-01 09:58:26.793 [main] ConvertMxmlService - Node Name =Containers:ACCPanel [OPEN]
[INFO ] 2023-11-01 09:58:36.666 [main] ConvertMxmlService - Node Name =#text [OPEN]
[INFO ] 2023-11-01 09:58:36.666 [main] ConvertMxmlService - Node Name =Controls:ACCLabel [OPEN]
[INFO ] 2023-11-01 09:58:36.669 [main] ConvertMxmlService - Node Name =Controls:ACCLabel [CLOSE]
[INFO ] 2023-11-01 09:58:36.669 [main] ConvertMxmlService - Node Name =#text [OPEN]
[INFO ] 2023-11-01 09:58:36.669 [main] ConvertMxmlService - Node Name =Controls:ACCComboBoxCode [OPEN]
[INFO ] 2023-11-01 09:58:36.671 [main] ConvertMxmlService - Node Name =Controls:ACCComboBoxCode [CLOSE]
[INFO ] 2023-11-01 09:58:36.671 [main] ConvertMxmlService - Node Name =#text [OPEN]
[INFO ] 2023-11-01 09:58:36.671 [main] ConvertMxmlService - Node Name =Controls:ACCLabel [OPEN]
[INFO ] 2023-11-01 09:58:36.673 [main] ConvertMxmlService - Node Name =Controls:ACCLabel [CLOSE]
[INFO ] 2023-11-01 09:58:36.673 [main] ConvertMxmlService - Node Name =#text [OPEN]
[INFO ] 2023-11-01 09:58:36.673 [main] ConvertMxmlService - Node Name =Controls:ACCComboBoxCode [OPEN]
[INFO ] 2023-11-01 09:58:36.674 [main] ConvertMxmlService - Node Name =Controls:ACCComboBoxCode [CLOSE]
[INFO ] 2023-11-01 09:58:36.674 [main] ConvertMxmlService - Node Name =#text [OPEN]
[INFO ] 2023-11-01 09:58:36.674 [main] ConvertMxmlService - Node Name =Controls:ACCLabel [OPEN]
[INFO ] 2023-11-01 09:58:36.676 [main] ConvertMxmlService - Node Name =Controls:ACCLabel [CLOSE]
[INFO ] 2023-11-01 09:58:36.676 [main] ConvertMxmlService - Node Name =#text [OPEN]
[INFO ] 2023-11-01 09:58:36.676 [main] ConvertMxmlService - Node Name =Controls:ACCComboBoxCode [OPEN]
[INFO ] 2023-11-01 09:58:36.677 [main] ConvertMxmlService - Node Name =Controls:ACCComboBoxCode [CLOSE]
[INFO ] 2023-11-01 09:58:36.677 [main] ConvertMxmlService - Node Name =#text [OPEN]
[INFO ] 2023-11-01 09:58:36.677 [main] ConvertMxmlService - Node Name =Containers:ACCPanel [CLOSE]
[INFO ] 2023-11-01 09:58:36.677 [main] ConvertMxmlService - Node Name =#text [OPEN]
[INFO ] 2023-11-01 09:58:36.678 [main] ConvertMxmlService - Node Name =#comment [OPEN]
[INFO ] 2023-11-01 09:58:36.678 [main] ConvertMxmlService - Node Name =#text [OPEN]
[INFO ] 2023-11-01 09:58:36.678 [main] ConvertMxmlService - Node Name =Containers:ACCPanel [OPEN]
[INFO ] 2023-11-01 09:58:40.825 [main] ConvertMxmlService - Node Name =#text [OPEN]
[INFO ] 2023-11-01 09:58:40.825 [main] ConvertMxmlService - Node Name =Controls:ACCDataGrid [OPEN]
[INFO ] 2023-11-01 09:58:41.274 [main] ConvertMxmlService - Node Name =#text [OPEN]
[INFO ] 2023-11-01 09:58:41.274 [main] ConvertMxmlService - Node Name =Controls:columns [OPEN]
[INFO ] 2023-11-01 09:58:41.742 [main] ConvertMxmlService - Node Name =#text [OPEN]
[INFO ] 2023-11-01 09:58:41.742 [main] ConvertMxmlService - Node Name =mx:DataGridColumn [OPEN]
[INFO ] 2023-11-01 09:58:46.338 [main] ConvertMxmlService - Node Name =#text [OPEN]
[INFO ] 2023-11-01 09:58:46.338 [main] ConvertMxmlService - Node Name =mx:headerRenderer [OPEN]
[INFO ] 2023-11-01 09:59:02.293 [main] MxmlConvert - Root Element :Containers:ACCCanvas
[INFO ] 2023-11-01 09:59:02.293 [main] MxmlConvert - ------
[INFO ] 2023-11-01 09:59:02.293 [main] ConvertMxmlService - Node Name =#comment [OPEN]
[INFO ] 2023-11-01 09:59:02.294 [main] ConvertMxmlService - Node Name =Containers:ACCCanvas [OPEN]
[INFO ] 2023-11-01 09:59:02.977 [main] ConvertMxmlService - Node Name =#text [OPEN]
[INFO ] 2023-11-01 09:59:02.977 [main] ConvertMxmlService - Node Name =#comment [OPEN]
[INFO ] 2023-11-01 09:59:02.977 [main] ConvertMxmlService - Node Name =#text [OPEN]
[INFO ] 2023-11-01 09:59:02.977 [main] ConvertMxmlService - Node Name =#comment [OPEN]
[INFO ] 2023-11-01 09:59:02.978 [main] ConvertMxmlService - Node Name =#text [OPEN]
[INFO ] 2023-11-01 09:59:02.978 [main] ConvertMxmlService - Node Name =tougouchusyutsu:MG3001002_00_000_AS [OPEN]
[INFO ] 2023-11-01 09:59:02.980 [main] ConvertMxmlService - Node Name =#text [OPEN]
[INFO ] 2023-11-01 09:59:02.980 [main] ConvertMxmlService - Node Name =mx:Script [OPEN]
[INFO ] 2023-11-01 09:59:02.981 [main] ConvertMxmlService - Node Name =#text [OPEN]
[INFO ] 2023-11-01 09:59:02.981 [main] ConvertMxmlService - Node Name =mx:Metadata [OPEN]
[INFO ] 2023-11-01 09:59:02.983 [main] ConvertMxmlService - Node Name =#text [OPEN]
[INFO ] 2023-11-01 09:59:02.983 [main] ConvertMxmlService - Node Name =Containers:ACCTabNavigator [OPEN]
[INFO ] 2023-11-01 09:59:03.582 [main] ConvertMxmlService - Node Name =#text [OPEN]
[INFO ] 2023-11-01 09:59:03.582 [main] ConvertMxmlService - Node Name =tougouchusyutsu:MG3001002_01_000 [OPEN]
[INFO ] 2023-11-01 09:59:03.587 [main] ConvertMxmlService - Node Name =tougouchusyutsu:MG3001002_01_000 [CLOSE]
[INFO ] 2023-11-01 09:59:03.587 [main] ConvertMxmlService - Node Name =#text [OPEN]
[INFO ] 2023-11-01 09:59:03.587 [main] ConvertMxmlService - Node Name =tougouchusyutsu:MG3001003_01_000 [OPEN]
[INFO ] 2023-11-01 09:59:03.589 [main] ConvertMxmlService - Node Name =tougouchusyutsu:MG3001003_01_000 [CLOSE]
[INFO ] 2023-11-01 09:59:03.589 [main] ConvertMxmlService - Node Name =#text [OPEN]
[INFO ] 2023-11-01 09:59:03.589 [main] ConvertMxmlService - Node Name =tougouchusyutsu:MG3001004_01_000 [OPEN]
[INFO ] 2023-11-01 09:59:03.592 [main] ConvertMxmlService - Node Name =tougouchusyutsu:MG3001004_01_000 [CLOSE]
[INFO ] 2023-11-01 09:59:03.592 [main] ConvertMxmlService - Node Name =#text [OPEN]
[INFO ] 2023-11-01 09:59:03.592 [main] ConvertMxmlService - Node Name =tougouchusyutsu:MG3001005_01_000 [OPEN]
[INFO ] 2023-11-01 09:59:03.594 [main] ConvertMxmlService - Node Name =tougouchusyutsu:MG3001005_01_000 [CLOSE]
[INFO ] 2023-11-01 09:59:03.594 [main] ConvertMxmlService - Node Name =#text [OPEN]
[INFO ] 2023-11-01 09:59:03.594 [main] ConvertMxmlService - Node Name =Containers:ACCTabNavigator [CLOSE]
[INFO ] 2023-11-01 09:59:03.594 [main] ConvertMxmlService - Node Name =#text [OPEN]
[INFO ] 2023-11-01 09:59:03.594 [main] ConvertMxmlService - Node Name =Containers:ACCCanvas [CLOSE]
[DEBUG] 2023-11-01 09:59:03.594 [main] MxmlConvert - parent name: null
[DEBUG] 2023-11-01 09:59:03.594 [main] MxmlConvert - name: #comment
[DEBUG] 2023-11-01 09:59:03.594 [main] MxmlConvert - cssElement: 
[DEBUG] 2023-11-01 09:59:03.594 [main] MxmlConvert - attributeElement: 
[DEBUG] 2023-11-01 09:59:03.594 [main] MxmlConvert - <!--  2011.10.14 HiSoft (Flex4対応) -->
[DEBUG] 2023-11-01 09:59:03.594 [main] MxmlConvert - parent name: First Node
[DEBUG] 2023-11-01 09:59:03.594 [main] MxmlConvert - name: Containers:ACCCanvas
[DEBUG] 2023-11-01 09:59:03.594 [main] MxmlConvert - parent name: Containers:ACCCanvas
[DEBUG] 2023-11-01 09:59:03.594 [main] MxmlConvert - name: Containers:ACCTabNavigator
[DEBUG] 2023-11-01 09:59:03.594 [main] MxmlConvert - parent name: Containers:ACCTabNavigator
[DEBUG] 2023-11-01 09:59:03.594 [main] MxmlConvert - name: tougouchusyutsu:MG3001002_01_000
[DEBUG] 2023-11-01 09:59:03.594 [main] MxmlConvert - cssElement: 
[DEBUG] 2023-11-01 09:59:03.594 [main] MxmlConvert - attributeElement: 
[DEBUG] 2023-11-01 09:59:03.594 [main] MxmlConvert - parent name: Containers:ACCTabNavigator
[DEBUG] 2023-11-01 09:59:03.594 [main] MxmlConvert - name: tougouchusyutsu:MG3001003_01_000
[DEBUG] 2023-11-01 09:59:03.594 [main] MxmlConvert - cssElement: 
[DEBUG] 2023-11-01 09:59:03.594 [main] MxmlConvert - attributeElement: 
[DEBUG] 2023-11-01 09:59:03.594 [main] MxmlConvert - parent name: Containers:ACCTabNavigator
[DEBUG] 2023-11-01 09:59:03.594 [main] MxmlConvert - name: tougouchusyutsu:MG3001004_01_000
[DEBUG] 2023-11-01 09:59:03.594 [main] MxmlConvert - cssElement: 
[DEBUG] 2023-11-01 09:59:03.594 [main] MxmlConvert - attributeElement: 
[DEBUG] 2023-11-01 09:59:03.594 [main] MxmlConvert - parent name: Containers:ACCTabNavigator
[DEBUG] 2023-11-01 09:59:03.594 [main] MxmlConvert - name: tougouchusyutsu:MG3001005_01_000
[DEBUG] 2023-11-01 09:59:03.594 [main] MxmlConvert - cssElement: 
[DEBUG] 2023-11-01 09:59:03.594 [main] MxmlConvert - attributeElement: 
[DEBUG] 2023-11-01 09:59:03.594 [main] MxmlConvert - cssElement: 
[DEBUG] 2023-11-01 09:59:03.595 [main] MxmlConvert - attributeElement: 
[DEBUG] 2023-11-01 09:59:03.595 [main] MxmlConvert - cssElement: 
[DEBUG] 2023-11-01 09:59:03.595 [main] MxmlConvert - attributeElement: 
[DEBUG] 2023-11-01 09:59:03.595 [main] MxmlConvert - <!--  2011.10.14 HiSoft (Flex4対応) --><p:tabView><ui:include src="MG3001002_01_000.xhtml"></ui:include><ui:include src="MG3001003_01_000.xhtml"></ui:include><ui:include src="MG3001004_01_000.xhtml"></ui:include><ui:include src="MG3001005_01_000.xhtml"></ui:include></p:tabView>
[INFO ] 2023-11-01 09:59:03.595 [main] MxmlConvert - Html file created successfully.
[INFO ] 2023-11-01 09:59:03.595 [main] MxmlConvert - CSS file created successfully.
[INFO ] 2023-11-01 09:59:03.605 [main] MxmlConvert - Root Element :Containers:ACCCanvas
[INFO ] 2023-11-01 09:59:03.606 [main] MxmlConvert - ------
[INFO ] 2023-11-01 09:59:03.607 [main] ConvertMxmlService - Node Name =#comment [OPEN]
[INFO ] 2023-11-01 09:59:03.607 [main] ConvertMxmlService - Node Name =Containers:ACCCanvas [OPEN]
[INFO ] 2023-11-01 09:59:04.654 [main] ConvertMxmlService - Node Name =#text [OPEN]
[INFO ] 2023-11-01 09:59:04.654 [main] ConvertMxmlService - Node Name =mx:Script [OPEN]
[INFO ] 2023-11-01 09:59:04.655 [main] ConvertMxmlService - Node Name =#text [OPEN]
[INFO ] 2023-11-01 09:59:04.655 [main] ConvertMxmlService - Node Name =tougouchusyutsu:MG3001002_01_000_AS [OPEN]
[INFO ] 2023-11-01 09:59:04.656 [main] ConvertMxmlService - Node Name =#text [OPEN]
[INFO ] 2023-11-01 09:59:04.657 [main] ConvertMxmlService - Node Name =Controls:ACCLabel [OPEN]
[INFO ] 2023-11-01 09:59:04.660 [main] ConvertMxmlService - Node Name =Controls:ACCLabel [CLOSE]
[INFO ] 2023-11-01 09:59:04.660 [main] ConvertMxmlService - Node Name =#text [OPEN]
[INFO ] 2023-11-01 09:59:04.660 [main] ConvertMxmlService - Node Name =Controls:ACCTextInputMaskNumber [OPEN]
[INFO ] 2023-11-01 09:59:04.660 [main] ConvertMxmlService - Node Name =#text [OPEN]
[INFO ] 2023-11-01 09:59:04.660 [main] ConvertMxmlService - Node Name =Containers:ACCPanel [OPEN]
[INFO ] 2023-11-01 09:59:05.561 [main] ConvertMxmlService - Node Name =#text [OPEN]
[INFO ] 2023-11-01 09:59:05.562 [main] ConvertMxmlService - Node Name =Controls:ACCRadioButtonGroup [OPEN]
[INFO ] 2023-11-01 09:59:05.566 [main] ConvertMxmlService - Node Name =Controls:ACCRadioButtonGroup [CLOSE]
[INFO ] 2023-11-01 09:59:05.566 [main] ConvertMxmlService - Node Name =#text [OPEN]
[INFO ] 2023-11-01 09:59:05.566 [main] ConvertMxmlService - Node Name =Controls:ACCRadioButton [OPEN]
[INFO ] 2023-11-01 09:59:05.569 [main] ConvertMxmlService - Node Name =Controls:ACCRadioButton [CLOSE]
[INFO ] 2023-11-01 09:59:05.569 [main] ConvertMxmlService - Node Name =#text [OPEN]
[INFO ] 2023-11-01 09:59:05.570 [main] ConvertMxmlService - Node Name =Controls:ACCRadioButton [OPEN]
[INFO ] 2023-11-01 09:59:05.572 [main] ConvertMxmlService - Node Name =Controls:ACCRadioButton [CLOSE]
[INFO ] 2023-11-01 09:59:05.572 [main] ConvertMxmlService - Node Name =#text [OPEN]
[INFO ] 2023-11-01 09:59:05.572 [main] ConvertMxmlService - Node Name =Controls:ACCRadioButton [OPEN]
[INFO ] 2023-11-01 09:59:05.573 [main] ConvertMxmlService - Node Name =Controls:ACCRadioButton [CLOSE]
[INFO ] 2023-11-01 09:59:05.573 [main] ConvertMxmlService - Node Name =#text [OPEN]
[INFO ] 2023-11-01 09:59:05.573 [main] ConvertMxmlService - Node Name =Controls:ACCRadioButton [OPEN]
[INFO ] 2023-11-01 09:59:05.576 [main] ConvertMxmlService - Node Name =Controls:ACCRadioButton [CLOSE]
[INFO ] 2023-11-01 09:59:05.576 [main] ConvertMxmlService - Node Name =#text [OPEN]
[INFO ] 2023-11-01 09:59:05.576 [main] ConvertMxmlService - Node Name =Controls:ACCRadioButton [OPEN]
[INFO ] 2023-11-01 09:59:05.580 [main] ConvertMxmlService - Node Name =Controls:ACCRadioButton [CLOSE]
[INFO ] 2023-11-01 09:59:05.580 [main] ConvertMxmlService - Node Name =#text [OPEN]
[INFO ] 2023-11-01 09:59:05.580 [main] ConvertMxmlService - Node Name =Controls:ACCRadioButtonGroup [OPEN]
[INFO ] 2023-11-01 09:59:05.584 [main] ConvertMxmlService - Node Name =Controls:ACCRadioButtonGroup [CLOSE]
[INFO ] 2023-11-01 09:59:05.584 [main] ConvertMxmlService - Node Name =#text [OPEN]
[INFO ] 2023-11-01 09:59:05.584 [main] ConvertMxmlService - Node Name =Controls:ACCRadioButton [OPEN]
[INFO ] 2023-11-01 09:59:05.587 [main] ConvertMxmlService - Node Name =Controls:ACCRadioButton [CLOSE]
[INFO ] 2023-11-01 09:59:05.587 [main] ConvertMxmlService - Node Name =#text [OPEN]
[INFO ] 2023-11-01 09:59:05.587 [main] ConvertMxmlService - Node Name =Controls:ACCRadioButton [OPEN]
[INFO ] 2023-11-01 09:59:05.589 [main] ConvertMxmlService - Node Name =Controls:ACCRadioButton [CLOSE]
[INFO ] 2023-11-01 09:59:05.589 [main] ConvertMxmlService - Node Name =#text [OPEN]
[INFO ] 2023-11-01 09:59:05.589 [main] ConvertMxmlService - Node Name =Containers:ACCPanel [CLOSE]
[INFO ] 2023-11-01 09:59:05.589 [main] ConvertMxmlService - Node Name =#text [OPEN]
[INFO ] 2023-11-01 09:59:05.589 [main] ConvertMxmlService - Node Name =#comment [OPEN]
[INFO ] 2023-11-01 09:59:05.589 [main] ConvertMxmlService - Node Name =#text [OPEN]
[INFO ] 2023-11-01 09:59:05.589 [main] ConvertMxmlService - Node Name =Controls:ACCButton [OPEN]
[INFO ] 2023-11-01 09:59:05.591 [main] ConvertMxmlService - Node Name =Controls:ACCButton [CLOSE]
[INFO ] 2023-11-01 09:59:05.591 [main] ConvertMxmlService - Node Name =#text [OPEN]
[INFO ] 2023-11-01 09:59:05.591 [main] ConvertMxmlService - Node Name =Controls:ACCTextInputMaskNumber [OPEN]
[INFO ] 2023-11-01 09:59:05.591 [main] ConvertMxmlService - Node Name =#text [OPEN]
[INFO ] 2023-11-01 09:59:05.591 [main] ConvertMxmlService - Node Name =#comment [OPEN]
[INFO ] 2023-11-01 09:59:05.591 [main] ConvertMxmlService - Node Name =#text [OPEN]
[INFO ] 2023-11-01 09:59:05.591 [main] ConvertMxmlService - Node Name =Controls:ACCButton [OPEN]
[INFO ] 2023-11-01 09:59:05.593 [main] ConvertMxmlService - Node Name =Controls:ACCButton [CLOSE]
[INFO ] 2023-11-01 09:59:05.593 [main] ConvertMxmlService - Node Name =#text [OPEN]
[INFO ] 2023-11-01 09:59:05.593 [main] ConvertMxmlService - Node Name =#comment [OPEN]
[INFO ] 2023-11-01 09:59:05.593 [main] ConvertMxmlService - Node Name =#text [OPEN]
[INFO ] 2023-11-01 09:59:05.593 [main] ConvertMxmlService - Node Name =Controls:ACCButton [OPEN]
[INFO ] 2023-11-01 09:59:05.594 [main] ConvertMxmlService - Node Name =Controls:ACCButton [CLOSE]
[INFO ] 2023-11-01 09:59:05.594 [main] ConvertMxmlService - Node Name =#text [OPEN]
[INFO ] 2023-11-01 09:59:05.594 [main] ConvertMxmlService - Node Name =Containers:ACCCanvas [CLOSE]
[DEBUG] 2023-11-01 09:59:05.594 [main] MxmlConvert - parent name: null
[DEBUG] 2023-11-01 09:59:05.594 [main] MxmlConvert - name: #comment
[DEBUG] 2023-11-01 09:59:05.594 [main] MxmlConvert - cssElement: 
[DEBUG] 2023-11-01 09:59:05.594 [main] MxmlConvert - attributeElement: 
[DEBUG] 2023-11-01 09:59:05.594 [main] MxmlConvert - <!--  抽出一覧 -->
[DEBUG] 2023-11-01 09:59:05.595 [main] MxmlConvert - parent name: First Node
[DEBUG] 2023-11-01 09:59:05.595 [main] MxmlConvert - name: Containers:ACCCanvas
[DEBUG] 2023-11-01 09:59:05.595 [main] MxmlConvert - parent name: Containers:ACCCanvas
[DEBUG] 2023-11-01 09:59:05.595 [main] MxmlConvert - name: Controls:ACCLabel
[DEBUG] 2023-11-01 09:59:05.595 [main] MxmlConvert - cssElement: 
[DEBUG] 2023-11-01 09:59:05.595 [main] MxmlConvert - attributeElement: 
[DEBUG] 2023-11-01 09:59:05.595 [main] MxmlConvert - parent name: Containers:ACCCanvas
[DEBUG] 2023-11-01 09:59:05.595 [main] MxmlConvert - name: Containers:ACCPanel
[DEBUG] 2023-11-01 09:59:05.595 [main] MxmlConvert - parent name: Containers:ACCPanel
[DEBUG] 2023-11-01 09:59:05.595 [main] MxmlConvert - name: Controls:ACCRadioButtonGroup
[DEBUG] 2023-11-01 09:59:05.595 [main] MxmlConvert - cssElement: 
[DEBUG] 2023-11-01 09:59:05.595 [main] MxmlConvert - attributeElement: 
[DEBUG] 2023-11-01 09:59:05.595 [main] MxmlConvert - parent name: Containers:ACCPanel
[DEBUG] 2023-11-01 09:59:05.595 [main] MxmlConvert - name: Controls:ACCRadioButton
[DEBUG] 2023-11-01 09:59:05.595 [main] MxmlConvert - cssElement: 
[DEBUG] 2023-11-01 09:59:05.595 [main] MxmlConvert - attributeElement: 
[DEBUG] 2023-11-01 09:59:05.595 [main] MxmlConvert - parent name: Containers:ACCPanel
[DEBUG] 2023-11-01 09:59:05.595 [main] MxmlConvert - name: Controls:ACCRadioButton
[DEBUG] 2023-11-01 09:59:05.595 [main] MxmlConvert - cssElement: 
[DEBUG] 2023-11-01 09:59:05.595 [main] MxmlConvert - attributeElement: 
[DEBUG] 2023-11-01 09:59:05.595 [main] MxmlConvert - parent name: Containers:ACCPanel
[DEBUG] 2023-11-01 09:59:05.595 [main] MxmlConvert - name: Controls:ACCRadioButton
[DEBUG] 2023-11-01 09:59:05.595 [main] MxmlConvert - cssElement: 
[DEBUG] 2023-11-01 09:59:05.595 [main] MxmlConvert - attributeElement: 
[DEBUG] 2023-11-01 09:59:05.595 [main] MxmlConvert - parent name: Containers:ACCPanel
[DEBUG] 2023-11-01 09:59:05.595 [main] MxmlConvert - name: Controls:ACCRadioButton
[DEBUG] 2023-11-01 09:59:05.595 [main] MxmlConvert - cssElement: 
[DEBUG] 2023-11-01 09:59:05.595 [main] MxmlConvert - attributeElement: 
[DEBUG] 2023-11-01 09:59:05.595 [main] MxmlConvert - parent name: Containers:ACCPanel
[DEBUG] 2023-11-01 09:59:05.595 [main] MxmlConvert - name: Controls:ACCRadioButton
[DEBUG] 2023-11-01 09:59:05.595 [main] MxmlConvert - cssElement: 
[DEBUG] 2023-11-01 09:59:05.595 [main] MxmlConvert - attributeElement: 
[DEBUG] 2023-11-01 09:59:05.595 [main] MxmlConvert - parent name: Containers:ACCPanel
[DEBUG] 2023-11-01 09:59:05.595 [main] MxmlConvert - name: Controls:ACCRadioButtonGroup
[DEBUG] 2023-11-01 09:59:05.595 [main] MxmlConvert - cssElement: 
[DEBUG] 2023-11-01 09:59:05.595 [main] MxmlConvert - attributeElement: 
[DEBUG] 2023-11-01 09:59:05.595 [main] MxmlConvert - parent name: Containers:ACCPanel
[DEBUG] 2023-11-01 09:59:05.595 [main] MxmlConvert - name: Controls:ACCRadioButton
[DEBUG] 2023-11-01 09:59:05.595 [main] MxmlConvert - cssElement: 
[DEBUG] 2023-11-01 09:59:05.595 [main] MxmlConvert - attributeElement: 
[DEBUG] 2023-11-01 09:59:05.595 [main] MxmlConvert - parent name: Containers:ACCPanel
[DEBUG] 2023-11-01 09:59:05.595 [main] MxmlConvert - name: Controls:ACCRadioButton
[DEBUG] 2023-11-01 09:59:05.595 [main] MxmlConvert - cssElement: 
[DEBUG] 2023-11-01 09:59:05.595 [main] MxmlConvert - attributeElement: 
[DEBUG] 2023-11-01 09:59:05.595 [main] MxmlConvert - cssElement: 
[DEBUG] 2023-11-01 09:59:05.595 [main] MxmlConvert - attributeElement: 
[DEBUG] 2023-11-01 09:59:05.595 [main] MxmlConvert - parent name: Containers:ACCCanvas
[DEBUG] 2023-11-01 09:59:05.595 [main] MxmlConvert - name: Controls:ACCButton
[DEBUG] 2023-11-01 09:59:05.595 [main] MxmlConvert - cssElement: 
[DEBUG] 2023-11-01 09:59:05.595 [main] MxmlConvert - attributeElement: 
[DEBUG] 2023-11-01 09:59:05.595 [main] MxmlConvert - parent name: Containers:ACCCanvas
[DEBUG] 2023-11-01 09:59:05.595 [main] MxmlConvert - name: Controls:ACCButton
[DEBUG] 2023-11-01 09:59:05.595 [main] MxmlConvert - cssElement: 
[DEBUG] 2023-11-01 09:59:05.595 [main] MxmlConvert - attributeElement: 
[DEBUG] 2023-11-01 09:59:05.595 [main] MxmlConvert - parent name: Containers:ACCCanvas
[DEBUG] 2023-11-01 09:59:05.595 [main] MxmlConvert - name: Controls:ACCButton
[DEBUG] 2023-11-01 09:59:05.595 [main] MxmlConvert - cssElement: 
[DEBUG] 2023-11-01 09:59:05.595 [main] MxmlConvert - attributeElement: 
[DEBUG] 2023-11-01 09:59:05.595 [main] MxmlConvert - cssElement: 
[DEBUG] 2023-11-01 09:59:05.595 [main] MxmlConvert - attributeElement: 
[DEBUG] 2023-11-01 09:59:05.596 [main] MxmlConvert - <!--  抽出一覧 --><p:outputLabel></p:outputLabel><p:panel><p:selectOneRadio></p:selectOneRadio><p:selectOneRadio></p:selectOneRadio></p:panel><p:commandButton></p:commandButton><p:commandButton></p:commandButton><p:commandButton></p:commandButton>
[INFO ] 2023-11-01 09:59:05.596 [main] MxmlConvert - Html file created successfully.
[INFO ] 2023-11-01 09:59:05.596 [main] MxmlConvert - CSS file created successfully.
[INFO ] 2023-11-01 09:59:05.600 [main] MxmlConvert - Root Element :Containers:ACCCanvas
[INFO ] 2023-11-01 09:59:05.600 [main] MxmlConvert - ------
[INFO ] 2023-11-01 09:59:05.601 [main] ConvertMxmlService - Node Name =#comment [OPEN]
[INFO ] 2023-11-01 09:59:05.601 [main] ConvertMxmlService - Node Name =Containers:ACCCanvas [OPEN]
[INFO ] 2023-11-01 09:59:09.804 [main] ConvertMxmlService - Node Name =#text [OPEN]
[INFO ] 2023-11-01 09:59:09.805 [main] ConvertMxmlService - Node Name =mx:Script [OPEN]
[INFO ] 2023-11-01 09:59:09.805 [main] ConvertMxmlService - Node Name =#text [OPEN]
[INFO ] 2023-11-01 09:59:09.805 [main] ConvertMxmlService - Node Name =#comment [OPEN]
[INFO ] 2023-11-01 09:59:09.805 [main] ConvertMxmlService - Node Name =#text [OPEN]
[INFO ] 2023-11-01 09:59:09.805 [main] ConvertMxmlService - Node Name =#comment [OPEN]
[INFO ] 2023-11-01 09:59:09.805 [main] ConvertMxmlService - Node Name =#text [OPEN]
[INFO ] 2023-11-01 09:59:09.805 [main] ConvertMxmlService - Node Name =mx:XML [OPEN]
[INFO ] 2023-11-01 09:59:09.806 [main] ConvertMxmlService - Node Name =#text [OPEN]
[INFO ] 2023-11-01 09:59:09.806 [main] ConvertMxmlService - Node Name =tougouchusyutsu:MG3001003_01_000_AS [OPEN]
[INFO ] 2023-11-01 09:59:09.806 [main] ConvertMxmlService - Node Name =#text [OPEN]
[INFO ] 2023-11-01 09:59:09.806 [main] ConvertMxmlService - Node Name =Containers:ACCPanel [OPEN]
[INFO ] 2023-11-01 09:59:10.745 [main] ConvertMxmlService - Node Name =#text [OPEN]
[INFO ] 2023-11-01 09:59:10.745 [main] ConvertMxmlService - Node Name =Controls:ACCRadioButtonGroup [OPEN]
[INFO ] 2023-11-01 09:59:10.751 [main] ConvertMxmlService - Node Name =Controls:ACCRadioButtonGroup [CLOSE]
[INFO ] 2023-11-01 09:59:10.751 [main] ConvertMxmlService - Node Name =#text [OPEN]
[INFO ] 2023-11-01 09:59:10.751 [main] ConvertMxmlService - Node Name =Controls:ACCRadioButton [OPEN]
[INFO ] 2023-11-01 09:59:10.754 [main] ConvertMxmlService - Node Name =Controls:ACCRadioButton [CLOSE]
[INFO ] 2023-11-01 09:59:10.754 [main] ConvertMxmlService - Node Name =#text [OPEN]
[INFO ] 2023-11-01 09:59:10.754 [main] ConvertMxmlService - Node Name =Controls:ACCRadioButton [OPEN]
[INFO ] 2023-11-01 09:59:10.757 [main] ConvertMxmlService - Node Name =Controls:ACCRadioButton [CLOSE]
[INFO ] 2023-11-01 09:59:10.757 [main] ConvertMxmlService - Node Name =#text [OPEN]
[INFO ] 2023-11-01 09:59:10.757 [main] ConvertMxmlService - Node Name =Controls:ACCRadioButton [OPEN]
[INFO ] 2023-11-01 09:59:10.759 [main] ConvertMxmlService - Node Name =Controls:ACCRadioButton [CLOSE]
[INFO ] 2023-11-01 09:59:10.759 [main] ConvertMxmlService - Node Name =#text [OPEN]
[INFO ] 2023-11-01 09:59:10.759 [main] ConvertMxmlService - Node Name =Controls:ACCRadioButton [OPEN]
[INFO ] 2023-11-01 09:59:10.761 [main] ConvertMxmlService - Node Name =Controls:ACCRadioButton [CLOSE]
[INFO ] 2023-11-01 09:59:10.761 [main] ConvertMxmlService - Node Name =#text [OPEN]
[INFO ] 2023-11-01 09:59:10.761 [main] ConvertMxmlService - Node Name =Controls:ACCRadioButton [OPEN]
[INFO ] 2023-11-01 09:59:10.763 [main] ConvertMxmlService - Node Name =Controls:ACCRadioButton [CLOSE]
[INFO ] 2023-11-01 09:59:10.763 [main] ConvertMxmlService - Node Name =#text [OPEN]
[INFO ] 2023-11-01 09:59:10.763 [main] ConvertMxmlService - Node Name =Controls:ACCRadioButtonGroup [OPEN]
[INFO ] 2023-11-01 09:59:10.764 [main] ConvertMxmlService - Node Name =Controls:ACCRadioButtonGroup [CLOSE]
[INFO ] 2023-11-01 09:59:10.764 [main] ConvertMxmlService - Node Name =#text [OPEN]
[INFO ] 2023-11-01 09:59:10.764 [main] ConvertMxmlService - Node Name =Controls:ACCRadioButton [OPEN]
[INFO ] 2023-11-01 09:59:10.765 [main] ConvertMxmlService - Node Name =Controls:ACCRadioButton [CLOSE]
[INFO ] 2023-11-01 09:59:10.766 [main] ConvertMxmlService - Node Name =#text [OPEN]
[INFO ] 2023-11-01 09:59:10.766 [main] ConvertMxmlService - Node Name =Controls:ACCRadioButton [OPEN]
[INFO ] 2023-11-01 09:59:10.767 [main] ConvertMxmlService - Node Name =Controls:ACCRadioButton [CLOSE]
[INFO ] 2023-11-01 09:59:10.767 [main] ConvertMxmlService - Node Name =#text [OPEN]
[INFO ] 2023-11-01 09:59:10.767 [main] ConvertMxmlService - Node Name =Containers:ACCPanel [CLOSE]
[INFO ] 2023-11-01 09:59:10.767 [main] ConvertMxmlService - Node Name =#text [OPEN]
[INFO ] 2023-11-01 09:59:10.767 [main] ConvertMxmlService - Node Name =Controls:ACCLabel [OPEN]
[INFO ] 2023-11-01 09:59:10.770 [main] ConvertMxmlService - Node Name =Controls:ACCLabel [CLOSE]
[INFO ] 2023-11-01 09:59:10.770 [main] ConvertMxmlService - Node Name =#text [OPEN]
[INFO ] 2023-11-01 09:59:10.770 [main] ConvertMxmlService - Node Name =Controls:ACCTextInputMaskNumber [OPEN]
[INFO ] 2023-11-01 09:59:10.771 [main] ConvertMxmlService - Node Name =#text [OPEN]
[INFO ] 2023-11-01 09:59:10.771 [main] ConvertMxmlService - Node Name =Controls:ACCButton [OPEN]
[INFO ] 2023-11-01 09:59:10.773 [main] ConvertMxmlService - Node Name =Controls:ACCButton [CLOSE]
[INFO ] 2023-11-01 09:59:10.773 [main] ConvertMxmlService - Node Name =#text [OPEN]
[INFO ] 2023-11-01 09:59:10.773 [main] ConvertMxmlService - Node Name =Controls:ACCLabel [OPEN]
[INFO ] 2023-11-01 09:59:10.775 [main] ConvertMxmlService - Node Name =Controls:ACCLabel [CLOSE]
[INFO ] 2023-11-01 09:59:10.775 [main] ConvertMxmlService - Node Name =#text [OPEN]
[INFO ] 2023-11-01 09:59:10.775 [main] ConvertMxmlService - Node Name =Controls:ACCComboBoxCode [OPEN]
[INFO ] 2023-11-01 09:59:10.776 [main] ConvertMxmlService - Node Name =Controls:ACCComboBoxCode [CLOSE]
[INFO ] 2023-11-01 09:59:10.776 [main] ConvertMxmlService - Node Name =#text [OPEN]
[INFO ] 2023-11-01 09:59:10.776 [main] ConvertMxmlService - Node Name =Controls:ACCCheckBox [OPEN]
[INFO ] 2023-11-01 09:59:10.778 [main] ConvertMxmlService - Node Name =Controls:ACCCheckBox [CLOSE]
[INFO ] 2023-11-01 09:59:10.778 [main] ConvertMxmlService - Node Name =#text [OPEN]
[INFO ] 2023-11-01 09:59:10.778 [main] ConvertMxmlService - Node Name =Controls:ACCLabel [OPEN]
[INFO ] 2023-11-01 09:59:10.779 [main] ConvertMxmlService - Node Name =Controls:ACCLabel [CLOSE]
[INFO ] 2023-11-01 09:59:10.779 [main] ConvertMxmlService - Node Name =#text [OPEN]
[INFO ] 2023-11-01 09:59:10.779 [main] ConvertMxmlService - Node Name =Controls:ACCComboBox [OPEN]
[INFO ] 2023-11-01 09:59:10.779 [main] ConvertMxmlService - Node Name =#text [OPEN]
[INFO ] 2023-11-01 09:59:10.779 [main] ConvertMxmlService - Node Name =Controls:ACCButton [OPEN]
[INFO ] 2023-11-01 09:59:10.780 [main] ConvertMxmlService - Node Name =Controls:ACCButton [CLOSE]
[INFO ] 2023-11-01 09:59:10.780 [main] ConvertMxmlService - Node Name =#text [OPEN]
[INFO ] 2023-11-01 09:59:10.781 [main] ConvertMxmlService - Node Name =Controls:ACCButton [OPEN]
[INFO ] 2023-11-01 09:59:10.782 [main] ConvertMxmlService - Node Name =Controls:ACCButton [CLOSE]
[INFO ] 2023-11-01 09:59:10.782 [main] ConvertMxmlService - Node Name =#text [OPEN]
[INFO ] 2023-11-01 09:59:10.782 [main] ConvertMxmlService - Node Name =#comment [OPEN]
[INFO ] 2023-11-01 09:59:10.782 [main] ConvertMxmlService - Node Name =#text [OPEN]
[INFO ] 2023-11-01 09:59:10.782 [main] ConvertMxmlService - Node Name =Containers:ACCPanel [OPEN]
[INFO ] 2023-11-01 09:59:17.679 [main] ConvertMxmlService - Node Name =#text [OPEN]
[INFO ] 2023-11-01 09:59:17.679 [main] ConvertMxmlService - Node Name =Controls:ACCLabel [OPEN]
[INFO ] 2023-11-01 09:59:17.682 [main] ConvertMxmlService - Node Name =Controls:ACCLabel [CLOSE]
[INFO ] 2023-11-01 09:59:17.682 [main] ConvertMxmlService - Node Name =#text [OPEN]
[INFO ] 2023-11-01 09:59:17.682 [main] ConvertMxmlService - Node Name =Controls:ACCComboBox [OPEN]
[INFO ] 2023-11-01 09:59:17.682 [main] ConvertMxmlService - Node Name =#text [OPEN]
[INFO ] 2023-11-01 09:59:17.682 [main] ConvertMxmlService - Node Name =Controls:ACCLabel [OPEN]
[INFO ] 2023-11-01 09:59:17.684 [main] ConvertMxmlService - Node Name =Controls:ACCLabel [CLOSE]
[INFO ] 2023-11-01 09:59:17.684 [main] ConvertMxmlService - Node Name =#text [OPEN]
[INFO ] 2023-11-01 09:59:17.684 [main] ConvertMxmlService - Node Name =Controls:ACCTextInput [OPEN]
[INFO ] 2023-11-01 09:59:17.686 [main] ConvertMxmlService - Node Name =Controls:ACCTextInput [CLOSE]
[INFO ] 2023-11-01 09:59:17.686 [main] ConvertMxmlService - Node Name =#text [OPEN]
[INFO ] 2023-11-01 09:59:17.686 [main] ConvertMxmlService - Node Name =Controls:ACCButton [OPEN]
[INFO ] 2023-11-01 09:59:17.687 [main] ConvertMxmlService - Node Name =Controls:ACCButton [CLOSE]
[INFO ] 2023-11-01 09:59:17.687 [main] ConvertMxmlService - Node Name =#text [OPEN]
[INFO ] 2023-11-01 09:59:17.687 [main] ConvertMxmlService - Node Name =Containers:ACCPanel [CLOSE]
[INFO ] 2023-11-01 09:59:17.687 [main] ConvertMxmlService - Node Name =#text [OPEN]
[INFO ] 2023-11-01 09:59:17.687 [main] ConvertMxmlService - Node Name =Containers:ACCCanvas [CLOSE]
[DEBUG] 2023-11-01 09:59:17.687 [main] MxmlConvert - parent name: null
[DEBUG] 2023-11-01 09:59:17.687 [main] MxmlConvert - name: #comment
[DEBUG] 2023-11-01 09:59:17.687 [main] MxmlConvert - cssElement: 
[DEBUG] 2023-11-01 09:59:17.687 [main] MxmlConvert - attributeElement: 
[DEBUG] 2023-11-01 09:59:17.687 [main] MxmlConvert - <!--  コールリスト -->
[DEBUG] 2023-11-01 09:59:17.688 [main] MxmlConvert - parent name: First Node
[DEBUG] 2023-11-01 09:59:17.688 [main] MxmlConvert - name: Containers:ACCCanvas
[DEBUG] 2023-11-01 09:59:17.688 [main] MxmlConvert - parent name: Containers:ACCCanvas
[DEBUG] 2023-11-01 09:59:17.688 [main] MxmlConvert - name: Containers:ACCPanel
[DEBUG] 2023-11-01 09:59:17.688 [main] MxmlConvert - parent name: Containers:ACCPanel
[DEBUG] 2023-11-01 09:59:17.688 [main] MxmlConvert - name: Controls:ACCRadioButtonGroup
[DEBUG] 2023-11-01 09:59:17.688 [main] MxmlConvert - cssElement: 
[DEBUG] 2023-11-01 09:59:17.688 [main] MxmlConvert - attributeElement: 
[DEBUG] 2023-11-01 09:59:17.688 [main] MxmlConvert - parent name: Containers:ACCPanel
[DEBUG] 2023-11-01 09:59:17.688 [main] MxmlConvert - name: Controls:ACCRadioButton
[DEBUG] 2023-11-01 09:59:17.688 [main] MxmlConvert - cssElement: 
[DEBUG] 2023-11-01 09:59:17.688 [main] MxmlConvert - attributeElement: 
[DEBUG] 2023-11-01 09:59:17.688 [main] MxmlConvert - parent name: Containers:ACCPanel
[DEBUG] 2023-11-01 09:59:17.688 [main] MxmlConvert - name: Controls:ACCRadioButton
[DEBUG] 2023-11-01 09:59:17.688 [main] MxmlConvert - cssElement: 
[DEBUG] 2023-11-01 09:59:17.688 [main] MxmlConvert - attributeElement: 
[DEBUG] 2023-11-01 09:59:17.688 [main] MxmlConvert - parent name: Containers:ACCPanel
[DEBUG] 2023-11-01 09:59:17.688 [main] MxmlConvert - name: Controls:ACCRadioButton
[DEBUG] 2023-11-01 09:59:17.688 [main] MxmlConvert - cssElement: 
[DEBUG] 2023-11-01 09:59:17.688 [main] MxmlConvert - attributeElement: 
[DEBUG] 2023-11-01 09:59:17.688 [main] MxmlConvert - parent name: Containers:ACCPanel
[DEBUG] 2023-11-01 09:59:17.688 [main] MxmlConvert - name: Controls:ACCRadioButton
[DEBUG] 2023-11-01 09:59:17.688 [main] MxmlConvert - cssElement: 
[DEBUG] 2023-11-01 09:59:17.688 [main] MxmlConvert - attributeElement: 
[DEBUG] 2023-11-01 09:59:17.688 [main] MxmlConvert - parent name: Containers:ACCPanel
[DEBUG] 2023-11-01 09:59:17.688 [main] MxmlConvert - name: Controls:ACCRadioButton
[DEBUG] 2023-11-01 09:59:17.688 [main] MxmlConvert - cssElement: 
[DEBUG] 2023-11-01 09:59:17.688 [main] MxmlConvert - attributeElement: 
[DEBUG] 2023-11-01 09:59:17.688 [main] MxmlConvert - parent name: Containers:ACCPanel
[DEBUG] 2023-11-01 09:59:17.688 [main] MxmlConvert - name: Controls:ACCRadioButtonGroup
[DEBUG] 2023-11-01 09:59:17.688 [main] MxmlConvert - cssElement: 
[DEBUG] 2023-11-01 09:59:17.688 [main] MxmlConvert - attributeElement: 
[DEBUG] 2023-11-01 09:59:17.688 [main] MxmlConvert - parent name: Containers:ACCPanel
[DEBUG] 2023-11-01 09:59:17.688 [main] MxmlConvert - name: Controls:ACCRadioButton
[DEBUG] 2023-11-01 09:59:17.688 [main] MxmlConvert - cssElement: 
[DEBUG] 2023-11-01 09:59:17.688 [main] MxmlConvert - attributeElement: 
[DEBUG] 2023-11-01 09:59:17.688 [main] MxmlConvert - parent name: Containers:ACCPanel
[DEBUG] 2023-11-01 09:59:17.688 [main] MxmlConvert - name: Controls:ACCRadioButton
[DEBUG] 2023-11-01 09:59:17.688 [main] MxmlConvert - cssElement: 
[DEBUG] 2023-11-01 09:59:17.688 [main] MxmlConvert - attributeElement: 
[DEBUG] 2023-11-01 09:59:17.688 [main] MxmlConvert - cssElement: 
[DEBUG] 2023-11-01 09:59:17.688 [main] MxmlConvert - attributeElement: 
[DEBUG] 2023-11-01 09:59:17.688 [main] MxmlConvert - parent name: Containers:ACCCanvas
[DEBUG] 2023-11-01 09:59:17.688 [main] MxmlConvert - name: Controls:ACCLabel
[DEBUG] 2023-11-01 09:59:17.688 [main] MxmlConvert - cssElement: 
[DEBUG] 2023-11-01 09:59:17.688 [main] MxmlConvert - attributeElement: 
[DEBUG] 2023-11-01 09:59:17.688 [main] MxmlConvert - parent name: Containers:ACCCanvas
[DEBUG] 2023-11-01 09:59:17.688 [main] MxmlConvert - name: Controls:ACCButton
[DEBUG] 2023-11-01 09:59:17.688 [main] MxmlConvert - cssElement: 
[DEBUG] 2023-11-01 09:59:17.688 [main] MxmlConvert - attributeElement: 
[DEBUG] 2023-11-01 09:59:17.688 [main] MxmlConvert - parent name: Containers:ACCCanvas
[DEBUG] 2023-11-01 09:59:17.688 [main] MxmlConvert - name: Controls:ACCLabel
[DEBUG] 2023-11-01 09:59:17.688 [main] MxmlConvert - cssElement: 
[DEBUG] 2023-11-01 09:59:17.688 [main] MxmlConvert - attributeElement: 
[DEBUG] 2023-11-01 09:59:17.688 [main] MxmlConvert - parent name: Containers:ACCCanvas
[DEBUG] 2023-11-01 09:59:17.688 [main] MxmlConvert - name: Controls:ACCComboBoxCode
[DEBUG] 2023-11-01 09:59:17.688 [main] MxmlConvert - cssElement: 
[DEBUG] 2023-11-01 09:59:17.688 [main] MxmlConvert - attributeElement: 
[DEBUG] 2023-11-01 09:59:17.688 [main] MxmlConvert - parent name: Containers:ACCCanvas
[DEBUG] 2023-11-01 09:59:17.688 [main] MxmlConvert - name: Controls:ACCCheckBox
[DEBUG] 2023-11-01 09:59:17.688 [main] MxmlConvert - cssElement: 
[DEBUG] 2023-11-01 09:59:17.688 [main] MxmlConvert - attributeElement: 
[DEBUG] 2023-11-01 09:59:17.688 [main] MxmlConvert - parent name: Containers:ACCCanvas
[DEBUG] 2023-11-01 09:59:17.688 [main] MxmlConvert - name: Controls:ACCLabel
[DEBUG] 2023-11-01 09:59:17.688 [main] MxmlConvert - cssElement: 
[DEBUG] 2023-11-01 09:59:17.688 [main] MxmlConvert - attributeElement: 
[DEBUG] 2023-11-01 09:59:17.688 [main] MxmlConvert - parent name: Containers:ACCCanvas
[DEBUG] 2023-11-01 09:59:17.688 [main] MxmlConvert - name: Controls:ACCButton
[DEBUG] 2023-11-01 09:59:17.688 [main] MxmlConvert - cssElement: 
[DEBUG] 2023-11-01 09:59:17.688 [main] MxmlConvert - attributeElement: 
[DEBUG] 2023-11-01 09:59:17.688 [main] MxmlConvert - parent name: Containers:ACCCanvas
[DEBUG] 2023-11-01 09:59:17.688 [main] MxmlConvert - name: Controls:ACCButton
[DEBUG] 2023-11-01 09:59:17.688 [main] MxmlConvert - cssElement: 
[DEBUG] 2023-11-01 09:59:17.689 [main] MxmlConvert - attributeElement: 
[DEBUG] 2023-11-01 09:59:17.689 [main] MxmlConvert - parent name: Containers:ACCCanvas
[DEBUG] 2023-11-01 09:59:17.689 [main] MxmlConvert - name: Containers:ACCPanel
[DEBUG] 2023-11-01 09:59:17.689 [main] MxmlConvert - parent name: Containers:ACCPanel
[DEBUG] 2023-11-01 09:59:17.689 [main] MxmlConvert - name: Controls:ACCLabel
[DEBUG] 2023-11-01 09:59:17.689 [main] MxmlConvert - cssElement: 
[DEBUG] 2023-11-01 09:59:17.689 [main] MxmlConvert - attributeElement: 
[DEBUG] 2023-11-01 09:59:17.689 [main] MxmlConvert - parent name: Containers:ACCPanel
[DEBUG] 2023-11-01 09:59:17.689 [main] MxmlConvert - name: Controls:ACCLabel
[DEBUG] 2023-11-01 09:59:17.689 [main] MxmlConvert - cssElement: 
[DEBUG] 2023-11-01 09:59:17.689 [main] MxmlConvert - attributeElement: 
[DEBUG] 2023-11-01 09:59:17.689 [main] MxmlConvert - parent name: Containers:ACCPanel
[DEBUG] 2023-11-01 09:59:17.689 [main] MxmlConvert - name: Controls:ACCTextInput
[DEBUG] 2023-11-01 09:59:17.689 [main] MxmlConvert - cssElement: 
[DEBUG] 2023-11-01 09:59:17.689 [main] MxmlConvert - attributeElement: 
[DEBUG] 2023-11-01 09:59:17.689 [main] MxmlConvert - parent name: Containers:ACCPanel
[DEBUG] 2023-11-01 09:59:17.689 [main] MxmlConvert - name: Controls:ACCButton
[DEBUG] 2023-11-01 09:59:17.689 [main] MxmlConvert - cssElement: 
[DEBUG] 2023-11-01 09:59:17.689 [main] MxmlConvert - attributeElement: 
[DEBUG] 2023-11-01 09:59:17.689 [main] MxmlConvert - cssElement: 
[DEBUG] 2023-11-01 09:59:17.689 [main] MxmlConvert - attributeElement: 
[DEBUG] 2023-11-01 09:59:17.689 [main] MxmlConvert - cssElement: 
[DEBUG] 2023-11-01 09:59:17.689 [main] MxmlConvert - attributeElement: 
[DEBUG] 2023-11-01 09:59:17.689 [main] MxmlConvert - <!--  コールリスト --><p:panel><p:selectOneRadio></p:selectOneRadio><p:selectOneRadio></p:selectOneRadio></p:panel><p:outputLabel></p:outputLabel><p:commandButton></p:commandButton><p:outputLabel></p:outputLabel><p:selectOneMenu ><f:selectItem itemLabel="" itemValue="" /><f:selectItems value="" itemLabel="" itemValue=""/></p:selectOneMenu><p:selectBooleanCheckbox></p:selectBooleanCheckbox><p:outputLabel></p:outputLabel><p:commandButton></p:commandButton><p:commandButton></p:commandButton><p:panel><p:outputLabel></p:outputLabel><p:outputLabel></p:outputLabel><p:inputText></p:inputText><p:commandButton></p:commandButton></p:panel>
[INFO ] 2023-11-01 09:59:17.689 [main] MxmlConvert - Html file created successfully.
[INFO ] 2023-11-01 09:59:17.689 [main] MxmlConvert - CSS file created successfully.
[INFO ] 2023-11-01 09:59:17.694 [main] MxmlConvert - Root Element :Containers:ACCCanvas
[INFO ] 2023-11-01 09:59:17.694 [main] MxmlConvert - ------
[INFO ] 2023-11-01 09:59:17.695 [main] ConvertMxmlService - Node Name =#comment [OPEN]
[INFO ] 2023-11-01 09:59:17.695 [main] ConvertMxmlService - Node Name =#comment [OPEN]
[INFO ] 2023-11-01 09:59:17.695 [main] ConvertMxmlService - Node Name =Containers:ACCCanvas [OPEN]
[INFO ] 2023-11-01 09:59:18.180 [main] ConvertMxmlService - Node Name =#text [OPEN]
[INFO ] 2023-11-01 09:59:18.180 [main] ConvertMxmlService - Node Name =mx:Script [OPEN]
[INFO ] 2023-11-01 09:59:18.181 [main] ConvertMxmlService - Node Name =#text [OPEN]
[INFO ] 2023-11-01 09:59:18.181 [main] ConvertMxmlService - Node Name =#comment [OPEN]
[INFO ] 2023-11-01 09:59:18.181 [main] ConvertMxmlService - Node Name =#text [OPEN]
[INFO ] 2023-11-01 09:59:18.181 [main] ConvertMxmlService - Node Name =#comment [OPEN]
[INFO ] 2023-11-01 09:59:18.181 [main] ConvertMxmlService - Node Name =#text [OPEN]
[INFO ] 2023-11-01 09:59:18.181 [main] ConvertMxmlService - Node Name =mx:XML [OPEN]
[INFO ] 2023-11-01 09:59:18.182 [main] ConvertMxmlService - Node Name =#text [OPEN]
[INFO ] 2023-11-01 09:59:18.182 [main] ConvertMxmlService - Node Name =#comment [OPEN]
[INFO ] 2023-11-01 09:59:18.182 [main] ConvertMxmlService - Node Name =#text [OPEN]
[INFO ] 2023-11-01 09:59:18.182 [main] ConvertMxmlService - Node Name =mx:Metadata [OPEN]
[INFO ] 2023-11-01 09:59:18.182 [main] ConvertMxmlService - Node Name =#text [OPEN]
[INFO ] 2023-11-01 09:59:18.182 [main] ConvertMxmlService - Node Name =tougouchusyutsu:MG3001004_01_000_AS [OPEN]
[INFO ] 2023-11-01 09:59:18.183 [main] ConvertMxmlService - Node Name =#text [OPEN]
[INFO ] 2023-11-01 09:59:18.183 [main] ConvertMxmlService - Node Name =#comment [OPEN]
[INFO ] 2023-11-01 09:59:18.183 [main] ConvertMxmlService - Node Name =#text [OPEN]
[INFO ] 2023-11-01 09:59:18.183 [main] ConvertMxmlService - Node Name =Containers:ACCPanel [OPEN]
[INFO ] 2023-11-01 09:59:18.259 [main] ConvertMxmlService - Node Name =#text [OPEN]
[INFO ] 2023-11-01 09:59:18.259 [main] ConvertMxmlService - Node Name =Controls:ACCLabel [OPEN]
[INFO ] 2023-11-01 09:59:18.261 [main] ConvertMxmlService - Node Name =Controls:ACCLabel [CLOSE]
[INFO ] 2023-11-01 09:59:18.261 [main] ConvertMxmlService - Node Name =#text [OPEN]
[INFO ] 2023-11-01 09:59:18.261 [main] ConvertMxmlService - Node Name =Controls:ACCComboBox [OPEN]
[INFO ] 2023-11-01 09:59:18.262 [main] ConvertMxmlService - Node Name =#text [OPEN]
[INFO ] 2023-11-01 09:59:18.262 [main] ConvertMxmlService - Node Name =Controls:ACCLabel [OPEN]
[INFO ] 2023-11-01 09:59:18.264 [main] ConvertMxmlService - Node Name =Controls:ACCLabel [CLOSE]
[INFO ] 2023-11-01 09:59:18.264 [main] ConvertMxmlService - Node Name =#text [OPEN]
[INFO ] 2023-11-01 09:59:18.264 [main] ConvertMxmlService - Node Name =Controls:ACCComboBoxCode [OPEN]
[INFO ] 2023-11-01 09:59:18.265 [main] ConvertMxmlService - Node Name =Controls:ACCComboBoxCode [CLOSE]
[INFO ] 2023-11-01 09:59:18.265 [main] ConvertMxmlService - Node Name =#text [OPEN]
[INFO ] 2023-11-01 09:59:18.265 [main] ConvertMxmlService - Node Name =Controls:ACCLabel [OPEN]
[INFO ] 2023-11-01 09:59:18.267 [main] ConvertMxmlService - Node Name =Controls:ACCLabel [CLOSE]
[INFO ] 2023-11-01 09:59:18.267 [main] ConvertMxmlService - Node Name =#text [OPEN]
[INFO ] 2023-11-01 09:59:18.267 [main] ConvertMxmlService - Node Name =Controls:ACCRadioButtonGroup [OPEN]
[INFO ] 2023-11-01 09:59:18.269 [main] ConvertMxmlService - Node Name =Controls:ACCRadioButtonGroup [CLOSE]
[INFO ] 2023-11-01 09:59:18.269 [main] ConvertMxmlService - Node Name =#text [OPEN]
[INFO ] 2023-11-01 09:59:18.269 [main] ConvertMxmlService - Node Name =Controls:ACCRadioButton [OPEN]
[INFO ] 2023-11-01 09:59:18.271 [main] ConvertMxmlService - Node Name =Controls:ACCRadioButton [CLOSE]
[INFO ] 2023-11-01 09:59:18.271 [main] ConvertMxmlService - Node Name =#text [OPEN]
[INFO ] 2023-11-01 09:59:18.271 [main] ConvertMxmlService - Node Name =Controls:ACCRadioButton [OPEN]
[INFO ] 2023-11-01 09:59:18.272 [main] ConvertMxmlService - Node Name =Controls:ACCRadioButton [CLOSE]
[INFO ] 2023-11-01 09:59:18.272 [main] ConvertMxmlService - Node Name =#text [OPEN]
[INFO ] 2023-11-01 09:59:18.272 [main] ConvertMxmlService - Node Name =Containers:ACCPanel [CLOSE]
[INFO ] 2023-11-01 09:59:18.272 [main] ConvertMxmlService - Node Name =#text [OPEN]
[INFO ] 2023-11-01 09:59:18.272 [main] ConvertMxmlService - Node Name =#comment [OPEN]
[INFO ] 2023-11-01 09:59:18.272 [main] ConvertMxmlService - Node Name =#text [OPEN]
[INFO ] 2023-11-01 09:59:18.273 [main] ConvertMxmlService - Node Name =Containers:ACCPanel [OPEN]
[INFO ] 2023-11-01 09:59:18.338 [main] ConvertMxmlService - Node Name =#text [OPEN]
[INFO ] 2023-11-01 09:59:18.338 [main] ConvertMxmlService - Node Name =Controls:ACCLabel [OPEN]
[INFO ] 2023-11-01 09:59:18.341 [main] ConvertMxmlService - Node Name =Controls:ACCLabel [CLOSE]
[INFO ] 2023-11-01 09:59:18.341 [main] ConvertMxmlService - Node Name =#text [OPEN]
[INFO ] 2023-11-01 09:59:18.341 [main] ConvertMxmlService - Node Name =Controls:ACCComboBox [OPEN]
[INFO ] 2023-11-01 09:59:18.341 [main] ConvertMxmlService - Node Name =#text [OPEN]
[INFO ] 2023-11-01 09:59:18.341 [main] ConvertMxmlService - Node Name =Controls:ACCLabel [OPEN]
[INFO ] 2023-11-01 09:59:18.343 [main] ConvertMxmlService - Node Name =Controls:ACCLabel [CLOSE]
[INFO ] 2023-11-01 09:59:18.343 [main] ConvertMxmlService - Node Name =#text [OPEN]
[INFO ] 2023-11-01 09:59:18.343 [main] ConvertMxmlService - Node Name =Controls:ACCTextInput [OPEN]
[INFO ] 2023-11-01 09:59:18.344 [main] ConvertMxmlService - Node Name =Controls:ACCTextInput [CLOSE]
[INFO ] 2023-11-01 09:59:18.344 [main] ConvertMxmlService - Node Name =#text [OPEN]
[INFO ] 2023-11-01 09:59:18.344 [main] ConvertMxmlService - Node Name =Controls:ACCLabel [OPEN]
[INFO ] 2023-11-01 09:59:18.346 [main] ConvertMxmlService - Node Name =Controls:ACCLabel [CLOSE]
[INFO ] 2023-11-01 09:59:18.346 [main] ConvertMxmlService - Node Name =#text [OPEN]
[INFO ] 2023-11-01 09:59:18.346 [main] ConvertMxmlService - Node Name =Controls:ACCTextInput [OPEN]
[INFO ] 2023-11-01 09:59:18.347 [main] ConvertMxmlService - Node Name =Controls:ACCTextInput [CLOSE]
[INFO ] 2023-11-01 09:59:18.348 [main] ConvertMxmlService - Node Name =#text [OPEN]
[INFO ] 2023-11-01 09:59:18.348 [main] ConvertMxmlService - Node Name =Containers:ACCPanel [CLOSE]
[INFO ] 2023-11-01 09:59:18.348 [main] ConvertMxmlService - Node Name =#text [OPEN]
[INFO ] 2023-11-01 09:59:18.348 [main] ConvertMxmlService - Node Name =#comment [OPEN]
[INFO ] 2023-11-01 09:59:18.348 [main] ConvertMxmlService - Node Name =#text [OPEN]
[INFO ] 2023-11-01 09:59:18.348 [main] ConvertMxmlService - Node Name =Containers:ACCPanel [OPEN]
[INFO ] 2023-11-01 09:59:18.417 [main] ConvertMxmlService - Node Name =#text [OPEN]
[INFO ] 2023-11-01 09:59:18.417 [main] ConvertMxmlService - Node Name =Controls:ACCLabel [OPEN]
[INFO ] 2023-11-01 09:59:18.419 [main] ConvertMxmlService - Node Name =Controls:ACCLabel [CLOSE]
[INFO ] 2023-11-01 09:59:18.419 [main] ConvertMxmlService - Node Name =#text [OPEN]
[INFO ] 2023-11-01 09:59:18.419 [main] ConvertMxmlService - Node Name =Controls:ACCDateField [OPEN]
[INFO ] 2023-11-01 09:59:18.420 [main] ConvertMxmlService - Node Name =#text [OPEN]
[INFO ] 2023-11-01 09:59:18.420 [main] ConvertMxmlService - Node Name =Controls:ACCLabel [OPEN]
[INFO ] 2023-11-01 09:59:18.421 [main] ConvertMxmlService - Node Name =Controls:ACCLabel [CLOSE]
[INFO ] 2023-11-01 09:59:18.421 [main] ConvertMxmlService - Node Name =#text [OPEN]
[INFO ] 2023-11-01 09:59:18.421 [main] ConvertMxmlService - Node Name =Controls:ACCDateField [OPEN]
[INFO ] 2023-11-01 09:59:18.422 [main] ConvertMxmlService - Node Name =#text [OPEN]
[INFO ] 2023-11-01 09:59:18.422 [main] ConvertMxmlService - Node Name =Controls:ACCLabel [OPEN]
[INFO ] 2023-11-01 09:59:18.423 [main] ConvertMxmlService - Node Name =Controls:ACCLabel [CLOSE]
[INFO ] 2023-11-01 09:59:18.424 [main] ConvertMxmlService - Node Name =#text [OPEN]
[INFO ] 2023-11-01 09:59:18.424 [main] ConvertMxmlService - Node Name =Containers:ACCPanel [CLOSE]
[INFO ] 2023-11-01 09:59:18.424 [main] ConvertMxmlService - Node Name =#text [OPEN]
[INFO ] 2023-11-01 09:59:18.424 [main] ConvertMxmlService - Node Name =#comment [OPEN]
[INFO ] 2023-11-01 09:59:18.424 [main] ConvertMxmlService - Node Name =#text [OPEN]
[INFO ] 2023-11-01 09:59:18.424 [main] ConvertMxmlService - Node Name =Controls:ACCButton [OPEN]
[INFO ] 2023-11-01 09:59:18.425 [main] ConvertMxmlService - Node Name =Controls:ACCButton [CLOSE]
[INFO ] 2023-11-01 09:59:18.425 [main] ConvertMxmlService - Node Name =#text [OPEN]
[INFO ] 2023-11-01 09:59:18.425 [main] ConvertMxmlService - Node Name =Controls:ACCTextInputMaskNumber [OPEN]
[INFO ] 2023-11-01 09:59:18.425 [main] ConvertMxmlService - Node Name =#text [OPEN]
[INFO ] 2023-11-01 09:59:18.425 [main] ConvertMxmlService - Node Name =Controls:ACCButton [OPEN]
[INFO ] 2023-11-01 09:59:18.427 [main] ConvertMxmlService - Node Name =Controls:ACCButton [CLOSE]
[INFO ] 2023-11-01 09:59:18.427 [main] ConvertMxmlService - Node Name =#text [OPEN]
[INFO ] 2023-11-01 09:59:18.427 [main] ConvertMxmlService - Node Name =Containers:ACCCanvas [CLOSE]
[DEBUG] 2023-11-01 09:59:18.427 [main] MxmlConvert - parent name: null
[DEBUG] 2023-11-01 09:59:18.427 [main] MxmlConvert - name: #comment
[DEBUG] 2023-11-01 09:59:18.427 [main] MxmlConvert - cssElement: 
[DEBUG] 2023-11-01 09:59:18.427 [main] MxmlConvert - attributeElement: 
[DEBUG] 2023-11-01 09:59:18.427 [main] MxmlConvert - <!--  文書一括申請 -->
[DEBUG] 2023-11-01 09:59:18.427 [main] MxmlConvert - parent name: null
[DEBUG] 2023-11-01 09:59:18.427 [main] MxmlConvert - name: #comment
[DEBUG] 2023-11-01 09:59:18.427 [main] MxmlConvert - cssElement: 
[DEBUG] 2023-11-01 09:59:18.427 [main] MxmlConvert - attributeElement: 
[DEBUG] 2023-11-01 09:59:18.427 [main] MxmlConvert - <!--  文書一括申請 --><!--  2012.01.05 HiSoft (Savvion外し対応) -->
[DEBUG] 2023-11-01 09:59:18.427 [main] MxmlConvert - parent name: First Node
[DEBUG] 2023-11-01 09:59:18.427 [main] MxmlConvert - name: Containers:ACCCanvas
[DEBUG] 2023-11-01 09:59:18.427 [main] MxmlConvert - parent name: Containers:ACCCanvas
[DEBUG] 2023-11-01 09:59:18.427 [main] MxmlConvert - name: Containers:ACCPanel
[DEBUG] 2023-11-01 09:59:18.427 [main] MxmlConvert - parent name: Containers:ACCPanel
[DEBUG] 2023-11-01 09:59:18.427 [main] MxmlConvert - name: Controls:ACCLabel
[DEBUG] 2023-11-01 09:59:18.427 [main] MxmlConvert - cssElement: 
[DEBUG] 2023-11-01 09:59:18.427 [main] MxmlConvert - attributeElement: 
[DEBUG] 2023-11-01 09:59:18.427 [main] MxmlConvert - parent name: Containers:ACCPanel
[DEBUG] 2023-11-01 09:59:18.427 [main] MxmlConvert - name: Controls:ACCLabel
[DEBUG] 2023-11-01 09:59:18.427 [main] MxmlConvert - cssElement: 
[DEBUG] 2023-11-01 09:59:18.427 [main] MxmlConvert - attributeElement: 
[DEBUG] 2023-11-01 09:59:18.427 [main] MxmlConvert - parent name: Containers:ACCPanel
[DEBUG] 2023-11-01 09:59:18.427 [main] MxmlConvert - name: Controls:ACCComboBoxCode
[DEBUG] 2023-11-01 09:59:18.427 [main] MxmlConvert - cssElement: 
[DEBUG] 2023-11-01 09:59:18.427 [main] MxmlConvert - attributeElement: 
[DEBUG] 2023-11-01 09:59:18.427 [main] MxmlConvert - parent name: Containers:ACCPanel
[DEBUG] 2023-11-01 09:59:18.427 [main] MxmlConvert - name: Controls:ACCLabel
[DEBUG] 2023-11-01 09:59:18.427 [main] MxmlConvert - cssElement: 
[DEBUG] 2023-11-01 09:59:18.427 [main] MxmlConvert - attributeElement: 
[DEBUG] 2023-11-01 09:59:18.427 [main] MxmlConvert - parent name: Containers:ACCPanel
[DEBUG] 2023-11-01 09:59:18.427 [main] MxmlConvert - name: Controls:ACCRadioButtonGroup
[DEBUG] 2023-11-01 09:59:18.427 [main] MxmlConvert - cssElement: 
[DEBUG] 2023-11-01 09:59:18.427 [main] MxmlConvert - attributeElement: 
[DEBUG] 2023-11-01 09:59:18.427 [main] MxmlConvert - parent name: Containers:ACCPanel
[DEBUG] 2023-11-01 09:59:18.427 [main] MxmlConvert - name: Controls:ACCRadioButton
[DEBUG] 2023-11-01 09:59:18.427 [main] MxmlConvert - cssElement: 
[DEBUG] 2023-11-01 09:59:18.427 [main] MxmlConvert - attributeElement: 
[DEBUG] 2023-11-01 09:59:18.427 [main] MxmlConvert - parent name: Containers:ACCPanel
[DEBUG] 2023-11-01 09:59:18.427 [main] MxmlConvert - name: Controls:ACCRadioButton
[DEBUG] 2023-11-01 09:59:18.427 [main] MxmlConvert - cssElement: 
[DEBUG] 2023-11-01 09:59:18.427 [main] MxmlConvert - attributeElement: 
[DEBUG] 2023-11-01 09:59:18.427 [main] MxmlConvert - cssElement: 
[DEBUG] 2023-11-01 09:59:18.427 [main] MxmlConvert - attributeElement: 
[DEBUG] 2023-11-01 09:59:18.427 [main] MxmlConvert - parent name: Containers:ACCCanvas
[DEBUG] 2023-11-01 09:59:18.427 [main] MxmlConvert - name: Containers:ACCPanel
[DEBUG] 2023-11-01 09:59:18.427 [main] MxmlConvert - parent name: Containers:ACCPanel
[DEBUG] 2023-11-01 09:59:18.427 [main] MxmlConvert - name: Controls:ACCLabel
[DEBUG] 2023-11-01 09:59:18.427 [main] MxmlConvert - cssElement: 
[DEBUG] 2023-11-01 09:59:18.427 [main] MxmlConvert - attributeElement: 
[DEBUG] 2023-11-01 09:59:18.427 [main] MxmlConvert - parent name: Containers:ACCPanel
[DEBUG] 2023-11-01 09:59:18.427 [main] MxmlConvert - name: Controls:ACCLabel
[DEBUG] 2023-11-01 09:59:18.427 [main] MxmlConvert - cssElement: 
[DEBUG] 2023-11-01 09:59:18.427 [main] MxmlConvert - attributeElement: 
[DEBUG] 2023-11-01 09:59:18.427 [main] MxmlConvert - parent name: Containers:ACCPanel
[DEBUG] 2023-11-01 09:59:18.427 [main] MxmlConvert - name: Controls:ACCTextInput
[DEBUG] 2023-11-01 09:59:18.427 [main] MxmlConvert - cssElement: 
[DEBUG] 2023-11-01 09:59:18.428 [main] MxmlConvert - attributeElement: 
[DEBUG] 2023-11-01 09:59:18.428 [main] MxmlConvert - parent name: Containers:ACCPanel
[DEBUG] 2023-11-01 09:59:18.428 [main] MxmlConvert - name: Controls:ACCLabel
[DEBUG] 2023-11-01 09:59:18.428 [main] MxmlConvert - cssElement: 
[DEBUG] 2023-11-01 09:59:18.428 [main] MxmlConvert - attributeElement: 
[DEBUG] 2023-11-01 09:59:18.428 [main] MxmlConvert - parent name: Containers:ACCPanel
[DEBUG] 2023-11-01 09:59:18.428 [main] MxmlConvert - name: Controls:ACCTextInput
[DEBUG] 2023-11-01 09:59:18.428 [main] MxmlConvert - cssElement: 
[DEBUG] 2023-11-01 09:59:18.428 [main] MxmlConvert - attributeElement: 
[DEBUG] 2023-11-01 09:59:18.428 [main] MxmlConvert - cssElement: 
[DEBUG] 2023-11-01 09:59:18.428 [main] MxmlConvert - attributeElement: 
[DEBUG] 2023-11-01 09:59:18.428 [main] MxmlConvert - parent name: Containers:ACCCanvas
[DEBUG] 2023-11-01 09:59:18.428 [main] MxmlConvert - name: Containers:ACCPanel
[DEBUG] 2023-11-01 09:59:18.428 [main] MxmlConvert - parent name: Containers:ACCPanel
[DEBUG] 2023-11-01 09:59:18.428 [main] MxmlConvert - name: Controls:ACCLabel
[DEBUG] 2023-11-01 09:59:18.428 [main] MxmlConvert - cssElement: 
[DEBUG] 2023-11-01 09:59:18.428 [main] MxmlConvert - attributeElement: 
[DEBUG] 2023-11-01 09:59:18.428 [main] MxmlConvert - parent name: Containers:ACCPanel
[DEBUG] 2023-11-01 09:59:18.428 [main] MxmlConvert - name: Controls:ACCLabel
[DEBUG] 2023-11-01 09:59:18.428 [main] MxmlConvert - cssElement: 
[DEBUG] 2023-11-01 09:59:18.428 [main] MxmlConvert - attributeElement: 
[DEBUG] 2023-11-01 09:59:18.428 [main] MxmlConvert - parent name: Containers:ACCPanel
[DEBUG] 2023-11-01 09:59:18.428 [main] MxmlConvert - name: Controls:ACCLabel
[DEBUG] 2023-11-01 09:59:18.428 [main] MxmlConvert - cssElement: 
[DEBUG] 2023-11-01 09:59:18.428 [main] MxmlConvert - attributeElement: 
[DEBUG] 2023-11-01 09:59:18.428 [main] MxmlConvert - cssElement: 
[DEBUG] 2023-11-01 09:59:18.428 [main] MxmlConvert - attributeElement: 
[DEBUG] 2023-11-01 09:59:18.428 [main] MxmlConvert - parent name: Containers:ACCCanvas
[DEBUG] 2023-11-01 09:59:18.428 [main] MxmlConvert - name: Controls:ACCButton
[DEBUG] 2023-11-01 09:59:18.428 [main] MxmlConvert - cssElement: 
[DEBUG] 2023-11-01 09:59:18.428 [main] MxmlConvert - attributeElement: 
[DEBUG] 2023-11-01 09:59:18.428 [main] MxmlConvert - parent name: Containers:ACCCanvas
[DEBUG] 2023-11-01 09:59:18.428 [main] MxmlConvert - name: Controls:ACCButton
[DEBUG] 2023-11-01 09:59:18.428 [main] MxmlConvert - cssElement: 
[DEBUG] 2023-11-01 09:59:18.428 [main] MxmlConvert - attributeElement: 
[DEBUG] 2023-11-01 09:59:18.428 [main] MxmlConvert - cssElement: 
[DEBUG] 2023-11-01 09:59:18.428 [main] MxmlConvert - attributeElement: 
[DEBUG] 2023-11-01 09:59:18.428 [main] MxmlConvert - <!--  文書一括申請 --><!--  2012.01.05 HiSoft (Savvion外し対応) --><p:panel><p:outputLabel></p:outputLabel><p:outputLabel></p:outputLabel><p:selectOneMenu ><f:selectItem itemLabel="" itemValue="" /><f:selectItems value="" itemLabel="" itemValue=""/></p:selectOneMenu><p:outputLabel></p:outputLabel><p:selectOneRadio></p:selectOneRadio></p:panel><p:panel><p:outputLabel></p:outputLabel><p:outputLabel></p:outputLabel><p:inputText></p:inputText><p:outputLabel></p:outputLabel><p:inputText></p:inputText></p:panel><p:panel><p:outputLabel></p:outputLabel><p:outputLabel></p:outputLabel><p:outputLabel></p:outputLabel></p:panel><p:commandButton></p:commandButton><p:commandButton></p:commandButton>
[INFO ] 2023-11-01 09:59:18.429 [main] MxmlConvert - Html file created successfully.
[INFO ] 2023-11-01 09:59:18.429 [main] MxmlConvert - CSS file created successfully.
[INFO ] 2023-11-01 09:59:18.433 [main] MxmlConvert - Root Element :Containers:ACCCanvas
[INFO ] 2023-11-01 09:59:18.434 [main] MxmlConvert - ------
[INFO ] 2023-11-01 09:59:18.434 [main] ConvertMxmlService - Node Name =#comment [OPEN]
[INFO ] 2023-11-01 09:59:18.434 [main] ConvertMxmlService - Node Name =Containers:ACCCanvas [OPEN]
[INFO ] 2023-11-01 09:59:18.495 [main] ConvertMxmlService - Node Name =#text [OPEN]
[INFO ] 2023-11-01 09:59:18.495 [main] ConvertMxmlService - Node Name =mx:Script [OPEN]
[INFO ] 2023-11-01 09:59:18.496 [main] ConvertMxmlService - Node Name =#text [OPEN]
[INFO ] 2023-11-01 09:59:18.496 [main] ConvertMxmlService - Node Name =tougouchusyutsu:MG3001005_01_000_AS [OPEN]
[INFO ] 2023-11-01 09:59:18.496 [main] ConvertMxmlService - Node Name =#text [OPEN]
[INFO ] 2023-11-01 09:59:18.496 [main] ConvertMxmlService - Node Name =Containers:ACCPanel [OPEN]
[INFO ] 2023-11-01 09:59:18.574 [main] ConvertMxmlService - Node Name =#text [OPEN]
[INFO ] 2023-11-01 09:59:18.574 [main] ConvertMxmlService - Node Name =#comment [OPEN]
[INFO ] 2023-11-01 09:59:18.574 [main] ConvertMxmlService - Node Name =#text [OPEN]
[INFO ] 2023-11-01 09:59:18.574 [main] ConvertMxmlService - Node Name =Controls:ACCDataGrid [OPEN]
[INFO ] 2023-11-01 09:59:18.637 [main] ConvertMxmlService - Node Name =#text [OPEN]
[INFO ] 2023-11-01 09:59:18.637 [main] ConvertMxmlService - Node Name =Controls:columns [OPEN]
[INFO ] 2023-11-01 09:59:18.714 [main] ConvertMxmlService - Node Name =#text [OPEN]
[INFO ] 2023-11-01 09:59:18.714 [main] ConvertMxmlService - Node Name =mx:DataGridColumn [OPEN]
[INFO ] 2023-11-01 09:59:18.807 [main] ConvertMxmlService - Node Name =#text [OPEN]
[INFO ] 2023-11-01 09:59:18.807 [main] ConvertMxmlService - Node Name =mx:headerRenderer [OPEN]
