[INFO ] 2023-11-07 14:19:09.295 [main] MxmlConvert - Root Element :Containers:ACCTitleWindow
[INFO ] 2023-11-07 14:19:09.297 [main] MxmlConvert - ------
[INFO ] 2023-11-07 14:19:09.298 [main] ConvertMxmlService - Node Name =#comment [OPEN]
[INFO ] 2023-11-07 14:19:09.298 [main] ConvertMxmlService - Node Name =Containers:ACCTitleWindow [OPEN]
[INFO ] 2023-11-07 14:19:09.314 [main] ConvertMxmlService - Node Name =#text [OPEN]
[INFO ] 2023-11-07 14:19:09.314 [main] ConvertMxmlService - Node Name =mx:Script [OPEN]
[INFO ] 2023-11-07 14:19:09.314 [main] ConvertMxmlService - Node Name =#text [OPEN]
[INFO ] 2023-11-07 14:19:09.314 [main] ConvertMxmlService - Node Name =tougouchusyutsu:MG3001001_00_000_AS [OPEN]
[INFO ] 2023-11-07 14:19:09.316 [main] ConvertMxmlService - Node Name =#text [OPEN]
[INFO ] 2023-11-07 14:19:09.316 [main] ConvertMxmlService - Node Name =tougouchusyutsu:MG3001001_01_000 [OPEN]
[INFO ] 2023-11-07 14:19:09.317 [main] ConvertMxmlService - Node Name =tougouchusyutsu:MG3001001_01_000 [CLOSE]
[INFO ] 2023-11-07 14:19:09.317 [main] ConvertMxmlService - Node Name =#text [OPEN]
[INFO ] 2023-11-07 14:19:09.317 [main] ConvertMxmlService - Node Name =Containers:ACCTitleWindow [CLOSE]
[DEBUG] 2023-11-07 14:19:09.317 [main] MxmlConvert - parent name: null
[DEBUG] 2023-11-07 14:19:09.318 [main] MxmlConvert - name: #comment
[DEBUG] 2023-11-07 14:19:09.318 [main] MxmlConvert - cssElement: 
[DEBUG] 2023-11-07 14:19:09.318 [main] MxmlConvert - attributeElement: 
[DEBUG] 2023-11-07 14:19:09.318 [main] MxmlConvert - parent name: RootNode
[DEBUG] 2023-11-07 14:19:09.318 [main] MxmlConvert - name: Containers:ACCTitleWindow
[DEBUG] 2023-11-07 14:19:09.318 [main] MxmlConvert - parent name: Containers:ACCTitleWindow
[DEBUG] 2023-11-07 14:19:09.318 [main] MxmlConvert - name: tougouchusyutsu:MG3001001_01_000
[DEBUG] 2023-11-07 14:19:09.318 [main] MxmlConvert - cssElement: height:712px;width:1018px;position: absolute; left:-1px;top:-2px;
[DEBUG] 2023-11-07 14:19:09.318 [main] MxmlConvert - attributeElement:  id="compCanvas1"
[DEBUG] 2023-11-07 14:19:09.318 [main] MxmlConvert - cssElement: height:738px;position:absolute;width:1022px;
[DEBUG] 2023-11-07 14:19:09.318 [main] MxmlConvert - attributeElement:  title="統合抽出画面"
[INFO ] 2023-11-07 14:19:09.364 [main] MxmlConvert - Html file created successfully.
[INFO ] 2023-11-07 14:19:13.137 [main] MxmlConvert - CSS file created successfully.
[INFO ] 2023-11-07 14:19:13.175 [main] MxmlConvert - Root Element :Containers:ACCCanvas
[INFO ] 2023-11-07 14:19:13.176 [main] MxmlConvert - ------
[INFO ] 2023-11-07 14:19:13.181 [main] ConvertMxmlService - Node Name =#comment [OPEN]
[INFO ] 2023-11-07 14:19:13.181 [main] ConvertMxmlService - Node Name =Containers:ACCCanvas [OPEN]
[INFO ] 2023-11-07 14:19:13.182 [main] ConvertMxmlService - Node Name =#text [OPEN]
[INFO ] 2023-11-07 14:19:13.182 [main] ConvertMxmlService - Node Name =mx:Script [OPEN]
[INFO ] 2023-11-07 14:19:13.183 [main] ConvertMxmlService - Node Name =#text [OPEN]
[INFO ] 2023-11-07 14:19:13.183 [main] ConvertMxmlService - Node Name =#comment [OPEN]
[INFO ] 2023-11-07 14:19:13.183 [main] ConvertMxmlService - Node Name =#text [OPEN]
[INFO ] 2023-11-07 14:19:13.183 [main] ConvertMxmlService - Node Name =mx:XML [OPEN]
[INFO ] 2023-11-07 14:19:13.183 [main] ConvertMxmlService - Node Name =#text [OPEN]
[INFO ] 2023-11-07 14:19:13.183 [main] ConvertMxmlService - Node Name =#comment [OPEN]
[INFO ] 2023-11-07 14:19:13.183 [main] ConvertMxmlService - Node Name =#text [OPEN]
[INFO ] 2023-11-07 14:19:13.183 [main] ConvertMxmlService - Node Name =#comment [OPEN]
[INFO ] 2023-11-07 14:19:13.183 [main] ConvertMxmlService - Node Name =#text [OPEN]
[INFO ] 2023-11-07 14:19:13.183 [main] ConvertMxmlService - Node Name =mx:XML [OPEN]
[INFO ] 2023-11-07 14:19:13.184 [main] ConvertMxmlService - Node Name =#text [OPEN]
[INFO ] 2023-11-07 14:19:13.184 [main] ConvertMxmlService - Node Name =tougouchusyutsu:MG3001001_01_000_AS [OPEN]
[INFO ] 2023-11-07 14:19:13.184 [main] ConvertMxmlService - Node Name =#text [OPEN]
[INFO ] 2023-11-07 14:19:13.184 [main] ConvertMxmlService - Node Name =Controls:ACCLabel [OPEN]
[INFO ] 2023-11-07 14:19:13.185 [main] ConvertMxmlService - Node Name =Controls:ACCLabel [CLOSE]
[INFO ] 2023-11-07 14:19:13.185 [main] ConvertMxmlService - Node Name =#text [OPEN]
[INFO ] 2023-11-07 14:19:13.185 [main] ConvertMxmlService - Node Name =#comment [OPEN]
[INFO ] 2023-11-07 14:19:13.185 [main] ConvertMxmlService - Node Name =#text [OPEN]
[INFO ] 2023-11-07 14:19:13.185 [main] ConvertMxmlService - Node Name =Controls:ACCTextInput [OPEN]
[INFO ] 2023-11-07 14:19:13.186 [main] ConvertMxmlService - Node Name =Controls:ACCTextInput [CLOSE]
[INFO ] 2023-11-07 14:19:13.186 [main] ConvertMxmlService - Node Name =#text [OPEN]
[INFO ] 2023-11-07 14:19:13.186 [main] ConvertMxmlService - Node Name =#comment [OPEN]
[INFO ] 2023-11-07 14:19:13.186 [main] ConvertMxmlService - Node Name =#text [OPEN]
[INFO ] 2023-11-07 14:19:13.186 [main] ConvertMxmlService - Node Name =Controls:ACCButton [OPEN]
[INFO ] 2023-11-07 14:19:13.187 [main] ConvertMxmlService - Node Name =Controls:ACCButton [CLOSE]
[INFO ] 2023-11-07 14:19:13.187 [main] ConvertMxmlService - Node Name =#text [OPEN]
[INFO ] 2023-11-07 14:19:13.187 [main] ConvertMxmlService - Node Name =Controls:ACCLabel [OPEN]
[INFO ] 2023-11-07 14:19:13.188 [main] ConvertMxmlService - Node Name =Controls:ACCLabel [CLOSE]
[INFO ] 2023-11-07 14:19:13.188 [main] ConvertMxmlService - Node Name =#text [OPEN]
[INFO ] 2023-11-07 14:19:13.188 [main] ConvertMxmlService - Node Name =#comment [OPEN]
[INFO ] 2023-11-07 14:19:13.188 [main] ConvertMxmlService - Node Name =#text [OPEN]
[INFO ] 2023-11-07 14:19:13.188 [main] ConvertMxmlService - Node Name =Controls:ACCTextInput [OPEN]
[INFO ] 2023-11-07 14:19:13.189 [main] ConvertMxmlService - Node Name =Controls:ACCTextInput [CLOSE]
[INFO ] 2023-11-07 14:19:13.189 [main] ConvertMxmlService - Node Name =#text [OPEN]
[INFO ] 2023-11-07 14:19:13.189 [main] ConvertMxmlService - Node Name =Controls:ACCCheckBox [OPEN]
[INFO ] 2023-11-07 14:19:13.190 [main] ConvertMxmlService - Node Name =Controls:ACCCheckBox [CLOSE]
[INFO ] 2023-11-07 14:19:13.190 [main] ConvertMxmlService - Node Name =#text [OPEN]
[INFO ] 2023-11-07 14:19:13.190 [main] ConvertMxmlService - Node Name =Controls:ACCCheckBox [OPEN]
[INFO ] 2023-11-07 14:19:13.192 [main] ConvertMxmlService - Node Name =Controls:ACCCheckBox [CLOSE]
[INFO ] 2023-11-07 14:19:13.192 [main] ConvertMxmlService - Node Name =#text [OPEN]
[INFO ] 2023-11-07 14:19:13.192 [main] ConvertMxmlService - Node Name =Controls:ACCCheckBox [OPEN]
[INFO ] 2023-11-07 14:19:13.193 [main] ConvertMxmlService - Node Name =Controls:ACCCheckBox [CLOSE]
[INFO ] 2023-11-07 14:19:13.193 [main] ConvertMxmlService - Node Name =#text [OPEN]
[INFO ] 2023-11-07 14:19:13.193 [main] ConvertMxmlService - Node Name =#comment [OPEN]
[INFO ] 2023-11-07 14:19:13.193 [main] ConvertMxmlService - Node Name =#text [OPEN]
[INFO ] 2023-11-07 14:19:13.193 [main] ConvertMxmlService - Node Name =Containers:ACCTabNavigator [OPEN]
[INFO ] 2023-11-07 14:19:13.194 [main] ConvertMxmlService - Node Name =#text [OPEN]
[INFO ] 2023-11-07 14:19:13.194 [main] ConvertMxmlService - Node Name =#comment [OPEN]
[INFO ] 2023-11-07 14:19:13.194 [main] ConvertMxmlService - Node Name =#text [OPEN]
[INFO ] 2023-11-07 14:19:13.194 [main] ConvertMxmlService - Node Name =Containers:ACCCanvas [OPEN]
[INFO ] 2023-11-07 14:19:13.195 [main] ConvertMxmlService - Node Name =#text [OPEN]
[INFO ] 2023-11-07 14:19:13.195 [main] ConvertMxmlService - Node Name =Controls:ACCLabel [OPEN]
[INFO ] 2023-11-07 14:19:13.196 [main] ConvertMxmlService - Node Name =Controls:ACCLabel [CLOSE]
[INFO ] 2023-11-07 14:19:13.196 [main] ConvertMxmlService - Node Name =#text [OPEN]
