[INFO ] 2023-11-09 11:35:31.555 [main] MxmlConvert - Root Element : Containers:ACCTitleWindow
[INFO ] 2023-11-09 11:35:31.558 [main] MxmlConvert - ------
[INFO ] 2023-11-09 11:35:31.564 [main] ConvertMxmlService - Node Name =#comment [OPEN]
[INFO ] 2023-11-09 11:35:31.564 [main] ConvertMxmlService - Node Name =Containers:ACCTitleWindow [OPEN]
[INFO ] 2023-11-09 11:35:37.053 [main] ConvertMxmlService - Node Name =#text [OPEN]
[INFO ] 2023-11-09 11:35:37.054 [main] ConvertMxmlService - Node Name =mx:Script [OPEN]
[INFO ] 2023-11-09 11:35:37.055 [main] ConvertMxmlService - Node Name =#text [OPEN]
[INFO ] 2023-11-09 11:35:37.055 [main] ConvertMxmlService - Node Name =tougouchusyutsu:MG3001001_00_000_AS [OPEN]
[INFO ] 2023-11-09 11:35:37.057 [main] ConvertMxmlService - Node Name =#text [OPEN]
[INFO ] 2023-11-09 11:35:37.057 [main] ConvertMxmlService - Node Name =tougouchusyutsu:MG3001001_01_000 [OPEN]
[INFO ] 2023-11-09 11:35:37.816 [main] ConvertMxmlService - Node Name =tougouchusyutsu:MG3001001_01_000 [CLOSE]
[INFO ] 2023-11-09 11:35:37.817 [main] ConvertMxmlService - Node Name =#text [OPEN]
[INFO ] 2023-11-09 11:35:37.817 [main] ConvertMxmlService - Node Name =Containers:ACCTitleWindow [CLOSE]
[DEBUG] 2023-11-09 11:35:37.820 [main] MxmlConvert - parent name: null
[DEBUG] 2023-11-09 11:35:37.820 [main] MxmlConvert - name: #comment
[DEBUG] 2023-11-09 11:35:37.821 [main] MxmlConvert - cssElement: 
[DEBUG] 2023-11-09 11:35:37.821 [main] MxmlConvert - attributeElement: 
[DEBUG] 2023-11-09 11:35:37.821 [main] MxmlConvert - parent name: RootNode
[DEBUG] 2023-11-09 11:35:37.822 [main] MxmlConvert - name: Containers:ACCTitleWindow
[DEBUG] 2023-11-09 11:35:37.823 [main] MxmlConvert - parent name: Containers:ACCTitleWindow
[DEBUG] 2023-11-09 11:35:37.823 [main] MxmlConvert - name: tougouchusyutsu:MG3001001_01_000
[DEBUG] 2023-11-09 11:35:37.823 [main] MxmlConvert - cssElement: height:712px;width:1018px;position: absolute; left:-1px;top:-2px;
[DEBUG] 2023-11-09 11:35:37.823 [main] MxmlConvert - attributeElement:  id="compCanvas1"
[DEBUG] 2023-11-09 11:35:37.823 [main] MxmlConvert - cssElement: height:738px;position:absolute;width:1022px;
[DEBUG] 2023-11-09 11:35:37.823 [main] MxmlConvert - attributeElement:  title="統合抽出画面"
[INFO ] 2023-11-09 11:35:37.865 [main] MxmlConvert - Html file created successfully.
[INFO ] 2023-11-09 11:35:37.868 [main] MxmlConvert - CSS file created successfully.
[INFO ] 2023-11-09 11:35:37.870 [main] ASConvert - START: parser Actionscript & Actionscript Inline-------------------------------
[DEBUG] 2023-11-09 11:35:37.871 [main] ASConvert - Loaded file: D:\Project\Nissho\AdobeFlexAir\Source\04.SourceCode\trunk\CLIENT\ACC\src\jp\co\nissho_ele\acc\mg\tougouchusyutsu\MG3001001_00_000.mxml (package: MG3001001_00_000)
[INFO ] 2023-11-09 11:35:37.873 [main] ASConvert - Analyzing class path for Actionscript: MG3001001_00_000
[INFO ] 2023-11-09 11:35:37.874 [main] ASParser - Starting parser class....................
[INFO ] 2023-11-09 11:35:37.875 [main] ASParser - Parsing package start.................
[DEBUG] 2023-11-09 11:35:37.876 [main] ASParser - Found package: jp.co.nissho_ele.acc.mg.tougouchusyutsu
[INFO ] 2023-11-09 11:35:37.876 [main] ASParser - Parsing package end.................
[DEBUG] 2023-11-09 11:35:37.876 [main] ASParser - Attempting to parse package...
[DEBUG] 2023-11-09 11:35:37.876 [main] ASParser - Found import keyword...
[INFO ] 2023-11-09 11:35:37.876 [main] ASParser - Parsing import package start.................
[DEBUG] 2023-11-09 11:35:37.877 [main] ASParser - Parsed import name: flash.events.Event
[DEBUG] 2023-11-09 11:35:37.877 [main] ASParser - Found import keyword...
[INFO ] 2023-11-09 11:35:37.877 [main] ASParser - Parsing import package start.................
[DEBUG] 2023-11-09 11:35:37.877 [main] ASParser - Parsed import name: jp.co.nissho_ele.acc.framework.classes.constants.ACCAirErrorConst
[DEBUG] 2023-11-09 11:35:37.877 [main] ASParser - Found import keyword...
[INFO ] 2023-11-09 11:35:37.877 [main] ASParser - Parsing import package start.................
[DEBUG] 2023-11-09 11:35:37.878 [main] ASParser - Parsed import name: jp.co.nissho_ele.acc.framework.classes.constants.ACCClearBaseConst
[DEBUG] 2023-11-09 11:35:37.878 [main] ASParser - Found import keyword...
[INFO ] 2023-11-09 11:35:37.878 [main] ASParser - Parsing import package start.................
[DEBUG] 2023-11-09 11:35:37.878 [main] ASParser - Parsed import name: jp.co.nissho_ele.acc.framework.classes.constants.ACCClearFormConst
[DEBUG] 2023-11-09 11:35:37.878 [main] ASParser - Found import keyword...
[INFO ] 2023-11-09 11:35:37.879 [main] ASParser - Parsing import package start.................
[DEBUG] 2023-11-09 11:35:37.879 [main] ASParser - Parsed import name: jp.co.nissho_ele.acc.framework.classes.constants.ACCSetFormConst
[DEBUG] 2023-11-09 11:35:37.879 [main] ASParser - Found import keyword...
[INFO ] 2023-11-09 11:35:37.879 [main] ASParser - Parsing import package start.................
[DEBUG] 2023-11-09 11:35:37.879 [main] ASParser - Parsed import name: jp.co.nissho_ele.acc.framework.classes.constants.ACCSetFrameConst
[DEBUG] 2023-11-09 11:35:37.879 [main] ASParser - Found import keyword...
[INFO ] 2023-11-09 11:35:37.879 [main] ASParser - Parsing import package start.................
[DEBUG] 2023-11-09 11:35:37.880 [main] ASParser - Parsed import name: jp.co.nissho_ele.acc.framework.classes.utility.ACCMessageUtility
[DEBUG] 2023-11-09 11:35:37.880 [main] ASParser - Found import keyword...
[INFO ] 2023-11-09 11:35:37.880 [main] ASParser - Parsing import package start.................
[DEBUG] 2023-11-09 11:35:37.880 [main] ASParser - Parsed import name: mx.core.IMXMLObject
[DEBUG] 2023-11-09 11:35:37.880 [main] ASParser - Found class keyword...
[INFO ] 2023-11-09 11:35:37.880 [main] ASParser - Parsing import package end.................
[DEBUG] 2023-11-09 11:35:37.881 [main] ASParser - Entering comment...
[DEBUG] 2023-11-09 11:35:37.881 [main] ASParser - Exiting comment...
[DEBUG] 2023-11-09 11:35:37.881 [main] ASParser - Found parent: ACCControllerBase
[DEBUG] 2023-11-09 11:35:37.881 [main] ASParser - Parsed class name: MG3001001_00_000
[DEBUG] 2023-11-09 11:35:37.881 [main] ASParser - Attempting to parse class...
[INFO ] 2023-11-09 11:35:37.881 [main] ASParser - Parsing class start.................
[DEBUG] 2023-11-09 11:35:37.881 [main] ASParser - Entering comment...(/*)
[DEBUG] 2023-11-09 11:35:37.881 [main] ASParser - Exited comment
[DEBUG] 2023-11-09 11:35:37.881 [main] ASParser - Entering comment...(/*)
[DEBUG] 2023-11-09 11:35:37.881 [main] ASParser - Exited comment
[DEBUG] 2023-11-09 11:35:37.881 [main] ASParser - Entering comment...(/*)
[DEBUG] 2023-11-09 11:35:37.881 [main] ASParser - Exited comment
[DEBUG] 2023-11-09 11:35:37.881 [main] ASParser - Entering comment...(/*)
[DEBUG] 2023-11-09 11:35:37.881 [main] ASParser - Exited comment
[DEBUG] 2023-11-09 11:35:37.882 [main] ASParser - Entering comment... (//)
[DEBUG] 2023-11-09 11:35:37.882 [main] ASParser - Exited comment
[DEBUG] 2023-11-09 11:35:37.882 [main] ASParser - Entering comment...(/*)
[DEBUG] 2023-11-09 11:35:37.882 [main] ASParser - Exited comment
[DEBUG] 2023-11-09 11:35:37.882 [main] ASParser - Entering comment... (//)
[DEBUG] 2023-11-09 11:35:37.882 [main] ASParser - Exited comment
[DEBUG] 2023-11-09 11:35:37.883 [main] ASParser - Entering comment... (//)
[DEBUG] 2023-11-09 11:35:37.883 [main] ASParser - Exited comment
[DEBUG] 2023-11-09 11:35:37.883 [main] ASParser - Entering comment...(/*)
[DEBUG] 2023-11-09 11:35:37.883 [main] ASParser - Exited comment
[DEBUG] 2023-11-09 11:35:37.883 [main] ASParser - Entering comment...(/*)
[DEBUG] 2023-11-09 11:35:37.883 [main] ASParser - Exited comment
[DEBUG] 2023-11-09 11:35:37.884 [main] ASParser - Entering comment...
[DEBUG] 2023-11-09 11:35:37.884 [main] ASParser - Exiting comment...
[DEBUG] 2023-11-09 11:35:37.884 [main] ASParser - ->Member encapsulation set to private
[INFO ] 2023-11-09 11:35:37.884 [main] ASParser - Parsing class member variable start.................
[DEBUG] 2023-11-09 11:35:37.884 [main] ASParser - --->Member type "variable" set.
[DEBUG] 2023-11-09 11:35:37.884 [main] ASParser - ---->Variable name declared: view
[DEBUG] 2023-11-09 11:35:37.884 [main] ASParser - ---->Variable type for view declared as: MG3001001_00_000
[DEBUG] 2023-11-09 11:35:37.884 [main] ASParser - Entering comment...
[DEBUG] 2023-11-09 11:35:37.884 [main] ASParser - Exiting comment...
[DEBUG] 2023-11-09 11:35:37.884 [main] ASParser - ->Member encapsulation set to public
[INFO ] 2023-11-09 11:35:37.885 [main] ASParser - Parsing class member variable end.................
[INFO ] 2023-11-09 11:35:37.885 [main] ASParser - Parsing class member function start.................
[DEBUG] 2023-11-09 11:35:37.885 [main] ASParser - ---->Member type function set.
[DEBUG] 2023-11-09 11:35:37.885 [main] ASParser - ****>Function name declared: MG3001001_00_000_AS
[DEBUG] 2023-11-09 11:35:37.885 [main] ASParser - ------>Completed paring args: 0 args
[DEBUG] 2023-11-09 11:35:37.885 [main] ASParser - Entering comment...
[DEBUG] 2023-11-09 11:35:37.885 [main] ASParser - Exiting comment...
[DEBUG] 2023-11-09 11:35:37.885 [main] ASParser - ->Member encapsulation set to public
[INFO ] 2023-11-09 11:35:37.885 [main] ASParser - Parsing class member variable end.................
[INFO ] 2023-11-09 11:35:37.885 [main] ASParser - Parsing class member function start.................
[DEBUG] 2023-11-09 11:35:37.885 [main] ASParser - ---->Member type function set.
[DEBUG] 2023-11-09 11:35:37.885 [main] ASParser - ****>Function name declared: initialized
[DEBUG] 2023-11-09 11:35:37.886 [main] ASParser - ----->Function argument found: document
[DEBUG] 2023-11-09 11:35:37.886 [main] ASParser - ----->Function argument typed to: Object
[DEBUG] 2023-11-09 11:35:37.886 [main] ASParser - ----->Function argument found: id
[DEBUG] 2023-11-09 11:35:37.886 [main] ASParser - ----->Function argument typed to: String
[DEBUG] 2023-11-09 11:35:37.886 [main] ASParser - ------>Completed paring args: 2 args
[DEBUG] 2023-11-09 11:35:37.886 [main] ASParser - ------>Typed the function to: void
[DEBUG] 2023-11-09 11:35:37.886 [main] ASParser - Entering comment...
[DEBUG] 2023-11-09 11:35:37.886 [main] ASParser - Exiting comment...
[DEBUG] 2023-11-09 11:35:37.886 [main] ASParser - ->Member encapsulation set to public
[INFO ] 2023-11-09 11:35:37.887 [main] ASParser - Parsing class member variable end.................
[INFO ] 2023-11-09 11:35:37.887 [main] ASParser - Parsing class member function start.................
[DEBUG] 2023-11-09 11:35:37.887 [main] ASParser - ---->Member type function set.
[DEBUG] 2023-11-09 11:35:37.887 [main] ASParser - ****>Function name declared: setFrame
[DEBUG] 2023-11-09 11:35:37.887 [main] ASParser - ----->Function argument found: i
[DEBUG] 2023-11-09 11:35:37.887 [main] ASParser - ----->Function argument typed to: int
[DEBUG] 2023-11-09 11:35:37.887 [main] ASParser - ----->Function argument defaulted to: 0
[DEBUG] 2023-11-09 11:35:37.887 [main] ASParser - ------>Completed paring args: 1 args
[DEBUG] 2023-11-09 11:35:37.887 [main] ASParser - ------>Typed the function to: void
[DEBUG] 2023-11-09 11:35:37.887 [main] ASParser - Entering comment... (//)
[DEBUG] 2023-11-09 11:35:37.887 [main] ASParser - Exited comment
[DEBUG] 2023-11-09 11:35:37.887 [main] ASParser - Entering comment...
[DEBUG] 2023-11-09 11:35:37.888 [main] ASParser - Exiting comment...
[DEBUG] 2023-11-09 11:35:37.888 [main] ASParser - ->Member encapsulation set to public
[INFO ] 2023-11-09 11:35:37.888 [main] ASParser - Parsing class member variable end.................
[INFO ] 2023-11-09 11:35:37.888 [main] ASParser - Parsing class member function start.................
[DEBUG] 2023-11-09 11:35:37.888 [main] ASParser - ---->Member type function set.
[DEBUG] 2023-11-09 11:35:37.888 [main] ASParser - ****>Function name declared: clearFrame
[DEBUG] 2023-11-09 11:35:37.888 [main] ASParser - ----->Function argument found: i
[DEBUG] 2023-11-09 11:35:37.888 [main] ASParser - ----->Function argument typed to: int
[DEBUG] 2023-11-09 11:35:37.888 [main] ASParser - ----->Function argument defaulted to: 0
[DEBUG] 2023-11-09 11:35:37.888 [main] ASParser - ------>Completed paring args: 1 args
[DEBUG] 2023-11-09 11:35:37.888 [main] ASParser - ------>Typed the function to: void
[DEBUG] 2023-11-09 11:35:37.888 [main] ASParser - Entering comment... (//)
[DEBUG] 2023-11-09 11:35:37.888 [main] ASParser - Exited comment
[DEBUG] 2023-11-09 11:35:37.888 [main] ASParser - Entering comment... (//)
[DEBUG] 2023-11-09 11:35:37.888 [main] ASParser - Exited comment
[DEBUG] 2023-11-09 11:35:37.889 [main] ASParser - Entering comment...
[DEBUG] 2023-11-09 11:35:37.889 [main] ASParser - Exiting comment...
[DEBUG] 2023-11-09 11:35:37.889 [main] ASParser - ->Member encapsulation set to public
[INFO ] 2023-11-09 11:35:37.889 [main] ASParser - Parsing class member variable end.................
[INFO ] 2023-11-09 11:35:37.889 [main] ASParser - Parsing class member function start.................
[DEBUG] 2023-11-09 11:35:37.889 [main] ASParser - ---->Member type function set.
[DEBUG] 2023-11-09 11:35:37.889 [main] ASParser - ****>Function name declared: showDialogue1OnClickHandler
[DEBUG] 2023-11-09 11:35:37.889 [main] ASParser - ----->Function argument found: event
[DEBUG] 2023-11-09 11:35:37.889 [main] ASParser - ----->Function argument typed to: Event
[DEBUG] 2023-11-09 11:35:37.889 [main] ASParser - ------>Completed paring args: 1 args
[DEBUG] 2023-11-09 11:35:37.889 [main] ASParser - ------>Typed the function to: void
[DEBUG] 2023-11-09 11:35:37.889 [main] ASParser - Entering comment...
[DEBUG] 2023-11-09 11:35:37.889 [main] ASParser - Exiting comment...
[DEBUG] 2023-11-09 11:35:37.889 [main] ASParser - ->Member encapsulation set to public
[INFO ] 2023-11-09 11:35:37.890 [main] ASParser - Parsing class member variable end.................
[INFO ] 2023-11-09 11:35:37.890 [main] ASParser - Parsing class member function start.................
[DEBUG] 2023-11-09 11:35:37.890 [main] ASParser - ---->Member type function set.
[DEBUG] 2023-11-09 11:35:37.890 [main] ASParser - ****>Function name declared: showDialogue2OnClickHandler
[DEBUG] 2023-11-09 11:35:37.890 [main] ASParser - ----->Function argument found: event
[DEBUG] 2023-11-09 11:35:37.890 [main] ASParser - ----->Function argument typed to: Event
[DEBUG] 2023-11-09 11:35:37.890 [main] ASParser - ------>Completed paring args: 1 args
[DEBUG] 2023-11-09 11:35:37.890 [main] ASParser - ------>Typed the function to: void
[INFO ] 2023-11-09 11:35:37.890 [main] ASParser - Parsing class end.................
[INFO ] 2023-11-09 11:35:37.890 [main] ASParser - Parsing class end.................
[INFO ] 2023-11-09 11:35:37.890 [main] ASParser - End parser class.................
[INFO ] 2023-11-09 11:35:37.890 [main] ASConvert - Analyzing class path for Actionscript inline: MG3001001_00_000
[INFO ] 2023-11-09 11:35:37.890 [main] ASParser - Starting parser class....................
[DEBUG] 2023-11-09 11:35:37.890 [main] ASParser - Found import keyword...
[DEBUG] 2023-11-09 11:35:37.890 [main] ASParser - Parsed import name: jp.co.nissho_ele.acc.framework.classes.constants.ACCSetFrameConst
[DEBUG] 2023-11-09 11:35:37.890 [main] ASParser - Entering comment...
[DEBUG] 2023-11-09 11:35:37.890 [main] ASParser - Exiting comment...
[DEBUG] 2023-11-09 11:35:37.890 [main] ASParser - ->Member encapsulation set to public
[INFO ] 2023-11-09 11:35:37.890 [main] ASParser - Parsing class member variable start.................
[DEBUG] 2023-11-09 11:35:37.891 [main] ASParser - --->Member type "variable" set.
[DEBUG] 2023-11-09 11:35:37.891 [main] ASParser - ---->Variable name declared: exeMode
[DEBUG] 2023-11-09 11:35:37.891 [main] ASParser - ---->Variable type for exeMode declared as: String
[DEBUG] 2023-11-09 11:35:37.891 [main] ASParser - Entering comment...
[DEBUG] 2023-11-09 11:35:37.891 [main] ASParser - Exiting comment...
[DEBUG] 2023-11-09 11:35:37.891 [main] ASParser - ->Member encapsulation set to public
[DEBUG] 2023-11-09 11:35:37.891 [main] ASParser - -->Static flag set
[INFO ] 2023-11-09 11:35:37.891 [main] ASParser - Parsing class member variable start.................
[DEBUG] 2023-11-09 11:35:37.891 [main] ASParser - --->Member type "variable" set.
[DEBUG] 2023-11-09 11:35:37.891 [main] ASParser - ---->Variable name declared: EXEMODE_CYUSHUTSU
[DEBUG] 2023-11-09 11:35:37.891 [main] ASParser - ---->Variable type for EXEMODE_CYUSHUTSU declared as: String
[DEBUG] 2023-11-09 11:35:37.891 [main] ASParser - ---->Variable with assignment value:  "1"
[DEBUG] 2023-11-09 11:35:37.891 [main] ASParser - Entering comment...
[DEBUG] 2023-11-09 11:35:37.891 [main] ASParser - Exiting comment...
[DEBUG] 2023-11-09 11:35:37.891 [main] ASParser - ->Member encapsulation set to public
[DEBUG] 2023-11-09 11:35:37.891 [main] ASParser - -->Static flag set
[INFO ] 2023-11-09 11:35:37.891 [main] ASParser - Parsing class member variable start.................
[DEBUG] 2023-11-09 11:35:37.891 [main] ASParser - --->Member type "variable" set.
[DEBUG] 2023-11-09 11:35:37.891 [main] ASParser - ---->Variable name declared: EXEMODE_CALL_LIST
[DEBUG] 2023-11-09 11:35:37.892 [main] ASParser - ---->Variable type for EXEMODE_CALL_LIST declared as: String
[DEBUG] 2023-11-09 11:35:37.892 [main] ASParser - ---->Variable with assignment value:  "2"
[DEBUG] 2023-11-09 11:35:37.892 [main] ASParser - Entering comment...
[DEBUG] 2023-11-09 11:35:37.892 [main] ASParser - Exiting comment...
[DEBUG] 2023-11-09 11:35:37.892 [main] ASParser - ->Member encapsulation set to public
[DEBUG] 2023-11-09 11:35:37.892 [main] ASParser - -->Static flag set
[INFO ] 2023-11-09 11:35:37.892 [main] ASParser - Parsing class member variable start.................
[DEBUG] 2023-11-09 11:35:37.892 [main] ASParser - --->Member type "variable" set.
[DEBUG] 2023-11-09 11:35:37.892 [main] ASParser - ---->Variable name declared: EXEMODE_BUNSHO
[DEBUG] 2023-11-09 11:35:37.892 [main] ASParser - ---->Variable type for EXEMODE_BUNSHO declared as: String
[DEBUG] 2023-11-09 11:35:37.892 [main] ASParser - ---->Variable with assignment value:  "3"
[DEBUG] 2023-11-09 11:35:37.892 [main] ASParser - Entering comment...
[DEBUG] 2023-11-09 11:35:37.892 [main] ASParser - Exiting comment...
[DEBUG] 2023-11-09 11:35:37.892 [main] ASParser - ->Member encapsulation set to public
[DEBUG] 2023-11-09 11:35:37.892 [main] ASParser - -->Static flag set
[INFO ] 2023-11-09 11:35:37.892 [main] ASParser - Parsing class member variable start.................
[DEBUG] 2023-11-09 11:35:37.892 [main] ASParser - --->Member type "variable" set.
[DEBUG] 2023-11-09 11:35:37.892 [main] ASParser - ---->Variable name declared: EXEMODE_TANTOWARIATE
[DEBUG] 2023-11-09 11:35:37.892 [main] ASParser - ---->Variable type for EXEMODE_TANTOWARIATE declared as: String
[DEBUG] 2023-11-09 11:35:37.892 [main] ASParser - ---->Variable with assignment value:  "4"
[DEBUG] 2023-11-09 11:35:37.892 [main] ASParser - Entering comment...
[DEBUG] 2023-11-09 11:35:37.892 [main] ASParser - Exiting comment...
[DEBUG] 2023-11-09 11:35:37.893 [main] ASParser - ->Member encapsulation set to public
[INFO ] 2023-11-09 11:35:37.893 [main] ASParser - Parsing class member variable start.................
[DEBUG] 2023-11-09 11:35:37.893 [main] ASParser - --->Member type "variable" set.
[DEBUG] 2023-11-09 11:35:37.893 [main] ASParser - ---->Variable name declared: updateMode
[DEBUG] 2023-11-09 11:35:37.893 [main] ASParser - ---->Variable type for updateMode declared as: String
[DEBUG] 2023-11-09 11:35:37.893 [main] ASParser - Entering comment...
[DEBUG] 2023-11-09 11:35:37.893 [main] ASParser - Exiting comment...
[DEBUG] 2023-11-09 11:35:37.893 [main] ASParser - ->Member encapsulation set to public
[DEBUG] 2023-11-09 11:35:37.893 [main] ASParser - -->Static flag set
[INFO ] 2023-11-09 11:35:37.893 [main] ASParser - Parsing class member variable start.................
[DEBUG] 2023-11-09 11:35:37.893 [main] ASParser - --->Member type "variable" set.
[DEBUG] 2023-11-09 11:35:37.893 [main] ASParser - ---->Variable name declared: UPDATEMODE_APPEND
[DEBUG] 2023-11-09 11:35:37.893 [main] ASParser - ---->Variable type for UPDATEMODE_APPEND declared as: String
[DEBUG] 2023-11-09 11:35:37.893 [main] ASParser - ---->Variable with assignment value:  "1"
[DEBUG] 2023-11-09 11:35:37.893 [main] ASParser - Entering comment...
[DEBUG] 2023-11-09 11:35:37.893 [main] ASParser - Exiting comment...
[DEBUG] 2023-11-09 11:35:37.893 [main] ASParser - ->Member encapsulation set to public
[DEBUG] 2023-11-09 11:35:37.893 [main] ASParser - -->Static flag set
[INFO ] 2023-11-09 11:35:37.893 [main] ASParser - Parsing class member variable start.................
[DEBUG] 2023-11-09 11:35:37.893 [main] ASParser - --->Member type "variable" set.
[DEBUG] 2023-11-09 11:35:37.893 [main] ASParser - ---->Variable name declared: UPDATEMODE_MODIFY
[DEBUG] 2023-11-09 11:35:37.893 [main] ASParser - ---->Variable type for UPDATEMODE_MODIFY declared as: String
[DEBUG] 2023-11-09 11:35:37.894 [main] ASParser - ---->Variable with assignment value:  "2"
[DEBUG] 2023-11-09 11:35:37.894 [main] ASParser - Entering comment...
[DEBUG] 2023-11-09 11:35:37.894 [main] ASParser - Exiting comment...
[DEBUG] 2023-11-09 11:35:37.894 [main] ASParser - ->Member encapsulation set to public
[DEBUG] 2023-11-09 11:35:37.894 [main] ASParser - -->Static flag set
[INFO ] 2023-11-09 11:35:37.894 [main] ASParser - Parsing class member variable start.................
[DEBUG] 2023-11-09 11:35:37.894 [main] ASParser - --->Member type "variable" set.
[DEBUG] 2023-11-09 11:35:37.894 [main] ASParser - ---->Variable name declared: UPDATEMODE_RECYCLE
[DEBUG] 2023-11-09 11:35:37.894 [main] ASParser - ---->Variable type for UPDATEMODE_RECYCLE declared as: String
[DEBUG] 2023-11-09 11:35:37.894 [main] ASParser - ---->Variable with assignment value:  "3"
[DEBUG] 2023-11-09 11:35:37.894 [main] ASParser - Entering comment...
[DEBUG] 2023-11-09 11:35:37.894 [main] ASParser - Exiting comment...
[DEBUG] 2023-11-09 11:35:37.894 [main] ASParser - ->Member encapsulation set to public
[INFO ] 2023-11-09 11:35:37.894 [main] ASParser - Parsing class member variable start.................
[DEBUG] 2023-11-09 11:35:37.894 [main] ASParser - --->Member type "variable" set.
[DEBUG] 2023-11-09 11:35:37.894 [main] ASParser - ---->Variable name declared: rcRecord
[DEBUG] 2023-11-09 11:35:37.894 [main] ASParser - ---->Variable type for rcRecord declared as: Object
[DEBUG] 2023-11-09 11:35:37.894 [main] ASParser - Entering comment...
[DEBUG] 2023-11-09 11:35:37.894 [main] ASParser - Exiting comment...
[DEBUG] 2023-11-09 11:35:37.895 [main] ASParser - ->Member encapsulation set to public
[INFO ] 2023-11-09 11:35:37.895 [main] ASParser - Parsing class member variable start.................
[DEBUG] 2023-11-09 11:35:37.895 [main] ASParser - --->Member type "variable" set.
[DEBUG] 2023-11-09 11:35:37.895 [main] ASParser - ---->Variable name declared: serviceMode
[DEBUG] 2023-11-09 11:35:37.895 [main] ASParser - ---->Variable type for serviceMode declared as: int
[DEBUG] 2023-11-09 11:35:37.895 [main] ASParser - ---->Variable with assignment value:  ACCSetFrameConst.SERVICE_BASE_0
[DEBUG] 2023-11-09 11:35:37.895 [main] ASParser - Entering comment...
[DEBUG] 2023-11-09 11:35:37.895 [main] ASParser - Exiting comment...
[DEBUG] 2023-11-09 11:35:37.895 [main] ASParser - ->Member encapsulation set to public
[INFO ] 2023-11-09 11:35:37.895 [main] ASParser - Parsing class member variable start.................
[DEBUG] 2023-11-09 11:35:37.895 [main] ASParser - --->Member type "variable" set.
[DEBUG] 2023-11-09 11:35:37.895 [main] ASParser - ---->Variable name declared: referenceMode
[DEBUG] 2023-11-09 11:35:37.895 [main] ASParser - ---->Variable type for referenceMode declared as: Boolean
[DEBUG] 2023-11-09 11:35:37.895 [main] ASParser - ---->Variable with assignment value:  false
[DEBUG] 2023-11-09 11:35:37.895 [main] ASParser - Entering comment...
[DEBUG] 2023-11-09 11:35:37.895 [main] ASParser - Exiting comment...
[DEBUG] 2023-11-09 11:35:37.895 [main] ASParser - ->Member encapsulation set to public
[INFO ] 2023-11-09 11:35:37.895 [main] ASParser - Parsing class member variable start.................
[DEBUG] 2023-11-09 11:35:37.895 [main] ASParser - --->Member type "variable" set.
[DEBUG] 2023-11-09 11:35:37.895 [main] ASParser - ---->Variable name declared: applicationId
[DEBUG] 2023-11-09 11:35:37.895 [main] ASParser - ---->Variable type for applicationId declared as: String
[DEBUG] 2023-11-09 11:35:37.895 [main] ASParser - Entering comment...
[DEBUG] 2023-11-09 11:35:37.895 [main] ASParser - Exiting comment...
[DEBUG] 2023-11-09 11:35:37.896 [main] ASParser - ->Member encapsulation set to public
[INFO ] 2023-11-09 11:35:37.896 [main] ASParser - Parsing class member variable end.................
[INFO ] 2023-11-09 11:35:37.896 [main] ASParser - Parsing class member function start.................
[DEBUG] 2023-11-09 11:35:37.896 [main] ASParser - ---->Member type function set.
[DEBUG] 2023-11-09 11:35:37.896 [main] ASParser - ****>Function name declared: setFrame
[DEBUG] 2023-11-09 11:35:37.896 [main] ASParser - ----->Function argument found: i
[DEBUG] 2023-11-09 11:35:37.896 [main] ASParser - ----->Function argument typed to: int
[DEBUG] 2023-11-09 11:35:37.896 [main] ASParser - ----->Function argument defaulted to: 0
[DEBUG] 2023-11-09 11:35:37.896 [main] ASParser - ------>Completed paring args: 1 args
[DEBUG] 2023-11-09 11:35:37.896 [main] ASParser - ------>Typed the function to: void
[DEBUG] 2023-11-09 11:35:37.896 [main] ASParser - Entering comment...
[DEBUG] 2023-11-09 11:35:37.896 [main] ASParser - Exiting comment...
[DEBUG] 2023-11-09 11:35:37.896 [main] ASParser - ->Member encapsulation set to public
[INFO ] 2023-11-09 11:35:37.896 [main] ASParser - Parsing class member variable end.................
[INFO ] 2023-11-09 11:35:37.896 [main] ASParser - Parsing class member function start.................
[DEBUG] 2023-11-09 11:35:37.896 [main] ASParser - ---->Member type function set.
[DEBUG] 2023-11-09 11:35:37.896 [main] ASParser - ****>Function name declared: clearFrame
[DEBUG] 2023-11-09 11:35:37.896 [main] ASParser - ----->Function argument found: i
[DEBUG] 2023-11-09 11:35:37.896 [main] ASParser - ----->Function argument typed to: int
[DEBUG] 2023-11-09 11:35:37.896 [main] ASParser - ----->Function argument defaulted to: 0
[DEBUG] 2023-11-09 11:35:37.896 [main] ASParser - ------>Completed paring args: 1 args
[DEBUG] 2023-11-09 11:35:37.896 [main] ASParser - ------>Typed the function to: void
[INFO ] 2023-11-09 11:35:37.896 [main] ASParser - Parsing class end.................
[INFO ] 2023-11-09 11:35:37.907 [main] ASParser - End parser class.................
[INFO ] 2023-11-09 11:35:37.907 [main] ASConvert - END: parser Actionscript & Actionscript Inline-------------------------------
[INFO ] 2023-11-09 11:35:37.907 [main] ASConvert - START: Convert Actionscript & Actionscript Inline-------------------------------
[DEBUG] 2023-11-09 11:35:37.909 [main] ASParser - appened untyped: SERVICE_BASE_0
[DEBUG] 2023-11-09 11:35:37.909 [main] ASParser - appened untyped: compCanvas1
[DEBUG] 2023-11-09 11:35:37.909 [main] ASParser - appened untyped: setForm
[DEBUG] 2023-11-09 11:35:37.909 [main] ASParser - appened untyped: SERVICE_FORM_1
[DEBUG] 2023-11-09 11:35:37.909 [main] ASParser - appened untyped: SERVICE_BASE_2
[DEBUG] 2023-11-09 11:35:37.909 [main] ASParser - appened untyped: compCanvas1
[DEBUG] 2023-11-09 11:35:37.909 [main] ASParser - appened untyped: setForm
[DEBUG] 2023-11-09 11:35:37.910 [main] ASParser - appened untyped: SERVICE_FORM_2
[DEBUG] 2023-11-09 11:35:37.910 [main] ASParser - Entering comment...
[DEBUG] 2023-11-09 11:35:37.910 [main] ASParser - Exiting comment...
[DEBUG] 2023-11-09 11:35:37.910 [main] ASParser - appened untyped: DISPLAY_BASE_1
[DEBUG] 2023-11-09 11:35:37.910 [main] ASParser - appened untyped: compCanvas1
[DEBUG] 2023-11-09 11:35:37.910 [main] ASParser - appened untyped: saveFormValue
[DEBUG] 2023-11-09 11:35:37.910 [main] ASParser - appened untyped: getStackTrace
[DEBUG] 2023-11-09 11:35:37.910 [main] ASParser - appened untyped: showDialogue
[DEBUG] 2023-11-09 11:35:37.911 [main] ASParser - appened untyped: className
[DEBUG] 2023-11-09 11:35:37.911 [main] ASParser - appened untyped: AIR_ERROR
[DEBUG] 2023-11-09 11:35:37.911 [main] ASParser - appened untyped: toString
[DEBUG] 2023-11-09 11:35:37.911 [main] ASParser - parsing: showDialogue1OnClickHandler:void
[DEBUG] 2023-11-09 11:35:37.911 [main] ASParser - parsing: showDialogue2OnClickHandler:void
[DEBUG] 2023-11-09 11:35:37.912 [main] ASParser - Entering comment...
[DEBUG] 2023-11-09 11:35:37.912 [main] ASParser - Exiting comment...
[DEBUG] 2023-11-09 11:35:37.912 [main] ASParser - appened untyped: CLEAR_BASE_0
[DEBUG] 2023-11-09 11:35:37.912 [main] ASParser - appened untyped: compCanvas1
[DEBUG] 2023-11-09 11:35:37.912 [main] ASParser - appened untyped: clearForm
[DEBUG] 2023-11-09 11:35:37.912 [main] ASParser - appened untyped: CLEAR_FORM_0
[DEBUG] 2023-11-09 11:35:37.912 [main] ASParser - Entering comment...
[DEBUG] 2023-11-09 11:35:37.912 [main] ASParser - Exiting comment...
[DEBUG] 2023-11-09 11:35:37.912 [main] ASParser - appened untyped: CLEAR_BASE_1
[DEBUG] 2023-11-09 11:35:37.912 [main] ASParser - appened untyped: compCanvas1
[DEBUG] 2023-11-09 11:35:37.912 [main] ASParser - appened untyped: clearForm
[DEBUG] 2023-11-09 11:35:37.912 [main] ASParser - appened untyped: CLEAR_FORM_1
[DEBUG] 2023-11-09 11:35:37.912 [main] ASParser - appened untyped: getStackTrace
[DEBUG] 2023-11-09 11:35:37.913 [main] ASParser - appened untyped: showDialogue
[DEBUG] 2023-11-09 11:35:37.913 [main] ASParser - appened untyped: className
[DEBUG] 2023-11-09 11:35:37.913 [main] ASParser - appened untyped: AIR_ERROR
[DEBUG] 2023-11-09 11:35:37.913 [main] ASParser - appened untyped: toString
[DEBUG] 2023-11-09 11:35:37.913 [main] ASParser - parsing: showDialogue1OnClickHandler:void
[DEBUG] 2023-11-09 11:35:37.913 [main] ASParser - parsing: showDialogue2OnClickHandler:void
[INFO ] 2023-11-09 11:35:37.914 [main] ASConvert - Read template controller class: templates/classcontroller
[INFO ] 2023-11-09 11:35:37.914 [main] ASConvert - Generating package name:jp.co.nissho_ele.acc.mg.tougouchusyutsu
[INFO ] 2023-11-09 11:35:37.915 [main] ASConvert - Generating imported packages: 8 packages
[INFO ] 2023-11-09 11:35:37.915 [main] ASConvert - Generating controller class:MG3001001_00_000Controller
[INFO ] 2023-11-09 11:35:37.915 [main] ASConvert - Save output controller file: D:\output\tougouchusyutsu\MG3001001_00_000Controller.java
[INFO ] 2023-11-09 11:35:37.918 [main] ASConvert - Done.
[INFO ] 2023-11-09 11:35:37.918 [main] ASConvert - START: compile actionscript inline-------------------------------
[INFO ] 2023-11-09 11:35:37.920 [main] ASConvert - END: compile actionscript inline-------------------------------
[INFO ] 2023-11-09 11:35:37.920 [main] ASConvert - Save output model file: D:\output\tougouchusyutsu\MG3001001_00_000Model.java
[INFO ] 2023-11-09 11:35:37.921 [main] ASConvert - Done.
[INFO ] 2023-11-09 11:35:37.921 [main] ASConvert - END: Convert Actionscript & Actionscript Inline-------------------------------
[INFO ] 2023-11-09 11:35:37.935 [main] MxmlConvert - Root Element : Containers:ACCCanvas
[INFO ] 2023-11-09 11:35:37.935 [main] MxmlConvert - ------
[INFO ] 2023-11-09 11:35:37.939 [main] ConvertMxmlService - Node Name =#comment [OPEN]
[INFO ] 2023-11-09 11:35:37.939 [main] ConvertMxmlService - Node Name =Containers:ACCCanvas [OPEN]
[INFO ] 2023-11-09 11:35:39.979 [main] ConvertMxmlService - Node Name =#text [OPEN]
[INFO ] 2023-11-09 11:35:39.980 [main] ConvertMxmlService - Node Name =mx:Script [OPEN]
[INFO ] 2023-11-09 11:35:39.982 [main] ConvertMxmlService - Node Name =#text [OPEN]
[INFO ] 2023-11-09 11:35:39.982 [main] ConvertMxmlService - Node Name =#comment [OPEN]
[INFO ] 2023-11-09 11:35:39.982 [main] ConvertMxmlService - Node Name =#text [OPEN]
[INFO ] 2023-11-09 11:35:39.982 [main] ConvertMxmlService - Node Name =mx:XML [OPEN]
[INFO ] 2023-11-09 11:35:39.984 [main] ConvertMxmlService - Node Name =#text [OPEN]
[INFO ] 2023-11-09 11:35:39.984 [main] ConvertMxmlService - Node Name =#comment [OPEN]
[INFO ] 2023-11-09 11:35:39.984 [main] ConvertMxmlService - Node Name =#text [OPEN]
[INFO ] 2023-11-09 11:35:39.984 [main] ConvertMxmlService - Node Name =#comment [OPEN]
[INFO ] 2023-11-09 11:35:39.984 [main] ConvertMxmlService - Node Name =#text [OPEN]
[INFO ] 2023-11-09 11:35:39.984 [main] ConvertMxmlService - Node Name =mx:XML [OPEN]
[INFO ] 2023-11-09 11:35:39.985 [main] ConvertMxmlService - Node Name =#text [OPEN]
[INFO ] 2023-11-09 11:35:39.985 [main] ConvertMxmlService - Node Name =tougouchusyutsu:MG3001001_01_000_AS [OPEN]
[INFO ] 2023-11-09 11:35:39.986 [main] ConvertMxmlService - Node Name =#text [OPEN]
[INFO ] 2023-11-09 11:35:39.986 [main] ConvertMxmlService - Node Name =Controls:ACCLabel [OPEN]
[INFO ] 2023-11-09 11:35:39.987 [main] ConvertMxmlService - Node Name =Controls:ACCLabel [CLOSE]
[INFO ] 2023-11-09 11:35:39.987 [main] ConvertMxmlService - Node Name =#text [OPEN]
[INFO ] 2023-11-09 11:35:39.987 [main] ConvertMxmlService - Node Name =#comment [OPEN]
[INFO ] 2023-11-09 11:35:39.987 [main] ConvertMxmlService - Node Name =#text [OPEN]
[INFO ] 2023-11-09 11:35:39.987 [main] ConvertMxmlService - Node Name =Controls:ACCTextInput [OPEN]
[INFO ] 2023-11-09 11:35:39.989 [main] ConvertMxmlService - Node Name =Controls:ACCTextInput [CLOSE]
[INFO ] 2023-11-09 11:35:39.989 [main] ConvertMxmlService - Node Name =#text [OPEN]
[INFO ] 2023-11-09 11:35:39.989 [main] ConvertMxmlService - Node Name =#comment [OPEN]
[INFO ] 2023-11-09 11:35:39.989 [main] ConvertMxmlService - Node Name =#text [OPEN]
[INFO ] 2023-11-09 11:35:39.989 [main] ConvertMxmlService - Node Name =Controls:ACCButton [OPEN]
[INFO ] 2023-11-09 11:35:39.990 [main] ConvertMxmlService - Node Name =Controls:ACCButton [CLOSE]
[INFO ] 2023-11-09 11:35:39.990 [main] ConvertMxmlService - Node Name =#text [OPEN]
[INFO ] 2023-11-09 11:35:39.990 [main] ConvertMxmlService - Node Name =Controls:ACCLabel [OPEN]
[INFO ] 2023-11-09 11:35:39.991 [main] ConvertMxmlService - Node Name =Controls:ACCLabel [CLOSE]
[INFO ] 2023-11-09 11:35:39.991 [main] ConvertMxmlService - Node Name =#text [OPEN]
[INFO ] 2023-11-09 11:35:39.992 [main] ConvertMxmlService - Node Name =#comment [OPEN]
[INFO ] 2023-11-09 11:35:39.992 [main] ConvertMxmlService - Node Name =#text [OPEN]
[INFO ] 2023-11-09 11:35:39.992 [main] ConvertMxmlService - Node Name =Controls:ACCTextInput [OPEN]
[INFO ] 2023-11-09 11:35:39.994 [main] ConvertMxmlService - Node Name =Controls:ACCTextInput [CLOSE]
[INFO ] 2023-11-09 11:35:39.994 [main] ConvertMxmlService - Node Name =#text [OPEN]
[INFO ] 2023-11-09 11:35:39.994 [main] ConvertMxmlService - Node Name =Controls:ACCCheckBox [OPEN]
[INFO ] 2023-11-09 11:35:39.994 [main] ConvertMxmlService - Node Name =Controls:ACCCheckBox [CLOSE]
[INFO ] 2023-11-09 11:35:39.994 [main] ConvertMxmlService - Node Name =#text [OPEN]
[INFO ] 2023-11-09 11:35:39.994 [main] ConvertMxmlService - Node Name =Controls:ACCCheckBox [OPEN]
[INFO ] 2023-11-09 11:35:39.996 [main] ConvertMxmlService - Node Name =Controls:ACCCheckBox [CLOSE]
[INFO ] 2023-11-09 11:35:39.996 [main] ConvertMxmlService - Node Name =#text [OPEN]
[INFO ] 2023-11-09 11:35:39.996 [main] ConvertMxmlService - Node Name =Controls:ACCCheckBox [OPEN]
[INFO ] 2023-11-09 11:35:39.996 [main] ConvertMxmlService - Node Name =Controls:ACCCheckBox [CLOSE]
[INFO ] 2023-11-09 11:35:39.996 [main] ConvertMxmlService - Node Name =#text [OPEN]
[INFO ] 2023-11-09 11:35:39.996 [main] ConvertMxmlService - Node Name =#comment [OPEN]
[INFO ] 2023-11-09 11:35:39.996 [main] ConvertMxmlService - Node Name =#text [OPEN]
[INFO ] 2023-11-09 11:35:39.996 [main] ConvertMxmlService - Node Name =Containers:ACCTabNavigator [OPEN]
[INFO ] 2023-11-09 11:35:39.997 [main] ConvertMxmlService - Node Name =#text [OPEN]
[INFO ] 2023-11-09 11:35:39.997 [main] ConvertMxmlService - Node Name =#comment [OPEN]
[INFO ] 2023-11-09 11:35:39.997 [main] ConvertMxmlService - Node Name =#text [OPEN]
[INFO ] 2023-11-09 11:35:39.997 [main] ConvertMxmlService - Node Name =Containers:ACCCanvas [OPEN]
[INFO ] 2023-11-09 11:35:39.997 [main] ConvertMxmlService - Node Name =#text [OPEN]
[INFO ] 2023-11-09 11:35:39.997 [main] ConvertMxmlService - Node Name =Controls:ACCLabel [OPEN]
[INFO ] 2023-11-09 11:35:39.998 [main] ConvertMxmlService - Node Name =Controls:ACCLabel [CLOSE]
[INFO ] 2023-11-09 11:35:39.998 [main] ConvertMxmlService - Node Name =#text [OPEN]
[INFO ] 2023-11-09 11:35:39.998 [main] ConvertMxmlService - Node Name =Controls:ACCCheckBox [OPEN]
[INFO ] 2023-11-09 11:35:39.999 [main] ConvertMxmlService - Node Name =Controls:ACCCheckBox [CLOSE]
[INFO ] 2023-11-09 11:35:40.000 [main] ConvertMxmlService - Node Name =#text [OPEN]
[INFO ] 2023-11-09 11:35:40.000 [main] ConvertMxmlService - Node Name =Controls:ACCCheckBox [OPEN]
[INFO ] 2023-11-09 11:35:40.001 [main] ConvertMxmlService - Node Name =Controls:ACCCheckBox [CLOSE]
[INFO ] 2023-11-09 11:35:40.001 [main] ConvertMxmlService - Node Name =#text [OPEN]
[INFO ] 2023-11-09 11:35:40.001 [main] ConvertMxmlService - Node Name =Controls:ACCCheckBox [OPEN]
[INFO ] 2023-11-09 11:35:40.002 [main] ConvertMxmlService - Node Name =Controls:ACCCheckBox [CLOSE]
[INFO ] 2023-11-09 11:35:40.002 [main] ConvertMxmlService - Node Name =#text [OPEN]
[INFO ] 2023-11-09 11:35:40.002 [main] ConvertMxmlService - Node Name =Controls:ACCLabel [OPEN]
[INFO ] 2023-11-09 11:35:40.003 [main] ConvertMxmlService - Node Name =Controls:ACCLabel [CLOSE]
[INFO ] 2023-11-09 11:35:40.003 [main] ConvertMxmlService - Node Name =#text [OPEN]
[INFO ] 2023-11-09 11:35:40.003 [main] ConvertMxmlService - Node Name =Controls:ACCComboBoxCode [OPEN]
[INFO ] 2023-11-09 11:35:40.003 [main] ConvertMxmlService - Node Name =Controls:ACCComboBoxCode [CLOSE]
[INFO ] 2023-11-09 11:35:40.003 [main] ConvertMxmlService - Node Name =#text [OPEN]
[INFO ] 2023-11-09 11:35:40.003 [main] ConvertMxmlService - Node Name =Controls:ACCLabel [OPEN]
[INFO ] 2023-11-09 11:35:40.004 [main] ConvertMxmlService - Node Name =Controls:ACCLabel [CLOSE]
[INFO ] 2023-11-09 11:35:40.004 [main] ConvertMxmlService - Node Name =#text [OPEN]
[INFO ] 2023-11-09 11:35:40.004 [main] ConvertMxmlService - Node Name =Controls:ACCTextInputMaskNumberOnly [OPEN]
[INFO ] 2023-11-09 11:35:40.004 [main] ConvertMxmlService - Node Name =Controls:ACCTextInputMaskNumberOnly [CLOSE]
[INFO ] 2023-11-09 11:35:40.004 [main] ConvertMxmlService - Node Name =#text [OPEN]
[INFO ] 2023-11-09 11:35:40.004 [main] ConvertMxmlService - Node Name =Controls:ACCLabel [OPEN]
[INFO ] 2023-11-09 11:35:40.004 [main] ConvertMxmlService - Node Name =Controls:ACCLabel [CLOSE]
[INFO ] 2023-11-09 11:35:40.004 [main] ConvertMxmlService - Node Name =#text [OPEN]
[INFO ] 2023-11-09 11:35:40.004 [main] ConvertMxmlService - Node Name =Controls:ACCTextInputMaskNumberOnly [OPEN]
[INFO ] 2023-11-09 11:35:40.004 [main] ConvertMxmlService - Node Name =Controls:ACCTextInputMaskNumberOnly [CLOSE]
[INFO ] 2023-11-09 11:35:40.004 [main] ConvertMxmlService - Node Name =#text [OPEN]
[INFO ] 2023-11-09 11:35:40.004 [main] ConvertMxmlService - Node Name =Controls:ACCLabel [OPEN]
[INFO ] 2023-11-09 11:35:40.005 [main] ConvertMxmlService - Node Name =Controls:ACCLabel [CLOSE]
[INFO ] 2023-11-09 11:35:40.005 [main] ConvertMxmlService - Node Name =#text [OPEN]
[INFO ] 2023-11-09 11:35:40.005 [main] ConvertMxmlService - Node Name =Controls:ACCTextInputMaskZip [OPEN]
[INFO ] 2023-11-09 11:35:40.005 [main] ConvertMxmlService - Node Name =Controls:ACCTextInputMaskZip [CLOSE]
[INFO ] 2023-11-09 11:35:40.006 [main] ConvertMxmlService - Node Name =#text [OPEN]
[INFO ] 2023-11-09 11:35:40.006 [main] ConvertMxmlService - Node Name =Controls:ACCLabel [OPEN]
[INFO ] 2023-11-09 11:35:40.006 [main] ConvertMxmlService - Node Name =Controls:ACCLabel [CLOSE]
[INFO ] 2023-11-09 11:35:40.006 [main] ConvertMxmlService - Node Name =#text [OPEN]
[INFO ] 2023-11-09 11:35:40.006 [main] ConvertMxmlService - Node Name =Controls:ACCTextInputMaskZip [OPEN]
[INFO ] 2023-11-09 11:35:40.007 [main] ConvertMxmlService - Node Name =Controls:ACCTextInputMaskZip [CLOSE]
[INFO ] 2023-11-09 11:35:40.007 [main] ConvertMxmlService - Node Name =#text [OPEN]
[INFO ] 2023-11-09 11:35:40.007 [main] ConvertMxmlService - Node Name =#comment [OPEN]
[INFO ] 2023-11-09 11:35:40.007 [main] ConvertMxmlService - Node Name =#text [OPEN]
[INFO ] 2023-11-09 11:35:40.007 [main] ConvertMxmlService - Node Name =Containers:ACCPanel [OPEN]
[INFO ] 2023-11-09 11:35:40.008 [main] ConvertMxmlService - Node Name =#text [OPEN]
[INFO ] 2023-11-09 11:35:40.008 [main] ConvertMxmlService - Node Name =#comment [OPEN]
[INFO ] 2023-11-09 11:35:40.008 [main] ConvertMxmlService - Node Name =#text [OPEN]
[INFO ] 2023-11-09 11:35:40.008 [main] ConvertMxmlService - Node Name =Controls:ACCLabel [OPEN]
[INFO ] 2023-11-09 11:35:40.009 [main] ConvertMxmlService - Node Name =Controls:ACCLabel [CLOSE]
[INFO ] 2023-11-09 11:35:40.009 [main] ConvertMxmlService - Node Name =#text [OPEN]
[INFO ] 2023-11-09 11:35:40.009 [main] ConvertMxmlService - Node Name =Controls:ACCComboBoxCode [OPEN]
[INFO ] 2023-11-09 11:35:40.009 [main] ConvertMxmlService - Node Name =Controls:ACCComboBoxCode [CLOSE]
[INFO ] 2023-11-09 11:35:40.009 [main] ConvertMxmlService - Node Name =#text [OPEN]
[INFO ] 2023-11-09 11:35:40.009 [main] ConvertMxmlService - Node Name =#comment [OPEN]
[INFO ] 2023-11-09 11:35:40.009 [main] ConvertMxmlService - Node Name =#text [OPEN]
[INFO ] 2023-11-09 11:35:40.009 [main] ConvertMxmlService - Node Name =Controls:ACCLabel [OPEN]
[INFO ] 2023-11-09 11:35:40.010 [main] ConvertMxmlService - Node Name =Controls:ACCLabel [CLOSE]
[INFO ] 2023-11-09 11:35:40.010 [main] ConvertMxmlService - Node Name =#text [OPEN]
[INFO ] 2023-11-09 11:35:40.010 [main] ConvertMxmlService - Node Name =Controls:ACCComboBoxCode [OPEN]
[INFO ] 2023-11-09 11:35:40.010 [main] ConvertMxmlService - Node Name =Controls:ACCComboBoxCode [CLOSE]
[INFO ] 2023-11-09 11:35:40.010 [main] ConvertMxmlService - Node Name =#text [OPEN]
[INFO ] 2023-11-09 11:35:40.010 [main] ConvertMxmlService - Node Name =#comment [OPEN]
[INFO ] 2023-11-09 11:35:40.010 [main] ConvertMxmlService - Node Name =#text [OPEN]
[INFO ] 2023-11-09 11:35:40.010 [main] ConvertMxmlService - Node Name =Controls:ACCLabel [OPEN]
[INFO ] 2023-11-09 11:35:40.011 [main] ConvertMxmlService - Node Name =Controls:ACCLabel [CLOSE]
[INFO ] 2023-11-09 11:35:40.011 [main] ConvertMxmlService - Node Name =#text [OPEN]
[INFO ] 2023-11-09 11:35:40.011 [main] ConvertMxmlService - Node Name =Controls:ACCComboBoxCode [OPEN]
[INFO ] 2023-11-09 11:35:40.012 [main] ConvertMxmlService - Node Name =Controls:ACCComboBoxCode [CLOSE]
[INFO ] 2023-11-09 11:35:40.012 [main] ConvertMxmlService - Node Name =#text [OPEN]
[INFO ] 2023-11-09 11:35:40.012 [main] ConvertMxmlService - Node Name =#comment [OPEN]
[INFO ] 2023-11-09 11:35:40.012 [main] ConvertMxmlService - Node Name =#text [OPEN]
[INFO ] 2023-11-09 11:35:40.012 [main] ConvertMxmlService - Node Name =Controls:ACCLabel [OPEN]
[INFO ] 2023-11-09 11:35:40.013 [main] ConvertMxmlService - Node Name =Controls:ACCLabel [CLOSE]
[INFO ] 2023-11-09 11:35:40.013 [main] ConvertMxmlService - Node Name =#text [OPEN]
[INFO ] 2023-11-09 11:35:40.013 [main] ConvertMxmlService - Node Name =Controls:ACCComboBoxCode [OPEN]
[INFO ] 2023-11-09 11:35:40.013 [main] ConvertMxmlService - Node Name =Controls:ACCComboBoxCode [CLOSE]
[INFO ] 2023-11-09 11:35:40.013 [main] ConvertMxmlService - Node Name =#text [OPEN]
[INFO ] 2023-11-09 11:35:40.013 [main] ConvertMxmlService - Node Name =#comment [OPEN]
[INFO ] 2023-11-09 11:35:40.014 [main] ConvertMxmlService - Node Name =#text [OPEN]
[INFO ] 2023-11-09 11:35:40.014 [main] ConvertMxmlService - Node Name =Controls:ACCLabel [OPEN]
[INFO ] 2023-11-09 11:35:40.014 [main] ConvertMxmlService - Node Name =Controls:ACCLabel [CLOSE]
[INFO ] 2023-11-09 11:35:40.014 [main] ConvertMxmlService - Node Name =#text [OPEN]
[INFO ] 2023-11-09 11:35:40.014 [main] ConvertMxmlService - Node Name =Controls:ACCComboBoxCode [OPEN]
[INFO ] 2023-11-09 11:35:40.015 [main] ConvertMxmlService - Node Name =Controls:ACCComboBoxCode [CLOSE]
[INFO ] 2023-11-09 11:35:40.015 [main] ConvertMxmlService - Node Name =#text [OPEN]
[INFO ] 2023-11-09 11:35:40.015 [main] ConvertMxmlService - Node Name =Containers:ACCPanel [CLOSE]
[INFO ] 2023-11-09 11:35:40.015 [main] ConvertMxmlService - Node Name =#text [OPEN]
[INFO ] 2023-11-09 11:35:40.015 [main] ConvertMxmlService - Node Name =#comment [OPEN]
[INFO ] 2023-11-09 11:35:40.015 [main] ConvertMxmlService - Node Name =#text [OPEN]
[INFO ] 2023-11-09 11:35:40.015 [main] ConvertMxmlService - Node Name =Containers:ACCPanel [OPEN]
[INFO ] 2023-11-09 11:35:40.015 [main] ConvertMxmlService - Node Name =#text [OPEN]
[INFO ] 2023-11-09 11:35:40.015 [main] ConvertMxmlService - Node Name =Controls:ACCLabel [OPEN]
[INFO ] 2023-11-09 11:35:40.016 [main] ConvertMxmlService - Node Name =Controls:ACCLabel [CLOSE]
[INFO ] 2023-11-09 11:35:40.016 [main] ConvertMxmlService - Node Name =#text [OPEN]
[INFO ] 2023-11-09 11:35:40.016 [main] ConvertMxmlService - Node Name =Controls:ACCComboBoxCode [OPEN]
[INFO ] 2023-11-09 11:35:40.017 [main] ConvertMxmlService - Node Name =Controls:ACCComboBoxCode [CLOSE]
[INFO ] 2023-11-09 11:35:40.017 [main] ConvertMxmlService - Node Name =#text [OPEN]
[INFO ] 2023-11-09 11:35:40.017 [main] ConvertMxmlService - Node Name =Controls:ACCLabel [OPEN]
[INFO ] 2023-11-09 11:35:40.017 [main] ConvertMxmlService - Node Name =Controls:ACCLabel [CLOSE]
[INFO ] 2023-11-09 11:35:40.017 [main] ConvertMxmlService - Node Name =#text [OPEN]
[INFO ] 2023-11-09 11:35:40.017 [main] ConvertMxmlService - Node Name =Controls:ACCComboBoxCode [OPEN]
[INFO ] 2023-11-09 11:35:40.018 [main] ConvertMxmlService - Node Name =Controls:ACCComboBoxCode [CLOSE]
[INFO ] 2023-11-09 11:35:40.018 [main] ConvertMxmlService - Node Name =#text [OPEN]
[INFO ] 2023-11-09 11:35:40.018 [main] ConvertMxmlService - Node Name =Controls:ACCLabel [OPEN]
[INFO ] 2023-11-09 11:35:40.018 [main] ConvertMxmlService - Node Name =Controls:ACCLabel [CLOSE]
[INFO ] 2023-11-09 11:35:40.018 [main] ConvertMxmlService - Node Name =#text [OPEN]
[INFO ] 2023-11-09 11:35:40.018 [main] ConvertMxmlService - Node Name =Controls:ACCComboBoxCode [OPEN]
[INFO ] 2023-11-09 11:35:40.019 [main] ConvertMxmlService - Node Name =Controls:ACCComboBoxCode [CLOSE]
[INFO ] 2023-11-09 11:35:40.019 [main] ConvertMxmlService - Node Name =#text [OPEN]
[INFO ] 2023-11-09 11:35:40.019 [main] ConvertMxmlService - Node Name =Containers:ACCPanel [CLOSE]
[INFO ] 2023-11-09 11:35:40.019 [main] ConvertMxmlService - Node Name =#text [OPEN]
[INFO ] 2023-11-09 11:35:40.019 [main] ConvertMxmlService - Node Name =#comment [OPEN]
[INFO ] 2023-11-09 11:35:40.019 [main] ConvertMxmlService - Node Name =#text [OPEN]
[INFO ] 2023-11-09 11:35:40.019 [main] ConvertMxmlService - Node Name =Containers:ACCPanel [OPEN]
[INFO ] 2023-11-09 11:35:40.019 [main] ConvertMxmlService - Node Name =#text [OPEN]
[INFO ] 2023-11-09 11:35:40.019 [main] ConvertMxmlService - Node Name =Controls:ACCDataGrid [OPEN]
[INFO ] 2023-11-09 11:35:46.127 [main] ASConvert - START: parser Actionscript & Actionscript Inline-------------------------------
[DEBUG] 2023-11-09 11:35:46.129 [main] ASConvert - Loaded file: D:\Project\Nissho\AdobeFlexAir\Source\04.SourceCode\trunk\CLIENT\ACC\src\jp\co\nissho_ele\acc\mg\tougouchusyutsu\MG3001001_01_000.mxml (package: MG3001001_01_000)
[INFO ] 2023-11-09 11:35:46.129 [main] ASConvert - Analyzing class path for Actionscript: MG3001001_01_000
[INFO ] 2023-11-09 11:35:46.129 [main] ASParser - Starting parser class....................
[INFO ] 2023-11-09 11:35:46.129 [main] ASParser - Parsing package start.................
[DEBUG] 2023-11-09 11:35:46.129 [main] ASParser - Found package: jp.co.nissho_ele.acc.mg.tougouchusyutsu
[INFO ] 2023-11-09 11:35:46.129 [main] ASParser - Parsing package end.................
[DEBUG] 2023-11-09 11:35:46.129 [main] ASParser - Attempting to parse package...
[DEBUG] 2023-11-09 11:35:46.129 [main] ASParser - Found import keyword...
[INFO ] 2023-11-09 11:35:46.129 [main] ASParser - Parsing import package start.................
[DEBUG] 2023-11-09 11:35:46.129 [main] ASParser - Parsed import name: flash.display.DisplayObject
[DEBUG] 2023-11-09 11:35:46.129 [main] ASParser - Found import keyword...
[INFO ] 2023-11-09 11:35:46.129 [main] ASParser - Parsing import package start.................
[DEBUG] 2023-11-09 11:35:46.129 [main] ASParser - Parsed import name: flash.events.Event
[DEBUG] 2023-11-09 11:35:46.129 [main] ASParser - Found import keyword...
[INFO ] 2023-11-09 11:35:46.129 [main] ASParser - Parsing import package start.................
[DEBUG] 2023-11-09 11:35:46.129 [main] ASParser - Parsed import name: flash.events.MouseEvent
[DEBUG] 2023-11-09 11:35:46.129 [main] ASParser - Found import keyword...
[INFO ] 2023-11-09 11:35:46.129 [main] ASParser - Parsing import package start.................
[DEBUG] 2023-11-09 11:35:46.129 [main] ASParser - Parsed import name: flash.events.TimerEvent
[DEBUG] 2023-11-09 11:35:46.129 [main] ASParser - Found import keyword...
[INFO ] 2023-11-09 11:35:46.129 [main] ASParser - Parsing import package start.................
[DEBUG] 2023-11-09 11:35:46.129 [main] ASParser - Parsed import name: flash.utils.Timer
[DEBUG] 2023-11-09 11:35:46.129 [main] ASParser - Found import keyword...
[INFO ] 2023-11-09 11:35:46.129 [main] ASParser - Parsing import package start.................
[DEBUG] 2023-11-09 11:35:46.129 [main] ASParser - Parsed import name: jp.co.nissho_ele.acc.cl.basic.CL1001001_01_000
[DEBUG] 2023-11-09 11:35:46.129 [main] ASParser - Found import keyword...
[INFO ] 2023-11-09 11:35:46.129 [main] ASParser - Parsing import package start.................
[DEBUG] 2023-11-09 11:35:46.130 [main] ASParser - Parsed import name: jp.co.nissho_ele.acc.cl.dairininkensaku.CL5009001_00_000
[DEBUG] 2023-11-09 11:35:46.130 [main] ASParser - Found import keyword...
[INFO ] 2023-11-09 11:35:46.130 [main] ASParser - Parsing import package start.................
[DEBUG] 2023-11-09 11:35:46.130 [main] ASParser - Parsed import name: jp.co.nissho_ele.acc.framework.bridge.CallAgentController
[DEBUG] 2023-11-09 11:35:46.130 [main] ASParser - Found import keyword...
[INFO ] 2023-11-09 11:35:46.130 [main] ASParser - Parsing import package start.................
[DEBUG] 2023-11-09 11:35:46.130 [main] ASParser - Parsed import name: jp.co.nissho_ele.acc.framework.classes.constants.ACCAirErrorConst
[DEBUG] 2023-11-09 11:35:46.130 [main] ASParser - Found import keyword...
[INFO ] 2023-11-09 11:35:46.130 [main] ASParser - Parsing import package start.................
[DEBUG] 2023-11-09 11:35:46.130 [main] ASParser - Parsed import name: jp.co.nissho_ele.acc.framework.classes.constants.ACCClearFormConst
[DEBUG] 2023-11-09 11:35:46.130 [main] ASParser - Found import keyword...
[INFO ] 2023-11-09 11:35:46.130 [main] ASParser - Parsing import package start.................
[DEBUG] 2023-11-09 11:35:46.130 [main] ASParser - Parsed import name: jp.co.nissho_ele.acc.framework.classes.constants.ACCServiceConst
[DEBUG] 2023-11-09 11:35:46.130 [main] ASParser - Found import keyword...
[INFO ] 2023-11-09 11:35:46.130 [main] ASParser - Parsing import package start.................
[DEBUG] 2023-11-09 11:35:46.130 [main] ASParser - Parsed import name: jp.co.nissho_ele.acc.framework.classes.constants.ACCSetFormConst
[DEBUG] 2023-11-09 11:35:46.130 [main] ASParser - Found import keyword...
[INFO ] 2023-11-09 11:35:46.130 [main] ASParser - Parsing import package start.................
[DEBUG] 2023-11-09 11:35:46.130 [main] ASParser - Parsed import name: jp.co.nissho_ele.acc.framework.classes.constants.ACCSetFrameConst
[DEBUG] 2023-11-09 11:35:46.130 [main] ASParser - Found import keyword...
[INFO ] 2023-11-09 11:35:46.130 [main] ASParser - Parsing import package start.................
[DEBUG] 2023-11-09 11:35:46.131 [main] ASParser - Parsed import name: jp.co.nissho_ele.acc.framework.classes.constants.ACCUserInfoConst
[DEBUG] 2023-11-09 11:35:46.131 [main] ASParser - Found import keyword...
[INFO ] 2023-11-09 11:35:46.131 [main] ASParser - Parsing import package start.................
[DEBUG] 2023-11-09 11:35:46.131 [main] ASParser - Parsed import name: jp.co.nissho_ele.acc.framework.classes.model.ACCBaseInfoModel
[DEBUG] 2023-11-09 11:35:46.131 [main] ASParser - Found import keyword...
[INFO ] 2023-11-09 11:35:46.131 [main] ASParser - Parsing import package start.................
[DEBUG] 2023-11-09 11:35:46.131 [main] ASParser - Parsed import name: jp.co.nissho_ele.acc.framework.classes.model.ACCTransmissionBaseInfo
[DEBUG] 2023-11-09 11:35:46.131 [main] ASParser - Found import keyword...
[INFO ] 2023-11-09 11:35:46.131 [main] ASParser - Parsing import package start.................
[DEBUG] 2023-11-09 11:35:46.131 [main] ASParser - Parsed import name: jp.co.nissho_ele.acc.framework.classes.utility.ACCCheckUtility
[DEBUG] 2023-11-09 11:35:46.131 [main] ASParser - Found import keyword...
[INFO ] 2023-11-09 11:35:46.131 [main] ASParser - Parsing import package start.................
[DEBUG] 2023-11-09 11:35:46.131 [main] ASParser - Parsed import name: jp.co.nissho_ele.acc.framework.classes.utility.ACCCorrectTimerUtility
[DEBUG] 2023-11-09 11:35:46.131 [main] ASParser - Found import keyword...
[INFO ] 2023-11-09 11:35:46.132 [main] ASParser - Parsing import package start.................
[DEBUG] 2023-11-09 11:35:46.132 [main] ASParser - Parsed import name: jp.co.nissho_ele.acc.framework.classes.utility.ACCMessageUtility
[DEBUG] 2023-11-09 11:35:46.132 [main] ASParser - Found import keyword...
[INFO ] 2023-11-09 11:35:46.132 [main] ASParser - Parsing import package start.................
[DEBUG] 2023-11-09 11:35:46.132 [main] ASParser - Parsed import name: jp.co.nissho_ele.acc.framework.classes.utility.ACCSoapXMLUtility
[DEBUG] 2023-11-09 11:35:46.132 [main] ASParser - Found import keyword...
[INFO ] 2023-11-09 11:35:46.132 [main] ASParser - Parsing import package start.................
[DEBUG] 2023-11-09 11:35:46.132 [main] ASParser - Parsed import name: jp.co.nissho_ele.acc.framework.classes.utility.ACCStringUtility
[DEBUG] 2023-11-09 11:35:46.132 [main] ASParser - Found import keyword...
[INFO ] 2023-11-09 11:35:46.132 [main] ASParser - Parsing import package start.................
[DEBUG] 2023-11-09 11:35:46.132 [main] ASParser - Parsed import name: jp.co.nissho_ele.acc.framework.classes.utility.ACCSystemParamUtility
[DEBUG] 2023-11-09 11:35:46.132 [main] ASParser - Found import keyword...
[INFO ] 2023-11-09 11:35:46.132 [main] ASParser - Parsing import package start.................
[DEBUG] 2023-11-09 11:35:46.132 [main] ASParser - Parsed import name: jp.co.nissho_ele.acc.framework.classes.utility.ACCUserInfoUtility
[DEBUG] 2023-11-09 11:35:46.132 [main] ASParser - Found import keyword...
[INFO ] 2023-11-09 11:35:46.132 [main] ASParser - Parsing import package start.................
[DEBUG] 2023-11-09 11:35:46.133 [main] ASParser - Parsed import name: jp.co.nissho_ele.acc.framework.controls.ACCCheckBox
[DEBUG] 2023-11-09 11:35:46.133 [main] ASParser - Found import keyword...
[INFO ] 2023-11-09 11:35:46.133 [main] ASParser - Parsing import package start.................
[DEBUG] 2023-11-09 11:35:46.133 [main] ASParser - Parsed import name: jp.co.nissho_ele.acc.framework.event.ACCBaseFrameEvent
[DEBUG] 2023-11-09 11:35:46.133 [main] ASParser - Found import keyword...
[INFO ] 2023-11-09 11:35:46.133 [main] ASParser - Parsing import package start.................
[DEBUG] 2023-11-09 11:35:46.133 [main] ASParser - Parsed import name: jp.co.nissho_ele.acc.framework.event.ACCPopUpEvent
[DEBUG] 2023-11-09 11:35:46.133 [main] ASParser - Found import keyword...
[INFO ] 2023-11-09 11:35:46.133 [main] ASParser - Parsing import package start.................
[DEBUG] 2023-11-09 11:35:46.133 [main] ASParser - Parsed import name: jp.co.nissho_ele.acc.framework.event.AccEvent
[DEBUG] 2023-11-09 11:35:46.133 [main] ASParser - Found import keyword...
[INFO ] 2023-11-09 11:35:46.133 [main] ASParser - Parsing import package start.................
[DEBUG] 2023-11-09 11:35:46.133 [main] ASParser - Parsed import name: jp.co.nissho_ele.acc.framework.log.ACCLog
[DEBUG] 2023-11-09 11:35:46.133 [main] ASParser - Found import keyword...
[INFO ] 2023-11-09 11:35:46.133 [main] ASParser - Parsing import package start.................
[DEBUG] 2023-11-09 11:35:46.133 [main] ASParser - Parsed import name: jp.co.nissho_ele.acc.framework.soap.ACCWebService
[DEBUG] 2023-11-09 11:35:46.133 [main] ASParser - Found import keyword...
[INFO ] 2023-11-09 11:35:46.133 [main] ASParser - Parsing import package start.................
[DEBUG] 2023-11-09 11:35:46.134 [main] ASParser - Parsed import name: jp.co.nissho_ele.acc.mg.jyokenhozon.MG3002001_00_000
[DEBUG] 2023-11-09 11:35:46.134 [main] ASParser - Found import keyword...
[INFO ] 2023-11-09 11:35:46.134 [main] ASParser - Parsing import package start.................
[DEBUG] 2023-11-09 11:35:46.134 [main] ASParser - Parsed import name: jp.co.nissho_ele.acc.mg.jyokenyobidashi.MG3003001_00_000
[DEBUG] 2023-11-09 11:35:46.134 [main] ASParser - Found import keyword...
[INFO ] 2023-11-09 11:35:46.134 [main] ASParser - Parsing import package start.................
[DEBUG] 2023-11-09 11:35:46.134 [main] ASParser - Parsed import name: jp.co.nissho_ele.acc.mg.jyushocodemaster.MG3007001_00_000
[DEBUG] 2023-11-09 11:35:46.134 [main] ASParser - Found import keyword...
[INFO ] 2023-11-09 11:35:46.134 [main] ASParser - Parsing import package start.................
[DEBUG] 2023-11-09 11:35:46.134 [main] ASParser - Parsed import name: mx.collections.ArrayCollection
[DEBUG] 2023-11-09 11:35:46.134 [main] ASParser - Found import keyword...
[INFO ] 2023-11-09 11:35:46.134 [main] ASParser - Parsing import package start.................
[DEBUG] 2023-11-09 11:35:46.134 [main] ASParser - Parsed import name: mx.collections.Sort
[DEBUG] 2023-11-09 11:35:46.134 [main] ASParser - Found import keyword...
[INFO ] 2023-11-09 11:35:46.134 [main] ASParser - Parsing import package start.................
[DEBUG] 2023-11-09 11:35:46.134 [main] ASParser - Parsed import name: mx.collections.SortField
[DEBUG] 2023-11-09 11:35:46.134 [main] ASParser - Found import keyword...
[INFO ] 2023-11-09 11:35:46.134 [main] ASParser - Parsing import package start.................
[DEBUG] 2023-11-09 11:35:46.134 [main] ASParser - Parsed import name: mx.core.FlexGlobals
[DEBUG] 2023-11-09 11:35:46.134 [main] ASParser - Found import keyword...
[INFO ] 2023-11-09 11:35:46.134 [main] ASParser - Parsing import package start.................
[DEBUG] 2023-11-09 11:35:46.134 [main] ASParser - Parsed import name: mx.core.IMXMLObject
[DEBUG] 2023-11-09 11:35:46.135 [main] ASParser - Found import keyword...
[INFO ] 2023-11-09 11:35:46.135 [main] ASParser - Parsing import package start.................
[DEBUG] 2023-11-09 11:35:46.135 [main] ASParser - Parsed import name: mx.events.CollectionEvent
[DEBUG] 2023-11-09 11:35:46.135 [main] ASParser - Found import keyword...
[INFO ] 2023-11-09 11:35:46.135 [main] ASParser - Parsing import package start.................
[DEBUG] 2023-11-09 11:35:46.135 [main] ASParser - Parsed import name: mx.events.CollectionEventKind
[DEBUG] 2023-11-09 11:35:46.135 [main] ASParser - Found import keyword...
[INFO ] 2023-11-09 11:35:46.135 [main] ASParser - Parsing import package start.................
[DEBUG] 2023-11-09 11:35:46.135 [main] ASParser - Parsed import name: mx.managers.PopUpManager
[DEBUG] 2023-11-09 11:35:46.135 [main] ASParser - Found import keyword...
[INFO ] 2023-11-09 11:35:46.135 [main] ASParser - Parsing import package start.................
[DEBUG] 2023-11-09 11:35:46.135 [main] ASParser - Parsed import name: mx.rpc.events.ResultEvent
[DEBUG] 2023-11-09 11:35:46.135 [main] ASParser - Found import keyword...
[INFO ] 2023-11-09 11:35:46.135 [main] ASParser - Parsing import package start.................
[DEBUG] 2023-11-09 11:35:46.135 [main] ASParser - Parsed import name: mx.utils.ObjectProxy
[DEBUG] 2023-11-09 11:35:46.135 [main] ASParser - Found import keyword...
[INFO ] 2023-11-09 11:35:46.135 [main] ASParser - Parsing import package start.................
[DEBUG] 2023-11-09 11:35:46.135 [main] ASParser - Parsed import name: mx.utils.ObjectUtil
[DEBUG] 2023-11-09 11:35:46.135 [main] ASParser - Found class keyword...
[INFO ] 2023-11-09 11:35:46.135 [main] ASParser - Parsing import package end.................
[DEBUG] 2023-11-09 11:35:46.135 [main] ASParser - Found parent: ACCControllerBase
[DEBUG] 2023-11-09 11:35:46.135 [main] ASParser - Parsed class name: MG3001001_01_000
[DEBUG] 2023-11-09 11:35:46.135 [main] ASParser - Attempting to parse class...
[INFO ] 2023-11-09 11:35:46.135 [main] ASParser - Parsing class start.................
[DEBUG] 2023-11-09 11:35:46.135 [main] ASParser - Entering comment...(/*)
[DEBUG] 2023-11-09 11:35:46.136 [main] ASParser - Exited comment
[DEBUG] 2023-11-09 11:35:46.136 [main] ASParser - Entering comment... (//)
[DEBUG] 2023-11-09 11:35:46.136 [main] ASParser - Exited comment
[DEBUG] 2023-11-09 11:35:46.136 [main] ASParser - Entering comment... (//)
[DEBUG] 2023-11-09 11:35:46.136 [main] ASParser - Exited comment
[DEBUG] 2023-11-09 11:35:46.136 [main] ASParser - Entering comment... (//)
[DEBUG] 2023-11-09 11:35:46.136 [main] ASParser - Exited comment
[DEBUG] 2023-11-09 11:35:46.136 [main] ASParser - Entering comment... (//)
[DEBUG] 2023-11-09 11:35:46.136 [main] ASParser - Exited comment
[DEBUG] 2023-11-09 11:35:46.136 [main] ASParser - Entering comment... (//)
[DEBUG] 2023-11-09 11:35:46.136 [main] ASParser - Exited comment
[DEBUG] 2023-11-09 11:35:46.136 [main] ASParser - Entering comment... (//)
[DEBUG] 2023-11-09 11:35:46.136 [main] ASParser - Exited comment
[DEBUG] 2023-11-09 11:35:46.136 [main] ASParser - Entering comment... (//)
[DEBUG] 2023-11-09 11:35:46.136 [main] ASParser - Exited comment
[DEBUG] 2023-11-09 11:35:46.136 [main] ASParser - Entering comment... (//)
[DEBUG] 2023-11-09 11:35:46.136 [main] ASParser - Exited comment
[DEBUG] 2023-11-09 11:35:46.136 [main] ASParser - Entering comment... (//)
[DEBUG] 2023-11-09 11:35:46.136 [main] ASParser - Exited comment
[DEBUG] 2023-11-09 11:35:46.136 [main] ASParser - Entering comment... (//)
[DEBUG] 2023-11-09 11:35:46.136 [main] ASParser - Exited comment
[DEBUG] 2023-11-09 11:35:46.136 [main] ASParser - Entering comment... (//)
[DEBUG] 2023-11-09 11:35:46.136 [main] ASParser - Exited comment
[DEBUG] 2023-11-09 11:35:46.136 [main] ASParser - Entering comment... (//)
[DEBUG] 2023-11-09 11:35:46.136 [main] ASParser - Exited comment
[DEBUG] 2023-11-09 11:35:46.136 [main] ASParser - Entering comment... (//)
[DEBUG] 2023-11-09 11:35:46.136 [main] ASParser - Exited comment
[DEBUG] 2023-11-09 11:35:46.136 [main] ASParser - Entering comment...(/*)
[DEBUG] 2023-11-09 11:35:46.137 [main] ASParser - Exited comment
[DEBUG] 2023-11-09 11:35:46.137 [main] ASParser - Entering comment...(/*)
[DEBUG] 2023-11-09 11:35:46.137 [main] ASParser - Exited comment
[DEBUG] 2023-11-09 11:35:46.137 [main] ASParser - Entering comment... (//)
[DEBUG] 2023-11-09 11:35:46.137 [main] ASParser - Exited comment
[DEBUG] 2023-11-09 11:35:46.137 [main] ASParser - Entering comment... (//)
[DEBUG] 2023-11-09 11:35:46.137 [main] ASParser - Exited comment
[DEBUG] 2023-11-09 11:35:46.137 [main] ASParser - Entering comment... (//)
[DEBUG] 2023-11-09 11:35:46.137 [main] ASParser - Exited comment
[DEBUG] 2023-11-09 11:35:46.137 [main] ASParser - Entering comment...(/*)
[DEBUG] 2023-11-09 11:35:46.137 [main] ASParser - Exited comment
[DEBUG] 2023-11-09 11:35:46.137 [main] ASParser - Entering comment... (//)
[DEBUG] 2023-11-09 11:35:46.137 [main] ASParser - Exited comment
[DEBUG] 2023-11-09 11:35:46.137 [main] ASParser - Entering comment... (//)
[DEBUG] 2023-11-09 11:35:46.137 [main] ASParser - Exited comment
[DEBUG] 2023-11-09 11:35:46.137 [main] ASParser - Entering comment... (//)
[DEBUG] 2023-11-09 11:35:46.137 [main] ASParser - Exited comment
[DEBUG] 2023-11-09 11:35:46.137 [main] ASParser - Entering comment... (//)
[DEBUG] 2023-11-09 11:35:46.137 [main] ASParser - Exited comment
[DEBUG] 2023-11-09 11:35:46.137 [main] ASParser - Entering comment... (//)
[DEBUG] 2023-11-09 11:35:46.137 [main] ASParser - Exited comment
[DEBUG] 2023-11-09 11:35:46.137 [main] ASParser - Entering comment... (//)
[DEBUG] 2023-11-09 11:35:46.137 [main] ASParser - Exited comment
[DEBUG] 2023-11-09 11:35:46.137 [main] ASParser - Entering comment... (//)
[DEBUG] 2023-11-09 11:35:46.138 [main] ASParser - Exited comment
[DEBUG] 2023-11-09 11:35:46.138 [main] ASParser - Entering comment... (//)
[DEBUG] 2023-11-09 11:35:46.138 [main] ASParser - Exited comment
[DEBUG] 2023-11-09 11:35:46.138 [main] ASParser - Entering comment... (//)
[DEBUG] 2023-11-09 11:35:46.138 [main] ASParser - Exited comment
[DEBUG] 2023-11-09 11:35:46.138 [main] ASParser - Entering comment... (//)
[DEBUG] 2023-11-09 11:35:46.138 [main] ASParser - Exited comment
[DEBUG] 2023-11-09 11:35:46.138 [main] ASParser - Entering comment... (//)
[DEBUG] 2023-11-09 11:35:46.138 [main] ASParser - Exited comment
[DEBUG] 2023-11-09 11:35:46.138 [main] ASParser - Entering comment... (//)
[DEBUG] 2023-11-09 11:35:46.138 [main] ASParser - Exited comment
[DEBUG] 2023-11-09 11:35:46.138 [main] ASParser - Entering comment... (//)
[DEBUG] 2023-11-09 11:35:46.138 [main] ASParser - Exited comment
[DEBUG] 2023-11-09 11:35:46.138 [main] ASParser - Entering comment... (//)
[DEBUG] 2023-11-09 11:35:46.138 [main] ASParser - Exited comment
[DEBUG] 2023-11-09 11:35:46.138 [main] ASParser - Entering comment... (//)
[DEBUG] 2023-11-09 11:35:46.138 [main] ASParser - Exited comment
[DEBUG] 2023-11-09 11:35:46.138 [main] ASParser - Entering comment... (//)
[DEBUG] 2023-11-09 11:35:46.138 [main] ASParser - Exited comment
[DEBUG] 2023-11-09 11:35:46.139 [main] ASParser - Entering comment... (//)
[DEBUG] 2023-11-09 11:35:46.139 [main] ASParser - Exited comment
[DEBUG] 2023-11-09 11:35:46.139 [main] ASParser - Entering comment... (//)
[DEBUG] 2023-11-09 11:35:46.139 [main] ASParser - Exited comment
[DEBUG] 2023-11-09 11:35:46.139 [main] ASParser - Entering comment... (//)
[DEBUG] 2023-11-09 11:35:46.141 [main] ASParser - Exited comment
[DEBUG] 2023-11-09 11:35:46.141 [main] ASParser - Entering comment... (//)
[DEBUG] 2023-11-09 11:35:46.141 [main] ASParser - Exited comment
[DEBUG] 2023-11-09 11:35:46.142 [main] ASParser - Entering comment... (//)
[DEBUG] 2023-11-09 11:35:46.142 [main] ASParser - Exited comment
[DEBUG] 2023-11-09 11:35:46.142 [main] ASParser - Entering comment... (//)
[DEBUG] 2023-11-09 11:35:46.142 [main] ASParser - Exited comment
[DEBUG] 2023-11-09 11:35:46.146 [main] ASParser - Entering comment... (//)
[DEBUG] 2023-11-09 11:35:46.146 [main] ASParser - Exited comment
[DEBUG] 2023-11-09 11:35:46.146 [main] ASParser - Entering comment... (//)
[DEBUG] 2023-11-09 11:35:46.146 [main] ASParser - Exited comment
[DEBUG] 2023-11-09 11:35:46.146 [main] ASParser - Entering comment... (//)
[DEBUG] 2023-11-09 11:35:46.146 [main] ASParser - Exited comment
[DEBUG] 2023-11-09 11:35:46.147 [main] ASParser - Entering comment... (//)
[DEBUG] 2023-11-09 11:35:46.147 [main] ASParser - Exited comment
[DEBUG] 2023-11-09 11:35:46.147 [main] ASParser - Entering comment... (//)
[DEBUG] 2023-11-09 11:35:46.147 [main] ASParser - Exited comment
[DEBUG] 2023-11-09 11:35:46.147 [main] ASParser - Entering comment... (//)
[DEBUG] 2023-11-09 11:35:46.147 [main] ASParser - Exited comment
[DEBUG] 2023-11-09 11:35:46.147 [main] ASParser - Entering comment... (//)
[DEBUG] 2023-11-09 11:35:46.147 [main] ASParser - Exited comment
[DEBUG] 2023-11-09 11:35:46.147 [main] ASParser - Entering comment... (//)
[DEBUG] 2023-11-09 11:35:46.147 [main] ASParser - Exited comment
[DEBUG] 2023-11-09 11:35:46.147 [main] ASParser - Entering comment... (//)
[DEBUG] 2023-11-09 11:35:46.148 [main] ASParser - Exited comment
[DEBUG] 2023-11-09 11:35:46.148 [main] ASParser - Entering comment... (//)
[DEBUG] 2023-11-09 11:35:46.148 [main] ASParser - Exited comment
[DEBUG] 2023-11-09 11:35:46.148 [main] ASParser - Entering comment... (//)
[DEBUG] 2023-11-09 11:35:46.148 [main] ASParser - Exited comment
[DEBUG] 2023-11-09 11:35:46.148 [main] ASParser - Entering comment... (//)
[DEBUG] 2023-11-09 11:35:46.148 [main] ASParser - Exited comment
[DEBUG] 2023-11-09 11:35:46.148 [main] ASParser - Entering comment... (//)
[DEBUG] 2023-11-09 11:35:46.148 [main] ASParser - Exited comment
[DEBUG] 2023-11-09 11:35:46.148 [main] ASParser - Entering comment... (//)
[DEBUG] 2023-11-09 11:35:46.148 [main] ASParser - Exited comment
[DEBUG] 2023-11-09 11:35:46.148 [main] ASParser - Entering comment... (//)
[DEBUG] 2023-11-09 11:35:46.148 [main] ASParser - Exited comment
[DEBUG] 2023-11-09 11:35:46.149 [main] ASParser - Entering comment... (//)
[DEBUG] 2023-11-09 11:35:46.149 [main] ASParser - Exited comment
[DEBUG] 2023-11-09 11:35:46.149 [main] ASParser - Entering comment... (//)
[DEBUG] 2023-11-09 11:35:46.149 [main] ASParser - Exited comment
[DEBUG] 2023-11-09 11:35:46.149 [main] ASParser - Entering comment... (//)
[DEBUG] 2023-11-09 11:35:46.149 [main] ASParser - Exited comment
[DEBUG] 2023-11-09 11:35:46.149 [main] ASParser - Entering comment... (//)
[DEBUG] 2023-11-09 11:35:46.149 [main] ASParser - Exited comment
[DEBUG] 2023-11-09 11:35:46.149 [main] ASParser - Entering comment... (//)
[DEBUG] 2023-11-09 11:35:46.149 [main] ASParser - Exited comment
[DEBUG] 2023-11-09 11:35:46.149 [main] ASParser - Entering comment... (//)
[DEBUG] 2023-11-09 11:35:46.149 [main] ASParser - Exited comment
[DEBUG] 2023-11-09 11:35:46.150 [main] ASParser - Entering comment... (//)
[DEBUG] 2023-11-09 11:35:46.150 [main] ASParser - Exited comment
[DEBUG] 2023-11-09 11:35:46.150 [main] ASParser - Entering comment... (//)
[DEBUG] 2023-11-09 11:35:46.150 [main] ASParser - Exited comment
[DEBUG] 2023-11-09 11:35:46.150 [main] ASParser - Entering comment... (//)
[DEBUG] 2023-11-09 11:35:46.150 [main] ASParser - Exited comment
[DEBUG] 2023-11-09 11:35:46.150 [main] ASParser - Entering comment... (//)
[DEBUG] 2023-11-09 11:35:46.150 [main] ASParser - Exited comment
[DEBUG] 2023-11-09 11:35:46.150 [main] ASParser - Entering comment... (//)
[DEBUG] 2023-11-09 11:35:46.150 [main] ASParser - Exited comment
[DEBUG] 2023-11-09 11:35:46.150 [main] ASParser - Entering comment... (//)
[DEBUG] 2023-11-09 11:35:46.150 [main] ASParser - Exited comment
[DEBUG] 2023-11-09 11:35:46.151 [main] ASParser - Entering comment... (//)
[DEBUG] 2023-11-09 11:35:46.151 [main] ASParser - Exited comment
[DEBUG] 2023-11-09 11:35:46.151 [main] ASParser - Entering comment... (//)
[DEBUG] 2023-11-09 11:35:46.151 [main] ASParser - Exited comment
[DEBUG] 2023-11-09 11:35:46.151 [main] ASParser - Entering comment... (//)
[DEBUG] 2023-11-09 11:35:46.151 [main] ASParser - Exited comment
[DEBUG] 2023-11-09 11:35:46.151 [main] ASParser - Entering comment... (//)
[DEBUG] 2023-11-09 11:35:46.151 [main] ASParser - Exited comment
[DEBUG] 2023-11-09 11:35:46.151 [main] ASParser - Entering comment... (//)
[DEBUG] 2023-11-09 11:35:46.151 [main] ASParser - Exited comment
[DEBUG] 2023-11-09 11:35:46.151 [main] ASParser - Entering comment... (//)
[DEBUG] 2023-11-09 11:35:46.152 [main] ASParser - Exited comment
[DEBUG] 2023-11-09 11:35:46.152 [main] ASParser - Entering comment... (//)
[DEBUG] 2023-11-09 11:35:46.152 [main] ASParser - Exited comment
[DEBUG] 2023-11-09 11:35:46.152 [main] ASParser - Entering comment... (//)
[DEBUG] 2023-11-09 11:35:46.152 [main] ASParser - Exited comment
[DEBUG] 2023-11-09 11:35:46.152 [main] ASParser - Entering comment... (//)
[DEBUG] 2023-11-09 11:35:46.152 [main] ASParser - Exited comment
[DEBUG] 2023-11-09 11:35:46.154 [main] ASParser - Entering comment... (//)
[DEBUG] 2023-11-09 11:35:46.155 [main] ASParser - Exited comment
[DEBUG] 2023-11-09 11:35:46.155 [main] ASParser - Entering comment... (//)
[DEBUG] 2023-11-09 11:35:46.155 [main] ASParser - Exited comment
[DEBUG] 2023-11-09 11:35:46.155 [main] ASParser - Entering comment... (//)
[DEBUG] 2023-11-09 11:35:46.155 [main] ASParser - Exited comment
[DEBUG] 2023-11-09 11:35:46.155 [main] ASParser - Entering comment... (//)
[DEBUG] 2023-11-09 11:35:46.155 [main] ASParser - Exited comment
[DEBUG] 2023-11-09 11:35:46.155 [main] ASParser - Entering comment... (//)
[DEBUG] 2023-11-09 11:35:46.155 [main] ASParser - Exited comment
[DEBUG] 2023-11-09 11:35:46.156 [main] ASParser - Entering comment... (//)
[DEBUG] 2023-11-09 11:35:46.156 [main] ASParser - Exited comment
[DEBUG] 2023-11-09 11:35:46.156 [main] ASParser - Entering comment... (//)
[DEBUG] 2023-11-09 11:35:46.156 [main] ASParser - Exited comment
[DEBUG] 2023-11-09 11:35:46.156 [main] ASParser - Entering comment... (//)
[DEBUG] 2023-11-09 11:35:46.156 [main] ASParser - Exited comment
[DEBUG] 2023-11-09 11:35:46.156 [main] ASParser - Entering comment... (//)
[DEBUG] 2023-11-09 11:35:46.156 [main] ASParser - Exited comment
[DEBUG] 2023-11-09 11:35:46.156 [main] ASParser - Entering comment... (//)
[DEBUG] 2023-11-09 11:35:46.156 [main] ASParser - Exited comment
[DEBUG] 2023-11-09 11:35:46.157 [main] ASParser - Entering comment... (//)
[DEBUG] 2023-11-09 11:35:46.157 [main] ASParser - Exited comment
[DEBUG] 2023-11-09 11:35:46.157 [main] ASParser - Entering comment... (//)
[DEBUG] 2023-11-09 11:35:46.157 [main] ASParser - Exited comment
[DEBUG] 2023-11-09 11:35:46.157 [main] ASParser - Entering comment... (//)
[DEBUG] 2023-11-09 11:35:46.157 [main] ASParser - Exited comment
[DEBUG] 2023-11-09 11:35:46.157 [main] ASParser - Entering comment... (//)
[DEBUG] 2023-11-09 11:35:46.157 [main] ASParser - Exited comment
[DEBUG] 2023-11-09 11:35:46.158 [main] ASParser - Entering comment... (//)
[DEBUG] 2023-11-09 11:35:46.158 [main] ASParser - Exited comment
[DEBUG] 2023-11-09 11:35:46.158 [main] ASParser - Entering comment... (//)
[DEBUG] 2023-11-09 11:35:46.158 [main] ASParser - Exited comment
[DEBUG] 2023-11-09 11:35:46.158 [main] ASParser - Entering comment... (//)
[DEBUG] 2023-11-09 11:35:46.158 [main] ASParser - Exited comment
[DEBUG] 2023-11-09 11:35:46.158 [main] ASParser - Entering comment... (//)
[DEBUG] 2023-11-09 11:35:46.158 [main] ASParser - Exited comment
[DEBUG] 2023-11-09 11:35:46.158 [main] ASParser - Entering comment... (//)
[DEBUG] 2023-11-09 11:35:46.159 [main] ASParser - Exited comment
[DEBUG] 2023-11-09 11:35:46.159 [main] ASParser - Entering comment... (//)
[DEBUG] 2023-11-09 11:35:46.159 [main] ASParser - Exited comment
[DEBUG] 2023-11-09 11:35:46.159 [main] ASParser - Entering comment... (//)
[DEBUG] 2023-11-09 11:35:46.159 [main] ASParser - Exited comment
[DEBUG] 2023-11-09 11:35:46.159 [main] ASParser - Entering comment... (//)
[DEBUG] 2023-11-09 11:35:46.159 [main] ASParser - Exited comment
[DEBUG] 2023-11-09 11:35:46.160 [main] ASParser - Entering comment... (//)
[DEBUG] 2023-11-09 11:35:46.160 [main] ASParser - Exited comment
[DEBUG] 2023-11-09 11:35:46.160 [main] ASParser - Entering comment... (//)
[DEBUG] 2023-11-09 11:35:46.160 [main] ASParser - Exited comment
[DEBUG] 2023-11-09 11:35:46.160 [main] ASParser - Entering comment... (//)
[DEBUG] 2023-11-09 11:35:46.160 [main] ASParser - Exited comment
[DEBUG] 2023-11-09 11:35:46.163 [main] ASParser - Entering comment... (//)
[DEBUG] 2023-11-09 11:35:46.163 [main] ASParser - Exited comment
[DEBUG] 2023-11-09 11:35:46.163 [main] ASParser - Entering comment... (//)
[DEBUG] 2023-11-09 11:35:46.163 [main] ASParser - Exited comment
[DEBUG] 2023-11-09 11:35:46.164 [main] ASParser - Entering comment... (//)
[DEBUG] 2023-11-09 11:35:46.164 [main] ASParser - Exited comment
[DEBUG] 2023-11-09 11:35:46.164 [main] ASParser - Entering comment... (//)
[DEBUG] 2023-11-09 11:35:46.164 [main] ASParser - Exited comment
[DEBUG] 2023-11-09 11:35:46.164 [main] ASParser - Entering comment... (//)
[DEBUG] 2023-11-09 11:35:46.164 [main] ASParser - Exited comment
[DEBUG] 2023-11-09 11:35:46.165 [main] ASParser - Entering comment... (//)
[DEBUG] 2023-11-09 11:35:46.165 [main] ASParser - Exited comment
[DEBUG] 2023-11-09 11:35:46.165 [main] ASParser - Entering comment... (//)
[DEBUG] 2023-11-09 11:35:46.165 [main] ASParser - Exited comment
[DEBUG] 2023-11-09 11:35:46.165 [main] ASParser - Entering comment... (//)
[DEBUG] 2023-11-09 11:35:46.165 [main] ASParser - Exited comment
[DEBUG] 2023-11-09 11:35:46.165 [main] ASParser - Entering comment... (//)
[DEBUG] 2023-11-09 11:35:46.165 [main] ASParser - Exited comment
[DEBUG] 2023-11-09 11:35:46.166 [main] ASParser - Entering comment... (//)
[DEBUG] 2023-11-09 11:35:46.166 [main] ASParser - Exited comment
[DEBUG] 2023-11-09 11:35:46.166 [main] ASParser - Entering comment... (//)
[DEBUG] 2023-11-09 11:35:46.166 [main] ASParser - Exited comment
[DEBUG] 2023-11-09 11:35:46.166 [main] ASParser - Entering comment... (//)
[DEBUG] 2023-11-09 11:35:46.166 [main] ASParser - Exited comment
[DEBUG] 2023-11-09 11:35:46.167 [main] ASParser - Entering comment... (//)
[DEBUG] 2023-11-09 11:35:46.167 [main] ASParser - Exited comment
[DEBUG] 2023-11-09 11:35:46.167 [main] ASParser - Entering comment... (//)
[DEBUG] 2023-11-09 11:35:46.167 [main] ASParser - Exited comment
[DEBUG] 2023-11-09 11:35:46.167 [main] ASParser - Entering comment... (//)
[DEBUG] 2023-11-09 11:35:46.167 [main] ASParser - Exited comment
[DEBUG] 2023-11-09 11:35:46.167 [main] ASParser - Entering comment... (//)
[DEBUG] 2023-11-09 11:35:46.167 [main] ASParser - Exited comment
[DEBUG] 2023-11-09 11:35:46.168 [main] ASParser - Entering comment... (//)
[DEBUG] 2023-11-09 11:35:46.168 [main] ASParser - Exited comment
[DEBUG] 2023-11-09 11:35:46.168 [main] ASParser - Entering comment... (//)
[DEBUG] 2023-11-09 11:35:46.168 [main] ASParser - Exited comment
[DEBUG] 2023-11-09 11:35:46.168 [main] ASParser - Entering comment... (//)
[DEBUG] 2023-11-09 11:35:46.168 [main] ASParser - Exited comment
[DEBUG] 2023-11-09 11:35:46.168 [main] ASParser - Entering comment... (//)
[DEBUG] 2023-11-09 11:35:46.169 [main] ASParser - Exited comment
[DEBUG] 2023-11-09 11:35:46.169 [main] ASParser - Entering comment... (//)
[DEBUG] 2023-11-09 11:35:46.169 [main] ASParser - Exited comment
[DEBUG] 2023-11-09 11:35:46.169 [main] ASParser - Entering comment... (//)
[DEBUG] 2023-11-09 11:35:46.169 [main] ASParser - Exited comment
[DEBUG] 2023-11-09 11:35:46.169 [main] ASParser - Entering comment... (//)
[DEBUG] 2023-11-09 11:35:46.169 [main] ASParser - Exited comment
[DEBUG] 2023-11-09 11:35:46.170 [main] ASParser - Entering comment... (//)
[DEBUG] 2023-11-09 11:35:46.170 [main] ASParser - Exited comment
[DEBUG] 2023-11-09 11:35:46.170 [main] ASParser - Entering comment... (//)
[DEBUG] 2023-11-09 11:35:46.170 [main] ASParser - Exited comment
[DEBUG] 2023-11-09 11:35:46.171 [main] ASParser - Entering comment... (//)
[DEBUG] 2023-11-09 11:35:46.171 [main] ASParser - Exited comment
[DEBUG] 2023-11-09 11:35:46.171 [main] ASParser - Entering comment... (//)
[DEBUG] 2023-11-09 11:35:46.171 [main] ASParser - Exited comment
[DEBUG] 2023-11-09 11:35:46.172 [main] ASParser - Entering comment... (//)
[DEBUG] 2023-11-09 11:35:46.172 [main] ASParser - Exited comment
[DEBUG] 2023-11-09 11:35:46.173 [main] ASParser - Entering comment... (//)
[DEBUG] 2023-11-09 11:35:46.173 [main] ASParser - Exited comment
[DEBUG] 2023-11-09 11:35:46.174 [main] ASParser - Entering comment... (//)
[DEBUG] 2023-11-09 11:35:46.175 [main] ASParser - Exited comment
[DEBUG] 2023-11-09 11:35:46.176 [main] ASParser - Entering comment... (//)
[DEBUG] 2023-11-09 11:35:46.176 [main] ASParser - Exited comment
[DEBUG] 2023-11-09 11:35:46.177 [main] ASParser - Entering comment... (//)
[DEBUG] 2023-11-09 11:35:46.177 [main] ASParser - Exited comment
[DEBUG] 2023-11-09 11:35:46.178 [main] ASParser - Entering comment... (//)
[DEBUG] 2023-11-09 11:35:46.178 [main] ASParser - Exited comment
[DEBUG] 2023-11-09 11:35:46.179 [main] ASParser - Entering comment... (//)
[DEBUG] 2023-11-09 11:35:46.179 [main] ASParser - Exited comment
[DEBUG] 2023-11-09 11:35:46.180 [main] ASParser - Entering comment... (//)
[DEBUG] 2023-11-09 11:35:46.181 [main] ASParser - Exited comment
[DEBUG] 2023-11-09 11:35:46.181 [main] ASParser - Entering comment... (//)
[DEBUG] 2023-11-09 11:35:46.182 [main] ASParser - Exited comment
[DEBUG] 2023-11-09 11:35:46.182 [main] ASParser - Entering comment... (//)
[DEBUG] 2023-11-09 11:35:46.183 [main] ASParser - Exited comment
[DEBUG] 2023-11-09 11:35:46.183 [main] ASParser - Entering comment... (//)
[DEBUG] 2023-11-09 11:35:46.184 [main] ASParser - Exited comment
[DEBUG] 2023-11-09 11:35:46.185 [main] ASParser - Entering comment... (//)
[DEBUG] 2023-11-09 11:35:46.185 [main] ASParser - Exited comment
[DEBUG] 2023-11-09 11:35:46.186 [main] ASParser - Entering comment... (//)
[DEBUG] 2023-11-09 11:35:46.186 [main] ASParser - Exited comment
[DEBUG] 2023-11-09 11:35:46.187 [main] ASParser - Entering comment... (//)
[DEBUG] 2023-11-09 11:35:46.190 [main] ASParser - Exited comment
[DEBUG] 2023-11-09 11:35:46.190 [main] ASParser - Entering comment... (//)
[DEBUG] 2023-11-09 11:35:46.191 [main] ASParser - Exited comment
[DEBUG] 2023-11-09 11:35:46.191 [main] ASParser - Entering comment... (//)
[DEBUG] 2023-11-09 11:35:46.191 [main] ASParser - Exited comment
[DEBUG] 2023-11-09 11:35:46.191 [main] ASParser - Entering comment... (//)
[DEBUG] 2023-11-09 11:35:46.191 [main] ASParser - Exited comment
[DEBUG] 2023-11-09 11:35:46.192 [main] ASParser - Entering comment... (//)
[DEBUG] 2023-11-09 11:35:46.192 [main] ASParser - Exited comment
[DEBUG] 2023-11-09 11:35:46.192 [main] ASParser - Entering comment... (//)
[DEBUG] 2023-11-09 11:35:46.192 [main] ASParser - Exited comment
[DEBUG] 2023-11-09 11:35:46.192 [main] ASParser - Entering comment... (//)
[DEBUG] 2023-11-09 11:35:46.192 [main] ASParser - Exited comment
[DEBUG] 2023-11-09 11:35:46.193 [main] ASParser - Entering comment... (//)
[DEBUG] 2023-11-09 11:35:46.193 [main] ASParser - Exited comment
[DEBUG] 2023-11-09 11:35:46.193 [main] ASParser - Entering comment... (//)
[DEBUG] 2023-11-09 11:35:46.193 [main] ASParser - Exited comment
[DEBUG] 2023-11-09 11:35:46.195 [main] ASParser - Entering comment...(/*)
[DEBUG] 2023-11-09 11:35:46.195 [main] ASParser - Exited comment
[DEBUG] 2023-11-09 11:35:46.196 [main] ASParser - Entering comment... (//)
[DEBUG] 2023-11-09 11:35:46.196 [main] ASParser - Exited comment
[DEBUG] 2023-11-09 11:35:46.197 [main] ASParser - Entering comment... (//)
[DEBUG] 2023-11-09 11:35:46.197 [main] ASParser - Exited comment
[DEBUG] 2023-11-09 11:35:46.197 [main] ASParser - Entering comment... (//)
[DEBUG] 2023-11-09 11:35:46.198 [main] ASParser - Exited comment
[DEBUG] 2023-11-09 11:35:46.198 [main] ASParser - Entering comment... (//)
[DEBUG] 2023-11-09 11:35:46.198 [main] ASParser - Exited comment
[DEBUG] 2023-11-09 11:35:46.198 [main] ASParser - Entering comment... (//)
[DEBUG] 2023-11-09 11:35:46.198 [main] ASParser - Exited comment
[DEBUG] 2023-11-09 11:35:46.199 [main] ASParser - Entering comment... (//)
[DEBUG] 2023-11-09 11:35:46.199 [main] ASParser - Exited comment
[DEBUG] 2023-11-09 11:35:46.199 [main] ASParser - Entering comment... (//)
[DEBUG] 2023-11-09 11:35:46.199 [main] ASParser - Exited comment
[DEBUG] 2023-11-09 11:35:46.205 [main] ASParser - Entering comment...(/*)
[DEBUG] 2023-11-09 11:35:46.206 [main] ASParser - Exited comment
[DEBUG] 2023-11-09 11:35:46.206 [main] ASParser - Entering comment... (//)
[DEBUG] 2023-11-09 11:35:46.206 [main] ASParser - Exited comment
[DEBUG] 2023-11-09 11:35:46.207 [main] ASParser - Entering comment... (//)
[DEBUG] 2023-11-09 11:35:46.207 [main] ASParser - Exited comment
