[INFO ] 2023-11-08 09:46:37.561 [main] MxmlConvert - Root Element : Containers:ACCTitleWindow
[INFO ] 2023-11-08 09:46:37.563 [main] MxmlConvert - ------
[INFO ] 2023-11-08 09:46:37.567 [main] ConvertMxmlService - Node Name =#comment [OPEN]
[INFO ] 2023-11-08 09:46:37.567 [main] ConvertMxmlService - Node Name =Containers:ACCTitleWindow [OPEN]
[INFO ] 2023-11-08 09:46:37.579 [main] ConvertMxmlService - Node Name =#text [OPEN]
[INFO ] 2023-11-08 09:46:37.579 [main] ConvertMxmlService - Node Name =mx:Script [OPEN]
[INFO ] 2023-11-08 09:46:37.580 [main] ConvertMxmlService - Node Name =#text [OPEN]
[INFO ] 2023-11-08 09:46:37.580 [main] ConvertMxmlService - Node Name =tougouchusyutsu:MG3001001_00_000_AS [OPEN]
[INFO ] 2023-11-08 09:46:37.582 [main] ConvertMxmlService - Node Name =#text [OPEN]
[INFO ] 2023-11-08 09:46:37.582 [main] ConvertMxmlService - Node Name =tougouchusyutsu:MG3001001_01_000 [OPEN]
[INFO ] 2023-11-08 09:46:37.583 [main] ConvertMxmlService - Node Name =tougouchusyutsu:MG3001001_01_000 [CLOSE]
[INFO ] 2023-11-08 09:46:37.583 [main] ConvertMxmlService - Node Name =#text [OPEN]
[INFO ] 2023-11-08 09:46:37.583 [main] ConvertMxmlService - Node Name =Containers:ACCTitleWindow [CLOSE]
[DEBUG] 2023-11-08 09:46:37.583 [main] MxmlConvert - parent name: null
[DEBUG] 2023-11-08 09:46:37.583 [main] MxmlConvert - name: #comment
[DEBUG] 2023-11-08 09:46:37.584 [main] MxmlConvert - cssElement: 
[DEBUG] 2023-11-08 09:46:37.584 [main] MxmlConvert - attributeElement: 
[DEBUG] 2023-11-08 09:46:37.584 [main] MxmlConvert - parent name: RootNode
[DEBUG] 2023-11-08 09:46:37.584 [main] MxmlConvert - name: Containers:ACCTitleWindow
[DEBUG] 2023-11-08 09:46:37.584 [main] MxmlConvert - parent name: Containers:ACCTitleWindow
[DEBUG] 2023-11-08 09:46:37.584 [main] MxmlConvert - name: tougouchusyutsu:MG3001001_01_000
[DEBUG] 2023-11-08 09:46:37.584 [main] MxmlConvert - cssElement: height:712px;width:1018px;position: absolute; left:-1px;top:-2px;
[DEBUG] 2023-11-08 09:46:37.584 [main] MxmlConvert - attributeElement:  id="compCanvas1"
[DEBUG] 2023-11-08 09:46:37.584 [main] MxmlConvert - cssElement: height:738px;position:absolute;width:1022px;
[DEBUG] 2023-11-08 09:46:37.584 [main] MxmlConvert - attributeElement:  title="統合抽出画面"
[INFO ] 2023-11-08 09:46:41.831 [main] MxmlConvert - Html file created successfully.
[INFO ] 2023-11-08 09:46:41.831 [main] MxmlConvert - CSS file created successfully.
[INFO ] 2023-11-08 09:46:41.846 [main] MxmlConvert - Root Element : Containers:ACCCanvas
[INFO ] 2023-11-08 09:46:41.846 [main] MxmlConvert - ------
[INFO ] 2023-11-08 09:46:41.851 [main] ConvertMxmlService - Node Name =#comment [OPEN]
[INFO ] 2023-11-08 09:46:41.851 [main] ConvertMxmlService - Node Name =Containers:ACCCanvas [OPEN]
[INFO ] 2023-11-08 09:46:41.852 [main] ConvertMxmlService - Node Name =#text [OPEN]
[INFO ] 2023-11-08 09:46:41.852 [main] ConvertMxmlService - Node Name =mx:Script [OPEN]
[INFO ] 2023-11-08 09:46:41.853 [main] ConvertMxmlService - Node Name =#text [OPEN]
[INFO ] 2023-11-08 09:46:41.853 [main] ConvertMxmlService - Node Name =#comment [OPEN]
[INFO ] 2023-11-08 09:46:41.853 [main] ConvertMxmlService - Node Name =#text [OPEN]
[INFO ] 2023-11-08 09:46:41.853 [main] ConvertMxmlService - Node Name =mx:XML [OPEN]
[INFO ] 2023-11-08 09:46:41.853 [main] ConvertMxmlService - Node Name =#text [OPEN]
[INFO ] 2023-11-08 09:46:41.853 [main] ConvertMxmlService - Node Name =#comment [OPEN]
[INFO ] 2023-11-08 09:46:41.853 [main] ConvertMxmlService - Node Name =#text [OPEN]
[INFO ] 2023-11-08 09:46:41.853 [main] ConvertMxmlService - Node Name =#comment [OPEN]
[INFO ] 2023-11-08 09:46:41.853 [main] ConvertMxmlService - Node Name =#text [OPEN]
[INFO ] 2023-11-08 09:46:41.853 [main] ConvertMxmlService - Node Name =mx:XML [OPEN]
[INFO ] 2023-11-08 09:46:41.854 [main] ConvertMxmlService - Node Name =#text [OPEN]
[INFO ] 2023-11-08 09:46:41.854 [main] ConvertMxmlService - Node Name =tougouchusyutsu:MG3001001_01_000_AS [OPEN]
[INFO ] 2023-11-08 09:46:41.854 [main] ConvertMxmlService - Node Name =#text [OPEN]
[INFO ] 2023-11-08 09:46:41.854 [main] ConvertMxmlService - Node Name =Controls:ACCLabel [OPEN]
[INFO ] 2023-11-08 09:46:41.855 [main] ConvertMxmlService - Node Name =Controls:ACCLabel [CLOSE]
[INFO ] 2023-11-08 09:46:41.855 [main] ConvertMxmlService - Node Name =#text [OPEN]
[INFO ] 2023-11-08 09:46:41.855 [main] ConvertMxmlService - Node Name =#comment [OPEN]
[INFO ] 2023-11-08 09:46:41.855 [main] ConvertMxmlService - Node Name =#text [OPEN]
[INFO ] 2023-11-08 09:46:41.855 [main] ConvertMxmlService - Node Name =Controls:ACCTextInput [OPEN]
[INFO ] 2023-11-08 09:46:41.856 [main] ConvertMxmlService - Node Name =Controls:ACCTextInput [CLOSE]
[INFO ] 2023-11-08 09:46:41.856 [main] ConvertMxmlService - Node Name =#text [OPEN]
[INFO ] 2023-11-08 09:46:41.856 [main] ConvertMxmlService - Node Name =#comment [OPEN]
[INFO ] 2023-11-08 09:46:41.856 [main] ConvertMxmlService - Node Name =#text [OPEN]
[INFO ] 2023-11-08 09:46:41.856 [main] ConvertMxmlService - Node Name =Controls:ACCButton [OPEN]
[INFO ] 2023-11-08 09:46:41.857 [main] ConvertMxmlService - Node Name =Controls:ACCButton [CLOSE]
[INFO ] 2023-11-08 09:46:41.857 [main] ConvertMxmlService - Node Name =#text [OPEN]
[INFO ] 2023-11-08 09:46:41.857 [main] ConvertMxmlService - Node Name =Controls:ACCLabel [OPEN]
[INFO ] 2023-11-08 09:46:41.857 [main] ConvertMxmlService - Node Name =Controls:ACCLabel [CLOSE]
[INFO ] 2023-11-08 09:46:41.857 [main] ConvertMxmlService - Node Name =#text [OPEN]
[INFO ] 2023-11-08 09:46:41.857 [main] ConvertMxmlService - Node Name =#comment [OPEN]
[INFO ] 2023-11-08 09:46:41.857 [main] ConvertMxmlService - Node Name =#text [OPEN]
[INFO ] 2023-11-08 09:46:41.858 [main] ConvertMxmlService - Node Name =Controls:ACCTextInput [OPEN]
[INFO ] 2023-11-08 09:46:41.858 [main] ConvertMxmlService - Node Name =Controls:ACCTextInput [CLOSE]
[INFO ] 2023-11-08 09:46:41.858 [main] ConvertMxmlService - Node Name =#text [OPEN]
[INFO ] 2023-11-08 09:46:41.858 [main] ConvertMxmlService - Node Name =Controls:ACCCheckBox [OPEN]
[INFO ] 2023-11-08 09:46:41.858 [main] ConvertMxmlService - Node Name =Controls:ACCCheckBox [CLOSE]
[INFO ] 2023-11-08 09:46:41.859 [main] ConvertMxmlService - Node Name =#text [OPEN]
[INFO ] 2023-11-08 09:46:41.859 [main] ConvertMxmlService - Node Name =Controls:ACCCheckBox [OPEN]
[INFO ] 2023-11-08 09:46:41.860 [main] ConvertMxmlService - Node Name =Controls:ACCCheckBox [CLOSE]
[INFO ] 2023-11-08 09:46:41.860 [main] ConvertMxmlService - Node Name =#text [OPEN]
[INFO ] 2023-11-08 09:46:41.860 [main] ConvertMxmlService - Node Name =Controls:ACCCheckBox [OPEN]
[INFO ] 2023-11-08 09:46:41.860 [main] ConvertMxmlService - Node Name =Controls:ACCCheckBox [CLOSE]
[INFO ] 2023-11-08 09:46:41.860 [main] ConvertMxmlService - Node Name =#text [OPEN]
[INFO ] 2023-11-08 09:46:41.860 [main] ConvertMxmlService - Node Name =#comment [OPEN]
[INFO ] 2023-11-08 09:46:41.860 [main] ConvertMxmlService - Node Name =#text [OPEN]
[INFO ] 2023-11-08 09:46:41.860 [main] ConvertMxmlService - Node Name =Containers:ACCTabNavigator [OPEN]
[INFO ] 2023-11-08 09:46:41.861 [main] ConvertMxmlService - Node Name =#text [OPEN]
[INFO ] 2023-11-08 09:46:41.861 [main] ConvertMxmlService - Node Name =#comment [OPEN]
[INFO ] 2023-11-08 09:46:41.861 [main] ConvertMxmlService - Node Name =#text [OPEN]
[INFO ] 2023-11-08 09:46:41.861 [main] ConvertMxmlService - Node Name =Containers:ACCCanvas [OPEN]
[INFO ] 2023-11-08 09:46:41.862 [main] ConvertMxmlService - Node Name =#text [OPEN]
[INFO ] 2023-11-08 09:46:41.862 [main] ConvertMxmlService - Node Name =Controls:ACCLabel [OPEN]
[INFO ] 2023-11-08 09:46:41.862 [main] ConvertMxmlService - Node Name =Controls:ACCLabel [CLOSE]
[INFO ] 2023-11-08 09:46:41.862 [main] ConvertMxmlService - Node Name =#text [OPEN]
[INFO ] 2023-11-08 09:46:41.862 [main] ConvertMxmlService - Node Name =Controls:ACCCheckBox [OPEN]
[INFO ] 2023-11-08 09:46:41.863 [main] ConvertMxmlService - Node Name =Controls:ACCCheckBox [CLOSE]
[INFO ] 2023-11-08 09:46:41.863 [main] ConvertMxmlService - Node Name =#text [OPEN]
[INFO ] 2023-11-08 09:46:41.863 [main] ConvertMxmlService - Node Name =Controls:ACCCheckBox [OPEN]
[INFO ] 2023-11-08 09:46:41.863 [main] ConvertMxmlService - Node Name =Controls:ACCCheckBox [CLOSE]
[INFO ] 2023-11-08 09:46:41.863 [main] ConvertMxmlService - Node Name =#text [OPEN]
[INFO ] 2023-11-08 09:46:41.863 [main] ConvertMxmlService - Node Name =Controls:ACCCheckBox [OPEN]
[INFO ] 2023-11-08 09:46:41.864 [main] ConvertMxmlService - Node Name =Controls:ACCCheckBox [CLOSE]
[INFO ] 2023-11-08 09:46:41.864 [main] ConvertMxmlService - Node Name =#text [OPEN]
[INFO ] 2023-11-08 09:46:41.864 [main] ConvertMxmlService - Node Name =Controls:ACCLabel [OPEN]
[INFO ] 2023-11-08 09:46:41.864 [main] ConvertMxmlService - Node Name =Controls:ACCLabel [CLOSE]
[INFO ] 2023-11-08 09:46:41.865 [main] ConvertMxmlService - Node Name =#text [OPEN]
[INFO ] 2023-11-08 09:46:41.865 [main] ConvertMxmlService - Node Name =Controls:ACCComboBoxCode [OPEN]
[INFO ] 2023-11-08 09:46:41.865 [main] ConvertMxmlService - Node Name =Controls:ACCComboBoxCode [CLOSE]
[INFO ] 2023-11-08 09:46:41.865 [main] ConvertMxmlService - Node Name =#text [OPEN]
[INFO ] 2023-11-08 09:46:41.865 [main] ConvertMxmlService - Node Name =Controls:ACCLabel [OPEN]
[INFO ] 2023-11-08 09:46:41.866 [main] ConvertMxmlService - Node Name =Controls:ACCLabel [CLOSE]
[INFO ] 2023-11-08 09:46:41.866 [main] ConvertMxmlService - Node Name =#text [OPEN]
[INFO ] 2023-11-08 09:46:41.866 [main] ConvertMxmlService - Node Name =Controls:ACCTextInputMaskNumberOnly [OPEN]
[INFO ] 2023-11-08 09:46:41.866 [main] ConvertMxmlService - Node Name =Controls:ACCTextInputMaskNumberOnly [CLOSE]
[INFO ] 2023-11-08 09:46:41.866 [main] ConvertMxmlService - Node Name =#text [OPEN]
[INFO ] 2023-11-08 09:46:41.866 [main] ConvertMxmlService - Node Name =Controls:ACCLabel [OPEN]
[INFO ] 2023-11-08 09:46:41.867 [main] ConvertMxmlService - Node Name =Controls:ACCLabel [CLOSE]
[INFO ] 2023-11-08 09:46:41.867 [main] ConvertMxmlService - Node Name =#text [OPEN]
[INFO ] 2023-11-08 09:46:41.867 [main] ConvertMxmlService - Node Name =Controls:ACCTextInputMaskNumberOnly [OPEN]
[INFO ] 2023-11-08 09:46:41.867 [main] ConvertMxmlService - Node Name =Controls:ACCTextInputMaskNumberOnly [CLOSE]
[INFO ] 2023-11-08 09:46:41.867 [main] ConvertMxmlService - Node Name =#text [OPEN]
[INFO ] 2023-11-08 09:46:41.867 [main] ConvertMxmlService - Node Name =Controls:ACCLabel [OPEN]
[INFO ] 2023-11-08 09:46:41.868 [main] ConvertMxmlService - Node Name =Controls:ACCLabel [CLOSE]
[INFO ] 2023-11-08 09:46:41.868 [main] ConvertMxmlService - Node Name =#text [OPEN]
[INFO ] 2023-11-08 09:46:41.868 [main] ConvertMxmlService - Node Name =Controls:ACCTextInputMaskZip [OPEN]
[INFO ] 2023-11-08 09:46:41.868 [main] ConvertMxmlService - Node Name =Controls:ACCTextInputMaskZip [CLOSE]
[INFO ] 2023-11-08 09:46:41.868 [main] ConvertMxmlService - Node Name =#text [OPEN]
[INFO ] 2023-11-08 09:46:41.868 [main] ConvertMxmlService - Node Name =Controls:ACCLabel [OPEN]
[INFO ] 2023-11-08 09:46:41.869 [main] ConvertMxmlService - Node Name =Controls:ACCLabel [CLOSE]
[INFO ] 2023-11-08 09:46:41.869 [main] ConvertMxmlService - Node Name =#text [OPEN]
[INFO ] 2023-11-08 09:46:41.869 [main] ConvertMxmlService - Node Name =Controls:ACCTextInputMaskZip [OPEN]
[INFO ] 2023-11-08 09:46:41.869 [main] ConvertMxmlService - Node Name =Controls:ACCTextInputMaskZip [CLOSE]
[INFO ] 2023-11-08 09:46:41.869 [main] ConvertMxmlService - Node Name =#text [OPEN]
[INFO ] 2023-11-08 09:46:41.869 [main] ConvertMxmlService - Node Name =#comment [OPEN]
[INFO ] 2023-11-08 09:46:41.869 [main] ConvertMxmlService - Node Name =#text [OPEN]
[INFO ] 2023-11-08 09:46:41.869 [main] ConvertMxmlService - Node Name =Containers:ACCPanel [OPEN]
[INFO ] 2023-11-08 09:46:41.870 [main] ConvertMxmlService - Node Name =#text [OPEN]
[INFO ] 2023-11-08 09:46:41.870 [main] ConvertMxmlService - Node Name =#comment [OPEN]
[INFO ] 2023-11-08 09:46:41.870 [main] ConvertMxmlService - Node Name =#text [OPEN]
[INFO ] 2023-11-08 09:46:41.870 [main] ConvertMxmlService - Node Name =Controls:ACCLabel [OPEN]
[INFO ] 2023-11-08 09:46:41.871 [main] ConvertMxmlService - Node Name =Controls:ACCLabel [CLOSE]
[INFO ] 2023-11-08 09:46:41.871 [main] ConvertMxmlService - Node Name =#text [OPEN]
[INFO ] 2023-11-08 09:46:41.871 [main] ConvertMxmlService - Node Name =Controls:ACCComboBoxCode [OPEN]
[INFO ] 2023-11-08 09:46:41.871 [main] ConvertMxmlService - Node Name =Controls:ACCComboBoxCode [CLOSE]
[INFO ] 2023-11-08 09:46:41.871 [main] ConvertMxmlService - Node Name =#text [OPEN]
[INFO ] 2023-11-08 09:46:41.871 [main] ConvertMxmlService - Node Name =#comment [OPEN]
[INFO ] 2023-11-08 09:46:41.871 [main] ConvertMxmlService - Node Name =#text [OPEN]
[INFO ] 2023-11-08 09:46:41.871 [main] ConvertMxmlService - Node Name =Controls:ACCLabel [OPEN]
[INFO ] 2023-11-08 09:46:41.872 [main] ConvertMxmlService - Node Name =Controls:ACCLabel [CLOSE]
[INFO ] 2023-11-08 09:46:41.872 [main] ConvertMxmlService - Node Name =#text [OPEN]
[INFO ] 2023-11-08 09:46:41.872 [main] ConvertMxmlService - Node Name =Controls:ACCComboBoxCode [OPEN]
[INFO ] 2023-11-08 09:46:41.872 [main] ConvertMxmlService - Node Name =Controls:ACCComboBoxCode [CLOSE]
[INFO ] 2023-11-08 09:46:41.872 [main] ConvertMxmlService - Node Name =#text [OPEN]
[INFO ] 2023-11-08 09:46:41.872 [main] ConvertMxmlService - Node Name =#comment [OPEN]
[INFO ] 2023-11-08 09:46:41.872 [main] ConvertMxmlService - Node Name =#text [OPEN]
[INFO ] 2023-11-08 09:46:41.872 [main] ConvertMxmlService - Node Name =Controls:ACCLabel [OPEN]
[INFO ] 2023-11-08 09:46:41.873 [main] ConvertMxmlService - Node Name =Controls:ACCLabel [CLOSE]
[INFO ] 2023-11-08 09:46:41.873 [main] ConvertMxmlService - Node Name =#text [OPEN]
[INFO ] 2023-11-08 09:46:41.873 [main] ConvertMxmlService - Node Name =Controls:ACCComboBoxCode [OPEN]
[INFO ] 2023-11-08 09:46:41.874 [main] ConvertMxmlService - Node Name =Controls:ACCComboBoxCode [CLOSE]
[INFO ] 2023-11-08 09:46:41.874 [main] ConvertMxmlService - Node Name =#text [OPEN]
[INFO ] 2023-11-08 09:46:41.874 [main] ConvertMxmlService - Node Name =#comment [OPEN]
[INFO ] 2023-11-08 09:46:41.874 [main] ConvertMxmlService - Node Name =#text [OPEN]
[INFO ] 2023-11-08 09:46:41.874 [main] ConvertMxmlService - Node Name =Controls:ACCLabel [OPEN]
[INFO ] 2023-11-08 09:46:41.874 [main] ConvertMxmlService - Node Name =Controls:ACCLabel [CLOSE]
[INFO ] 2023-11-08 09:46:41.874 [main] ConvertMxmlService - Node Name =#text [OPEN]
[INFO ] 2023-11-08 09:46:41.874 [main] ConvertMxmlService - Node Name =Controls:ACCComboBoxCode [OPEN]
[INFO ] 2023-11-08 09:46:41.875 [main] ConvertMxmlService - Node Name =Controls:ACCComboBoxCode [CLOSE]
[INFO ] 2023-11-08 09:46:41.875 [main] ConvertMxmlService - Node Name =#text [OPEN]
[INFO ] 2023-11-08 09:46:41.875 [main] ConvertMxmlService - Node Name =#comment [OPEN]
[INFO ] 2023-11-08 09:46:41.875 [main] ConvertMxmlService - Node Name =#text [OPEN]
[INFO ] 2023-11-08 09:46:41.875 [main] ConvertMxmlService - Node Name =Controls:ACCLabel [OPEN]
[INFO ] 2023-11-08 09:46:41.876 [main] ConvertMxmlService - Node Name =Controls:ACCLabel [CLOSE]
[INFO ] 2023-11-08 09:46:41.876 [main] ConvertMxmlService - Node Name =#text [OPEN]
[INFO ] 2023-11-08 09:46:41.876 [main] ConvertMxmlService - Node Name =Controls:ACCComboBoxCode [OPEN]
[INFO ] 2023-11-08 09:46:41.876 [main] ConvertMxmlService - Node Name =Controls:ACCComboBoxCode [CLOSE]
[INFO ] 2023-11-08 09:46:41.876 [main] ConvertMxmlService - Node Name =#text [OPEN]
[INFO ] 2023-11-08 09:46:41.876 [main] ConvertMxmlService - Node Name =Containers:ACCPanel [CLOSE]
[INFO ] 2023-11-08 09:46:41.876 [main] ConvertMxmlService - Node Name =#text [OPEN]
[INFO ] 2023-11-08 09:46:41.876 [main] ConvertMxmlService - Node Name =#comment [OPEN]
[INFO ] 2023-11-08 09:46:41.876 [main] ConvertMxmlService - Node Name =#text [OPEN]
[INFO ] 2023-11-08 09:46:41.876 [main] ConvertMxmlService - Node Name =Containers:ACCPanel [OPEN]
[INFO ] 2023-11-08 09:46:41.877 [main] ConvertMxmlService - Node Name =#text [OPEN]
[INFO ] 2023-11-08 09:46:41.877 [main] ConvertMxmlService - Node Name =Controls:ACCLabel [OPEN]
[INFO ] 2023-11-08 09:46:41.888 [main] ConvertMxmlService - Node Name =Controls:ACCLabel [CLOSE]
[INFO ] 2023-11-08 09:46:41.888 [main] ConvertMxmlService - Node Name =#text [OPEN]
[INFO ] 2023-11-08 09:46:41.888 [main] ConvertMxmlService - Node Name =Controls:ACCComboBoxCode [OPEN]
[INFO ] 2023-11-08 09:46:41.889 [main] ConvertMxmlService - Node Name =Controls:ACCComboBoxCode [CLOSE]
[INFO ] 2023-11-08 09:46:41.889 [main] ConvertMxmlService - Node Name =#text [OPEN]
[INFO ] 2023-11-08 09:46:41.889 [main] ConvertMxmlService - Node Name =Controls:ACCLabel [OPEN]
[INFO ] 2023-11-08 09:46:41.890 [main] ConvertMxmlService - Node Name =Controls:ACCLabel [CLOSE]
[INFO ] 2023-11-08 09:46:41.890 [main] ConvertMxmlService - Node Name =#text [OPEN]
[INFO ] 2023-11-08 09:46:41.890 [main] ConvertMxmlService - Node Name =Controls:ACCComboBoxCode [OPEN]
[INFO ] 2023-11-08 09:46:41.890 [main] ConvertMxmlService - Node Name =Controls:ACCComboBoxCode [CLOSE]
[INFO ] 2023-11-08 09:46:41.890 [main] ConvertMxmlService - Node Name =#text [OPEN]
[INFO ] 2023-11-08 09:46:41.890 [main] ConvertMxmlService - Node Name =Controls:ACCLabel [OPEN]
[INFO ] 2023-11-08 09:46:41.891 [main] ConvertMxmlService - Node Name =Controls:ACCLabel [CLOSE]
[INFO ] 2023-11-08 09:46:41.891 [main] ConvertMxmlService - Node Name =#text [OPEN]
[INFO ] 2023-11-08 09:46:41.891 [main] ConvertMxmlService - Node Name =Controls:ACCComboBoxCode [OPEN]
[INFO ] 2023-11-08 09:46:41.891 [main] ConvertMxmlService - Node Name =Controls:ACCComboBoxCode [CLOSE]
[INFO ] 2023-11-08 09:46:41.891 [main] ConvertMxmlService - Node Name =#text [OPEN]
[INFO ] 2023-11-08 09:46:41.891 [main] ConvertMxmlService - Node Name =Containers:ACCPanel [CLOSE]
[INFO ] 2023-11-08 09:46:41.891 [main] ConvertMxmlService - Node Name =#text [OPEN]
[INFO ] 2023-11-08 09:46:41.891 [main] ConvertMxmlService - Node Name =#comment [OPEN]
[INFO ] 2023-11-08 09:46:41.891 [main] ConvertMxmlService - Node Name =#text [OPEN]
[INFO ] 2023-11-08 09:46:41.891 [main] ConvertMxmlService - Node Name =Containers:ACCPanel [OPEN]
[INFO ] 2023-11-08 09:46:41.892 [main] ConvertMxmlService - Node Name =#text [OPEN]
[INFO ] 2023-11-08 09:46:41.892 [main] ConvertMxmlService - Node Name =Controls:ACCDataGrid [OPEN]
[INFO ] 2023-11-08 09:46:41.892 [main] ConvertMxmlService - Node Name =#text [OPEN]
[INFO ] 2023-11-08 09:46:41.892 [main] ConvertMxmlService - Node Name =Controls:columns [OPEN]
[INFO ] 2023-11-08 09:46:41.893 [main] ConvertMxmlService - Node Name =#text [OPEN]
[INFO ] 2023-11-08 09:46:41.893 [main] ConvertMxmlService - Node Name =mx:DataGridColumn [OPEN]
[INFO ] 2023-11-08 09:46:43.794 [main] ConvertMxmlService - Node Name =#text [OPEN]
[INFO ] 2023-11-08 09:46:43.794 [main] ConvertMxmlService - Node Name =mx:headerRenderer [OPEN]
[INFO ] 2023-11-08 09:46:47.149 [main] ConvertMxmlService - Node Name =#text [OPEN]
[INFO ] 2023-11-08 09:46:47.150 [main] ConvertMxmlService - Node Name =mx:Component [OPEN]
[INFO ] 2023-11-08 09:46:47.830 [main] ConvertMxmlService - Node Name =#text [OPEN]
[INFO ] 2023-11-08 09:46:47.830 [main] ConvertMxmlService - Node Name =mx:Label [OPEN]
[INFO ] 2023-11-08 09:46:47.832 [main] ConvertMxmlService - Node Name =mx:Label [CLOSE]
[INFO ] 2023-11-08 09:46:47.833 [main] ConvertMxmlService - Node Name =#text [OPEN]
[INFO ] 2023-11-08 09:46:47.833 [main] ConvertMxmlService - Node Name =mx:Component [CLOSE]
[INFO ] 2023-11-08 09:46:47.833 [main] ConvertMxmlService - Node Name =#text [OPEN]
[INFO ] 2023-11-08 09:46:47.833 [main] ConvertMxmlService - Node Name =mx:headerRenderer [CLOSE]
[INFO ] 2023-11-08 09:46:47.833 [main] ConvertMxmlService - Node Name =#text [OPEN]
[INFO ] 2023-11-08 09:46:47.833 [main] ConvertMxmlService - Node Name =mx:DataGridColumn [CLOSE]
[INFO ] 2023-11-08 09:46:47.833 [main] ConvertMxmlService - Node Name =#text [OPEN]
[INFO ] 2023-11-08 09:46:47.834 [main] ConvertMxmlService - Node Name =mx:DataGridColumn [OPEN]
[INFO ] 2023-11-08 09:46:48.510 [main] ConvertMxmlService - Node Name =#text [OPEN]
[INFO ] 2023-11-08 09:46:48.510 [main] ConvertMxmlService - Node Name =mx:headerRenderer [OPEN]
[INFO ] 2023-11-08 09:46:49.143 [main] ConvertMxmlService - Node Name =#text [OPEN]
[INFO ] 2023-11-08 09:46:49.143 [main] ConvertMxmlService - Node Name =mx:Component [OPEN]
[INFO ] 2023-11-08 09:46:49.867 [main] ConvertMxmlService - Node Name =#text [OPEN]
[INFO ] 2023-11-08 09:46:49.867 [main] ConvertMxmlService - Node Name =mx:Label [OPEN]
[INFO ] 2023-11-08 09:46:49.870 [main] ConvertMxmlService - Node Name =mx:Label [CLOSE]
[INFO ] 2023-11-08 09:46:49.870 [main] ConvertMxmlService - Node Name =#text [OPEN]
[INFO ] 2023-11-08 09:46:49.870 [main] ConvertMxmlService - Node Name =mx:Component [CLOSE]
[INFO ] 2023-11-08 09:46:49.871 [main] ConvertMxmlService - Node Name =#text [OPEN]
[INFO ] 2023-11-08 09:46:49.871 [main] ConvertMxmlService - Node Name =mx:headerRenderer [CLOSE]
[INFO ] 2023-11-08 09:46:49.871 [main] ConvertMxmlService - Node Name =#text [OPEN]
[INFO ] 2023-11-08 09:46:49.871 [main] ConvertMxmlService - Node Name =mx:DataGridColumn [CLOSE]
[INFO ] 2023-11-08 09:46:49.871 [main] ConvertMxmlService - Node Name =#text [OPEN]
[INFO ] 2023-11-08 09:46:49.871 [main] ConvertMxmlService - Node Name =Controls:columns [CLOSE]
[INFO ] 2023-11-08 09:46:49.871 [main] ConvertMxmlService - Node Name =#text [OPEN]
[INFO ] 2023-11-08 09:46:49.872 [main] ConvertMxmlService - Node Name =Controls:ACCDataGrid [CLOSE]
[INFO ] 2023-11-08 09:46:49.872 [main] ConvertMxmlService - Node Name =#text [OPEN]
[INFO ] 2023-11-08 09:46:49.872 [main] ConvertMxmlService - Node Name =Controls:ACCButton [OPEN]
[INFO ] 2023-11-08 09:46:49.874 [main] ConvertMxmlService - Node Name =Controls:ACCButton [CLOSE]
[INFO ] 2023-11-08 09:46:49.874 [main] ConvertMxmlService - Node Name =#text [OPEN]
[INFO ] 2023-11-08 09:46:49.874 [main] ConvertMxmlService - Node Name =Controls:ACCButton [OPEN]
[INFO ] 2023-11-08 09:46:49.876 [main] ConvertMxmlService - Node Name =Controls:ACCButton [CLOSE]
[INFO ] 2023-11-08 09:46:49.876 [main] ConvertMxmlService - Node Name =#text [OPEN]
[INFO ] 2023-11-08 09:46:49.876 [main] ConvertMxmlService - Node Name =Controls:ACCButton [OPEN]
[INFO ] 2023-11-08 09:46:49.877 [main] ConvertMxmlService - Node Name =Controls:ACCButton [CLOSE]
[INFO ] 2023-11-08 09:46:49.878 [main] ConvertMxmlService - Node Name =#text [OPEN]
[INFO ] 2023-11-08 09:46:49.878 [main] ConvertMxmlService - Node Name =Controls:ACCButton [OPEN]
[INFO ] 2023-11-08 09:46:49.879 [main] ConvertMxmlService - Node Name =Controls:ACCButton [CLOSE]
[INFO ] 2023-11-08 09:46:49.879 [main] ConvertMxmlService - Node Name =#text [OPEN]
[INFO ] 2023-11-08 09:46:49.879 [main] ConvertMxmlService - Node Name =Controls:ACCDataGrid [OPEN]
[INFO ] 2023-11-08 09:46:49.880 [main] ConvertMxmlService - Node Name =#text [OPEN]
[INFO ] 2023-11-08 09:46:49.880 [main] ConvertMxmlService - Node Name =Controls:columns [OPEN]
[INFO ] 2023-11-08 09:46:49.882 [main] ConvertMxmlService - Node Name =#text [OPEN]
[INFO ] 2023-11-08 09:46:49.882 [main] ConvertMxmlService - Node Name =mx:DataGridColumn [OPEN]
[INFO ] 2023-11-08 09:46:50.861 [main] ConvertMxmlService - Node Name =#text [OPEN]
[INFO ] 2023-11-08 09:46:50.862 [main] ConvertMxmlService - Node Name =mx:headerRenderer [OPEN]
[INFO ] 2023-11-08 09:46:51.397 [main] ConvertMxmlService - Node Name =#text [OPEN]
[INFO ] 2023-11-08 09:46:51.397 [main] ConvertMxmlService - Node Name =mx:Component [OPEN]
[INFO ] 2023-11-08 09:46:51.851 [main] ConvertMxmlService - Node Name =#text [OPEN]
[INFO ] 2023-11-08 09:46:51.851 [main] ConvertMxmlService - Node Name =mx:Label [OPEN]
[INFO ] 2023-11-08 09:46:51.854 [main] ConvertMxmlService - Node Name =mx:Label [CLOSE]
[INFO ] 2023-11-08 09:46:51.854 [main] ConvertMxmlService - Node Name =#text [OPEN]
[INFO ] 2023-11-08 09:46:51.854 [main] ConvertMxmlService - Node Name =mx:Component [CLOSE]
[INFO ] 2023-11-08 09:46:51.854 [main] ConvertMxmlService - Node Name =#text [OPEN]
[INFO ] 2023-11-08 09:46:51.854 [main] ConvertMxmlService - Node Name =mx:headerRenderer [CLOSE]
[INFO ] 2023-11-08 09:46:51.855 [main] ConvertMxmlService - Node Name =#text [OPEN]
[INFO ] 2023-11-08 09:46:51.855 [main] ConvertMxmlService - Node Name =mx:DataGridColumn [CLOSE]
[INFO ] 2023-11-08 09:46:51.855 [main] ConvertMxmlService - Node Name =#text [OPEN]
[INFO ] 2023-11-08 09:46:51.855 [main] ConvertMxmlService - Node Name =mx:DataGridColumn [OPEN]
[INFO ] 2023-11-08 09:46:52.555 [main] ConvertMxmlService - Node Name =#text [OPEN]
[INFO ] 2023-11-08 09:46:52.555 [main] ConvertMxmlService - Node Name =mx:headerRenderer [OPEN]
[INFO ] 2023-11-08 09:46:53.027 [main] ConvertMxmlService - Node Name =#text [OPEN]
[INFO ] 2023-11-08 09:46:53.028 [main] ConvertMxmlService - Node Name =mx:Component [OPEN]
[INFO ] 2023-11-08 09:46:53.382 [main] ConvertMxmlService - Node Name =#text [OPEN]
[INFO ] 2023-11-08 09:46:53.382 [main] ConvertMxmlService - Node Name =mx:Label [OPEN]
[INFO ] 2023-11-08 09:46:53.384 [main] ConvertMxmlService - Node Name =mx:Label [CLOSE]
[INFO ] 2023-11-08 09:46:53.384 [main] ConvertMxmlService - Node Name =#text [OPEN]
[INFO ] 2023-11-08 09:46:53.384 [main] ConvertMxmlService - Node Name =mx:Component [CLOSE]
[INFO ] 2023-11-08 09:46:53.384 [main] ConvertMxmlService - Node Name =#text [OPEN]
[INFO ] 2023-11-08 09:46:53.384 [main] ConvertMxmlService - Node Name =mx:headerRenderer [CLOSE]
[INFO ] 2023-11-08 09:46:53.384 [main] ConvertMxmlService - Node Name =#text [OPEN]
[INFO ] 2023-11-08 09:46:53.384 [main] ConvertMxmlService - Node Name =mx:DataGridColumn [CLOSE]
[INFO ] 2023-11-08 09:46:53.385 [main] ConvertMxmlService - Node Name =#text [OPEN]
[INFO ] 2023-11-08 09:46:53.385 [main] ConvertMxmlService - Node Name =Controls:columns [CLOSE]
[INFO ] 2023-11-08 09:46:53.385 [main] ConvertMxmlService - Node Name =#text [OPEN]
[INFO ] 2023-11-08 09:46:53.385 [main] ConvertMxmlService - Node Name =Controls:ACCDataGrid [CLOSE]
[INFO ] 2023-11-08 09:46:53.385 [main] ConvertMxmlService - Node Name =#text [OPEN]
[INFO ] 2023-11-08 09:46:53.385 [main] ConvertMxmlService - Node Name =Containers:ACCPanel [CLOSE]
[INFO ] 2023-11-08 09:46:53.385 [main] ConvertMxmlService - Node Name =#text [OPEN]
[INFO ] 2023-11-08 09:46:53.385 [main] ConvertMxmlService - Node Name =#comment [OPEN]
[INFO ] 2023-11-08 09:46:53.385 [main] ConvertMxmlService - Node Name =#text [OPEN]
[INFO ] 2023-11-08 09:46:53.386 [main] ConvertMxmlService - Node Name =Containers:ACCPanel [OPEN]
[INFO ] 2023-11-08 09:46:53.387 [main] ConvertMxmlService - Node Name =#text [OPEN]
[INFO ] 2023-11-08 09:46:53.387 [main] ConvertMxmlService - Node Name =Controls:ACCButton [OPEN]
[INFO ] 2023-11-08 09:46:53.389 [main] ConvertMxmlService - Node Name =Controls:ACCButton [CLOSE]
[INFO ] 2023-11-08 09:46:53.389 [main] ConvertMxmlService - Node Name =#text [OPEN]
[INFO ] 2023-11-08 09:46:53.389 [main] ConvertMxmlService - Node Name =Controls:ACCDataGrid [OPEN]
[INFO ] 2023-11-08 09:46:53.390 [main] ConvertMxmlService - Node Name =#text [OPEN]
[INFO ] 2023-11-08 09:46:53.390 [main] ConvertMxmlService - Node Name =Controls:columns [OPEN]
[INFO ] 2023-11-08 09:46:53.391 [main] ConvertMxmlService - Node Name =#text [OPEN]
[INFO ] 2023-11-08 09:46:53.391 [main] ConvertMxmlService - Node Name =mx:DataGridColumn [OPEN]
[INFO ] 2023-11-08 09:46:53.704 [main] ConvertMxmlService - Node Name =#text [OPEN]
[INFO ] 2023-11-08 09:46:53.705 [main] ConvertMxmlService - Node Name =mx:headerRenderer [OPEN]
[INFO ] 2023-11-08 09:46:54.063 [main] ConvertMxmlService - Node Name =#text [OPEN]
[INFO ] 2023-11-08 09:46:54.063 [main] ConvertMxmlService - Node Name =mx:Component [OPEN]
[INFO ] 2023-11-08 09:46:54.401 [main] ConvertMxmlService - Node Name =#text [OPEN]
[INFO ] 2023-11-08 09:46:54.402 [main] ConvertMxmlService - Node Name =mx:Label [OPEN]
[INFO ] 2023-11-08 09:46:54.403 [main] ConvertMxmlService - Node Name =mx:Label [CLOSE]
[INFO ] 2023-11-08 09:46:54.403 [main] ConvertMxmlService - Node Name =#text [OPEN]
[INFO ] 2023-11-08 09:46:54.403 [main] ConvertMxmlService - Node Name =mx:Component [CLOSE]
[INFO ] 2023-11-08 09:46:54.403 [main] ConvertMxmlService - Node Name =#text [OPEN]
[INFO ] 2023-11-08 09:46:54.403 [main] ConvertMxmlService - Node Name =mx:headerRenderer [CLOSE]
[INFO ] 2023-11-08 09:46:54.403 [main] ConvertMxmlService - Node Name =#text [OPEN]
[INFO ] 2023-11-08 09:46:54.403 [main] ConvertMxmlService - Node Name =mx:DataGridColumn [CLOSE]
[INFO ] 2023-11-08 09:46:54.403 [main] ConvertMxmlService - Node Name =#text [OPEN]
[INFO ] 2023-11-08 09:46:54.403 [main] ConvertMxmlService - Node Name =mx:DataGridColumn [OPEN]
[INFO ] 2023-11-08 09:46:54.744 [main] ConvertMxmlService - Node Name =#text [OPEN]
[INFO ] 2023-11-08 09:46:54.744 [main] ConvertMxmlService - Node Name =mx:headerRenderer [OPEN]
[INFO ] 2023-11-08 09:46:55.098 [main] ConvertMxmlService - Node Name =#text [OPEN]
[INFO ] 2023-11-08 09:46:55.098 [main] ConvertMxmlService - Node Name =mx:Component [OPEN]
[INFO ] 2023-11-08 09:46:55.422 [main] ConvertMxmlService - Node Name =#text [OPEN]
[INFO ] 2023-11-08 09:46:55.423 [main] ConvertMxmlService - Node Name =mx:Label [OPEN]
[INFO ] 2023-11-08 09:46:55.426 [main] ConvertMxmlService - Node Name =mx:Label [CLOSE]
[INFO ] 2023-11-08 09:46:55.426 [main] ConvertMxmlService - Node Name =#text [OPEN]
[INFO ] 2023-11-08 09:46:55.426 [main] ConvertMxmlService - Node Name =mx:Component [CLOSE]
[INFO ] 2023-11-08 09:46:55.426 [main] ConvertMxmlService - Node Name =#text [OPEN]
[INFO ] 2023-11-08 09:46:55.426 [main] ConvertMxmlService - Node Name =mx:headerRenderer [CLOSE]
[INFO ] 2023-11-08 09:46:55.427 [main] ConvertMxmlService - Node Name =#text [OPEN]
[INFO ] 2023-11-08 09:46:55.427 [main] ConvertMxmlService - Node Name =mx:DataGridColumn [CLOSE]
[INFO ] 2023-11-08 09:46:55.427 [main] ConvertMxmlService - Node Name =#text [OPEN]
[INFO ] 2023-11-08 09:46:55.427 [main] ConvertMxmlService - Node Name =Controls:columns [CLOSE]
[INFO ] 2023-11-08 09:46:55.427 [main] ConvertMxmlService - Node Name =#text [OPEN]
[INFO ] 2023-11-08 09:46:55.427 [main] ConvertMxmlService - Node Name =Controls:ACCDataGrid [CLOSE]
[INFO ] 2023-11-08 09:46:55.427 [main] ConvertMxmlService - Node Name =#text [OPEN]
[INFO ] 2023-11-08 09:46:55.427 [main] ConvertMxmlService - Node Name =Containers:ACCPanel [CLOSE]
[INFO ] 2023-11-08 09:46:55.427 [main] ConvertMxmlService - Node Name =#text [OPEN]
[INFO ] 2023-11-08 09:46:55.428 [main] ConvertMxmlService - Node Name =Containers:ACCCanvas [CLOSE]
[INFO ] 2023-11-08 09:46:55.428 [main] ConvertMxmlService - Node Name =#text [OPEN]
[INFO ] 2023-11-08 09:46:55.428 [main] ConvertMxmlService - Node Name =#comment [OPEN]
[INFO ] 2023-11-08 09:46:55.428 [main] ConvertMxmlService - Node Name =#text [OPEN]
[INFO ] 2023-11-08 09:46:55.428 [main] ConvertMxmlService - Node Name =Containers:ACCCanvas [OPEN]
[INFO ] 2023-11-08 09:46:55.430 [main] ConvertMxmlService - Node Name =#text [OPEN]
[INFO ] 2023-11-08 09:46:55.430 [main] ConvertMxmlService - Node Name =#comment [OPEN]
[INFO ] 2023-11-08 09:46:55.430 [main] ConvertMxmlService - Node Name =#text [OPEN]
[INFO ] 2023-11-08 09:46:55.430 [main] ConvertMxmlService - Node Name =Containers:ACCPanel [OPEN]
[INFO ] 2023-11-08 09:46:55.431 [main] ConvertMxmlService - Node Name =#text [OPEN]
[INFO ] 2023-11-08 09:46:55.432 [main] ConvertMxmlService - Node Name =Controls:ACCRadioButtonGroup [OPEN]
[INFO ] 2023-11-08 09:46:55.437 [main] ConvertMxmlService - Node Name =Controls:ACCRadioButtonGroup [CLOSE]
[INFO ] 2023-11-08 09:46:55.437 [main] ConvertMxmlService - Node Name =#text [OPEN]
[INFO ] 2023-11-08 09:46:55.437 [main] ConvertMxmlService - Node Name =Controls:ACCRadioButton [OPEN]
[INFO ] 2023-11-08 09:46:55.439 [main] ConvertMxmlService - Node Name =Controls:ACCRadioButton [CLOSE]
[INFO ] 2023-11-08 09:46:55.440 [main] ConvertMxmlService - Node Name =#text [OPEN]
[INFO ] 2023-11-08 09:46:55.440 [main] ConvertMxmlService - Node Name =Controls:ACCRadioButton [OPEN]
[INFO ] 2023-11-08 09:46:55.442 [main] ConvertMxmlService - Node Name =Controls:ACCRadioButton [CLOSE]
[INFO ] 2023-11-08 09:46:55.442 [main] ConvertMxmlService - Node Name =#text [OPEN]
[INFO ] 2023-11-08 09:46:55.443 [main] ConvertMxmlService - Node Name =Controls:ACCRadioButton [OPEN]
[INFO ] 2023-11-08 09:46:55.445 [main] ConvertMxmlService - Node Name =Controls:ACCRadioButton [CLOSE]
[INFO ] 2023-11-08 09:46:55.445 [main] ConvertMxmlService - Node Name =#text [OPEN]
[INFO ] 2023-11-08 09:46:55.445 [main] ConvertMxmlService - Node Name =Controls:ACCDataGrid [OPEN]
[INFO ] 2023-11-08 09:46:55.447 [main] ConvertMxmlService - Node Name =#text [OPEN]
[INFO ] 2023-11-08 09:46:55.447 [main] ConvertMxmlService - Node Name =Controls:columns [OPEN]
[INFO ] 2023-11-08 09:46:55.449 [main] ConvertMxmlService - Node Name =#text [OPEN]
[INFO ] 2023-11-08 09:46:55.449 [main] ConvertMxmlService - Node Name =mx:DataGridColumn [OPEN]
[INFO ] 2023-11-08 09:46:55.715 [main] ConvertMxmlService - Node Name =#text [OPEN]
[INFO ] 2023-11-08 09:46:55.715 [main] ConvertMxmlService - Node Name =mx:headerRenderer [OPEN]
[INFO ] 2023-11-08 09:46:55.994 [main] ConvertMxmlService - Node Name =#text [OPEN]
[INFO ] 2023-11-08 09:46:55.994 [main] ConvertMxmlService - Node Name =mx:Component [OPEN]
[INFO ] 2023-11-08 09:46:56.259 [main] ConvertMxmlService - Node Name =#text [OPEN]
[INFO ] 2023-11-08 09:46:56.260 [main] ConvertMxmlService - Node Name =mx:Label [OPEN]
[INFO ] 2023-11-08 09:46:56.262 [main] ConvertMxmlService - Node Name =mx:Label [CLOSE]
[INFO ] 2023-11-08 09:46:56.262 [main] ConvertMxmlService - Node Name =#text [OPEN]
[INFO ] 2023-11-08 09:46:56.263 [main] ConvertMxmlService - Node Name =mx:Component [CLOSE]
[INFO ] 2023-11-08 09:46:56.263 [main] ConvertMxmlService - Node Name =#text [OPEN]
[INFO ] 2023-11-08 09:46:56.263 [main] ConvertMxmlService - Node Name =mx:headerRenderer [CLOSE]
[INFO ] 2023-11-08 09:46:56.263 [main] ConvertMxmlService - Node Name =#text [OPEN]
[INFO ] 2023-11-08 09:46:56.263 [main] ConvertMxmlService - Node Name =mx:DataGridColumn [CLOSE]
[INFO ] 2023-11-08 09:46:56.263 [main] ConvertMxmlService - Node Name =#text [OPEN]
[INFO ] 2023-11-08 09:46:56.263 [main] ConvertMxmlService - Node Name =mx:DataGridColumn [OPEN]
[INFO ] 2023-11-08 09:46:56.522 [main] ConvertMxmlService - Node Name =#text [OPEN]
[INFO ] 2023-11-08 09:46:56.522 [main] ConvertMxmlService - Node Name =mx:headerRenderer [OPEN]
[INFO ] 2023-11-08 09:46:56.756 [main] ConvertMxmlService - Node Name =#text [OPEN]
[INFO ] 2023-11-08 09:46:56.756 [main] ConvertMxmlService - Node Name =mx:Component [OPEN]
[INFO ] 2023-11-08 09:47:00.527 [main] ConvertMxmlService - Node Name =#text [OPEN]
[INFO ] 2023-11-08 09:47:00.528 [main] ConvertMxmlService - Node Name =mx:Label [OPEN]
[INFO ] 2023-11-08 09:47:00.529 [main] ConvertMxmlService - Node Name =mx:Label [CLOSE]
[INFO ] 2023-11-08 09:47:00.529 [main] ConvertMxmlService - Node Name =#text [OPEN]
[INFO ] 2023-11-08 09:47:00.529 [main] ConvertMxmlService - Node Name =mx:Component [CLOSE]
[INFO ] 2023-11-08 09:47:00.529 [main] ConvertMxmlService - Node Name =#text [OPEN]
[INFO ] 2023-11-08 09:47:00.529 [main] ConvertMxmlService - Node Name =mx:headerRenderer [CLOSE]
[INFO ] 2023-11-08 09:47:00.529 [main] ConvertMxmlService - Node Name =#text [OPEN]
[INFO ] 2023-11-08 09:47:00.529 [main] ConvertMxmlService - Node Name =mx:DataGridColumn [CLOSE]
[INFO ] 2023-11-08 09:47:00.529 [main] ConvertMxmlService - Node Name =#text [OPEN]
[INFO ] 2023-11-08 09:47:00.529 [main] ConvertMxmlService - Node Name =mx:DataGridColumn [OPEN]
[INFO ] 2023-11-08 09:47:00.530 [main] ConvertMxmlService - Node Name =#text [OPEN]
[INFO ] 2023-11-08 09:47:00.530 [main] ConvertMxmlService - Node Name =mx:headerRenderer [OPEN]
[INFO ] 2023-11-08 09:47:00.531 [main] ConvertMxmlService - Node Name =#text [OPEN]
[INFO ] 2023-11-08 09:47:00.531 [main] ConvertMxmlService - Node Name =mx:Component [OPEN]
[INFO ] 2023-11-08 09:47:00.531 [main] ConvertMxmlService - Node Name =#text [OPEN]
[INFO ] 2023-11-08 09:47:00.531 [main] ConvertMxmlService - Node Name =mx:Label [OPEN]
[INFO ] 2023-11-08 09:47:00.532 [main] ConvertMxmlService - Node Name =mx:Label [CLOSE]
[INFO ] 2023-11-08 09:47:00.532 [main] ConvertMxmlService - Node Name =#text [OPEN]
[INFO ] 2023-11-08 09:47:00.532 [main] ConvertMxmlService - Node Name =mx:Component [CLOSE]
[INFO ] 2023-11-08 09:47:00.532 [main] ConvertMxmlService - Node Name =#text [OPEN]
[INFO ] 2023-11-08 09:47:00.532 [main] ConvertMxmlService - Node Name =mx:headerRenderer [CLOSE]
[INFO ] 2023-11-08 09:47:00.532 [main] ConvertMxmlService - Node Name =#text [OPEN]
[INFO ] 2023-11-08 09:47:00.532 [main] ConvertMxmlService - Node Name =mx:DataGridColumn [CLOSE]
[INFO ] 2023-11-08 09:47:00.532 [main] ConvertMxmlService - Node Name =#text [OPEN]
[INFO ] 2023-11-08 09:47:00.532 [main] ConvertMxmlService - Node Name =Controls:columns [CLOSE]
[INFO ] 2023-11-08 09:47:00.532 [main] ConvertMxmlService - Node Name =#text [OPEN]
[INFO ] 2023-11-08 09:47:00.532 [main] ConvertMxmlService - Node Name =Controls:ACCDataGrid [CLOSE]
[INFO ] 2023-11-08 09:47:00.532 [main] ConvertMxmlService - Node Name =#text [OPEN]
[INFO ] 2023-11-08 09:47:00.532 [main] ConvertMxmlService - Node Name =Controls:ACCButton [OPEN]
[INFO ] 2023-11-08 09:47:00.533 [main] ConvertMxmlService - Node Name =Controls:ACCButton [CLOSE]
[INFO ] 2023-11-08 09:47:00.533 [main] ConvertMxmlService - Node Name =#text [OPEN]
[INFO ] 2023-11-08 09:47:00.533 [main] ConvertMxmlService - Node Name =Controls:ACCButton [OPEN]
[INFO ] 2023-11-08 09:47:00.533 [main] ConvertMxmlService - Node Name =Controls:ACCButton [CLOSE]
[INFO ] 2023-11-08 09:47:00.533 [main] ConvertMxmlService - Node Name =#text [OPEN]
[INFO ] 2023-11-08 09:47:00.533 [main] ConvertMxmlService - Node Name =Controls:ACCButton [OPEN]
[INFO ] 2023-11-08 09:47:00.534 [main] ConvertMxmlService - Node Name =Controls:ACCButton [CLOSE]
[INFO ] 2023-11-08 09:47:00.534 [main] ConvertMxmlService - Node Name =#text [OPEN]
[INFO ] 2023-11-08 09:47:00.534 [main] ConvertMxmlService - Node Name =Controls:ACCButton [OPEN]
[INFO ] 2023-11-08 09:47:00.534 [main] ConvertMxmlService - Node Name =Controls:ACCButton [CLOSE]
[INFO ] 2023-11-08 09:47:00.534 [main] ConvertMxmlService - Node Name =#text [OPEN]
[INFO ] 2023-11-08 09:47:00.534 [main] ConvertMxmlService - Node Name =Controls:ACCDataGrid [OPEN]
[INFO ] 2023-11-08 09:47:00.535 [main] ConvertMxmlService - Node Name =#text [OPEN]
[INFO ] 2023-11-08 09:47:00.535 [main] ConvertMxmlService - Node Name =Controls:columns [OPEN]
[INFO ] 2023-11-08 09:47:00.535 [main] ConvertMxmlService - Node Name =#text [OPEN]
[INFO ] 2023-11-08 09:47:00.535 [main] ConvertMxmlService - Node Name =mx:DataGridColumn [OPEN]
[INFO ] 2023-11-08 09:47:00.536 [main] ConvertMxmlService - Node Name =#text [OPEN]
[INFO ] 2023-11-08 09:47:00.536 [main] ConvertMxmlService - Node Name =mx:headerRenderer [OPEN]
[INFO ] 2023-11-08 09:47:00.536 [main] ConvertMxmlService - Node Name =#text [OPEN]
[INFO ] 2023-11-08 09:47:00.536 [main] ConvertMxmlService - Node Name =mx:Component [OPEN]
[INFO ] 2023-11-08 09:47:00.537 [main] ConvertMxmlService - Node Name =#text [OPEN]
[INFO ] 2023-11-08 09:47:00.537 [main] ConvertMxmlService - Node Name =mx:Label [OPEN]
[INFO ] 2023-11-08 09:47:00.537 [main] ConvertMxmlService - Node Name =mx:Label [CLOSE]
[INFO ] 2023-11-08 09:47:00.537 [main] ConvertMxmlService - Node Name =#text [OPEN]
[INFO ] 2023-11-08 09:47:00.537 [main] ConvertMxmlService - Node Name =mx:Component [CLOSE]
[INFO ] 2023-11-08 09:47:00.537 [main] ConvertMxmlService - Node Name =#text [OPEN]
[INFO ] 2023-11-08 09:47:00.537 [main] ConvertMxmlService - Node Name =mx:headerRenderer [CLOSE]
[INFO ] 2023-11-08 09:47:00.537 [main] ConvertMxmlService - Node Name =#text [OPEN]
[INFO ] 2023-11-08 09:47:00.537 [main] ConvertMxmlService - Node Name =mx:DataGridColumn [CLOSE]
[INFO ] 2023-11-08 09:47:00.537 [main] ConvertMxmlService - Node Name =#text [OPEN]
[INFO ] 2023-11-08 09:47:00.537 [main] ConvertMxmlService - Node Name =mx:DataGridColumn [OPEN]
[INFO ] 2023-11-08 09:47:00.538 [main] ConvertMxmlService - Node Name =#text [OPEN]
[INFO ] 2023-11-08 09:47:00.538 [main] ConvertMxmlService - Node Name =mx:headerRenderer [OPEN]
[INFO ] 2023-11-08 09:47:00.538 [main] ConvertMxmlService - Node Name =#text [OPEN]
[INFO ] 2023-11-08 09:47:00.538 [main] ConvertMxmlService - Node Name =mx:Component [OPEN]
[INFO ] 2023-11-08 09:47:00.538 [main] ConvertMxmlService - Node Name =#text [OPEN]
[INFO ] 2023-11-08 09:47:00.538 [main] ConvertMxmlService - Node Name =mx:Label [OPEN]
[INFO ] 2023-11-08 09:47:00.539 [main] ConvertMxmlService - Node Name =mx:Label [CLOSE]
[INFO ] 2023-11-08 09:47:00.539 [main] ConvertMxmlService - Node Name =#text [OPEN]
[INFO ] 2023-11-08 09:47:00.539 [main] ConvertMxmlService - Node Name =mx:Component [CLOSE]
[INFO ] 2023-11-08 09:47:00.539 [main] ConvertMxmlService - Node Name =#text [OPEN]
[INFO ] 2023-11-08 09:47:00.539 [main] ConvertMxmlService - Node Name =mx:headerRenderer [CLOSE]
[INFO ] 2023-11-08 09:47:00.539 [main] ConvertMxmlService - Node Name =#text [OPEN]
[INFO ] 2023-11-08 09:47:00.539 [main] ConvertMxmlService - Node Name =mx:DataGridColumn [CLOSE]
[INFO ] 2023-11-08 09:47:00.539 [main] ConvertMxmlService - Node Name =#text [OPEN]
[INFO ] 2023-11-08 09:47:00.539 [main] ConvertMxmlService - Node Name =mx:DataGridColumn [OPEN]
[INFO ] 2023-11-08 09:47:00.539 [main] ConvertMxmlService - Node Name =#text [OPEN]
[INFO ] 2023-11-08 09:47:00.539 [main] ConvertMxmlService - Node Name =mx:headerRenderer [OPEN]
[INFO ] 2023-11-08 09:47:00.540 [main] ConvertMxmlService - Node Name =#text [OPEN]
[INFO ] 2023-11-08 09:47:00.540 [main] ConvertMxmlService - Node Name =mx:Component [OPEN]
[INFO ] 2023-11-08 09:47:00.540 [main] ConvertMxmlService - Node Name =#text [OPEN]
[INFO ] 2023-11-08 09:47:00.540 [main] ConvertMxmlService - Node Name =mx:Label [OPEN]
[INFO ] 2023-11-08 09:47:00.540 [main] ConvertMxmlService - Node Name =mx:Label [CLOSE]
[INFO ] 2023-11-08 09:47:00.540 [main] ConvertMxmlService - Node Name =#text [OPEN]
[INFO ] 2023-11-08 09:47:00.541 [main] ConvertMxmlService - Node Name =mx:Component [CLOSE]
[INFO ] 2023-11-08 09:47:00.541 [main] ConvertMxmlService - Node Name =#text [OPEN]
[INFO ] 2023-11-08 09:47:00.541 [main] ConvertMxmlService - Node Name =mx:headerRenderer [CLOSE]
[INFO ] 2023-11-08 09:47:00.541 [main] ConvertMxmlService - Node Name =#text [OPEN]
[INFO ] 2023-11-08 09:47:00.541 [main] ConvertMxmlService - Node Name =mx:DataGridColumn [CLOSE]
[INFO ] 2023-11-08 09:47:00.541 [main] ConvertMxmlService - Node Name =#text [OPEN]
[INFO ] 2023-11-08 09:47:00.541 [main] ConvertMxmlService - Node Name =Controls:columns [CLOSE]
[INFO ] 2023-11-08 09:47:00.541 [main] ConvertMxmlService - Node Name =#text [OPEN]
[INFO ] 2023-11-08 09:47:00.541 [main] ConvertMxmlService - Node Name =Controls:ACCDataGrid [CLOSE]
[INFO ] 2023-11-08 09:47:00.541 [main] ConvertMxmlService - Node Name =#text [OPEN]
[INFO ] 2023-11-08 09:47:00.541 [main] ConvertMxmlService - Node Name =Containers:ACCPanel [CLOSE]
[INFO ] 2023-11-08 09:47:00.541 [main] ConvertMxmlService - Node Name =#text [OPEN]
[INFO ] 2023-11-08 09:47:00.541 [main] ConvertMxmlService - Node Name =Controls:ACCLabel [OPEN]
[INFO ] 2023-11-08 09:47:00.541 [main] ConvertMxmlService - Node Name =Controls:ACCLabel [CLOSE]
[INFO ] 2023-11-08 09:47:00.541 [main] ConvertMxmlService - Node Name =#text [OPEN]
[INFO ] 2023-11-08 09:47:00.541 [main] ConvertMxmlService - Node Name =Controls:ACCComboBoxCode [OPEN]
[INFO ] 2023-11-08 09:47:00.542 [main] ConvertMxmlService - Node Name =Controls:ACCComboBoxCode [CLOSE]
[INFO ] 2023-11-08 09:47:00.542 [main] ConvertMxmlService - Node Name =#text [OPEN]
[INFO ] 2023-11-08 09:47:00.542 [main] ConvertMxmlService - Node Name =Controls:ACCTextInputMaskDate [OPEN]
[INFO ] 2023-11-08 09:47:00.542 [main] ConvertMxmlService - Node Name =Controls:ACCTextInputMaskDate [CLOSE]
[INFO ] 2023-11-08 09:47:00.542 [main] ConvertMxmlService - Node Name =#text [OPEN]
[INFO ] 2023-11-08 09:47:00.542 [main] ConvertMxmlService - Node Name =Controls:ACCLabel [OPEN]
[INFO ] 2023-11-08 09:47:00.543 [main] ConvertMxmlService - Node Name =Controls:ACCLabel [CLOSE]
[INFO ] 2023-11-08 09:47:00.543 [main] ConvertMxmlService - Node Name =#text [OPEN]
[INFO ] 2023-11-08 09:47:00.543 [main] ConvertMxmlService - Node Name =Controls:ACCTextInputMaskDate [OPEN]
[INFO ] 2023-11-08 09:47:00.543 [main] ConvertMxmlService - Node Name =Controls:ACCTextInputMaskDate [CLOSE]
[INFO ] 2023-11-08 09:47:00.543 [main] ConvertMxmlService - Node Name =#text [OPEN]
[INFO ] 2023-11-08 09:47:00.543 [main] ConvertMxmlService - Node Name =Controls:ACCLabel [OPEN]
[INFO ] 2023-11-08 09:47:00.544 [main] ConvertMxmlService - Node Name =Controls:ACCLabel [CLOSE]
[INFO ] 2023-11-08 09:47:00.544 [main] ConvertMxmlService - Node Name =#text [OPEN]
[INFO ] 2023-11-08 09:47:00.544 [main] ConvertMxmlService - Node Name =Controls:ACCComboBoxCode [OPEN]
[INFO ] 2023-11-08 09:47:00.544 [main] ConvertMxmlService - Node Name =Controls:ACCComboBoxCode [CLOSE]
[INFO ] 2023-11-08 09:47:00.544 [main] ConvertMxmlService - Node Name =#text [OPEN]
[INFO ] 2023-11-08 09:47:00.544 [main] ConvertMxmlService - Node Name =Controls:ACCTextInputMaskDate [OPEN]
[INFO ] 2023-11-08 09:47:00.545 [main] ConvertMxmlService - Node Name =Controls:ACCTextInputMaskDate [CLOSE]
[INFO ] 2023-11-08 09:47:00.545 [main] ConvertMxmlService - Node Name =#text [OPEN]
[INFO ] 2023-11-08 09:47:00.545 [main] ConvertMxmlService - Node Name =Controls:ACCLabel [OPEN]
[INFO ] 2023-11-08 09:47:00.546 [main] ConvertMxmlService - Node Name =Controls:ACCLabel [CLOSE]
[INFO ] 2023-11-08 09:47:00.546 [main] ConvertMxmlService - Node Name =#text [OPEN]
[INFO ] 2023-11-08 09:47:00.546 [main] ConvertMxmlService - Node Name =Controls:ACCTextInputMaskDate [OPEN]
[INFO ] 2023-11-08 09:47:00.546 [main] ConvertMxmlService - Node Name =Controls:ACCTextInputMaskDate [CLOSE]
[INFO ] 2023-11-08 09:47:00.546 [main] ConvertMxmlService - Node Name =#text [OPEN]
[INFO ] 2023-11-08 09:47:00.546 [main] ConvertMxmlService - Node Name =Controls:ACCLabel [OPEN]
[INFO ] 2023-11-08 09:47:00.547 [main] ConvertMxmlService - Node Name =Controls:ACCLabel [CLOSE]
[INFO ] 2023-11-08 09:47:00.547 [main] ConvertMxmlService - Node Name =#text [OPEN]
[INFO ] 2023-11-08 09:47:00.547 [main] ConvertMxmlService - Node Name =Controls:ACCTextInputMaskNumberOnly [OPEN]
[INFO ] 2023-11-08 09:47:00.548 [main] ConvertMxmlService - Node Name =Controls:ACCTextInputMaskNumberOnly [CLOSE]
[INFO ] 2023-11-08 09:47:00.548 [main] ConvertMxmlService - Node Name =#text [OPEN]
[INFO ] 2023-11-08 09:47:00.548 [main] ConvertMxmlService - Node Name =Controls:ACCLabel [OPEN]
[INFO ] 2023-11-08 09:47:00.548 [main] ConvertMxmlService - Node Name =Controls:ACCLabel [CLOSE]
[INFO ] 2023-11-08 09:47:00.548 [main] ConvertMxmlService - Node Name =#text [OPEN]
[INFO ] 2023-11-08 09:47:00.548 [main] ConvertMxmlService - Node Name =Controls:ACCTextInputMaskNumberOnly [OPEN]
[INFO ] 2023-11-08 09:47:00.549 [main] ConvertMxmlService - Node Name =Controls:ACCTextInputMaskNumberOnly [CLOSE]
[INFO ] 2023-11-08 09:47:00.549 [main] ConvertMxmlService - Node Name =#text [OPEN]
[INFO ] 2023-11-08 09:47:00.549 [main] ConvertMxmlService - Node Name =Controls:ACCLabel [OPEN]
[INFO ] 2023-11-08 09:47:00.549 [main] ConvertMxmlService - Node Name =Controls:ACCLabel [CLOSE]
[INFO ] 2023-11-08 09:47:00.550 [main] ConvertMxmlService - Node Name =#text [OPEN]
[INFO ] 2023-11-08 09:47:00.550 [main] ConvertMxmlService - Node Name =Controls:ACCTextInputMaskNumberOnly [OPEN]
[INFO ] 2023-11-08 09:47:00.550 [main] ConvertMxmlService - Node Name =Controls:ACCTextInputMaskNumberOnly [CLOSE]
[INFO ] 2023-11-08 09:47:00.550 [main] ConvertMxmlService - Node Name =#text [OPEN]
[INFO ] 2023-11-08 09:47:00.550 [main] ConvertMxmlService - Node Name =Controls:ACCLabel [OPEN]
[INFO ] 2023-11-08 09:47:00.551 [main] ConvertMxmlService - Node Name =Controls:ACCLabel [CLOSE]
[INFO ] 2023-11-08 09:47:00.551 [main] ConvertMxmlService - Node Name =#text [OPEN]
[INFO ] 2023-11-08 09:47:00.551 [main] ConvertMxmlService - Node Name =Controls:ACCTextInputMaskNumberOnly [OPEN]
[INFO ] 2023-11-08 09:47:00.551 [main] ConvertMxmlService - Node Name =Controls:ACCTextInputMaskNumberOnly [CLOSE]
[INFO ] 2023-11-08 09:47:00.551 [main] ConvertMxmlService - Node Name =#text [OPEN]
[INFO ] 2023-11-08 09:47:00.551 [main] ConvertMxmlService - Node Name =Controls:ACCLabel [OPEN]
[INFO ] 2023-11-08 09:47:00.552 [main] ConvertMxmlService - Node Name =Controls:ACCLabel [CLOSE]
[INFO ] 2023-11-08 09:47:00.552 [main] ConvertMxmlService - Node Name =#text [OPEN]
[INFO ] 2023-11-08 09:47:00.552 [main] ConvertMxmlService - Node Name =Controls:ACCTextInputMaskNumberOnly [OPEN]
[INFO ] 2023-11-08 09:47:00.553 [main] ConvertMxmlService - Node Name =Controls:ACCTextInputMaskNumberOnly [CLOSE]
[INFO ] 2023-11-08 09:47:00.553 [main] ConvertMxmlService - Node Name =#text [OPEN]
[INFO ] 2023-11-08 09:47:00.553 [main] ConvertMxmlService - Node Name =Controls:ACCLabel [OPEN]
[INFO ] 2023-11-08 09:47:00.553 [main] ConvertMxmlService - Node Name =Controls:ACCLabel [CLOSE]
[INFO ] 2023-11-08 09:47:00.553 [main] ConvertMxmlService - Node Name =#text [OPEN]
[INFO ] 2023-11-08 09:47:00.553 [main] ConvertMxmlService - Node Name =Controls:ACCTextInputMaskNumberOnly [OPEN]
[INFO ] 2023-11-08 09:47:00.554 [main] ConvertMxmlService - Node Name =Controls:ACCTextInputMaskNumberOnly [CLOSE]
[INFO ] 2023-11-08 09:47:00.554 [main] ConvertMxmlService - Node Name =#text [OPEN]
[INFO ] 2023-11-08 09:47:00.554 [main] ConvertMxmlService - Node Name =Controls:ACCLabel [OPEN]
[INFO ] 2023-11-08 09:47:00.554 [main] ConvertMxmlService - Node Name =Controls:ACCLabel [CLOSE]
[INFO ] 2023-11-08 09:47:00.554 [main] ConvertMxmlService - Node Name =#text [OPEN]
[INFO ] 2023-11-08 09:47:00.554 [main] ConvertMxmlService - Node Name =Controls:ACCTextInputMaskNumberOnly [OPEN]
[INFO ] 2023-11-08 09:47:00.555 [main] ConvertMxmlService - Node Name =Controls:ACCTextInputMaskNumberOnly [CLOSE]
[INFO ] 2023-11-08 09:47:00.555 [main] ConvertMxmlService - Node Name =#text [OPEN]
[INFO ] 2023-11-08 09:47:00.555 [main] ConvertMxmlService - Node Name =Controls:ACCLabel [OPEN]
[INFO ] 2023-11-08 09:47:00.556 [main] ConvertMxmlService - Node Name =Controls:ACCLabel [CLOSE]
[INFO ] 2023-11-08 09:47:00.556 [main] ConvertMxmlService - Node Name =#text [OPEN]
[INFO ] 2023-11-08 09:47:00.556 [main] ConvertMxmlService - Node Name =Controls:ACCTextInputMaskNumberOnly [OPEN]
[INFO ] 2023-11-08 09:47:00.556 [main] ConvertMxmlService - Node Name =Controls:ACCTextInputMaskNumberOnly [CLOSE]
[INFO ] 2023-11-08 09:47:00.556 [main] ConvertMxmlService - Node Name =#text [OPEN]
[INFO ] 2023-11-08 09:47:00.556 [main] ConvertMxmlService - Node Name =Controls:ACCLabel [OPEN]
[INFO ] 2023-11-08 09:47:00.557 [main] ConvertMxmlService - Node Name =Controls:ACCLabel [CLOSE]
[INFO ] 2023-11-08 09:47:00.557 [main] ConvertMxmlService - Node Name =#text [OPEN]
[INFO ] 2023-11-08 09:47:00.557 [main] ConvertMxmlService - Node Name =Controls:ACCTextInputMaskNumberOnly [OPEN]
[INFO ] 2023-11-08 09:47:00.558 [main] ConvertMxmlService - Node Name =Controls:ACCTextInputMaskNumberOnly [CLOSE]
[INFO ] 2023-11-08 09:47:00.558 [main] ConvertMxmlService - Node Name =#text [OPEN]
[INFO ] 2023-11-08 09:47:00.558 [main] ConvertMxmlService - Node Name =Controls:ACCLabel [OPEN]
[INFO ] 2023-11-08 09:47:00.558 [main] ConvertMxmlService - Node Name =Controls:ACCLabel [CLOSE]
[INFO ] 2023-11-08 09:47:00.558 [main] ConvertMxmlService - Node Name =#text [OPEN]
[INFO ] 2023-11-08 09:47:00.558 [main] ConvertMxmlService - Node Name =Controls:ACCTextInputMaskNumberOnly [OPEN]
[INFO ] 2023-11-08 09:47:00.559 [main] ConvertMxmlService - Node Name =Controls:ACCTextInputMaskNumberOnly [CLOSE]
[INFO ] 2023-11-08 09:47:00.559 [main] ConvertMxmlService - Node Name =#text [OPEN]
[INFO ] 2023-11-08 09:47:00.559 [main] ConvertMxmlService - Node Name =Controls:ACCLabel [OPEN]
[INFO ] 2023-11-08 09:47:00.560 [main] ConvertMxmlService - Node Name =Controls:ACCLabel [CLOSE]
[INFO ] 2023-11-08 09:47:00.560 [main] ConvertMxmlService - Node Name =#text [OPEN]
[INFO ] 2023-11-08 09:47:00.560 [main] ConvertMxmlService - Node Name =Controls:ACCTextInputMaskNumberOnly [OPEN]
[INFO ] 2023-11-08 09:47:00.560 [main] ConvertMxmlService - Node Name =Controls:ACCTextInputMaskNumberOnly [CLOSE]
[INFO ] 2023-11-08 09:47:00.560 [main] ConvertMxmlService - Node Name =#text [OPEN]
[INFO ] 2023-11-08 09:47:00.560 [main] ConvertMxmlService - Node Name =Controls:ACCLabel [OPEN]
[INFO ] 2023-11-08 09:47:00.561 [main] ConvertMxmlService - Node Name =Controls:ACCLabel [CLOSE]
[INFO ] 2023-11-08 09:47:00.561 [main] ConvertMxmlService - Node Name =#text [OPEN]
[INFO ] 2023-11-08 09:47:00.561 [main] ConvertMxmlService - Node Name =Controls:ACCTextInputMaskNumberOnly [OPEN]
[INFO ] 2023-11-08 09:47:00.561 [main] ConvertMxmlService - Node Name =Controls:ACCTextInputMaskNumberOnly [CLOSE]
[INFO ] 2023-11-08 09:47:00.561 [main] ConvertMxmlService - Node Name =#text [OPEN]
[INFO ] 2023-11-08 09:47:00.561 [main] ConvertMxmlService - Node Name =Controls:ACCLabel [OPEN]
[INFO ] 2023-11-08 09:47:00.562 [main] ConvertMxmlService - Node Name =Controls:ACCLabel [CLOSE]
[INFO ] 2023-11-08 09:47:00.562 [main] ConvertMxmlService - Node Name =#text [OPEN]
[INFO ] 2023-11-08 09:47:00.562 [main] ConvertMxmlService - Node Name =Controls:ACCTextInputMaskNumberOnly [OPEN]
[INFO ] 2023-11-08 09:47:00.563 [main] ConvertMxmlService - Node Name =Controls:ACCTextInputMaskNumberOnly [CLOSE]
[INFO ] 2023-11-08 09:47:00.563 [main] ConvertMxmlService - Node Name =#text [OPEN]
[INFO ] 2023-11-08 09:47:00.563 [main] ConvertMxmlService - Node Name =Controls:ACCLabel [OPEN]
[INFO ] 2023-11-08 09:47:00.563 [main] ConvertMxmlService - Node Name =Controls:ACCLabel [CLOSE]
[INFO ] 2023-11-08 09:47:00.563 [main] ConvertMxmlService - Node Name =#text [OPEN]
[INFO ] 2023-11-08 09:47:00.563 [main] ConvertMxmlService - Node Name =Controls:ACCTextInputMaskNumberOnly [OPEN]
[INFO ] 2023-11-08 09:47:00.564 [main] ConvertMxmlService - Node Name =Controls:ACCTextInputMaskNumberOnly [CLOSE]
[INFO ] 2023-11-08 09:47:00.564 [main] ConvertMxmlService - Node Name =#text [OPEN]
[INFO ] 2023-11-08 09:47:00.564 [main] ConvertMxmlService - Node Name =Controls:ACCLabel [OPEN]
[INFO ] 2023-11-08 09:47:00.564 [main] ConvertMxmlService - Node Name =Controls:ACCLabel [CLOSE]
[INFO ] 2023-11-08 09:47:00.564 [main] ConvertMxmlService - Node Name =#text [OPEN]
[INFO ] 2023-11-08 09:47:00.564 [main] ConvertMxmlService - Node Name =Controls:ACCTextInputMaskNumberOnly [OPEN]
[INFO ] 2023-11-08 09:47:00.564 [main] ConvertMxmlService - Node Name =Controls:ACCTextInputMaskNumberOnly [CLOSE]
[INFO ] 2023-11-08 09:47:00.564 [main] ConvertMxmlService - Node Name =#text [OPEN]
[INFO ] 2023-11-08 09:47:00.564 [main] ConvertMxmlService - Node Name =Controls:ACCLabel [OPEN]
[INFO ] 2023-11-08 09:47:00.565 [main] ConvertMxmlService - Node Name =Controls:ACCLabel [CLOSE]
[INFO ] 2023-11-08 09:47:00.565 [main] ConvertMxmlService - Node Name =#text [OPEN]
[INFO ] 2023-11-08 09:47:00.565 [main] ConvertMxmlService - Node Name =Controls:ACCTextInputMaskNumberOnly [OPEN]
[INFO ] 2023-11-08 09:47:00.565 [main] ConvertMxmlService - Node Name =Controls:ACCTextInputMaskNumberOnly [CLOSE]
[INFO ] 2023-11-08 09:47:00.565 [main] ConvertMxmlService - Node Name =#text [OPEN]
[INFO ] 2023-11-08 09:47:00.565 [main] ConvertMxmlService - Node Name =Controls:ACCLabel [OPEN]
[INFO ] 2023-11-08 09:47:00.566 [main] ConvertMxmlService - Node Name =Controls:ACCLabel [CLOSE]
[INFO ] 2023-11-08 09:47:00.566 [main] ConvertMxmlService - Node Name =#text [OPEN]
[INFO ] 2023-11-08 09:47:00.566 [main] ConvertMxmlService - Node Name =Controls:ACCTextInputMaskNumberOnly [OPEN]
[INFO ] 2023-11-08 09:47:00.566 [main] ConvertMxmlService - Node Name =Controls:ACCTextInputMaskNumberOnly [CLOSE]
[INFO ] 2023-11-08 09:47:00.566 [main] ConvertMxmlService - Node Name =#text [OPEN]
[INFO ] 2023-11-08 09:47:00.566 [main] ConvertMxmlService - Node Name =Controls:ACCLabel [OPEN]
[INFO ] 2023-11-08 09:47:00.567 [main] ConvertMxmlService - Node Name =Controls:ACCLabel [CLOSE]
[INFO ] 2023-11-08 09:47:00.567 [main] ConvertMxmlService - Node Name =#text [OPEN]
[INFO ] 2023-11-08 09:47:00.567 [main] ConvertMxmlService - Node Name =Controls:ACCTextInputMaskNumberOnly [OPEN]
[INFO ] 2023-11-08 09:47:00.567 [main] ConvertMxmlService - Node Name =Controls:ACCTextInputMaskNumberOnly [CLOSE]
[INFO ] 2023-11-08 09:47:00.567 [main] ConvertMxmlService - Node Name =#text [OPEN]
[INFO ] 2023-11-08 09:47:00.567 [main] ConvertMxmlService - Node Name =Controls:ACCLabel [OPEN]
[INFO ] 2023-11-08 09:47:00.567 [main] ConvertMxmlService - Node Name =Controls:ACCLabel [CLOSE]
[INFO ] 2023-11-08 09:47:00.568 [main] ConvertMxmlService - Node Name =#text [OPEN]
[INFO ] 2023-11-08 09:47:00.568 [main] ConvertMxmlService - Node Name =Controls:ACCTextInputMaskDate [OPEN]
[INFO ] 2023-11-08 09:47:00.568 [main] ConvertMxmlService - Node Name =Controls:ACCTextInputMaskDate [CLOSE]
[INFO ] 2023-11-08 09:47:00.568 [main] ConvertMxmlService - Node Name =#text [OPEN]
[INFO ] 2023-11-08 09:47:00.568 [main] ConvertMxmlService - Node Name =Controls:ACCLabel [OPEN]
[INFO ] 2023-11-08 09:47:00.568 [main] ConvertMxmlService - Node Name =Controls:ACCLabel [CLOSE]
[INFO ] 2023-11-08 09:47:00.568 [main] ConvertMxmlService - Node Name =#text [OPEN]
[INFO ] 2023-11-08 09:47:00.568 [main] ConvertMxmlService - Node Name =Controls:ACCTextInputMaskDate [OPEN]
[INFO ] 2023-11-08 09:47:00.569 [main] ConvertMxmlService - Node Name =Controls:ACCTextInputMaskDate [CLOSE]
[INFO ] 2023-11-08 09:47:00.569 [main] ConvertMxmlService - Node Name =#text [OPEN]
[INFO ] 2023-11-08 09:47:00.569 [main] ConvertMxmlService - Node Name =Controls:ACCLabel [OPEN]
[INFO ] 2023-11-08 09:47:00.569 [main] ConvertMxmlService - Node Name =Controls:ACCLabel [CLOSE]
[INFO ] 2023-11-08 09:47:00.569 [main] ConvertMxmlService - Node Name =#text [OPEN]
[INFO ] 2023-11-08 09:47:00.569 [main] ConvertMxmlService - Node Name =Controls:ACCTextInputMaskNumberOnly [OPEN]
[INFO ] 2023-11-08 09:47:00.569 [main] ConvertMxmlService - Node Name =Controls:ACCTextInputMaskNumberOnly [CLOSE]
[INFO ] 2023-11-08 09:47:00.569 [main] ConvertMxmlService - Node Name =#text [OPEN]
[INFO ] 2023-11-08 09:47:00.569 [main] ConvertMxmlService - Node Name =Controls:ACCLabel [OPEN]
[INFO ] 2023-11-08 09:47:00.569 [main] ConvertMxmlService - Node Name =Controls:ACCLabel [CLOSE]
[INFO ] 2023-11-08 09:47:00.569 [main] ConvertMxmlService - Node Name =#text [OPEN]
[INFO ] 2023-11-08 09:47:00.569 [main] ConvertMxmlService - Node Name =Controls:ACCTextInputMaskNumberOnly [OPEN]
[INFO ] 2023-11-08 09:47:00.569 [main] ConvertMxmlService - Node Name =Controls:ACCTextInputMaskNumberOnly [CLOSE]
[INFO ] 2023-11-08 09:47:00.569 [main] ConvertMxmlService - Node Name =#text [OPEN]
[INFO ] 2023-11-08 09:47:00.569 [main] ConvertMxmlService - Node Name =Controls:ACCLabel [OPEN]
[INFO ] 2023-11-08 09:47:00.569 [main] ConvertMxmlService - Node Name =Controls:ACCLabel [CLOSE]
[INFO ] 2023-11-08 09:47:00.570 [main] ConvertMxmlService - Node Name =#text [OPEN]
[INFO ] 2023-11-08 09:47:00.570 [main] ConvertMxmlService - Node Name =Controls:ACCTextInputMaskDate [OPEN]
[INFO ] 2023-11-08 09:47:00.570 [main] ConvertMxmlService - Node Name =Controls:ACCTextInputMaskDate [CLOSE]
[INFO ] 2023-11-08 09:47:00.570 [main] ConvertMxmlService - Node Name =#text [OPEN]
[INFO ] 2023-11-08 09:47:00.570 [main] ConvertMxmlService - Node Name =Controls:ACCLabel [OPEN]
[INFO ] 2023-11-08 09:47:00.570 [main] ConvertMxmlService - Node Name =Controls:ACCLabel [CLOSE]
[INFO ] 2023-11-08 09:47:00.570 [main] ConvertMxmlService - Node Name =#text [OPEN]
[INFO ] 2023-11-08 09:47:00.570 [main] ConvertMxmlService - Node Name =Controls:ACCTextInputMaskDate [OPEN]
[INFO ] 2023-11-08 09:47:00.571 [main] ConvertMxmlService - Node Name =Controls:ACCTextInputMaskDate [CLOSE]
[INFO ] 2023-11-08 09:47:00.571 [main] ConvertMxmlService - Node Name =#text [OPEN]
[INFO ] 2023-11-08 09:47:00.571 [main] ConvertMxmlService - Node Name =Controls:ACCLabel [OPEN]
[INFO ] 2023-11-08 09:47:00.571 [main] ConvertMxmlService - Node Name =Controls:ACCLabel [CLOSE]
[INFO ] 2023-11-08 09:47:00.571 [main] ConvertMxmlService - Node Name =#text [OPEN]
[INFO ] 2023-11-08 09:47:00.571 [main] ConvertMxmlService - Node Name =Controls:ACCComboBoxCode [OPEN]
[INFO ] 2023-11-08 09:47:00.572 [main] ConvertMxmlService - Node Name =Controls:ACCComboBoxCode [CLOSE]
[INFO ] 2023-11-08 09:47:00.572 [main] ConvertMxmlService - Node Name =#text [OPEN]
[INFO ] 2023-11-08 09:47:00.572 [main] ConvertMxmlService - Node Name =Controls:ACCCheckBox [OPEN]
[INFO ] 2023-11-08 09:47:00.572 [main] ConvertMxmlService - Node Name =Controls:ACCCheckBox [CLOSE]
[INFO ] 2023-11-08 09:47:00.572 [main] ConvertMxmlService - Node Name =#text [OPEN]
[INFO ] 2023-11-08 09:47:00.572 [main] ConvertMxmlService - Node Name =Controls:ACCTextInputMaskDate [OPEN]
[INFO ] 2023-11-08 09:47:00.573 [main] ConvertMxmlService - Node Name =Controls:ACCTextInputMaskDate [CLOSE]
[INFO ] 2023-11-08 09:47:00.573 [main] ConvertMxmlService - Node Name =#text [OPEN]
[INFO ] 2023-11-08 09:47:00.573 [main] ConvertMxmlService - Node Name =Controls:ACCLabel [OPEN]
[INFO ] 2023-11-08 09:47:00.573 [main] ConvertMxmlService - Node Name =Controls:ACCLabel [CLOSE]
[INFO ] 2023-11-08 09:47:00.573 [main] ConvertMxmlService - Node Name =#text [OPEN]
[INFO ] 2023-11-08 09:47:00.573 [main] ConvertMxmlService - Node Name =Controls:ACCTextInputMaskDate [OPEN]
[INFO ] 2023-11-08 09:47:00.573 [main] ConvertMxmlService - Node Name =Controls:ACCTextInputMaskDate [CLOSE]
[INFO ] 2023-11-08 09:47:00.573 [main] ConvertMxmlService - Node Name =#text [OPEN]
[INFO ] 2023-11-08 09:47:00.573 [main] ConvertMxmlService - Node Name =Controls:ACCLabel [OPEN]
[INFO ] 2023-11-08 09:47:00.574 [main] ConvertMxmlService - Node Name =Controls:ACCLabel [CLOSE]
[INFO ] 2023-11-08 09:47:00.574 [main] ConvertMxmlService - Node Name =#text [OPEN]
[INFO ] 2023-11-08 09:47:00.574 [main] ConvertMxmlService - Node Name =Controls:ACCTextInput [OPEN]
[INFO ] 2023-11-08 09:47:00.574 [main] ConvertMxmlService - Node Name =Controls:ACCTextInput [CLOSE]
[INFO ] 2023-11-08 09:47:00.574 [main] ConvertMxmlService - Node Name =#text [OPEN]
[INFO ] 2023-11-08 09:47:00.574 [main] ConvertMxmlService - Node Name =Controls:ACCButton [OPEN]
[INFO ] 2023-11-08 09:47:00.575 [main] ConvertMxmlService - Node Name =Controls:ACCButton [CLOSE]
[INFO ] 2023-11-08 09:47:00.575 [main] ConvertMxmlService - Node Name =#text [OPEN]
[INFO ] 2023-11-08 09:47:00.575 [main] ConvertMxmlService - Node Name =Containers:ACCCanvas [CLOSE]
[INFO ] 2023-11-08 09:47:00.575 [main] ConvertMxmlService - Node Name =#text [OPEN]
[INFO ] 2023-11-08 09:47:00.575 [main] ConvertMxmlService - Node Name =#comment [OPEN]
[INFO ] 2023-11-08 09:47:00.575 [main] ConvertMxmlService - Node Name =#text [OPEN]
[INFO ] 2023-11-08 09:47:00.575 [main] ConvertMxmlService - Node Name =Containers:ACCCanvas [OPEN]
[INFO ] 2023-11-08 09:47:00.575 [main] ConvertMxmlService - Node Name =#text [OPEN]
[INFO ] 2023-11-08 09:47:00.575 [main] ConvertMxmlService - Node Name =#comment [OPEN]
[INFO ] 2023-11-08 09:47:00.575 [main] ConvertMxmlService - Node Name =#text [OPEN]
[INFO ] 2023-11-08 09:47:00.575 [main] ConvertMxmlService - Node Name =Containers:ACCPanel [OPEN]
[INFO ] 2023-11-08 09:47:00.575 [main] ConvertMxmlService - Node Name =#text [OPEN]
[INFO ] 2023-11-08 09:47:00.575 [main] ConvertMxmlService - Node Name =Controls:ACCLabel [OPEN]
[INFO ] 2023-11-08 09:47:00.576 [main] ConvertMxmlService - Node Name =Controls:ACCLabel [CLOSE]
[INFO ] 2023-11-08 09:47:00.576 [main] ConvertMxmlService - Node Name =#text [OPEN]
[INFO ] 2023-11-08 09:47:00.576 [main] ConvertMxmlService - Node Name =Controls:ACCTextInput [OPEN]
[INFO ] 2023-11-08 09:47:00.576 [main] ConvertMxmlService - Node Name =Controls:ACCTextInput [CLOSE]
[INFO ] 2023-11-08 09:47:00.576 [main] ConvertMxmlService - Node Name =#text [OPEN]
[INFO ] 2023-11-08 09:47:00.576 [main] ConvertMxmlService - Node Name =Controls:ACCLabel [OPEN]
[INFO ] 2023-11-08 09:47:00.576 [main] ConvertMxmlService - Node Name =Controls:ACCLabel [CLOSE]
[INFO ] 2023-11-08 09:47:00.576 [main] ConvertMxmlService - Node Name =#text [OPEN]
[INFO ] 2023-11-08 09:47:00.576 [main] ConvertMxmlService - Node Name =Controls:ACCCheckBox [OPEN]
[INFO ] 2023-11-08 09:47:00.577 [main] ConvertMxmlService - Node Name =Controls:ACCCheckBox [CLOSE]
[INFO ] 2023-11-08 09:47:00.577 [main] ConvertMxmlService - Node Name =#text [OPEN]
[INFO ] 2023-11-08 09:47:00.577 [main] ConvertMxmlService - Node Name =Controls:ACCComboBoxCode [OPEN]
[INFO ] 2023-11-08 09:47:00.577 [main] ConvertMxmlService - Node Name =Controls:ACCComboBoxCode [CLOSE]
[INFO ] 2023-11-08 09:47:00.577 [main] ConvertMxmlService - Node Name =#text [OPEN]
[INFO ] 2023-11-08 09:47:00.577 [main] ConvertMxmlService - Node Name =Controls:ACCLabel [OPEN]
[INFO ] 2023-11-08 09:47:00.578 [main] ConvertMxmlService - Node Name =Controls:ACCLabel [CLOSE]
[INFO ] 2023-11-08 09:47:00.578 [main] ConvertMxmlService - Node Name =#text [OPEN]
[INFO ] 2023-11-08 09:47:00.578 [main] ConvertMxmlService - Node Name =Controls:ACCCheckBox [OPEN]
[INFO ] 2023-11-08 09:47:00.578 [main] ConvertMxmlService - Node Name =Controls:ACCCheckBox [CLOSE]
[INFO ] 2023-11-08 09:47:00.578 [main] ConvertMxmlService - Node Name =#text [OPEN]
[INFO ] 2023-11-08 09:47:00.578 [main] ConvertMxmlService - Node Name =Controls:ACCComboBoxCode [OPEN]
[INFO ] 2023-11-08 09:47:00.578 [main] ConvertMxmlService - Node Name =Controls:ACCComboBoxCode [CLOSE]
[INFO ] 2023-11-08 09:47:00.578 [main] ConvertMxmlService - Node Name =#text [OPEN]
[INFO ] 2023-11-08 09:47:00.578 [main] ConvertMxmlService - Node Name =Controls:ACCLabel [OPEN]
[INFO ] 2023-11-08 09:47:00.579 [main] ConvertMxmlService - Node Name =Controls:ACCLabel [CLOSE]
[INFO ] 2023-11-08 09:47:00.579 [main] ConvertMxmlService - Node Name =#text [OPEN]
[INFO ] 2023-11-08 09:47:00.579 [main] ConvertMxmlService - Node Name =Controls:ACCCheckBox [OPEN]
[INFO ] 2023-11-08 09:47:00.579 [main] ConvertMxmlService - Node Name =Controls:ACCCheckBox [CLOSE]
[INFO ] 2023-11-08 09:47:00.579 [main] ConvertMxmlService - Node Name =#text [OPEN]
[INFO ] 2023-11-08 09:47:00.579 [main] ConvertMxmlService - Node Name =Controls:ACCComboBoxCode [OPEN]
[INFO ] 2023-11-08 09:47:00.579 [main] ConvertMxmlService - Node Name =Controls:ACCComboBoxCode [CLOSE]
[INFO ] 2023-11-08 09:47:00.579 [main] ConvertMxmlService - Node Name =#text [OPEN]
[INFO ] 2023-11-08 09:47:00.579 [main] ConvertMxmlService - Node Name =Controls:ACCLabel [OPEN]
[INFO ] 2023-11-08 09:47:00.580 [main] ConvertMxmlService - Node Name =Controls:ACCLabel [CLOSE]
[INFO ] 2023-11-08 09:47:00.580 [main] ConvertMxmlService - Node Name =#text [OPEN]
[INFO ] 2023-11-08 09:47:00.580 [main] ConvertMxmlService - Node Name =Controls:ACCCheckBox [OPEN]
[INFO ] 2023-11-08 09:47:00.580 [main] ConvertMxmlService - Node Name =Controls:ACCCheckBox [CLOSE]
[INFO ] 2023-11-08 09:47:00.580 [main] ConvertMxmlService - Node Name =#text [OPEN]
[INFO ] 2023-11-08 09:47:00.580 [main] ConvertMxmlService - Node Name =Controls:ACCComboBoxCode [OPEN]
[INFO ] 2023-11-08 09:47:00.581 [main] ConvertMxmlService - Node Name =Controls:ACCComboBoxCode [CLOSE]
[INFO ] 2023-11-08 09:47:00.581 [main] ConvertMxmlService - Node Name =#text [OPEN]
[INFO ] 2023-11-08 09:47:00.581 [main] ConvertMxmlService - Node Name =#comment [OPEN]
[INFO ] 2023-11-08 09:47:00.581 [main] ConvertMxmlService - Node Name =#text [OPEN]
[INFO ] 2023-11-08 09:47:00.581 [main] ConvertMxmlService - Node Name =Containers:ACCPanel [OPEN]
[INFO ] 2023-11-08 09:47:00.581 [main] ConvertMxmlService - Node Name =#text [OPEN]
[INFO ] 2023-11-08 09:47:00.581 [main] ConvertMxmlService - Node Name =Controls:ACCLabel [OPEN]
[INFO ] 2023-11-08 09:47:00.581 [main] ConvertMxmlService - Node Name =Controls:ACCLabel [CLOSE]
[INFO ] 2023-11-08 09:47:00.581 [main] ConvertMxmlService - Node Name =#text [OPEN]
[INFO ] 2023-11-08 09:47:00.581 [main] ConvertMxmlService - Node Name =#comment [OPEN]
[INFO ] 2023-11-08 09:47:00.581 [main] ConvertMxmlService - Node Name =#text [OPEN]
[INFO ] 2023-11-08 09:47:00.581 [main] ConvertMxmlService - Node Name =Controls:ACCTextInput [OPEN]
[INFO ] 2023-11-08 09:47:00.582 [main] ConvertMxmlService - Node Name =Controls:ACCTextInput [CLOSE]
[INFO ] 2023-11-08 09:47:00.582 [main] ConvertMxmlService - Node Name =#text [OPEN]
[INFO ] 2023-11-08 09:47:00.582 [main] ConvertMxmlService - Node Name =#comment [OPEN]
[INFO ] 2023-11-08 09:47:00.582 [main] ConvertMxmlService - Node Name =#text [OPEN]
[INFO ] 2023-11-08 09:47:00.582 [main] ConvertMxmlService - Node Name =Controls:ACCDataGrid [OPEN]
[INFO ] 2023-11-08 09:47:00.582 [main] ConvertMxmlService - Node Name =#text [OPEN]
[INFO ] 2023-11-08 09:47:00.582 [main] ConvertMxmlService - Node Name =Controls:columns [OPEN]
[INFO ] 2023-11-08 09:47:00.583 [main] ConvertMxmlService - Node Name =#text [OPEN]
[INFO ] 2023-11-08 09:47:00.583 [main] ConvertMxmlService - Node Name =mx:DataGridColumn [OPEN]
[INFO ] 2023-11-08 09:47:00.583 [main] ConvertMxmlService - Node Name =#text [OPEN]
[INFO ] 2023-11-08 09:47:00.583 [main] ConvertMxmlService - Node Name =mx:headerRenderer [OPEN]
[INFO ] 2023-11-08 09:47:00.584 [main] ConvertMxmlService - Node Name =#text [OPEN]
[INFO ] 2023-11-08 09:47:00.584 [main] ConvertMxmlService - Node Name =mx:Component [OPEN]
[INFO ] 2023-11-08 09:47:00.584 [main] ConvertMxmlService - Node Name =#text [OPEN]
[INFO ] 2023-11-08 09:47:00.584 [main] ConvertMxmlService - Node Name =mx:Label [OPEN]
[INFO ] 2023-11-08 09:47:00.584 [main] ConvertMxmlService - Node Name =mx:Label [CLOSE]
[INFO ] 2023-11-08 09:47:00.585 [main] ConvertMxmlService - Node Name =#text [OPEN]
[INFO ] 2023-11-08 09:47:00.585 [main] ConvertMxmlService - Node Name =mx:Component [CLOSE]
[INFO ] 2023-11-08 09:47:00.585 [main] ConvertMxmlService - Node Name =#text [OPEN]
[INFO ] 2023-11-08 09:47:00.585 [main] ConvertMxmlService - Node Name =mx:headerRenderer [CLOSE]
[INFO ] 2023-11-08 09:47:00.585 [main] ConvertMxmlService - Node Name =#text [OPEN]
[INFO ] 2023-11-08 09:47:00.585 [main] ConvertMxmlService - Node Name =mx:DataGridColumn [CLOSE]
[INFO ] 2023-11-08 09:47:00.585 [main] ConvertMxmlService - Node Name =#text [OPEN]
[INFO ] 2023-11-08 09:47:00.585 [main] ConvertMxmlService - Node Name =mx:DataGridColumn [OPEN]
[INFO ] 2023-11-08 09:47:00.585 [main] ConvertMxmlService - Node Name =#text [OPEN]
[INFO ] 2023-11-08 09:47:00.585 [main] ConvertMxmlService - Node Name =mx:headerRenderer [OPEN]
