[INFO ] 2023-11-09 10:23:07.781 [main] MxmlConvert - Root Element : Containers:ACCTitleWindow
[INFO ] 2023-11-09 10:23:07.783 [main] MxmlConvert - ------
[INFO ] 2023-11-09 10:23:07.805 [main] ConvertMxmlService - Node Name =Containers:ACCTitleWindow [OPEN]
[INFO ] 2023-11-09 10:23:07.816 [main] ConvertMxmlService - Node Name =#text [OPEN]
[INFO ] 2023-11-09 10:23:07.817 [main] ConvertMxmlService - Node Name =mx:Script [OPEN]
[INFO ] 2023-11-09 10:23:07.817 [main] ConvertMxmlService - Node Name =#text [OPEN]
[INFO ] 2023-11-09 10:23:07.817 [main] ConvertMxmlService - Node Name =login:MG1001001_00_000_AS [OPEN]
[INFO ] 2023-11-09 10:23:07.818 [main] ConvertMxmlService - Node Name =#text [OPEN]
[INFO ] 2023-11-09 10:23:07.818 [main] ConvertMxmlService - Node Name =login:MG1001001_01_000 [OPEN]
[INFO ] 2023-11-09 10:23:07.822 [main] ConvertMxmlService - Node Name =login:MG1001001_01_000 [CLOSE]
[INFO ] 2023-11-09 10:23:07.822 [main] ConvertMxmlService - Node Name =#text [OPEN]
[INFO ] 2023-11-09 10:23:07.822 [main] ConvertMxmlService - Node Name =mx:ProgressBar [OPEN]
[INFO ] 2023-11-09 10:23:07.822 [main] ConvertMxmlService - Node Name =#text [OPEN]
[INFO ] 2023-11-09 10:23:07.822 [main] ConvertMxmlService - Node Name =Containers:ACCTitleWindow [CLOSE]
[DEBUG] 2023-11-09 10:23:07.823 [main] MxmlConvert - parent name: RootNode
[DEBUG] 2023-11-09 10:23:07.823 [main] MxmlConvert - name: Containers:ACCTitleWindow
[DEBUG] 2023-11-09 10:23:07.823 [main] MxmlConvert - parent name: Containers:ACCTitleWindow
[DEBUG] 2023-11-09 10:23:07.823 [main] MxmlConvert - name: login:MG1001001_01_000
[DEBUG] 2023-11-09 10:23:07.823 [main] MxmlConvert - cssElement: height:100%;width:100%;position: absolute; left:0px;top:0px;
[DEBUG] 2023-11-09 10:23:07.823 [main] MxmlConvert - attributeElement:  id="compCanvas1"
[DEBUG] 2023-11-09 10:23:07.823 [main] MxmlConvert - cssElement:  border-bottom-width:0;border-left-width:0;border-right-width:0;border-top-width:0;height:374px;position:absolute;width:517px;
[DEBUG] 2023-11-09 10:23:07.823 [main] MxmlConvert - attributeElement: 
[INFO ] 2023-11-09 10:23:07.861 [main] MxmlConvert - Html file created successfully.
[INFO ] 2023-11-09 10:23:07.864 [main] MxmlConvert - CSS file created successfully.
[INFO ] 2023-11-09 10:23:07.866 [main] ASConvert - START: parser Actionscript & Actionscript Inline-------------------------------
[DEBUG] 2023-11-09 10:23:07.867 [main] ASConvert - Loaded file: D:\Project\Nissho\AdobeFlexAir\Source\04.SourceCode\trunk\CLIENT\ACC\src\jp\co\nissho_ele\acc\mg\login\MG1001001_00_000.mxml (package: MG1001001_00_000)
[INFO ] 2023-11-09 10:23:07.870 [main] ASConvert - Analyzing class path for Actionscript: MG1001001_00_000
[INFO ] 2023-11-09 10:23:07.870 [main] ASParser - Starting parser class....................
[INFO ] 2023-11-09 10:23:07.872 [main] ASParser - Parsing package start.................
[DEBUG] 2023-11-09 10:23:07.873 [main] ASParser - Found package: jp.co.nissho_ele.acc.mg.login
[INFO ] 2023-11-09 10:23:07.873 [main] ASParser - Parsing package end.................
[DEBUG] 2023-11-09 10:23:07.873 [main] ASParser - Attempting to parse package...
[DEBUG] 2023-11-09 10:23:07.873 [main] ASParser - Found import keyword...
[INFO ] 2023-11-09 10:23:07.873 [main] ASParser - Parsing import package start.................
[DEBUG] 2023-11-09 10:23:07.873 [main] ASParser - Parsed import name: flash.desktop.NativeApplication
[DEBUG] 2023-11-09 10:23:07.873 [main] ASParser - Found import keyword...
[INFO ] 2023-11-09 10:23:07.873 [main] ASParser - Parsing import package start.................
[DEBUG] 2023-11-09 10:23:07.874 [main] ASParser - Parsed import name: flash.events.Event
[DEBUG] 2023-11-09 10:23:07.874 [main] ASParser - Found import keyword...
[INFO ] 2023-11-09 10:23:07.874 [main] ASParser - Parsing import package start.................
[DEBUG] 2023-11-09 10:23:07.874 [main] ASParser - Parsed import name: jp.co.nissho_ele.acc.framework.classes.constants.ACCAirErrorConst
[DEBUG] 2023-11-09 10:23:07.874 [main] ASParser - Found import keyword...
[INFO ] 2023-11-09 10:23:07.874 [main] ASParser - Parsing import package start.................
[DEBUG] 2023-11-09 10:23:07.875 [main] ASParser - Parsed import name: jp.co.nissho_ele.acc.framework.classes.constants.ACCClearBaseConst
[DEBUG] 2023-11-09 10:23:07.875 [main] ASParser - Found import keyword...
[INFO ] 2023-11-09 10:23:07.875 [main] ASParser - Parsing import package start.................
[DEBUG] 2023-11-09 10:23:07.875 [main] ASParser - Parsed import name: jp.co.nissho_ele.acc.framework.classes.constants.ACCClearFormConst
[DEBUG] 2023-11-09 10:23:07.875 [main] ASParser - Found import keyword...
[INFO ] 2023-11-09 10:23:07.875 [main] ASParser - Parsing import package start.................
[DEBUG] 2023-11-09 10:23:07.876 [main] ASParser - Parsed import name: jp.co.nissho_ele.acc.framework.classes.constants.ACCSetFrameConst
[DEBUG] 2023-11-09 10:23:07.876 [main] ASParser - Found import keyword...
[INFO ] 2023-11-09 10:23:07.876 [main] ASParser - Parsing import package start.................
[DEBUG] 2023-11-09 10:23:07.876 [main] ASParser - Parsed import name: jp.co.nissho_ele.acc.framework.classes.utility.ACCMessageUtility
[DEBUG] 2023-11-09 10:23:07.876 [main] ASParser - Found import keyword...
[INFO ] 2023-11-09 10:23:07.876 [main] ASParser - Parsing import package start.................
[DEBUG] 2023-11-09 10:23:07.877 [main] ASParser - Parsed import name: mx.core.IFlexDisplayObject
[DEBUG] 2023-11-09 10:23:07.877 [main] ASParser - Found import keyword...
[INFO ] 2023-11-09 10:23:07.877 [main] ASParser - Parsing import package start.................
[DEBUG] 2023-11-09 10:23:07.877 [main] ASParser - Parsed import name: mx.core.IMXMLObject
[DEBUG] 2023-11-09 10:23:07.877 [main] ASParser - Found import keyword...
[INFO ] 2023-11-09 10:23:07.877 [main] ASParser - Parsing import package start.................
[DEBUG] 2023-11-09 10:23:07.877 [main] ASParser - Parsed import name: mx.managers.PopUpManager
[DEBUG] 2023-11-09 10:23:07.877 [main] ASParser - Found class keyword...
[INFO ] 2023-11-09 10:23:07.877 [main] ASParser - Parsing import package end.................
[DEBUG] 2023-11-09 10:23:07.878 [main] ASParser - Found parent: ACCControllerBase
[DEBUG] 2023-11-09 10:23:07.878 [main] ASParser - Parsed class name: MG1001001_00_000
[DEBUG] 2023-11-09 10:23:07.878 [main] ASParser - Attempting to parse class...
[INFO ] 2023-11-09 10:23:07.878 [main] ASParser - Parsing class start.................
[DEBUG] 2023-11-09 10:23:07.879 [main] ASParser - Entering comment... (//)
[DEBUG] 2023-11-09 10:23:07.879 [main] ASParser - Exited comment
[DEBUG] 2023-11-09 10:23:07.879 [main] ASParser - Entering comment...(/*)
[DEBUG] 2023-11-09 10:23:07.879 [main] ASParser - Exited comment
[DEBUG] 2023-11-09 10:23:07.879 [main] ASParser - Entering comment...(/*)
[DEBUG] 2023-11-09 10:23:07.880 [main] ASParser - Exited comment
[DEBUG] 2023-11-09 10:23:07.880 [main] ASParser - Entering comment... (//)
[DEBUG] 2023-11-09 10:23:07.880 [main] ASParser - Exited comment
[DEBUG] 2023-11-09 10:23:07.881 [main] ASParser - Entering comment...(/*)
[DEBUG] 2023-11-09 10:23:07.881 [main] ASParser - Exited comment
[DEBUG] 2023-11-09 10:23:07.881 [main] ASParser - Entering comment...(/*)
[DEBUG] 2023-11-09 10:23:07.881 [main] ASParser - Exited comment
[DEBUG] 2023-11-09 10:23:07.881 [main] ASParser - ->Member encapsulation set to private
[INFO ] 2023-11-09 10:23:07.881 [main] ASParser - Parsing class member variable start.................
[DEBUG] 2023-11-09 10:23:07.881 [main] ASParser - --->Member type "variable" set.
[DEBUG] 2023-11-09 10:23:07.881 [main] ASParser - ---->Variable name declared: view
[DEBUG] 2023-11-09 10:23:07.882 [main] ASParser - ---->Variable type for view declared as: MG1001001_00_000
[DEBUG] 2023-11-09 10:23:07.882 [main] ASParser - ->Member encapsulation set to public
[INFO ] 2023-11-09 10:23:07.882 [main] ASParser - Parsing class member variable end.................
[INFO ] 2023-11-09 10:23:07.882 [main] ASParser - Parsing class member function start.................
[DEBUG] 2023-11-09 10:23:07.882 [main] ASParser - ---->Member type function set.
[DEBUG] 2023-11-09 10:23:07.882 [main] ASParser - ****>Function name declared: MG1001001_00_000_AS
[DEBUG] 2023-11-09 10:23:07.882 [main] ASParser - ------>Completed paring args: 0 args
[DEBUG] 2023-11-09 10:23:07.882 [main] ASParser - ->Member encapsulation set to public
[INFO ] 2023-11-09 10:23:07.882 [main] ASParser - Parsing class member variable end.................
[INFO ] 2023-11-09 10:23:07.882 [main] ASParser - Parsing class member function start.................
[DEBUG] 2023-11-09 10:23:07.882 [main] ASParser - ---->Member type function set.
[DEBUG] 2023-11-09 10:23:07.882 [main] ASParser - ****>Function name declared: initialized
[DEBUG] 2023-11-09 10:23:07.883 [main] ASParser - ----->Function argument found: document
[DEBUG] 2023-11-09 10:23:07.883 [main] ASParser - ----->Function argument typed to: Object
[DEBUG] 2023-11-09 10:23:07.883 [main] ASParser - ----->Function argument found: id
[DEBUG] 2023-11-09 10:23:07.883 [main] ASParser - ----->Function argument typed to: String
[DEBUG] 2023-11-09 10:23:07.884 [main] ASParser - ------>Completed paring args: 2 args
[DEBUG] 2023-11-09 10:23:07.884 [main] ASParser - ------>Typed the function to: void
[DEBUG] 2023-11-09 10:23:07.884 [main] ASParser - ->Member encapsulation set to public
[INFO ] 2023-11-09 10:23:07.884 [main] ASParser - Parsing class member variable end.................
[INFO ] 2023-11-09 10:23:07.884 [main] ASParser - Parsing class member function start.................
[DEBUG] 2023-11-09 10:23:07.884 [main] ASParser - ---->Member type function set.
[DEBUG] 2023-11-09 10:23:07.884 [main] ASParser - ****>Function name declared: compCanvas1OnCloseHandler
[DEBUG] 2023-11-09 10:23:07.884 [main] ASParser - ------>Completed paring args: 0 args
[DEBUG] 2023-11-09 10:23:07.884 [main] ASParser - ------>Typed the function to: void
[DEBUG] 2023-11-09 10:23:07.884 [main] ASParser - ->Member encapsulation set to public
[INFO ] 2023-11-09 10:23:07.884 [main] ASParser - Parsing class member variable end.................
[INFO ] 2023-11-09 10:23:07.884 [main] ASParser - Parsing class member function start.................
[DEBUG] 2023-11-09 10:23:07.884 [main] ASParser - ---->Member type function set.
[DEBUG] 2023-11-09 10:23:07.884 [main] ASParser - ****>Function name declared: compCanvas1OnAppCloseHandler
[DEBUG] 2023-11-09 10:23:07.884 [main] ASParser - ------>Completed paring args: 0 args
[DEBUG] 2023-11-09 10:23:07.885 [main] ASParser - ------>Typed the function to: void
[DEBUG] 2023-11-09 10:23:07.885 [main] ASParser - Entering comment... (//)
[DEBUG] 2023-11-09 10:23:07.885 [main] ASParser - Exited comment
[DEBUG] 2023-11-09 10:23:07.885 [main] ASParser - Entering comment...
[DEBUG] 2023-11-09 10:23:07.885 [main] ASParser - Exiting comment...
[DEBUG] 2023-11-09 10:23:07.885 [main] ASParser - ->Member encapsulation set to public
[INFO ] 2023-11-09 10:23:07.885 [main] ASParser - Parsing class member variable end.................
[INFO ] 2023-11-09 10:23:07.885 [main] ASParser - Parsing class member function start.................
[DEBUG] 2023-11-09 10:23:07.885 [main] ASParser - ---->Member type function set.
[DEBUG] 2023-11-09 10:23:07.885 [main] ASParser - ****>Function name declared: clearFrame
[DEBUG] 2023-11-09 10:23:07.885 [main] ASParser - ----->Function argument found: i
[DEBUG] 2023-11-09 10:23:07.885 [main] ASParser - ----->Function argument typed to: int
[DEBUG] 2023-11-09 10:23:07.886 [main] ASParser - ----->Function argument defaulted to: 0
[DEBUG] 2023-11-09 10:23:07.886 [main] ASParser - ------>Completed paring args: 1 args
[DEBUG] 2023-11-09 10:23:07.886 [main] ASParser - ------>Typed the function to: void
[DEBUG] 2023-11-09 10:23:07.886 [main] ASParser - Entering comment...
[DEBUG] 2023-11-09 10:23:07.886 [main] ASParser - Exiting comment...
[DEBUG] 2023-11-09 10:23:07.886 [main] ASParser - ->Member encapsulation set to public
[INFO ] 2023-11-09 10:23:07.886 [main] ASParser - Parsing class member variable end.................
[INFO ] 2023-11-09 10:23:07.886 [main] ASParser - Parsing class member function start.................
[DEBUG] 2023-11-09 10:23:07.886 [main] ASParser - ---->Member type function set.
[DEBUG] 2023-11-09 10:23:07.886 [main] ASParser - ****>Function name declared: setFrame
[DEBUG] 2023-11-09 10:23:07.886 [main] ASParser - ----->Function argument found: i
[DEBUG] 2023-11-09 10:23:07.886 [main] ASParser - ----->Function argument typed to: int
[DEBUG] 2023-11-09 10:23:07.887 [main] ASParser - ----->Function argument defaulted to: 0
[DEBUG] 2023-11-09 10:23:07.887 [main] ASParser - ------>Completed paring args: 1 args
[DEBUG] 2023-11-09 10:23:07.887 [main] ASParser - ------>Typed the function to: void
[DEBUG] 2023-11-09 10:23:07.887 [main] ASParser - Entering comment... (//)
[DEBUG] 2023-11-09 10:23:07.887 [main] ASParser - Exited comment
[DEBUG] 2023-11-09 10:23:07.887 [main] ASParser - Entering comment...
[DEBUG] 2023-11-09 10:23:07.887 [main] ASParser - Exiting comment...
[DEBUG] 2023-11-09 10:23:07.887 [main] ASParser - ->Member encapsulation set to public
[INFO ] 2023-11-09 10:23:07.887 [main] ASParser - Parsing class member variable end.................
[INFO ] 2023-11-09 10:23:07.887 [main] ASParser - Parsing class member function start.................
[DEBUG] 2023-11-09 10:23:07.887 [main] ASParser - ---->Member type function set.
[DEBUG] 2023-11-09 10:23:07.887 [main] ASParser - ****>Function name declared: showDialogue1OnClickHandler
[DEBUG] 2023-11-09 10:23:07.887 [main] ASParser - ----->Function argument found: event
[DEBUG] 2023-11-09 10:23:07.887 [main] ASParser - ----->Function argument typed to: Event
[DEBUG] 2023-11-09 10:23:07.887 [main] ASParser - ------>Completed paring args: 1 args
[DEBUG] 2023-11-09 10:23:07.887 [main] ASParser - ------>Typed the function to: void
[DEBUG] 2023-11-09 10:23:07.887 [main] ASParser - Entering comment...
[DEBUG] 2023-11-09 10:23:07.887 [main] ASParser - Exiting comment...
[DEBUG] 2023-11-09 10:23:07.888 [main] ASParser - ->Member encapsulation set to public
[INFO ] 2023-11-09 10:23:07.888 [main] ASParser - Parsing class member variable end.................
[INFO ] 2023-11-09 10:23:07.888 [main] ASParser - Parsing class member function start.................
[DEBUG] 2023-11-09 10:23:07.888 [main] ASParser - ---->Member type function set.
[DEBUG] 2023-11-09 10:23:07.888 [main] ASParser - ****>Function name declared: showDialogue2OnClickHandler
[DEBUG] 2023-11-09 10:23:07.888 [main] ASParser - ----->Function argument found: event
[DEBUG] 2023-11-09 10:23:07.888 [main] ASParser - ----->Function argument typed to: Event
[DEBUG] 2023-11-09 10:23:07.888 [main] ASParser - ------>Completed paring args: 1 args
[DEBUG] 2023-11-09 10:23:07.888 [main] ASParser - ------>Typed the function to: void
[INFO ] 2023-11-09 10:23:07.888 [main] ASParser - Parsing class end.................
[INFO ] 2023-11-09 10:23:07.888 [main] ASParser - Parsing class end.................
[INFO ] 2023-11-09 10:23:07.888 [main] ASParser - End parser class.................
[INFO ] 2023-11-09 10:23:07.888 [main] ASConvert - Analyzing class path for Actionscript inline: MG1001001_00_000
[INFO ] 2023-11-09 10:23:07.888 [main] ASParser - Starting parser class....................
[DEBUG] 2023-11-09 10:23:07.888 [main] ASParser - Found import keyword...
[DEBUG] 2023-11-09 10:23:07.888 [main] ASParser - Parsed import name: mx.controls.ProgressBar
[DEBUG] 2023-11-09 10:23:07.888 [main] ASParser - Found import keyword...
[DEBUG] 2023-11-09 10:23:07.888 [main] ASParser - Parsed import name: jp.co.nissho_ele.acc.framework.classes.constants.ACCSetFrameConst
[DEBUG] 2023-11-09 10:23:07.888 [main] ASParser - Entering comment...
[DEBUG] 2023-11-09 10:23:07.888 [main] ASParser - Exiting comment...
[DEBUG] 2023-11-09 10:23:07.889 [main] ASParser - ->Member encapsulation set to private
[INFO ] 2023-11-09 10:23:07.889 [main] ASParser - Parsing class member variable start.................
[DEBUG] 2023-11-09 10:23:07.889 [main] ASParser - --->Member type "variable" set.
[DEBUG] 2023-11-09 10:23:07.889 [main] ASParser - ---->Variable name declared: serviceCounter
[DEBUG] 2023-11-09 10:23:07.889 [main] ASParser - ---->Variable type for serviceCounter declared as: int
[DEBUG] 2023-11-09 10:23:07.889 [main] ASParser - ---->Variable with assignment value:  0
[DEBUG] 2023-11-09 10:23:07.889 [main] ASParser - Entering comment...
[DEBUG] 2023-11-09 10:23:07.889 [main] ASParser - Exiting comment...
[DEBUG] 2023-11-09 10:23:07.889 [main] ASParser - ->Member encapsulation set to private
[DEBUG] 2023-11-09 10:23:07.889 [main] ASParser - -->Static flag set
[INFO ] 2023-11-09 10:23:07.889 [main] ASParser - Parsing class member variable start.................
[DEBUG] 2023-11-09 10:23:07.889 [main] ASParser - --->Member type "variable" set.
[DEBUG] 2023-11-09 10:23:07.889 [main] ASParser - ---->Variable name declared: allServiceNumber
[DEBUG] 2023-11-09 10:23:07.889 [main] ASParser - ---->Variable type for allServiceNumber declared as: int
[DEBUG] 2023-11-09 10:23:07.889 [main] ASParser - ---->Variable with assignment value:  8
[DEBUG] 2023-11-09 10:23:07.889 [main] ASParser - Entering comment...
[DEBUG] 2023-11-09 10:23:07.889 [main] ASParser - Exiting comment...
[DEBUG] 2023-11-09 10:23:07.889 [main] ASParser - ->Member encapsulation set to public
[INFO ] 2023-11-09 10:23:07.890 [main] ASParser - Parsing class member variable end.................
[INFO ] 2023-11-09 10:23:07.890 [main] ASParser - Parsing class member function start.................
[DEBUG] 2023-11-09 10:23:07.890 [main] ASParser - ---->Member type function set.
[DEBUG] 2023-11-09 10:23:07.890 [main] ASParser - ****>Function name declared: clearFrame
[DEBUG] 2023-11-09 10:23:07.890 [main] ASParser - ----->Function argument found: i
[DEBUG] 2023-11-09 10:23:07.890 [main] ASParser - ----->Function argument typed to: int
[DEBUG] 2023-11-09 10:23:07.890 [main] ASParser - ----->Function argument defaulted to: 0
[DEBUG] 2023-11-09 10:23:07.890 [main] ASParser - ------>Completed paring args: 1 args
[DEBUG] 2023-11-09 10:23:07.890 [main] ASParser - ------>Typed the function to: void
[DEBUG] 2023-11-09 10:23:07.890 [main] ASParser - Entering comment...
[DEBUG] 2023-11-09 10:23:07.890 [main] ASParser - Exiting comment...
[DEBUG] 2023-11-09 10:23:07.890 [main] ASParser - ->Member encapsulation set to public
[INFO ] 2023-11-09 10:23:07.890 [main] ASParser - Parsing class member variable end.................
[INFO ] 2023-11-09 10:23:07.890 [main] ASParser - Parsing class member function start.................
[DEBUG] 2023-11-09 10:23:07.890 [main] ASParser - ---->Member type function set.
[DEBUG] 2023-11-09 10:23:07.890 [main] ASParser - ****>Function name declared: setFrame
[DEBUG] 2023-11-09 10:23:07.890 [main] ASParser - ----->Function argument found: i
[DEBUG] 2023-11-09 10:23:07.890 [main] ASParser - ----->Function argument typed to: int
[DEBUG] 2023-11-09 10:23:07.890 [main] ASParser - ----->Function argument defaulted to: 0
[DEBUG] 2023-11-09 10:23:07.890 [main] ASParser - ------>Completed paring args: 1 args
[DEBUG] 2023-11-09 10:23:07.890 [main] ASParser - ------>Typed the function to: void
[DEBUG] 2023-11-09 10:23:07.890 [main] ASParser - Entering comment...
[DEBUG] 2023-11-09 10:23:07.891 [main] ASParser - Exiting comment...
[DEBUG] 2023-11-09 10:23:07.891 [main] ASParser - ->Member encapsulation set to public
[INFO ] 2023-11-09 10:23:07.891 [main] ASParser - Parsing class member variable end.................
[INFO ] 2023-11-09 10:23:07.891 [main] ASParser - Parsing class member function start.................
[DEBUG] 2023-11-09 10:23:07.891 [main] ASParser - ---->Member type function set.
[DEBUG] 2023-11-09 10:23:07.891 [main] ASParser - ****>Function name declared: addControlBar
[DEBUG] 2023-11-09 10:23:07.891 [main] ASParser - ------>Completed paring args: 0 args
[DEBUG] 2023-11-09 10:23:07.891 [main] ASParser - ------>Typed the function to: void
[DEBUG] 2023-11-09 10:23:07.891 [main] ASParser - Entering comment... (//)
[DEBUG] 2023-11-09 10:23:07.891 [main] ASParser - Exited comment
[DEBUG] 2023-11-09 10:23:07.891 [main] ASParser - Entering comment... (//)
[DEBUG] 2023-11-09 10:23:07.891 [main] ASParser - Exited comment
[DEBUG] 2023-11-09 10:23:07.891 [main] ASParser - Entering comment... (//)
[DEBUG] 2023-11-09 10:23:07.891 [main] ASParser - Exited comment
[DEBUG] 2023-11-09 10:23:07.891 [main] ASParser - Entering comment... (//)
[DEBUG] 2023-11-09 10:23:07.891 [main] ASParser - Exited comment
[DEBUG] 2023-11-09 10:23:07.891 [main] ASParser - Entering comment...
[DEBUG] 2023-11-09 10:23:07.891 [main] ASParser - Exiting comment...
[DEBUG] 2023-11-09 10:23:07.891 [main] ASParser - ->Member encapsulation set to private
[INFO ] 2023-11-09 10:23:07.891 [main] ASParser - Parsing class member variable end.................
[INFO ] 2023-11-09 10:23:07.891 [main] ASParser - Parsing class member function start.................
[DEBUG] 2023-11-09 10:23:07.892 [main] ASParser - ---->Member type function set.
[DEBUG] 2023-11-09 10:23:07.892 [main] ASParser - ****>Function name declared: onProgressBarRenewalEventHandler
[DEBUG] 2023-11-09 10:23:07.892 [main] ASParser - ------>Completed paring args: 0 args
[DEBUG] 2023-11-09 10:23:07.892 [main] ASParser - ------>Typed the function to: void
[INFO ] 2023-11-09 10:23:07.892 [main] ASParser - Parsing class end.................
[INFO ] 2023-11-09 10:23:07.892 [main] ASParser - End parser class.................
[INFO ] 2023-11-09 10:23:07.892 [main] ASConvert - END: parser Actionscript & Actionscript Inline-------------------------------
[INFO ] 2023-11-09 10:23:07.892 [main] ASConvert - START: Convert Actionscript & Actionscript Inline-------------------------------
[DEBUG] 2023-11-09 10:23:07.893 [main] ASParser - appened untyped: removePopUp
[DEBUG] 2023-11-09 10:23:07.894 [main] ASParser - appened untyped: getStackTrace
[DEBUG] 2023-11-09 10:23:07.894 [main] ASParser - appened untyped: showDialogue
[DEBUG] 2023-11-09 10:23:07.894 [main] ASParser - appened untyped: className
[DEBUG] 2023-11-09 10:23:07.894 [main] ASParser - appened untyped: toString
[DEBUG] 2023-11-09 10:23:07.894 [main] ASParser - parsing: showDialogue1OnClickHandler:void
[DEBUG] 2023-11-09 10:23:07.894 [main] ASParser - parsing: showDialogue2OnClickHandler:void
[DEBUG] 2023-11-09 10:23:07.895 [main] ASParser - appened untyped: removePopUp
[DEBUG] 2023-11-09 10:23:07.895 [main] ASParser - appened untyped: getStackTrace
[DEBUG] 2023-11-09 10:23:07.895 [main] ASParser - appened untyped: showDialogue
[DEBUG] 2023-11-09 10:23:07.895 [main] ASParser - appened untyped: className
[DEBUG] 2023-11-09 10:23:07.895 [main] ASParser - appened untyped: toString
[DEBUG] 2023-11-09 10:23:07.895 [main] ASParser - parsing: showDialogue1OnClickHandler:void
[DEBUG] 2023-11-09 10:23:07.895 [main] ASParser - parsing: showDialogue2OnClickHandler:void
[DEBUG] 2023-11-09 10:23:07.895 [main] ASParser - Entering comment...
[DEBUG] 2023-11-09 10:23:07.896 [main] ASParser - Exiting comment...
[DEBUG] 2023-11-09 10:23:07.896 [main] ASParser - appened untyped: nativeApplication
[DEBUG] 2023-11-09 10:23:07.896 [main] ASParser - appened untyped: exit
[DEBUG] 2023-11-09 10:23:07.896 [main] ASParser - appened untyped: CLEAR_BASE_0
[DEBUG] 2023-11-09 10:23:07.896 [main] ASParser - appened untyped: compCanvas1
[DEBUG] 2023-11-09 10:23:07.896 [main] ASParser - appened untyped: clearForm
[DEBUG] 2023-11-09 10:23:07.896 [main] ASParser - appened untyped: CLEAR_FORM_0
[DEBUG] 2023-11-09 10:23:07.897 [main] ASParser - appened untyped: getStackTrace
[DEBUG] 2023-11-09 10:23:07.897 [main] ASParser - appened untyped: showDialogue
[DEBUG] 2023-11-09 10:23:07.897 [main] ASParser - appened untyped: className
[DEBUG] 2023-11-09 10:23:07.897 [main] ASParser - appened untyped: AIR_ERROR
[DEBUG] 2023-11-09 10:23:07.897 [main] ASParser - appened untyped: toString
[DEBUG] 2023-11-09 10:23:07.897 [main] ASParser - parsing: showDialogue1OnClickHandler:void
[DEBUG] 2023-11-09 10:23:07.897 [main] ASParser - parsing: showDialogue2OnClickHandler:void
[DEBUG] 2023-11-09 10:23:07.898 [main] ASParser - appened untyped: SERVICE_BASE_0
[DEBUG] 2023-11-09 10:23:07.898 [main] ASParser - appened untyped: DISPLAY_BASE_1
[DEBUG] 2023-11-09 10:23:07.898 [main] ASParser - Entering comment...
[DEBUG] 2023-11-09 10:23:07.898 [main] ASParser - Exiting comment...
[DEBUG] 2023-11-09 10:23:07.898 [main] ASParser - appened untyped: compCanvas1
[DEBUG] 2023-11-09 10:23:07.898 [main] ASParser - appened untyped: setForm
[DEBUG] 2023-11-09 10:23:07.898 [main] ASParser - appened untyped: getStackTrace
[DEBUG] 2023-11-09 10:23:07.898 [main] ASParser - appened untyped: showDialogue
[DEBUG] 2023-11-09 10:23:07.898 [main] ASParser - appened untyped: className
[DEBUG] 2023-11-09 10:23:07.899 [main] ASParser - appened untyped: AIR_ERROR
[DEBUG] 2023-11-09 10:23:07.899 [main] ASParser - appened untyped: toString
[DEBUG] 2023-11-09 10:23:07.899 [main] ASParser - parsing: showDialogue1OnClickHandler:void
[DEBUG] 2023-11-09 10:23:07.899 [main] ASParser - parsing: showDialogue2OnClickHandler:void
[DEBUG] 2023-11-09 10:23:07.899 [main] ASParser - Entering comment...
[DEBUG] 2023-11-09 10:23:07.899 [main] ASParser - Exiting comment...
[DEBUG] 2023-11-09 10:23:07.899 [main] ASParser - appened typed: progressBar
[DEBUG] 2023-11-09 10:23:07.899 [main] ASParser - appened untyped: visible
[DEBUG] 2023-11-09 10:23:07.900 [main] ASParser - appened typed: progressBar
[DEBUG] 2023-11-09 10:23:07.900 [main] ASParser - appened untyped: visible
[DEBUG] 2023-11-09 10:23:07.900 [main] ASParser - Entering comment...
[DEBUG] 2023-11-09 10:23:07.900 [main] ASParser - Exiting comment...
[DEBUG] 2023-11-09 10:23:07.900 [main] ASParser - Entering comment...
[DEBUG] 2023-11-09 10:23:07.900 [main] ASParser - Exiting comment...
[DEBUG] 2023-11-09 10:23:07.900 [main] ASParser - appened untyped: setProgress
[DEBUG] 2023-11-09 10:23:07.900 [main] ASParser - Entering comment...
[DEBUG] 2023-11-09 10:23:07.900 [main] ASParser - Exiting comment...
[DEBUG] 2023-11-09 10:23:07.900 [main] ASParser - appened untyped: visible
[DEBUG] 2023-11-09 10:23:07.900 [main] ASParser - appened untyped: setProgress
[INFO ] 2023-11-09 10:23:07.901 [main] ASConvert - Read template controller class: templates/classcontroller
[INFO ] 2023-11-09 10:23:07.901 [main] ASConvert - Generating package name:jp.co.nissho_ele.acc.mg.login
[INFO ] 2023-11-09 10:23:07.901 [main] ASConvert - Generating imported packages: 10 packages
[INFO ] 2023-11-09 10:23:07.911 [main] ASConvert - Generating controller class:MG1001001_00_000Controller
[INFO ] 2023-11-09 10:23:07.912 [main] ASConvert - Save output controller file: D:\output\login\MG1001001_00_000Controller.java
[INFO ] 2023-11-09 10:23:07.916 [main] ASConvert - Done.
[INFO ] 2023-11-09 10:23:07.916 [main] ASConvert - START: compile actionscript inline-------------------------------
[INFO ] 2023-11-09 10:23:07.917 [main] ASConvert - END: compile actionscript inline-------------------------------
[INFO ] 2023-11-09 10:23:07.917 [main] ASConvert - Save output model file: D:\output\login\MG1001001_00_000Model.java
[INFO ] 2023-11-09 10:23:07.919 [main] ASConvert - Done.
[INFO ] 2023-11-09 10:23:07.919 [main] ASConvert - END: Convert Actionscript & Actionscript Inline-------------------------------
[INFO ] 2023-11-09 10:23:07.923 [main] MxmlConvert - Root Element : Containers:ACCCanvas
[INFO ] 2023-11-09 10:23:07.923 [main] MxmlConvert - ------
[INFO ] 2023-11-09 10:23:07.923 [main] ConvertMxmlService - Node Name =Containers:ACCCanvas [OPEN]
[INFO ] 2023-11-09 10:23:07.925 [main] ConvertMxmlService - Node Name =#text [OPEN]
[INFO ] 2023-11-09 10:23:07.925 [main] ConvertMxmlService - Node Name =mx:Script [OPEN]
[INFO ] 2023-11-09 10:23:07.925 [main] ConvertMxmlService - Node Name =#text [OPEN]
[INFO ] 2023-11-09 10:23:07.925 [main] ConvertMxmlService - Node Name =#comment [OPEN]
[INFO ] 2023-11-09 10:23:07.925 [main] ConvertMxmlService - Node Name =#text [OPEN]
[INFO ] 2023-11-09 10:23:07.925 [main] ConvertMxmlService - Node Name =#comment [OPEN]
[INFO ] 2023-11-09 10:23:07.925 [main] ConvertMxmlService - Node Name =#text [OPEN]
[INFO ] 2023-11-09 10:23:07.925 [main] ConvertMxmlService - Node Name =mx:XML [OPEN]
[INFO ] 2023-11-09 10:23:07.926 [main] ConvertMxmlService - Node Name =#text [OPEN]
[INFO ] 2023-11-09 10:23:07.926 [main] ConvertMxmlService - Node Name =login:MG1001001_01_000_AS [OPEN]
[INFO ] 2023-11-09 10:23:07.926 [main] ConvertMxmlService - Node Name =#text [OPEN]
[INFO ] 2023-11-09 10:23:07.926 [main] ConvertMxmlService - Node Name =mx:Image [OPEN]
[INFO ] 2023-11-09 10:23:07.927 [main] ConvertMxmlService - Node Name =mx:Image [CLOSE]
[INFO ] 2023-11-09 10:23:07.927 [main] ConvertMxmlService - Node Name =#text [OPEN]
[INFO ] 2023-11-09 10:23:07.927 [main] ConvertMxmlService - Node Name =Containers:ACCCanvas [OPEN]
[INFO ] 2023-11-09 10:23:07.927 [main] ConvertMxmlService - Node Name =#text [OPEN]
[INFO ] 2023-11-09 10:23:07.928 [main] ConvertMxmlService - Node Name =#comment [OPEN]
[INFO ] 2023-11-09 10:23:07.928 [main] ConvertMxmlService - Node Name =#text [OPEN]
[INFO ] 2023-11-09 10:23:07.928 [main] ConvertMxmlService - Node Name =Controls:ACCLabel [OPEN]
[INFO ] 2023-11-09 10:23:07.928 [main] ConvertMxmlService - Node Name =Controls:ACCLabel [CLOSE]
[INFO ] 2023-11-09 10:23:07.928 [main] ConvertMxmlService - Node Name =#text [OPEN]
[INFO ] 2023-11-09 10:23:07.928 [main] ConvertMxmlService - Node Name =Controls:ACCTextInput [OPEN]
[INFO ] 2023-11-09 10:23:41.855 [main] ConvertMxmlService - Node Name =Controls:ACCTextInput [CLOSE]
[INFO ] 2023-11-09 10:23:41.855 [main] ConvertMxmlService - Node Name =#text [OPEN]
[INFO ] 2023-11-09 10:23:41.855 [main] ConvertMxmlService - Node Name =#comment [OPEN]
[INFO ] 2023-11-09 10:23:41.855 [main] ConvertMxmlService - Node Name =#text [OPEN]
[INFO ] 2023-11-09 10:23:41.855 [main] ConvertMxmlService - Node Name =Controls:ACCLabel [OPEN]
[INFO ] 2023-11-09 10:23:41.856 [main] ConvertMxmlService - Node Name =Controls:ACCLabel [CLOSE]
[INFO ] 2023-11-09 10:23:41.856 [main] ConvertMxmlService - Node Name =#text [OPEN]
[INFO ] 2023-11-09 10:23:41.856 [main] ConvertMxmlService - Node Name =Controls:ACCTextInput [OPEN]
[INFO ] 2023-11-09 10:23:50.510 [main] ConvertMxmlService - Node Name =Controls:ACCTextInput [CLOSE]
[INFO ] 2023-11-09 10:23:50.510 [main] ConvertMxmlService - Node Name =#text [OPEN]
[INFO ] 2023-11-09 10:23:50.510 [main] ConvertMxmlService - Node Name =#comment [OPEN]
[INFO ] 2023-11-09 10:23:50.510 [main] ConvertMxmlService - Node Name =#text [OPEN]
[INFO ] 2023-11-09 10:23:50.510 [main] ConvertMxmlService - Node Name =Controls:ACCLabel [OPEN]
[INFO ] 2023-11-09 10:23:50.513 [main] ConvertMxmlService - Node Name =Controls:ACCLabel [CLOSE]
[INFO ] 2023-11-09 10:23:50.514 [main] ConvertMxmlService - Node Name =#text [OPEN]
[INFO ] 2023-11-09 10:23:50.514 [main] ConvertMxmlService - Node Name =Controls:ACCTextInput [OPEN]
[INFO ] 2023-11-09 10:24:12.268 [main] ConvertMxmlService - Node Name =Controls:ACCTextInput [CLOSE]
[INFO ] 2023-11-09 10:24:12.268 [main] ConvertMxmlService - Node Name =#text [OPEN]
[INFO ] 2023-11-09 10:24:12.268 [main] ConvertMxmlService - Node Name =#comment [OPEN]
[INFO ] 2023-11-09 10:24:12.268 [main] ConvertMxmlService - Node Name =#text [OPEN]
[INFO ] 2023-11-09 10:24:12.268 [main] ConvertMxmlService - Node Name =Controls:ACCButton [OPEN]
[INFO ] 2023-11-09 10:24:12.269 [main] ConvertMxmlService - Node Name =Controls:ACCButton [CLOSE]
[INFO ] 2023-11-09 10:24:12.269 [main] ConvertMxmlService - Node Name =#text [OPEN]
[INFO ] 2023-11-09 10:24:12.269 [main] ConvertMxmlService - Node Name =#comment [OPEN]
[INFO ] 2023-11-09 10:24:12.269 [main] ConvertMxmlService - Node Name =#text [OPEN]
[INFO ] 2023-11-09 10:24:12.269 [main] ConvertMxmlService - Node Name =Controls:ACCButton [OPEN]
[INFO ] 2023-11-09 10:24:12.270 [main] ConvertMxmlService - Node Name =Controls:ACCButton [CLOSE]
[INFO ] 2023-11-09 10:24:12.270 [main] ConvertMxmlService - Node Name =#text [OPEN]
[INFO ] 2023-11-09 10:24:12.270 [main] ConvertMxmlService - Node Name =Containers:ACCCanvas [CLOSE]
[INFO ] 2023-11-09 10:24:12.270 [main] ConvertMxmlService - Node Name =#text [OPEN]
[INFO ] 2023-11-09 10:24:12.270 [main] ConvertMxmlService - Node Name =Containers:ACCCanvas [OPEN]
[INFO ] 2023-11-09 10:24:12.271 [main] ConvertMxmlService - Node Name =#text [OPEN]
[INFO ] 2023-11-09 10:24:12.271 [main] ConvertMxmlService - Node Name =#comment [OPEN]
[INFO ] 2023-11-09 10:24:12.271 [main] ConvertMxmlService - Node Name =#text [OPEN]
[INFO ] 2023-11-09 10:24:12.271 [main] ConvertMxmlService - Node Name =Controls:ACCLabel [OPEN]
[INFO ] 2023-11-09 10:24:12.272 [main] ConvertMxmlService - Node Name =Controls:ACCLabel [CLOSE]
[INFO ] 2023-11-09 10:24:12.272 [main] ConvertMxmlService - Node Name =#text [OPEN]
[INFO ] 2023-11-09 10:24:12.272 [main] ConvertMxmlService - Node Name =#comment [OPEN]
[INFO ] 2023-11-09 10:24:12.272 [main] ConvertMxmlService - Node Name =#text [OPEN]
[INFO ] 2023-11-09 10:24:12.272 [main] ConvertMxmlService - Node Name =Controls:ACCLabel [OPEN]
[INFO ] 2023-11-09 10:24:12.273 [main] ConvertMxmlService - Node Name =Controls:ACCLabel [CLOSE]
[INFO ] 2023-11-09 10:24:12.273 [main] ConvertMxmlService - Node Name =#text [OPEN]
[INFO ] 2023-11-09 10:24:12.273 [main] ConvertMxmlService - Node Name =#comment [OPEN]
[INFO ] 2023-11-09 10:24:12.273 [main] ConvertMxmlService - Node Name =#text [OPEN]
[INFO ] 2023-11-09 10:24:12.273 [main] ConvertMxmlService - Node Name =mx:Image [OPEN]
[INFO ] 2023-11-09 10:24:12.273 [main] ConvertMxmlService - Node Name =mx:Image [CLOSE]
[INFO ] 2023-11-09 10:24:12.273 [main] ConvertMxmlService - Node Name =#text [OPEN]
[INFO ] 2023-11-09 10:24:12.273 [main] ConvertMxmlService - Node Name =Containers:ACCCanvas [CLOSE]
[INFO ] 2023-11-09 10:24:12.274 [main] ConvertMxmlService - Node Name =#text [OPEN]
[INFO ] 2023-11-09 10:24:12.274 [main] ConvertMxmlService - Node Name =Containers:ACCCanvas [CLOSE]
[DEBUG] 2023-11-09 10:24:12.274 [main] MxmlConvert - parent name: RootNode
[DEBUG] 2023-11-09 10:24:12.274 [main] MxmlConvert - name: Containers:ACCCanvas
[DEBUG] 2023-11-09 10:24:12.274 [main] MxmlConvert - parent name: Containers:ACCCanvas
[DEBUG] 2023-11-09 10:24:12.274 [main] MxmlConvert - name: mx:Image
[DEBUG] 2023-11-09 10:24:12.274 [main] MxmlConvert - cssElement: height:100%;background-image:url(#{resource['icon:login.jpg']});width:100%;position: absolute; left:0px;top:0px;
[DEBUG] 2023-11-09 10:24:12.274 [main] MxmlConvert - attributeElement: 
[DEBUG] 2023-11-09 10:24:12.274 [main] MxmlConvert - parent name: Containers:ACCCanvas
[DEBUG] 2023-11-09 10:24:12.274 [main] MxmlConvert - name: Containers:ACCCanvas
[DEBUG] 2023-11-09 10:24:12.274 [main] MxmlConvert - parent name: null
[DEBUG] 2023-11-09 10:24:12.274 [main] MxmlConvert - name: #comment
[DEBUG] 2023-11-09 10:24:12.274 [main] MxmlConvert - cssElement: 
[DEBUG] 2023-11-09 10:24:12.274 [main] MxmlConvert - attributeElement: 
[DEBUG] 2023-11-09 10:24:12.274 [main] MxmlConvert - parent name: Containers:ACCCanvas
[DEBUG] 2023-11-09 10:24:12.274 [main] MxmlConvert - name: Controls:ACCLabel
[DEBUG] 2023-11-09 10:24:12.274 [main] MxmlConvert - cssElement: color:#FFFFFF;font-family:MS Gothic;font-size:16px;font-weight:bold;text-align:right;width:78px;position: absolute; left:116px;top:34px;
[DEBUG] 2023-11-09 10:24:12.274 [main] MxmlConvert - attributeElement:  value="法人CD"
[DEBUG] 2023-11-09 10:24:12.274 [main] MxmlConvert - parent name: Containers:ACCCanvas
[DEBUG] 2023-11-09 10:24:12.274 [main] MxmlConvert - name: Controls:ACCTextInput
[DEBUG] 2023-11-09 10:24:12.274 [main] MxmlConvert - cssElement: width:60px;position: absolute; left:194px;top:34px;
[DEBUG] 2023-11-09 10:24:12.274 [main] MxmlConvert - attributeElement:  change="#{MG1001001_01_000Controller.textOnChangeHandler};" id="corpCd" maxbytelength="3" readOnly="true" required="true" tabindex="1"
[DEBUG] 2023-11-09 10:24:12.274 [main] MxmlConvert - parent name: null
[DEBUG] 2023-11-09 10:24:12.274 [main] MxmlConvert - name: #comment
[DEBUG] 2023-11-09 10:24:12.275 [main] MxmlConvert - cssElement: 
[DEBUG] 2023-11-09 10:24:12.275 [main] MxmlConvert - attributeElement: 
[DEBUG] 2023-11-09 10:24:12.275 [main] MxmlConvert - parent name: Containers:ACCCanvas
[DEBUG] 2023-11-09 10:24:12.275 [main] MxmlConvert - name: Controls:ACCLabel
[DEBUG] 2023-11-09 10:24:12.275 [main] MxmlConvert - cssElement: color:#FFFFFF;font-family:MS Gothic;font-size:16px;font-weight:bold;text-align:right;width:84px;position: absolute; left:109px;top:66px;
[DEBUG] 2023-11-09 10:24:12.275 [main] MxmlConvert - attributeElement:  value="ユーザID"
[DEBUG] 2023-11-09 10:24:12.275 [main] MxmlConvert - parent name: Containers:ACCCanvas
[DEBUG] 2023-11-09 10:24:12.275 [main] MxmlConvert - name: Controls:ACCTextInput
[DEBUG] 2023-11-09 10:24:12.275 [main] MxmlConvert - cssElement: width:178px;position: absolute; left:194px;top:64px;
[DEBUG] 2023-11-09 10:24:12.275 [main] MxmlConvert - attributeElement:  change="#{MG1001001_01_000Controller.textOnChangeHandler};" id="ttCd" maxbytelength="30" required="true" tabindex="2"
[DEBUG] 2023-11-09 10:24:12.275 [main] MxmlConvert - parent name: null
[DEBUG] 2023-11-09 10:24:12.275 [main] MxmlConvert - name: #comment
[DEBUG] 2023-11-09 10:24:12.275 [main] MxmlConvert - cssElement: 
[DEBUG] 2023-11-09 10:24:12.275 [main] MxmlConvert - attributeElement: 
[DEBUG] 2023-11-09 10:24:12.275 [main] MxmlConvert - parent name: Containers:ACCCanvas
[DEBUG] 2023-11-09 10:24:12.275 [main] MxmlConvert - name: Controls:ACCLabel
[DEBUG] 2023-11-09 10:24:12.275 [main] MxmlConvert - cssElement: color:#FFFFFF;font-family:MS Gothic;font-size:16px;font-weight:bold;text-align:right;width:108px;position: absolute; left:86px;top:96px;
[DEBUG] 2023-11-09 10:24:12.275 [main] MxmlConvert - attributeElement:  value="パスワード"
[DEBUG] 2023-11-09 10:24:12.275 [main] MxmlConvert - parent name: Containers:ACCCanvas
[DEBUG] 2023-11-09 10:24:12.275 [main] MxmlConvert - name: Controls:ACCTextInput
[DEBUG] 2023-11-09 10:24:12.275 [main] MxmlConvert - cssElement: width:178px;position: absolute; left:194px;top:94px;
[DEBUG] 2023-11-09 10:24:12.275 [main] MxmlConvert - attributeElement:  change="#{MG1001001_01_000Controller.textOnChangeHandler};" displayAsPassword="true" id="ttPwd" maxbytelength="30" required="true" tabindex="3"
[DEBUG] 2023-11-09 10:24:12.275 [main] MxmlConvert - parent name: null
[DEBUG] 2023-11-09 10:24:12.275 [main] MxmlConvert - name: #comment
[DEBUG] 2023-11-09 10:24:12.275 [main] MxmlConvert - cssElement: 
[DEBUG] 2023-11-09 10:24:12.275 [main] MxmlConvert - attributeElement: 
[DEBUG] 2023-11-09 10:24:12.275 [main] MxmlConvert - parent name: Containers:ACCCanvas
[DEBUG] 2023-11-09 10:24:12.275 [main] MxmlConvert - name: Controls:ACCButton
[DEBUG] 2023-11-09 10:24:12.275 [main] MxmlConvert - cssElement: width:85px;position: absolute; left:194px;top:124px;
[DEBUG] 2023-11-09 10:24:12.275 [main] MxmlConvert - attributeElement:  actionListener="#{MG1001001_01_000Controller.btnLoginOnClickHandler};" id="btnUPD001" value="ログイン" tabindex="4"
[DEBUG] 2023-11-09 10:24:12.275 [main] MxmlConvert - parent name: null
[DEBUG] 2023-11-09 10:24:12.275 [main] MxmlConvert - name: #comment
[DEBUG] 2023-11-09 10:24:12.275 [main] MxmlConvert - cssElement: 
[DEBUG] 2023-11-09 10:24:12.275 [main] MxmlConvert - attributeElement: 
[DEBUG] 2023-11-09 10:24:12.275 [main] MxmlConvert - parent name: Containers:ACCCanvas
[DEBUG] 2023-11-09 10:24:12.275 [main] MxmlConvert - name: Controls:ACCButton
[DEBUG] 2023-11-09 10:24:12.276 [main] MxmlConvert - cssElement: width:85px;position: absolute; left:287px;top:124px;
[DEBUG] 2023-11-09 10:24:12.276 [main] MxmlConvert - attributeElement:  actionListener="applicationCloseDispatch(event);" id="btnCLO001" value="終了" tabindex="5"
[DEBUG] 2023-11-09 10:24:12.276 [main] MxmlConvert - cssElement: height:155px;width:378px;position: absolute; left:133px;top:101px;
[DEBUG] 2023-11-09 10:24:12.276 [main] MxmlConvert - attributeElement: 
[DEBUG] 2023-11-09 10:24:12.276 [main] MxmlConvert - parent name: Containers:ACCCanvas
[DEBUG] 2023-11-09 10:24:12.276 [main] MxmlConvert - name: Containers:ACCCanvas
[DEBUG] 2023-11-09 10:24:12.276 [main] MxmlConvert - parent name: null
[DEBUG] 2023-11-09 10:24:12.276 [main] MxmlConvert - name: #comment
[DEBUG] 2023-11-09 10:24:12.276 [main] MxmlConvert - cssElement: 
[DEBUG] 2023-11-09 10:24:12.276 [main] MxmlConvert - attributeElement: 
[DEBUG] 2023-11-09 10:24:12.276 [main] MxmlConvert - parent name: Containers:ACCCanvas
[DEBUG] 2023-11-09 10:24:12.276 [main] MxmlConvert - name: Controls:ACCLabel
[DEBUG] 2023-11-09 10:24:12.276 [main] MxmlConvert - cssElement: color:white;text-align:right;width:100%;position: absolute; left:0px;top:55px;
[DEBUG] 2023-11-09 10:24:12.276 [main] MxmlConvert - attributeElement:  id="lblCopyright"
[DEBUG] 2023-11-09 10:24:12.276 [main] MxmlConvert - parent name: null
[DEBUG] 2023-11-09 10:24:12.276 [main] MxmlConvert - name: #comment
[DEBUG] 2023-11-09 10:24:12.276 [main] MxmlConvert - cssElement: 
[DEBUG] 2023-11-09 10:24:12.276 [main] MxmlConvert - attributeElement: 
[DEBUG] 2023-11-09 10:24:12.276 [main] MxmlConvert - parent name: Containers:ACCCanvas
[DEBUG] 2023-11-09 10:24:12.276 [main] MxmlConvert - name: Controls:ACCLabel
[DEBUG] 2023-11-09 10:24:12.276 [main] MxmlConvert - cssElement: color:white;height:15px;text-align:left;width:65px;position: absolute; left:475px;top:36px;
[DEBUG] 2023-11-09 10:24:12.276 [main] MxmlConvert - attributeElement:  id="lblVersion"
[DEBUG] 2023-11-09 10:24:12.276 [main] MxmlConvert - parent name: null
[DEBUG] 2023-11-09 10:24:12.276 [main] MxmlConvert - name: #comment
[DEBUG] 2023-11-09 10:24:12.276 [main] MxmlConvert - cssElement: 
[DEBUG] 2023-11-09 10:24:12.276 [main] MxmlConvert - attributeElement: 
[DEBUG] 2023-11-09 10:24:12.276 [main] MxmlConvert - parent name: Containers:ACCCanvas
[DEBUG] 2023-11-09 10:24:12.276 [main] MxmlConvert - name: mx:Image
[DEBUG] 2023-11-09 10:24:12.276 [main] MxmlConvert - cssElement: height:57px;background-image:url(#{resource['icon:logo.gif']});width:354px;position: absolute; left:122px;top:0px;
[DEBUG] 2023-11-09 10:24:12.276 [main] MxmlConvert - attributeElement: 
[DEBUG] 2023-11-09 10:24:12.277 [main] MxmlConvert - cssElement: opacity:0.7;background-color:#FC0505;height:73px;width:100%;position: absolute; left:0px;top:255px;
[DEBUG] 2023-11-09 10:24:12.277 [main] MxmlConvert - attributeElement: 
[DEBUG] 2023-11-09 10:24:12.277 [main] MxmlConvert - cssElement: height:100%;width:100%;
[DEBUG] 2023-11-09 10:24:12.277 [main] MxmlConvert - attributeElement:  title="ログイン"
[INFO ] 2023-11-09 10:24:12.282 [main] MxmlConvert - Html file created successfully.
[INFO ] 2023-11-09 10:24:12.282 [main] MxmlConvert - CSS file created successfully.
[INFO ] 2023-11-09 10:24:12.284 [main] ASConvert - START: parser Actionscript & Actionscript Inline-------------------------------
[DEBUG] 2023-11-09 10:24:12.285 [main] ASConvert - Loaded file: D:\Project\Nissho\AdobeFlexAir\Source\04.SourceCode\trunk\CLIENT\ACC\src\jp\co\nissho_ele\acc\mg\login\MG1001001_01_000.mxml (package: MG1001001_01_000)
[INFO ] 2023-11-09 10:24:12.285 [main] ASConvert - Analyzing class path for Actionscript: MG1001001_01_000
[INFO ] 2023-11-09 10:24:12.285 [main] ASParser - Starting parser class....................
[INFO ] 2023-11-09 10:24:12.285 [main] ASParser - Parsing package start.................
[DEBUG] 2023-11-09 10:24:12.285 [main] ASParser - Found package: jp.co.nissho_ele.acc.mg.login
[INFO ] 2023-11-09 10:24:12.285 [main] ASParser - Parsing package end.................
[DEBUG] 2023-11-09 10:24:12.285 [main] ASParser - Attempting to parse package...
[DEBUG] 2023-11-09 10:24:12.285 [main] ASParser - Found import keyword...
[INFO ] 2023-11-09 10:24:12.285 [main] ASParser - Parsing import package start.................
[DEBUG] 2023-11-09 10:24:12.286 [main] ASParser - Parsed import name: flash.desktop.NativeApplication
[DEBUG] 2023-11-09 10:24:12.286 [main] ASParser - Found import keyword...
[INFO ] 2023-11-09 10:24:12.286 [main] ASParser - Parsing import package start.................
[DEBUG] 2023-11-09 10:24:12.286 [main] ASParser - Parsed import name: flash.display.DisplayObject
[DEBUG] 2023-11-09 10:24:12.286 [main] ASParser - Found import keyword...
[INFO ] 2023-11-09 10:24:12.286 [main] ASParser - Parsing import package start.................
[DEBUG] 2023-11-09 10:24:12.286 [main] ASParser - Parsed import name: flash.events.AsyncErrorEvent
[DEBUG] 2023-11-09 10:24:12.286 [main] ASParser - Found import keyword...
[INFO ] 2023-11-09 10:24:12.286 [main] ASParser - Parsing import package start.................
[DEBUG] 2023-11-09 10:24:12.286 [main] ASParser - Parsed import name: flash.events.Event
[DEBUG] 2023-11-09 10:24:12.286 [main] ASParser - Found import keyword...
[INFO ] 2023-11-09 10:24:12.286 [main] ASParser - Parsing import package start.................
[DEBUG] 2023-11-09 10:24:12.286 [main] ASParser - Parsed import name: flash.events.MouseEvent
[DEBUG] 2023-11-09 10:24:12.286 [main] ASParser - Found import keyword...
[INFO ] 2023-11-09 10:24:12.286 [main] ASParser - Parsing import package start.................
[DEBUG] 2023-11-09 10:24:12.287 [main] ASParser - Parsed import name: flash.events.SecurityErrorEvent
[DEBUG] 2023-11-09 10:24:12.287 [main] ASParser - Found import keyword...
[INFO ] 2023-11-09 10:24:12.287 [main] ASParser - Parsing import package start.................
[DEBUG] 2023-11-09 10:24:12.287 [main] ASParser - Parsed import name: flash.events.StatusEvent
[DEBUG] 2023-11-09 10:24:12.287 [main] ASParser - Found import keyword...
[INFO ] 2023-11-09 10:24:12.287 [main] ASParser - Parsing import package start.................
[DEBUG] 2023-11-09 10:24:12.287 [main] ASParser - Parsed import name: jp.co.nissho_ele.acc.framework.bridge.BridgeReceiver
[DEBUG] 2023-11-09 10:24:12.287 [main] ASParser - Found import keyword...
[INFO ] 2023-11-09 10:24:12.287 [main] ASParser - Parsing import package start.................
[DEBUG] 2023-11-09 10:24:12.287 [main] ASParser - Parsed import name: jp.co.nissho_ele.acc.framework.bridge.BridgeSender
[DEBUG] 2023-11-09 10:24:12.287 [main] ASParser - Found import keyword...
[INFO ] 2023-11-09 10:24:12.287 [main] ASParser - Parsing import package start.................
[DEBUG] 2023-11-09 10:24:12.287 [main] ASParser - Parsed import name: jp.co.nissho_ele.acc.framework.bridge.CallAgentController
[DEBUG] 2023-11-09 10:24:12.288 [main] ASParser - Found import keyword...
[INFO ] 2023-11-09 10:24:12.288 [main] ASParser - Parsing import package start.................
[DEBUG] 2023-11-09 10:24:12.288 [main] ASParser - Parsed import name: jp.co.nissho_ele.acc.framework.classes.constants.ACCAirErrorConst
[DEBUG] 2023-11-09 10:24:12.288 [main] ASParser - Found import keyword...
[INFO ] 2023-11-09 10:24:12.288 [main] ASParser - Parsing import package start.................
[DEBUG] 2023-11-09 10:24:12.288 [main] ASParser - Parsed import name: jp.co.nissho_ele.acc.framework.classes.constants.ACCClearFormConst
[DEBUG] 2023-11-09 10:24:12.288 [main] ASParser - Found import keyword...
[INFO ] 2023-11-09 10:24:12.288 [main] ASParser - Parsing import package start.................
[DEBUG] 2023-11-09 10:24:12.288 [main] ASParser - Parsed import name: jp.co.nissho_ele.acc.framework.classes.constants.ACCCommonServiceConst
[DEBUG] 2023-11-09 10:24:12.288 [main] ASParser - Found import keyword...
[INFO ] 2023-11-09 10:24:12.288 [main] ASParser - Parsing import package start.................
[DEBUG] 2023-11-09 10:24:12.288 [main] ASParser - Parsed import name: jp.co.nissho_ele.acc.framework.classes.constants.ACCServiceConst
[DEBUG] 2023-11-09 10:24:12.288 [main] ASParser - Found import keyword...
[INFO ] 2023-11-09 10:24:12.288 [main] ASParser - Parsing import package start.................
[DEBUG] 2023-11-09 10:24:12.289 [main] ASParser - Parsed import name: jp.co.nissho_ele.acc.framework.classes.constants.ACCSetFormConst
[DEBUG] 2023-11-09 10:24:12.289 [main] ASParser - Found import keyword...
[INFO ] 2023-11-09 10:24:12.289 [main] ASParser - Parsing import package start.................
[DEBUG] 2023-11-09 10:24:12.289 [main] ASParser - Parsed import name: jp.co.nissho_ele.acc.framework.classes.constants.ACCSetFrameConst
[DEBUG] 2023-11-09 10:24:12.289 [main] ASParser - Found import keyword...
[INFO ] 2023-11-09 10:24:12.289 [main] ASParser - Parsing import package start.................
[DEBUG] 2023-11-09 10:24:12.289 [main] ASParser - Parsed import name: jp.co.nissho_ele.acc.framework.classes.constants.ACCUserInfoConst
[DEBUG] 2023-11-09 10:24:12.289 [main] ASParser - Found import keyword...
[INFO ] 2023-11-09 10:24:12.289 [main] ASParser - Parsing import package start.................
[DEBUG] 2023-11-09 10:24:12.289 [main] ASParser - Parsed import name: jp.co.nissho_ele.acc.framework.classes.model.ACCBaseInfoModel
[DEBUG] 2023-11-09 10:24:12.289 [main] ASParser - Found import keyword...
[INFO ] 2023-11-09 10:24:12.289 [main] ASParser - Parsing import package start.................
[DEBUG] 2023-11-09 10:24:12.289 [main] ASParser - Parsed import name: jp.co.nissho_ele.acc.framework.classes.model.ACCTransmissionBaseInfo
[DEBUG] 2023-11-09 10:24:12.290 [main] ASParser - Found import keyword...
[INFO ] 2023-11-09 10:24:12.290 [main] ASParser - Parsing import package start.................
[DEBUG] 2023-11-09 10:24:12.290 [main] ASParser - Parsed import name: jp.co.nissho_ele.acc.framework.classes.utility.ACCApplicationConfigUtility
[DEBUG] 2023-11-09 10:24:12.290 [main] ASParser - Found import keyword...
[INFO ] 2023-11-09 10:24:12.290 [main] ASParser - Parsing import package start.................
[DEBUG] 2023-11-09 10:24:12.290 [main] ASParser - Parsed import name: jp.co.nissho_ele.acc.framework.classes.utility.ACCButtonAuthorityUtility
[DEBUG] 2023-11-09 10:24:12.290 [main] ASParser - Found import keyword...
[INFO ] 2023-11-09 10:24:12.290 [main] ASParser - Parsing import package start.................
[DEBUG] 2023-11-09 10:24:12.290 [main] ASParser - Parsed import name: jp.co.nissho_ele.acc.framework.classes.utility.ACCCheckUtility
[DEBUG] 2023-11-09 10:24:12.290 [main] ASParser - Found import keyword...
[INFO ] 2023-11-09 10:24:12.290 [main] ASParser - Parsing import package start.................
[DEBUG] 2023-11-09 10:24:12.290 [main] ASParser - Parsed import name: jp.co.nissho_ele.acc.framework.classes.utility.ACCCodeInfoUtility
[DEBUG] 2023-11-09 10:24:12.290 [main] ASParser - Found import keyword...
[INFO ] 2023-11-09 10:24:12.290 [main] ASParser - Parsing import package start.................
[DEBUG] 2023-11-09 10:24:12.290 [main] ASParser - Parsed import name: jp.co.nissho_ele.acc.framework.classes.utility.ACCDateUtility
[DEBUG] 2023-11-09 10:24:12.290 [main] ASParser - Found import keyword...
[INFO ] 2023-11-09 10:24:12.290 [main] ASParser - Parsing import package start.................
[DEBUG] 2023-11-09 10:24:12.290 [main] ASParser - Parsed import name: jp.co.nissho_ele.acc.framework.classes.utility.ACCGyomuDate
[DEBUG] 2023-11-09 10:24:12.291 [main] ASParser - Found import keyword...
[INFO ] 2023-11-09 10:24:12.291 [main] ASParser - Parsing import package start.................
[DEBUG] 2023-11-09 10:24:12.291 [main] ASParser - Parsed import name: jp.co.nissho_ele.acc.framework.classes.utility.ACCKoushouUtility
[DEBUG] 2023-11-09 10:24:12.291 [main] ASParser - Found import keyword...
[INFO ] 2023-11-09 10:24:12.291 [main] ASParser - Parsing import package start.................
[DEBUG] 2023-11-09 10:24:12.291 [main] ASParser - Parsed import name: jp.co.nissho_ele.acc.framework.classes.utility.ACCMessageUtility
[DEBUG] 2023-11-09 10:24:12.291 [main] ASParser - Found import keyword...
[INFO ] 2023-11-09 10:24:12.291 [main] ASParser - Parsing import package start.................
[DEBUG] 2023-11-09 10:24:12.291 [main] ASParser - Parsed import name: jp.co.nissho_ele.acc.framework.classes.utility.ACCScreenNameUtility
[DEBUG] 2023-11-09 10:24:12.291 [main] ASParser - Found import keyword...
[INFO ] 2023-11-09 10:24:12.291 [main] ASParser - Parsing import package start.................
[DEBUG] 2023-11-09 10:24:12.291 [main] ASParser - Parsed import name: jp.co.nissho_ele.acc.framework.classes.utility.ACCSoapXMLUtility
[DEBUG] 2023-11-09 10:24:12.291 [main] ASParser - Found import keyword...
[INFO ] 2023-11-09 10:24:12.291 [main] ASParser - Parsing import package start.................
[DEBUG] 2023-11-09 10:24:12.291 [main] ASParser - Parsed import name: jp.co.nissho_ele.acc.framework.classes.utility.ACCStringUtility
[DEBUG] 2023-11-09 10:24:12.291 [main] ASParser - Found import keyword...
[INFO ] 2023-11-09 10:24:12.291 [main] ASParser - Parsing import package start.................
[DEBUG] 2023-11-09 10:24:12.291 [main] ASParser - Parsed import name: jp.co.nissho_ele.acc.framework.classes.utility.ACCSystemParamUtility
[DEBUG] 2023-11-09 10:24:12.291 [main] ASParser - Found import keyword...
[INFO ] 2023-11-09 10:24:12.291 [main] ASParser - Parsing import package start.................
[DEBUG] 2023-11-09 10:24:12.291 [main] ASParser - Parsed import name: jp.co.nissho_ele.acc.framework.classes.utility.ACCUserInfoUtility
[DEBUG] 2023-11-09 10:24:12.291 [main] ASParser - Found import keyword...
[INFO ] 2023-11-09 10:24:12.291 [main] ASParser - Parsing import package start.................
[DEBUG] 2023-11-09 10:24:12.291 [main] ASParser - Parsed import name: jp.co.nissho_ele.acc.framework.event.AccEvent
[DEBUG] 2023-11-09 10:24:12.291 [main] ASParser - Found import keyword...
[INFO ] 2023-11-09 10:24:12.291 [main] ASParser - Parsing import package start.................
[DEBUG] 2023-11-09 10:24:12.292 [main] ASParser - Parsed import name: jp.co.nissho_ele.acc.framework.formatters.ACCDateFormatter
[DEBUG] 2023-11-09 10:24:12.292 [main] ASParser - Found import keyword...
[INFO ] 2023-11-09 10:24:12.292 [main] ASParser - Parsing import package start.................
[DEBUG] 2023-11-09 10:24:12.292 [main] ASParser - Parsed import name: jp.co.nissho_ele.acc.framework.log.ACCLog
[DEBUG] 2023-11-09 10:24:12.292 [main] ASParser - Found import keyword...
[INFO ] 2023-11-09 10:24:12.292 [main] ASParser - Parsing import package start.................
[DEBUG] 2023-11-09 10:24:12.292 [main] ASParser - Parsed import name: jp.co.nissho_ele.acc.framework.soap.ACCWebService
[DEBUG] 2023-11-09 10:24:12.292 [main] ASParser - Found import keyword...
[INFO ] 2023-11-09 10:24:12.292 [main] ASParser - Parsing import package start.................
[DEBUG] 2023-11-09 10:24:12.292 [main] ASParser - Parsed import name: jp.co.nissho_ele.acc.mg.portal.MG1002001_00_000
[DEBUG] 2023-11-09 10:24:12.292 [main] ASParser - Found import keyword...
[INFO ] 2023-11-09 10:24:12.292 [main] ASParser - Parsing import package start.................
[DEBUG] 2023-11-09 10:24:12.292 [main] ASParser - Parsed import name: mx.collections.ArrayCollection
[DEBUG] 2023-11-09 10:24:12.292 [main] ASParser - Found import keyword...
[INFO ] 2023-11-09 10:24:12.292 [main] ASParser - Parsing import package start.................
[DEBUG] 2023-11-09 10:24:12.292 [main] ASParser - Parsed import name: mx.core.IMXMLObject
[DEBUG] 2023-11-09 10:24:12.292 [main] ASParser - Found import keyword...
[INFO ] 2023-11-09 10:24:12.292 [main] ASParser - Parsing import package start.................
[DEBUG] 2023-11-09 10:24:12.292 [main] ASParser - Parsed import name: mx.formatters.DateFormatter
[DEBUG] 2023-11-09 10:24:12.292 [main] ASParser - Found import keyword...
[INFO ] 2023-11-09 10:24:12.292 [main] ASParser - Parsing import package start.................
[DEBUG] 2023-11-09 10:24:12.292 [main] ASParser - Parsed import name: mx.managers.PopUpManager
[DEBUG] 2023-11-09 10:24:12.292 [main] ASParser - Found import keyword...
[INFO ] 2023-11-09 10:24:12.292 [main] ASParser - Parsing import package start.................
[DEBUG] 2023-11-09 10:24:12.292 [main] ASParser - Parsed import name: mx.rpc.events.FaultEvent
[DEBUG] 2023-11-09 10:24:12.292 [main] ASParser - Found import keyword...
[INFO ] 2023-11-09 10:24:12.292 [main] ASParser - Parsing import package start.................
[DEBUG] 2023-11-09 10:24:12.292 [main] ASParser - Parsed import name: mx.rpc.events.ResultEvent
[DEBUG] 2023-11-09 10:24:12.292 [main] ASParser - Found class keyword...
[INFO ] 2023-11-09 10:24:12.292 [main] ASParser - Parsing import package end.................
[DEBUG] 2023-11-09 10:24:12.292 [main] ASParser - Entering comment...
[DEBUG] 2023-11-09 10:24:12.293 [main] ASParser - Exiting comment...
[DEBUG] 2023-11-09 10:24:12.293 [main] ASParser - Found parent: ACCControllerBase
[DEBUG] 2023-11-09 10:24:12.293 [main] ASParser - Parsed class name: MG1001001_01_000
[DEBUG] 2023-11-09 10:24:12.293 [main] ASParser - Attempting to parse class...
[INFO ] 2023-11-09 10:24:12.293 [main] ASParser - Parsing class start.................
[DEBUG] 2023-11-09 10:24:12.293 [main] ASParser - Entering comment...(/*)
[DEBUG] 2023-11-09 10:24:12.293 [main] ASParser - Exited comment
[DEBUG] 2023-11-09 10:24:12.293 [main] ASParser - Entering comment...(/*)
[DEBUG] 2023-11-09 10:24:12.293 [main] ASParser - Exited comment
[DEBUG] 2023-11-09 10:24:12.293 [main] ASParser - Entering comment...(/*)
[DEBUG] 2023-11-09 10:24:12.293 [main] ASParser - Exited comment
[DEBUG] 2023-11-09 10:24:12.293 [main] ASParser - Entering comment...(/*)
[DEBUG] 2023-11-09 10:24:12.293 [main] ASParser - Exited comment
[DEBUG] 2023-11-09 10:24:12.293 [main] ASParser - Entering comment...(/*)
[DEBUG] 2023-11-09 10:24:12.293 [main] ASParser - Exited comment
[DEBUG] 2023-11-09 10:24:12.293 [main] ASParser - Entering comment...(/*)
[DEBUG] 2023-11-09 10:24:12.293 [main] ASParser - Exited comment
[DEBUG] 2023-11-09 10:24:12.293 [main] ASParser - Entering comment... (//)
[DEBUG] 2023-11-09 10:24:12.293 [main] ASParser - Exited comment
[DEBUG] 2023-11-09 10:24:12.293 [main] ASParser - Entering comment... (//)
[DEBUG] 2023-11-09 10:24:12.293 [main] ASParser - Exited comment
[DEBUG] 2023-11-09 10:24:12.293 [main] ASParser - Entering comment... (//)
[DEBUG] 2023-11-09 10:24:12.293 [main] ASParser - Exited comment
[DEBUG] 2023-11-09 10:24:12.293 [main] ASParser - Entering comment... (//)
[DEBUG] 2023-11-09 10:24:12.293 [main] ASParser - Exited comment
[DEBUG] 2023-11-09 10:24:12.293 [main] ASParser - Entering comment... (//)
[DEBUG] 2023-11-09 10:24:12.293 [main] ASParser - Exited comment
[DEBUG] 2023-11-09 10:24:12.293 [main] ASParser - Entering comment... (//)
[DEBUG] 2023-11-09 10:24:12.294 [main] ASParser - Exited comment
[DEBUG] 2023-11-09 10:24:12.294 [main] ASParser - Entering comment... (//)
[DEBUG] 2023-11-09 10:24:12.294 [main] ASParser - Exited comment
[DEBUG] 2023-11-09 10:24:12.294 [main] ASParser - Entering comment... (//)
[DEBUG] 2023-11-09 10:24:12.294 [main] ASParser - Exited comment
[DEBUG] 2023-11-09 10:24:12.294 [main] ASParser - Entering comment... (//)
[DEBUG] 2023-11-09 10:24:12.294 [main] ASParser - Exited comment
[DEBUG] 2023-11-09 10:24:12.294 [main] ASParser - Entering comment... (//)
[DEBUG] 2023-11-09 10:24:12.294 [main] ASParser - Exited comment
[DEBUG] 2023-11-09 10:24:12.294 [main] ASParser - Entering comment...(/*)
[DEBUG] 2023-11-09 10:24:12.294 [main] ASParser - Exited comment
[DEBUG] 2023-11-09 10:24:12.294 [main] ASParser - Entering comment...(/*)
[DEBUG] 2023-11-09 10:24:12.294 [main] ASParser - Exited comment
[DEBUG] 2023-11-09 10:24:12.294 [main] ASParser - Entering comment...(/*)
[DEBUG] 2023-11-09 10:24:12.294 [main] ASParser - Exited comment
[DEBUG] 2023-11-09 10:24:12.294 [main] ASParser - Entering comment...(/*)
[DEBUG] 2023-11-09 10:24:12.294 [main] ASParser - Exited comment
[DEBUG] 2023-11-09 10:24:12.294 [main] ASParser - Entering comment...(/*)
[DEBUG] 2023-11-09 10:24:12.294 [main] ASParser - Exited comment
[DEBUG] 2023-11-09 10:24:12.294 [main] ASParser - Entering comment...(/*)
[DEBUG] 2023-11-09 10:24:12.295 [main] ASParser - Exited comment
[DEBUG] 2023-11-09 10:24:12.295 [main] ASParser - Entering comment...(/*)
[DEBUG] 2023-11-09 10:24:12.295 [main] ASParser - Exited comment
[DEBUG] 2023-11-09 10:24:12.295 [main] ASParser - Entering comment...(/*)
[DEBUG] 2023-11-09 10:24:12.295 [main] ASParser - Exited comment
[DEBUG] 2023-11-09 10:24:12.297 [main] ASParser - Entering comment...(/*)
[DEBUG] 2023-11-09 10:24:12.297 [main] ASParser - Exited comment
[DEBUG] 2023-11-09 10:24:12.306 [main] ASParser - Entering comment...(/*)
[DEBUG] 2023-11-09 10:24:12.306 [main] ASParser - Exited comment
[DEBUG] 2023-11-09 10:24:12.306 [main] ASParser - Entering comment...(/*)
[DEBUG] 2023-11-09 10:24:12.306 [main] ASParser - Exited comment
[DEBUG] 2023-11-09 10:24:12.307 [main] ASParser - Entering comment...(/*)
[DEBUG] 2023-11-09 10:24:12.307 [main] ASParser - Exited comment
[DEBUG] 2023-11-09 10:24:12.307 [main] ASParser - Entering comment...(/*)
[DEBUG] 2023-11-09 10:24:12.307 [main] ASParser - Exited comment
[DEBUG] 2023-11-09 10:24:12.307 [main] ASParser - Entering comment...(/*)
[DEBUG] 2023-11-09 10:24:12.307 [main] ASParser - Exited comment
[DEBUG] 2023-11-09 10:24:12.307 [main] ASParser - Entering comment... (//)
[DEBUG] 2023-11-09 10:24:12.307 [main] ASParser - Exited comment
[DEBUG] 2023-11-09 10:24:12.307 [main] ASParser - Entering comment...(/*)
[DEBUG] 2023-11-09 10:24:12.307 [main] ASParser - Exited comment
[DEBUG] 2023-11-09 10:24:12.308 [main] ASParser - Entering comment... (//)
[DEBUG] 2023-11-09 10:24:12.308 [main] ASParser - Exited comment
[DEBUG] 2023-11-09 10:24:12.308 [main] ASParser - Entering comment...(/*)
[DEBUG] 2023-11-09 10:24:12.309 [main] ASParser - Exited comment
[DEBUG] 2023-11-09 10:24:12.309 [main] ASParser - Entering comment... (//)
[DEBUG] 2023-11-09 10:24:12.309 [main] ASParser - Exited comment
[DEBUG] 2023-11-09 10:24:12.309 [main] ASParser - Entering comment... (//)
[DEBUG] 2023-11-09 10:24:12.309 [main] ASParser - Exited comment
[DEBUG] 2023-11-09 10:24:12.310 [main] ASParser - Entering comment... (//)
[DEBUG] 2023-11-09 10:24:12.310 [main] ASParser - Exited comment
[DEBUG] 2023-11-09 10:24:12.310 [main] ASParser - Entering comment... (//)
[DEBUG] 2023-11-09 10:24:12.310 [main] ASParser - Exited comment
[DEBUG] 2023-11-09 10:24:12.310 [main] ASParser - Entering comment... (//)
[DEBUG] 2023-11-09 10:24:12.310 [main] ASParser - Exited comment
[DEBUG] 2023-11-09 10:24:12.310 [main] ASParser - Entering comment... (//)
[DEBUG] 2023-11-09 10:24:12.310 [main] ASParser - Exited comment
[DEBUG] 2023-11-09 10:24:12.310 [main] ASParser - Entering comment... (//)
[DEBUG] 2023-11-09 10:24:12.311 [main] ASParser - Exited comment
[DEBUG] 2023-11-09 10:24:12.311 [main] ASParser - Entering comment... (//)
[DEBUG] 2023-11-09 10:24:12.311 [main] ASParser - Exited comment
[DEBUG] 2023-11-09 10:24:12.311 [main] ASParser - Entering comment... (//)
[DEBUG] 2023-11-09 10:24:12.311 [main] ASParser - Exited comment
[DEBUG] 2023-11-09 10:24:12.312 [main] ASParser - Entering comment...(/*)
[DEBUG] 2023-11-09 10:24:12.312 [main] ASParser - Exited comment
[DEBUG] 2023-11-09 10:24:12.314 [main] ASParser - Entering comment... (//)
[DEBUG] 2023-11-09 10:24:12.315 [main] ASParser - Exited comment
[DEBUG] 2023-11-09 10:24:12.315 [main] ASParser - Entering comment... (//)
[DEBUG] 2023-11-09 10:24:12.315 [main] ASParser - Exited comment
[DEBUG] 2023-11-09 10:24:12.316 [main] ASParser - Entering comment... (//)
[DEBUG] 2023-11-09 10:24:12.316 [main] ASParser - Exited comment
[DEBUG] 2023-11-09 10:24:12.316 [main] ASParser - Entering comment... (//)
[DEBUG] 2023-11-09 10:24:12.317 [main] ASParser - Exited comment
[DEBUG] 2023-11-09 10:24:12.317 [main] ASParser - Entering comment...(/*)
[DEBUG] 2023-11-09 10:24:12.318 [main] ASParser - Exited comment
[DEBUG] 2023-11-09 10:24:12.318 [main] ASParser - Entering comment... (//)
[DEBUG] 2023-11-09 10:24:12.319 [main] ASParser - Exited comment
[DEBUG] 2023-11-09 10:24:12.325 [main] ASParser - Entering comment... (//)
[DEBUG] 2023-11-09 10:24:12.325 [main] ASParser - Exited comment
[DEBUG] 2023-11-09 10:24:12.325 [main] ASParser - Entering comment... (//)
[DEBUG] 2023-11-09 10:24:12.325 [main] ASParser - Exited comment
[DEBUG] 2023-11-09 10:24:12.326 [main] ASParser - Entering comment... (//)
[DEBUG] 2023-11-09 10:24:12.326 [main] ASParser - Exited comment
[DEBUG] 2023-11-09 10:24:12.328 [main] ASParser - Entering comment...(/*)
[DEBUG] 2023-11-09 10:24:12.328 [main] ASParser - Exited comment
[DEBUG] 2023-11-09 10:24:12.329 [main] ASParser - Entering comment...(/*)
[DEBUG] 2023-11-09 10:24:12.332 [main] ASParser - Exited comment
[DEBUG] 2023-11-09 10:24:12.333 [main] ASParser - Entering comment... (//)
[DEBUG] 2023-11-09 10:24:12.333 [main] ASParser - Exited comment
[DEBUG] 2023-11-09 10:24:12.333 [main] ASParser - Entering comment... (//)
[DEBUG] 2023-11-09 10:24:12.334 [main] ASParser - Exited comment
[DEBUG] 2023-11-09 10:24:12.334 [main] ASParser - Entering comment... (//)
[DEBUG] 2023-11-09 10:24:12.334 [main] ASParser - Exited comment
[DEBUG] 2023-11-09 10:24:12.342 [main] ASParser - Entering comment...(/*)
[DEBUG] 2023-11-09 10:24:12.344 [main] ASParser - Exited comment
[DEBUG] 2023-11-09 10:24:12.349 [main] ASParser - Entering comment...(/*)
[DEBUG] 2023-11-09 10:24:12.349 [main] ASParser - Exited comment
[DEBUG] 2023-11-09 10:24:12.351 [main] ASParser - Entering comment...(/*)
[DEBUG] 2023-11-09 10:24:12.352 [main] ASParser - Exited comment
[DEBUG] 2023-11-09 10:24:12.353 [main] ASParser - Entering comment...(/*)
[DEBUG] 2023-11-09 10:24:12.353 [main] ASParser - Exited comment
[DEBUG] 2023-11-09 10:24:12.354 [main] ASParser - Entering comment... (//)
[DEBUG] 2023-11-09 10:24:12.354 [main] ASParser - Exited comment
[DEBUG] 2023-11-09 10:24:12.355 [main] ASParser - Entering comment... (//)
[DEBUG] 2023-11-09 10:24:12.355 [main] ASParser - Exited comment
[DEBUG] 2023-11-09 10:24:12.360 [main] ASParser - Entering comment... (//)
[DEBUG] 2023-11-09 10:24:12.361 [main] ASParser - Exited comment
[DEBUG] 2023-11-09 10:24:12.363 [main] ASParser - Entering comment... (//)
[DEBUG] 2023-11-09 10:24:12.364 [main] ASParser - Exited comment
[DEBUG] 2023-11-09 10:24:12.366 [main] ASParser - Entering comment... (//)
[DEBUG] 2023-11-09 10:24:12.366 [main] ASParser - Exited comment
[DEBUG] 2023-11-09 10:24:12.367 [main] ASParser - Entering comment... (//)
