[INFO ] 2023-11-07 09:53:56.141 [main] MxmlConvert - Root Element :Containers:ACCTitleWindow
[INFO ] 2023-11-07 09:53:56.143 [main] MxmlConvert - ------
[INFO ] 2023-11-07 09:53:56.148 [main] ConvertMxmlService - Node Name =#comment [OPEN]
[INFO ] 2023-11-07 09:53:56.148 [main] ConvertMxmlService - Node Name =Containers:ACCTitleWindow [OPEN]
[INFO ] 2023-11-07 09:53:56.159 [main] ConvertMxmlService - Node Name =#text [OPEN]
[INFO ] 2023-11-07 09:53:56.159 [main] ConvertMxmlService - Node Name =mx:Script [OPEN]
[INFO ] 2023-11-07 09:53:56.160 [main] ConvertMxmlService - Node Name =#text [OPEN]
[INFO ] 2023-11-07 09:53:56.160 [main] ConvertMxmlService - Node Name =tougouchusyutsu:MG3001001_00_000_AS [OPEN]
[INFO ] 2023-11-07 09:53:56.162 [main] ConvertMxmlService - Node Name =#text [OPEN]
[INFO ] 2023-11-07 09:53:56.162 [main] ConvertMxmlService - Node Name =tougouchusyutsu:MG3001001_01_000 [OPEN]
[INFO ] 2023-11-07 09:53:56.163 [main] ConvertMxmlService - Node Name =tougouchusyutsu:MG3001001_01_000 [CLOSE]
[INFO ] 2023-11-07 09:53:56.163 [main] ConvertMxmlService - Node Name =#text [OPEN]
[INFO ] 2023-11-07 09:53:56.163 [main] ConvertMxmlService - Node Name =Containers:ACCTitleWindow [CLOSE]
[DEBUG] 2023-11-07 09:53:56.163 [main] MxmlConvert - parent name: null
[DEBUG] 2023-11-07 09:53:56.163 [main] MxmlConvert - name: #comment
[DEBUG] 2023-11-07 09:53:56.163 [main] MxmlConvert - cssElement: 
[DEBUG] 2023-11-07 09:53:56.163 [main] MxmlConvert - attributeElement: 
[DEBUG] 2023-11-07 09:53:56.163 [main] MxmlConvert - parent name: RootNode
[DEBUG] 2023-11-07 09:53:56.164 [main] MxmlConvert - name: Containers:ACCTitleWindow
[DEBUG] 2023-11-07 09:53:56.164 [main] MxmlConvert - parent name: Containers:ACCTitleWindow
[DEBUG] 2023-11-07 09:53:56.164 [main] MxmlConvert - name: tougouchusyutsu:MG3001001_01_000
[DEBUG] 2023-11-07 09:53:56.164 [main] MxmlConvert - cssElement: height:712px;width:1018px;position: absolute; left:-1px;top:-2px;
[DEBUG] 2023-11-07 09:53:56.164 [main] MxmlConvert - attributeElement:  id="compCanvas1"
[DEBUG] 2023-11-07 09:53:56.164 [main] MxmlConvert - cssElement: height:738px;position:absolute;width:1022px;
[DEBUG] 2023-11-07 09:53:56.164 [main] MxmlConvert - attributeElement:  title="統合抽出画面"
[INFO ] 2023-11-07 09:53:56.203 [main] MxmlConvert - Html file created successfully.
[INFO ] 2023-11-07 09:53:56.204 [main] MxmlConvert - CSS file created successfully.
[INFO ] 2023-11-07 09:53:56.222 [main] MxmlConvert - Root Element :Containers:ACCCanvas
[INFO ] 2023-11-07 09:53:56.222 [main] MxmlConvert - ------
[INFO ] 2023-11-07 09:53:56.227 [main] ConvertMxmlService - Node Name =#comment [OPEN]
[INFO ] 2023-11-07 09:53:56.227 [main] ConvertMxmlService - Node Name =Containers:ACCCanvas [OPEN]
[INFO ] 2023-11-07 09:53:56.228 [main] ConvertMxmlService - Node Name =#text [OPEN]
[INFO ] 2023-11-07 09:53:56.228 [main] ConvertMxmlService - Node Name =mx:Script [OPEN]
[INFO ] 2023-11-07 09:53:56.229 [main] ConvertMxmlService - Node Name =#text [OPEN]
[INFO ] 2023-11-07 09:53:56.229 [main] ConvertMxmlService - Node Name =#comment [OPEN]
[INFO ] 2023-11-07 09:53:56.229 [main] ConvertMxmlService - Node Name =#text [OPEN]
[INFO ] 2023-11-07 09:53:56.229 [main] ConvertMxmlService - Node Name =mx:XML [OPEN]
[INFO ] 2023-11-07 09:53:56.230 [main] ConvertMxmlService - Node Name =#text [OPEN]
[INFO ] 2023-11-07 09:53:56.230 [main] ConvertMxmlService - Node Name =#comment [OPEN]
[INFO ] 2023-11-07 09:53:56.230 [main] ConvertMxmlService - Node Name =#text [OPEN]
[INFO ] 2023-11-07 09:53:56.230 [main] ConvertMxmlService - Node Name =#comment [OPEN]
[INFO ] 2023-11-07 09:53:56.230 [main] ConvertMxmlService - Node Name =#text [OPEN]
[INFO ] 2023-11-07 09:53:56.230 [main] ConvertMxmlService - Node Name =mx:XML [OPEN]
[INFO ] 2023-11-07 09:53:56.230 [main] ConvertMxmlService - Node Name =#text [OPEN]
[INFO ] 2023-11-07 09:53:56.230 [main] ConvertMxmlService - Node Name =tougouchusyutsu:MG3001001_01_000_AS [OPEN]
[INFO ] 2023-11-07 09:53:56.231 [main] ConvertMxmlService - Node Name =#text [OPEN]
[INFO ] 2023-11-07 09:53:56.231 [main] ConvertMxmlService - Node Name =Controls:ACCLabel [OPEN]
[INFO ] 2023-11-07 09:53:56.231 [main] ConvertMxmlService - Node Name =Controls:ACCLabel [CLOSE]
[INFO ] 2023-11-07 09:53:56.231 [main] ConvertMxmlService - Node Name =#text [OPEN]
[INFO ] 2023-11-07 09:53:56.231 [main] ConvertMxmlService - Node Name =#comment [OPEN]
[INFO ] 2023-11-07 09:53:56.231 [main] ConvertMxmlService - Node Name =#text [OPEN]
[INFO ] 2023-11-07 09:53:56.231 [main] ConvertMxmlService - Node Name =Controls:ACCTextInput [OPEN]
[INFO ] 2023-11-07 09:53:56.232 [main] ConvertMxmlService - Node Name =Controls:ACCTextInput [CLOSE]
[INFO ] 2023-11-07 09:53:56.232 [main] ConvertMxmlService - Node Name =#text [OPEN]
[INFO ] 2023-11-07 09:53:56.232 [main] ConvertMxmlService - Node Name =#comment [OPEN]
[INFO ] 2023-11-07 09:53:56.232 [main] ConvertMxmlService - Node Name =#text [OPEN]
[INFO ] 2023-11-07 09:53:56.232 [main] ConvertMxmlService - Node Name =Controls:ACCButton [OPEN]
[INFO ] 2023-11-07 09:53:56.233 [main] ConvertMxmlService - Node Name =Controls:ACCButton [CLOSE]
[INFO ] 2023-11-07 09:53:56.233 [main] ConvertMxmlService - Node Name =#text [OPEN]
[INFO ] 2023-11-07 09:53:56.233 [main] ConvertMxmlService - Node Name =Controls:ACCLabel [OPEN]
[INFO ] 2023-11-07 09:53:56.234 [main] ConvertMxmlService - Node Name =Controls:ACCLabel [CLOSE]
[INFO ] 2023-11-07 09:53:56.234 [main] ConvertMxmlService - Node Name =#text [OPEN]
[INFO ] 2023-11-07 09:53:56.234 [main] ConvertMxmlService - Node Name =#comment [OPEN]
[INFO ] 2023-11-07 09:53:56.234 [main] ConvertMxmlService - Node Name =#text [OPEN]
[INFO ] 2023-11-07 09:53:56.234 [main] ConvertMxmlService - Node Name =Controls:ACCTextInput [OPEN]
[INFO ] 2023-11-07 09:53:56.234 [main] ConvertMxmlService - Node Name =Controls:ACCTextInput [CLOSE]
[INFO ] 2023-11-07 09:53:56.234 [main] ConvertMxmlService - Node Name =#text [OPEN]
[INFO ] 2023-11-07 09:53:56.234 [main] ConvertMxmlService - Node Name =Controls:ACCCheckBox [OPEN]
[INFO ] 2023-11-07 09:53:56.235 [main] ConvertMxmlService - Node Name =Controls:ACCCheckBox [CLOSE]
[INFO ] 2023-11-07 09:53:56.235 [main] ConvertMxmlService - Node Name =#text [OPEN]
[INFO ] 2023-11-07 09:53:56.235 [main] ConvertMxmlService - Node Name =Controls:ACCCheckBox [OPEN]
[INFO ] 2023-11-07 09:53:56.236 [main] ConvertMxmlService - Node Name =Controls:ACCCheckBox [CLOSE]
[INFO ] 2023-11-07 09:53:56.236 [main] ConvertMxmlService - Node Name =#text [OPEN]
[INFO ] 2023-11-07 09:53:56.236 [main] ConvertMxmlService - Node Name =Controls:ACCCheckBox [OPEN]
[INFO ] 2023-11-07 09:53:56.237 [main] ConvertMxmlService - Node Name =Controls:ACCCheckBox [CLOSE]
[INFO ] 2023-11-07 09:53:56.237 [main] ConvertMxmlService - Node Name =#text [OPEN]
[INFO ] 2023-11-07 09:53:56.237 [main] ConvertMxmlService - Node Name =#comment [OPEN]
[INFO ] 2023-11-07 09:53:56.237 [main] ConvertMxmlService - Node Name =#text [OPEN]
[INFO ] 2023-11-07 09:53:56.237 [main] ConvertMxmlService - Node Name =Containers:ACCTabNavigator [OPEN]
[INFO ] 2023-11-07 09:53:56.238 [main] ConvertMxmlService - Node Name =#text [OPEN]
[INFO ] 2023-11-07 09:53:56.238 [main] ConvertMxmlService - Node Name =#comment [OPEN]
[INFO ] 2023-11-07 09:53:56.238 [main] ConvertMxmlService - Node Name =#text [OPEN]
[INFO ] 2023-11-07 09:53:56.238 [main] ConvertMxmlService - Node Name =Containers:ACCCanvas [OPEN]
[INFO ] 2023-11-07 09:53:56.238 [main] ConvertMxmlService - Node Name =#text [OPEN]
[INFO ] 2023-11-07 09:53:56.238 [main] ConvertMxmlService - Node Name =Controls:ACCLabel [OPEN]
[INFO ] 2023-11-07 09:53:56.239 [main] ConvertMxmlService - Node Name =Controls:ACCLabel [CLOSE]
[INFO ] 2023-11-07 09:53:56.239 [main] ConvertMxmlService - Node Name =#text [OPEN]
[INFO ] 2023-11-07 09:53:56.239 [main] ConvertMxmlService - Node Name =Controls:ACCCheckBox [OPEN]
[INFO ] 2023-11-07 09:53:56.239 [main] ConvertMxmlService - Node Name =Controls:ACCCheckBox [CLOSE]
[INFO ] 2023-11-07 09:53:56.239 [main] ConvertMxmlService - Node Name =#text [OPEN]
[INFO ] 2023-11-07 09:53:56.239 [main] ConvertMxmlService - Node Name =Controls:ACCCheckBox [OPEN]
[INFO ] 2023-11-07 09:53:56.240 [main] ConvertMxmlService - Node Name =Controls:ACCCheckBox [CLOSE]
[INFO ] 2023-11-07 09:53:56.240 [main] ConvertMxmlService - Node Name =#text [OPEN]
[INFO ] 2023-11-07 09:53:56.240 [main] ConvertMxmlService - Node Name =Controls:ACCCheckBox [OPEN]
[INFO ] 2023-11-07 09:53:56.241 [main] ConvertMxmlService - Node Name =Controls:ACCCheckBox [CLOSE]
[INFO ] 2023-11-07 09:53:56.241 [main] ConvertMxmlService - Node Name =#text [OPEN]
[INFO ] 2023-11-07 09:53:56.241 [main] ConvertMxmlService - Node Name =Controls:ACCLabel [OPEN]
[INFO ] 2023-11-07 09:53:56.241 [main] ConvertMxmlService - Node Name =Controls:ACCLabel [CLOSE]
[INFO ] 2023-11-07 09:53:56.241 [main] ConvertMxmlService - Node Name =#text [OPEN]
[INFO ] 2023-11-07 09:53:56.241 [main] ConvertMxmlService - Node Name =Controls:ACCComboBoxCode [OPEN]
[INFO ] 2023-11-07 09:53:56.242 [main] ConvertMxmlService - Node Name =Controls:ACCComboBoxCode [CLOSE]
[INFO ] 2023-11-07 09:53:56.242 [main] ConvertMxmlService - Node Name =#text [OPEN]
[INFO ] 2023-11-07 09:53:56.242 [main] ConvertMxmlService - Node Name =Controls:ACCLabel [OPEN]
[INFO ] 2023-11-07 09:53:56.242 [main] ConvertMxmlService - Node Name =Controls:ACCLabel [CLOSE]
[INFO ] 2023-11-07 09:53:56.242 [main] ConvertMxmlService - Node Name =#text [OPEN]
[INFO ] 2023-11-07 09:53:56.242 [main] ConvertMxmlService - Node Name =Controls:ACCTextInputMaskNumberOnly [OPEN]
[INFO ] 2023-11-07 09:53:56.243 [main] ConvertMxmlService - Node Name =Controls:ACCTextInputMaskNumberOnly [CLOSE]
[INFO ] 2023-11-07 09:53:56.243 [main] ConvertMxmlService - Node Name =#text [OPEN]
[INFO ] 2023-11-07 09:53:56.243 [main] ConvertMxmlService - Node Name =Controls:ACCLabel [OPEN]
[INFO ] 2023-11-07 09:53:56.243 [main] ConvertMxmlService - Node Name =Controls:ACCLabel [CLOSE]
[INFO ] 2023-11-07 09:53:56.243 [main] ConvertMxmlService - Node Name =#text [OPEN]
[INFO ] 2023-11-07 09:53:56.243 [main] ConvertMxmlService - Node Name =Controls:ACCTextInputMaskNumberOnly [OPEN]
[INFO ] 2023-11-07 09:53:56.244 [main] ConvertMxmlService - Node Name =Controls:ACCTextInputMaskNumberOnly [CLOSE]
[INFO ] 2023-11-07 09:53:56.244 [main] ConvertMxmlService - Node Name =#text [OPEN]
[INFO ] 2023-11-07 09:53:56.244 [main] ConvertMxmlService - Node Name =Controls:ACCLabel [OPEN]
[INFO ] 2023-11-07 09:53:56.244 [main] ConvertMxmlService - Node Name =Controls:ACCLabel [CLOSE]
[INFO ] 2023-11-07 09:53:56.245 [main] ConvertMxmlService - Node Name =#text [OPEN]
[INFO ] 2023-11-07 09:53:56.245 [main] ConvertMxmlService - Node Name =Controls:ACCTextInputMaskZip [OPEN]
[INFO ] 2023-11-07 09:53:56.245 [main] ConvertMxmlService - Node Name =Controls:ACCTextInputMaskZip [CLOSE]
[INFO ] 2023-11-07 09:53:56.245 [main] ConvertMxmlService - Node Name =#text [OPEN]
[INFO ] 2023-11-07 09:53:56.245 [main] ConvertMxmlService - Node Name =Controls:ACCLabel [OPEN]
[INFO ] 2023-11-07 09:53:56.246 [main] ConvertMxmlService - Node Name =Controls:ACCLabel [CLOSE]
[INFO ] 2023-11-07 09:53:56.246 [main] ConvertMxmlService - Node Name =#text [OPEN]
[INFO ] 2023-11-07 09:53:56.246 [main] ConvertMxmlService - Node Name =Controls:ACCTextInputMaskZip [OPEN]
[INFO ] 2023-11-07 09:53:56.246 [main] ConvertMxmlService - Node Name =Controls:ACCTextInputMaskZip [CLOSE]
[INFO ] 2023-11-07 09:53:56.246 [main] ConvertMxmlService - Node Name =#text [OPEN]
[INFO ] 2023-11-07 09:53:56.246 [main] ConvertMxmlService - Node Name =#comment [OPEN]
[INFO ] 2023-11-07 09:53:56.246 [main] ConvertMxmlService - Node Name =#text [OPEN]
[INFO ] 2023-11-07 09:53:56.246 [main] ConvertMxmlService - Node Name =Containers:ACCPanel [OPEN]
[INFO ] 2023-11-07 09:53:56.247 [main] ConvertMxmlService - Node Name =#text [OPEN]
[INFO ] 2023-11-07 09:53:56.247 [main] ConvertMxmlService - Node Name =#comment [OPEN]
[INFO ] 2023-11-07 09:53:56.247 [main] ConvertMxmlService - Node Name =#text [OPEN]
[INFO ] 2023-11-07 09:53:56.247 [main] ConvertMxmlService - Node Name =Controls:ACCLabel [OPEN]
[INFO ] 2023-11-07 09:53:56.248 [main] ConvertMxmlService - Node Name =Controls:ACCLabel [CLOSE]
[INFO ] 2023-11-07 09:53:56.248 [main] ConvertMxmlService - Node Name =#text [OPEN]
[INFO ] 2023-11-07 09:53:56.248 [main] ConvertMxmlService - Node Name =Controls:ACCComboBoxCode [OPEN]
[INFO ] 2023-11-07 09:53:56.248 [main] ConvertMxmlService - Node Name =Controls:ACCComboBoxCode [CLOSE]
[INFO ] 2023-11-07 09:53:56.248 [main] ConvertMxmlService - Node Name =#text [OPEN]
[INFO ] 2023-11-07 09:53:56.248 [main] ConvertMxmlService - Node Name =#comment [OPEN]
[INFO ] 2023-11-07 09:53:56.248 [main] ConvertMxmlService - Node Name =#text [OPEN]
[INFO ] 2023-11-07 09:53:56.249 [main] ConvertMxmlService - Node Name =Controls:ACCLabel [OPEN]
[INFO ] 2023-11-07 09:53:56.249 [main] ConvertMxmlService - Node Name =Controls:ACCLabel [CLOSE]
[INFO ] 2023-11-07 09:53:56.249 [main] ConvertMxmlService - Node Name =#text [OPEN]
[INFO ] 2023-11-07 09:53:56.249 [main] ConvertMxmlService - Node Name =Controls:ACCComboBoxCode [OPEN]
[INFO ] 2023-11-07 09:53:56.250 [main] ConvertMxmlService - Node Name =Controls:ACCComboBoxCode [CLOSE]
[INFO ] 2023-11-07 09:53:56.250 [main] ConvertMxmlService - Node Name =#text [OPEN]
[INFO ] 2023-11-07 09:53:56.250 [main] ConvertMxmlService - Node Name =#comment [OPEN]
[INFO ] 2023-11-07 09:53:56.250 [main] ConvertMxmlService - Node Name =#text [OPEN]
[INFO ] 2023-11-07 09:53:56.250 [main] ConvertMxmlService - Node Name =Controls:ACCLabel [OPEN]
[INFO ] 2023-11-07 09:53:56.250 [main] ConvertMxmlService - Node Name =Controls:ACCLabel [CLOSE]
[INFO ] 2023-11-07 09:53:56.251 [main] ConvertMxmlService - Node Name =#text [OPEN]
[INFO ] 2023-11-07 09:53:56.251 [main] ConvertMxmlService - Node Name =Controls:ACCComboBoxCode [OPEN]
[INFO ] 2023-11-07 09:53:56.251 [main] ConvertMxmlService - Node Name =Controls:ACCComboBoxCode [CLOSE]
[INFO ] 2023-11-07 09:53:56.251 [main] ConvertMxmlService - Node Name =#text [OPEN]
[INFO ] 2023-11-07 09:53:56.251 [main] ConvertMxmlService - Node Name =#comment [OPEN]
[INFO ] 2023-11-07 09:53:56.251 [main] ConvertMxmlService - Node Name =#text [OPEN]
[INFO ] 2023-11-07 09:53:56.251 [main] ConvertMxmlService - Node Name =Controls:ACCLabel [OPEN]
[INFO ] 2023-11-07 09:53:56.252 [main] ConvertMxmlService - Node Name =Controls:ACCLabel [CLOSE]
[INFO ] 2023-11-07 09:53:56.252 [main] ConvertMxmlService - Node Name =#text [OPEN]
[INFO ] 2023-11-07 09:53:56.252 [main] ConvertMxmlService - Node Name =Controls:ACCComboBoxCode [OPEN]
[INFO ] 2023-11-07 09:53:56.252 [main] ConvertMxmlService - Node Name =Controls:ACCComboBoxCode [CLOSE]
[INFO ] 2023-11-07 09:53:56.252 [main] ConvertMxmlService - Node Name =#text [OPEN]
[INFO ] 2023-11-07 09:53:56.252 [main] ConvertMxmlService - Node Name =#comment [OPEN]
[INFO ] 2023-11-07 09:53:56.252 [main] ConvertMxmlService - Node Name =#text [OPEN]
[INFO ] 2023-11-07 09:53:56.252 [main] ConvertMxmlService - Node Name =Controls:ACCLabel [OPEN]
[INFO ] 2023-11-07 09:53:56.253 [main] ConvertMxmlService - Node Name =Controls:ACCLabel [CLOSE]
[INFO ] 2023-11-07 09:53:56.253 [main] ConvertMxmlService - Node Name =#text [OPEN]
[INFO ] 2023-11-07 09:53:56.253 [main] ConvertMxmlService - Node Name =Controls:ACCComboBoxCode [OPEN]
[INFO ] 2023-11-07 09:53:56.253 [main] ConvertMxmlService - Node Name =Controls:ACCComboBoxCode [CLOSE]
[INFO ] 2023-11-07 09:53:56.253 [main] ConvertMxmlService - Node Name =#text [OPEN]
[INFO ] 2023-11-07 09:53:56.253 [main] ConvertMxmlService - Node Name =Containers:ACCPanel [CLOSE]
[INFO ] 2023-11-07 09:53:56.253 [main] ConvertMxmlService - Node Name =#text [OPEN]
[INFO ] 2023-11-07 09:53:56.253 [main] ConvertMxmlService - Node Name =#comment [OPEN]
[INFO ] 2023-11-07 09:53:56.253 [main] ConvertMxmlService - Node Name =#text [OPEN]
[INFO ] 2023-11-07 09:53:56.253 [main] ConvertMxmlService - Node Name =Containers:ACCPanel [OPEN]
[INFO ] 2023-11-07 09:53:56.254 [main] ConvertMxmlService - Node Name =#text [OPEN]
[INFO ] 2023-11-07 09:53:56.254 [main] ConvertMxmlService - Node Name =Controls:ACCLabel [OPEN]
[INFO ] 2023-11-07 09:53:56.254 [main] ConvertMxmlService - Node Name =Controls:ACCLabel [CLOSE]
[INFO ] 2023-11-07 09:53:56.265 [main] ConvertMxmlService - Node Name =#text [OPEN]
[INFO ] 2023-11-07 09:53:56.265 [main] ConvertMxmlService - Node Name =Controls:ACCComboBoxCode [OPEN]
[INFO ] 2023-11-07 09:53:56.266 [main] ConvertMxmlService - Node Name =Controls:ACCComboBoxCode [CLOSE]
[INFO ] 2023-11-07 09:53:56.266 [main] ConvertMxmlService - Node Name =#text [OPEN]
[INFO ] 2023-11-07 09:53:56.266 [main] ConvertMxmlService - Node Name =Controls:ACCLabel [OPEN]
[INFO ] 2023-11-07 09:53:56.267 [main] ConvertMxmlService - Node Name =Controls:ACCLabel [CLOSE]
[INFO ] 2023-11-07 09:53:56.267 [main] ConvertMxmlService - Node Name =#text [OPEN]
[INFO ] 2023-11-07 09:53:56.267 [main] ConvertMxmlService - Node Name =Controls:ACCComboBoxCode [OPEN]
[INFO ] 2023-11-07 09:53:56.267 [main] ConvertMxmlService - Node Name =Controls:ACCComboBoxCode [CLOSE]
[INFO ] 2023-11-07 09:53:56.267 [main] ConvertMxmlService - Node Name =#text [OPEN]
[INFO ] 2023-11-07 09:53:56.267 [main] ConvertMxmlService - Node Name =Controls:ACCLabel [OPEN]
[INFO ] 2023-11-07 09:53:56.268 [main] ConvertMxmlService - Node Name =Controls:ACCLabel [CLOSE]
[INFO ] 2023-11-07 09:53:56.268 [main] ConvertMxmlService - Node Name =#text [OPEN]
[INFO ] 2023-11-07 09:53:56.268 [main] ConvertMxmlService - Node Name =Controls:ACCComboBoxCode [OPEN]
[INFO ] 2023-11-07 09:53:56.268 [main] ConvertMxmlService - Node Name =Controls:ACCComboBoxCode [CLOSE]
[INFO ] 2023-11-07 09:53:56.268 [main] ConvertMxmlService - Node Name =#text [OPEN]
[INFO ] 2023-11-07 09:53:56.268 [main] ConvertMxmlService - Node Name =Containers:ACCPanel [CLOSE]
[INFO ] 2023-11-07 09:53:56.268 [main] ConvertMxmlService - Node Name =#text [OPEN]
[INFO ] 2023-11-07 09:53:56.268 [main] ConvertMxmlService - Node Name =#comment [OPEN]
[INFO ] 2023-11-07 09:53:56.268 [main] ConvertMxmlService - Node Name =#text [OPEN]
[INFO ] 2023-11-07 09:53:56.268 [main] ConvertMxmlService - Node Name =Containers:ACCPanel [OPEN]
[INFO ] 2023-11-07 09:53:56.269 [main] ConvertMxmlService - Node Name =#text [OPEN]
[INFO ] 2023-11-07 09:53:56.269 [main] ConvertMxmlService - Node Name =Controls:ACCDataGrid [OPEN]
[INFO ] 2023-11-07 09:53:56.269 [main] ConvertMxmlService - Node Name =#text [OPEN]
[INFO ] 2023-11-07 09:53:56.269 [main] ConvertMxmlService - Node Name =Controls:columns [OPEN]
[INFO ] 2023-11-07 09:53:56.270 [main] ConvertMxmlService - Node Name =#text [OPEN]
[INFO ] 2023-11-07 09:53:56.270 [main] ConvertMxmlService - Node Name =mx:DataGridColumn [OPEN]
[INFO ] 2023-11-07 09:53:56.271 [main] ConvertMxmlService - Node Name =#text [OPEN]
[INFO ] 2023-11-07 09:53:56.271 [main] ConvertMxmlService - Node Name =mx:headerRenderer [OPEN]
[INFO ] 2023-11-07 09:54:13.060 [main] ConvertMxmlService - Node Name =#text [OPEN]
[INFO ] 2023-11-07 09:54:13.060 [main] ConvertMxmlService - Node Name =mx:Component [OPEN]
[INFO ] 2023-11-07 09:54:13.061 [main] ConvertMxmlService - Node Name =#text [OPEN]
[INFO ] 2023-11-07 09:54:13.061 [main] ConvertMxmlService - Node Name =mx:Label [OPEN]
[INFO ] 2023-11-07 09:54:13.062 [main] ConvertMxmlService - Node Name =mx:Label [CLOSE]
[INFO ] 2023-11-07 09:54:13.062 [main] ConvertMxmlService - Node Name =#text [OPEN]
[INFO ] 2023-11-07 09:54:13.062 [main] ConvertMxmlService - Node Name =mx:Component [CLOSE]
[INFO ] 2023-11-07 09:54:13.062 [main] ConvertMxmlService - Node Name =#text [OPEN]
[INFO ] 2023-11-07 09:54:13.062 [main] ConvertMxmlService - Node Name =mx:headerRenderer [CLOSE]
[INFO ] 2023-11-07 09:54:13.062 [main] ConvertMxmlService - Node Name =#text [OPEN]
[INFO ] 2023-11-07 09:54:13.062 [main] ConvertMxmlService - Node Name =mx:DataGridColumn [CLOSE]
[INFO ] 2023-11-07 09:54:13.062 [main] ConvertMxmlService - Node Name =#text [OPEN]
[INFO ] 2023-11-07 09:54:13.062 [main] ConvertMxmlService - Node Name =mx:DataGridColumn [OPEN]
[INFO ] 2023-11-07 09:54:13.063 [main] ConvertMxmlService - Node Name =#text [OPEN]
[INFO ] 2023-11-07 09:54:13.063 [main] ConvertMxmlService - Node Name =mx:headerRenderer [OPEN]
[INFO ] 2023-11-07 09:54:13.064 [main] ConvertMxmlService - Node Name =#text [OPEN]
[INFO ] 2023-11-07 09:54:13.064 [main] ConvertMxmlService - Node Name =mx:Component [OPEN]
[INFO ] 2023-11-07 09:54:13.064 [main] ConvertMxmlService - Node Name =#text [OPEN]
[INFO ] 2023-11-07 09:54:13.064 [main] ConvertMxmlService - Node Name =mx:Label [OPEN]
[INFO ] 2023-11-07 09:54:13.064 [main] ConvertMxmlService - Node Name =mx:Label [CLOSE]
[INFO ] 2023-11-07 09:54:13.064 [main] ConvertMxmlService - Node Name =#text [OPEN]
[INFO ] 2023-11-07 09:54:13.064 [main] ConvertMxmlService - Node Name =mx:Component [CLOSE]
[INFO ] 2023-11-07 09:54:13.064 [main] ConvertMxmlService - Node Name =#text [OPEN]
[INFO ] 2023-11-07 09:54:13.064 [main] ConvertMxmlService - Node Name =mx:headerRenderer [CLOSE]
[INFO ] 2023-11-07 09:54:13.064 [main] ConvertMxmlService - Node Name =#text [OPEN]
[INFO ] 2023-11-07 09:54:13.064 [main] ConvertMxmlService - Node Name =mx:DataGridColumn [CLOSE]
[INFO ] 2023-11-07 09:54:13.064 [main] ConvertMxmlService - Node Name =#text [OPEN]
[INFO ] 2023-11-07 09:54:13.065 [main] ConvertMxmlService - Node Name =Controls:columns [CLOSE]
[INFO ] 2023-11-07 09:54:13.065 [main] ConvertMxmlService - Node Name =#text [OPEN]
[INFO ] 2023-11-07 09:54:13.065 [main] ConvertMxmlService - Node Name =Controls:ACCDataGrid [CLOSE]
[INFO ] 2023-11-07 09:54:13.065 [main] ConvertMxmlService - Node Name =#text [OPEN]
[INFO ] 2023-11-07 09:54:13.065 [main] ConvertMxmlService - Node Name =Controls:ACCButton [OPEN]
[INFO ] 2023-11-07 09:54:13.065 [main] ConvertMxmlService - Node Name =Controls:ACCButton [CLOSE]
[INFO ] 2023-11-07 09:54:13.065 [main] ConvertMxmlService - Node Name =#text [OPEN]
[INFO ] 2023-11-07 09:54:13.065 [main] ConvertMxmlService - Node Name =Controls:ACCButton [OPEN]
[INFO ] 2023-11-07 09:54:13.066 [main] ConvertMxmlService - Node Name =Controls:ACCButton [CLOSE]
[INFO ] 2023-11-07 09:54:13.066 [main] ConvertMxmlService - Node Name =#text [OPEN]
[INFO ] 2023-11-07 09:54:13.066 [main] ConvertMxmlService - Node Name =Controls:ACCButton [OPEN]
[INFO ] 2023-11-07 09:54:13.066 [main] ConvertMxmlService - Node Name =Controls:ACCButton [CLOSE]
[INFO ] 2023-11-07 09:54:13.066 [main] ConvertMxmlService - Node Name =#text [OPEN]
[INFO ] 2023-11-07 09:54:13.066 [main] ConvertMxmlService - Node Name =Controls:ACCButton [OPEN]
[INFO ] 2023-11-07 09:54:13.067 [main] ConvertMxmlService - Node Name =Controls:ACCButton [CLOSE]
[INFO ] 2023-11-07 09:54:13.067 [main] ConvertMxmlService - Node Name =#text [OPEN]
[INFO ] 2023-11-07 09:54:13.067 [main] ConvertMxmlService - Node Name =Controls:ACCDataGrid [OPEN]
[INFO ] 2023-11-07 09:54:13.068 [main] ConvertMxmlService - Node Name =#text [OPEN]
[INFO ] 2023-11-07 09:54:13.068 [main] ConvertMxmlService - Node Name =Controls:columns [OPEN]
[INFO ] 2023-11-07 09:54:13.068 [main] ConvertMxmlService - Node Name =#text [OPEN]
[INFO ] 2023-11-07 09:54:13.068 [main] ConvertMxmlService - Node Name =mx:DataGridColumn [OPEN]
[INFO ] 2023-11-07 09:54:13.069 [main] ConvertMxmlService - Node Name =#text [OPEN]
[INFO ] 2023-11-07 09:54:13.069 [main] ConvertMxmlService - Node Name =mx:headerRenderer [OPEN]
[INFO ] 2023-11-07 09:54:13.070 [main] ConvertMxmlService - Node Name =#text [OPEN]
[INFO ] 2023-11-07 09:54:13.070 [main] ConvertMxmlService - Node Name =mx:Component [OPEN]
[INFO ] 2023-11-07 09:54:13.070 [main] ConvertMxmlService - Node Name =#text [OPEN]
[INFO ] 2023-11-07 09:54:13.070 [main] ConvertMxmlService - Node Name =mx:Label [OPEN]
[INFO ] 2023-11-07 09:54:13.071 [main] ConvertMxmlService - Node Name =mx:Label [CLOSE]
[INFO ] 2023-11-07 09:54:13.071 [main] ConvertMxmlService - Node Name =#text [OPEN]
[INFO ] 2023-11-07 09:54:13.071 [main] ConvertMxmlService - Node Name =mx:Component [CLOSE]
[INFO ] 2023-11-07 09:54:13.071 [main] ConvertMxmlService - Node Name =#text [OPEN]
[INFO ] 2023-11-07 09:54:13.071 [main] ConvertMxmlService - Node Name =mx:headerRenderer [CLOSE]
[INFO ] 2023-11-07 09:54:13.071 [main] ConvertMxmlService - Node Name =#text [OPEN]
[INFO ] 2023-11-07 09:54:13.071 [main] ConvertMxmlService - Node Name =mx:DataGridColumn [CLOSE]
[INFO ] 2023-11-07 09:54:13.071 [main] ConvertMxmlService - Node Name =#text [OPEN]
[INFO ] 2023-11-07 09:54:13.071 [main] ConvertMxmlService - Node Name =mx:DataGridColumn [OPEN]
[INFO ] 2023-11-07 09:54:13.072 [main] ConvertMxmlService - Node Name =#text [OPEN]
[INFO ] 2023-11-07 09:54:13.072 [main] ConvertMxmlService - Node Name =mx:headerRenderer [OPEN]
[INFO ] 2023-11-07 09:54:13.073 [main] ConvertMxmlService - Node Name =#text [OPEN]
[INFO ] 2023-11-07 09:54:13.073 [main] ConvertMxmlService - Node Name =mx:Component [OPEN]
[INFO ] 2023-11-07 09:54:13.073 [main] ConvertMxmlService - Node Name =#text [OPEN]
[INFO ] 2023-11-07 09:54:13.073 [main] ConvertMxmlService - Node Name =mx:Label [OPEN]
[INFO ] 2023-11-07 09:54:13.074 [main] ConvertMxmlService - Node Name =mx:Label [CLOSE]
[INFO ] 2023-11-07 09:54:13.074 [main] ConvertMxmlService - Node Name =#text [OPEN]
[INFO ] 2023-11-07 09:54:13.074 [main] ConvertMxmlService - Node Name =mx:Component [CLOSE]
[INFO ] 2023-11-07 09:54:13.074 [main] ConvertMxmlService - Node Name =#text [OPEN]
[INFO ] 2023-11-07 09:54:13.074 [main] ConvertMxmlService - Node Name =mx:headerRenderer [CLOSE]
[INFO ] 2023-11-07 09:54:13.074 [main] ConvertMxmlService - Node Name =#text [OPEN]
[INFO ] 2023-11-07 09:54:13.074 [main] ConvertMxmlService - Node Name =mx:DataGridColumn [CLOSE]
[INFO ] 2023-11-07 09:54:13.074 [main] ConvertMxmlService - Node Name =#text [OPEN]
[INFO ] 2023-11-07 09:54:13.074 [main] ConvertMxmlService - Node Name =Controls:columns [CLOSE]
[INFO ] 2023-11-07 09:54:13.074 [main] ConvertMxmlService - Node Name =#text [OPEN]
[INFO ] 2023-11-07 09:54:13.074 [main] ConvertMxmlService - Node Name =Controls:ACCDataGrid [CLOSE]
[INFO ] 2023-11-07 09:54:13.074 [main] ConvertMxmlService - Node Name =#text [OPEN]
[INFO ] 2023-11-07 09:54:13.074 [main] ConvertMxmlService - Node Name =Containers:ACCPanel [CLOSE]
[INFO ] 2023-11-07 09:54:13.074 [main] ConvertMxmlService - Node Name =#text [OPEN]
[INFO ] 2023-11-07 09:54:13.074 [main] ConvertMxmlService - Node Name =#comment [OPEN]
[INFO ] 2023-11-07 09:54:13.074 [main] ConvertMxmlService - Node Name =#text [OPEN]
[INFO ] 2023-11-07 09:54:13.074 [main] ConvertMxmlService - Node Name =Containers:ACCPanel [OPEN]
[INFO ] 2023-11-07 09:54:13.075 [main] ConvertMxmlService - Node Name =#text [OPEN]
[INFO ] 2023-11-07 09:54:13.075 [main] ConvertMxmlService - Node Name =Controls:ACCButton [OPEN]
[INFO ] 2023-11-07 09:54:13.075 [main] ConvertMxmlService - Node Name =Controls:ACCButton [CLOSE]
[INFO ] 2023-11-07 09:54:13.075 [main] ConvertMxmlService - Node Name =#text [OPEN]
[INFO ] 2023-11-07 09:54:13.075 [main] ConvertMxmlService - Node Name =Controls:ACCDataGrid [OPEN]
[INFO ] 2023-11-07 09:54:13.076 [main] ConvertMxmlService - Node Name =#text [OPEN]
[INFO ] 2023-11-07 09:54:13.076 [main] ConvertMxmlService - Node Name =Controls:columns [OPEN]
[INFO ] 2023-11-07 09:54:13.076 [main] ConvertMxmlService - Node Name =#text [OPEN]
[INFO ] 2023-11-07 09:54:13.076 [main] ConvertMxmlService - Node Name =mx:DataGridColumn [OPEN]
[INFO ] 2023-11-07 09:54:13.077 [main] ConvertMxmlService - Node Name =#text [OPEN]
[INFO ] 2023-11-07 09:54:13.077 [main] ConvertMxmlService - Node Name =mx:headerRenderer [OPEN]
[INFO ] 2023-11-07 09:54:13.077 [main] ConvertMxmlService - Node Name =#text [OPEN]
[INFO ] 2023-11-07 09:54:13.077 [main] ConvertMxmlService - Node Name =mx:Component [OPEN]
[INFO ] 2023-11-07 09:54:13.078 [main] ConvertMxmlService - Node Name =#text [OPEN]
[INFO ] 2023-11-07 09:54:13.078 [main] ConvertMxmlService - Node Name =mx:Label [OPEN]
[INFO ] 2023-11-07 09:54:13.079 [main] ConvertMxmlService - Node Name =mx:Label [CLOSE]
[INFO ] 2023-11-07 09:54:13.079 [main] ConvertMxmlService - Node Name =#text [OPEN]
[INFO ] 2023-11-07 09:54:13.079 [main] ConvertMxmlService - Node Name =mx:Component [CLOSE]
[INFO ] 2023-11-07 09:54:13.079 [main] ConvertMxmlService - Node Name =#text [OPEN]
[INFO ] 2023-11-07 09:54:13.079 [main] ConvertMxmlService - Node Name =mx:headerRenderer [CLOSE]
[INFO ] 2023-11-07 09:54:13.079 [main] ConvertMxmlService - Node Name =#text [OPEN]
[INFO ] 2023-11-07 09:54:13.079 [main] ConvertMxmlService - Node Name =mx:DataGridColumn [CLOSE]
[INFO ] 2023-11-07 09:54:13.080 [main] ConvertMxmlService - Node Name =#text [OPEN]
[INFO ] 2023-11-07 09:54:13.080 [main] ConvertMxmlService - Node Name =mx:DataGridColumn [OPEN]
[INFO ] 2023-11-07 09:54:13.081 [main] ConvertMxmlService - Node Name =#text [OPEN]
[INFO ] 2023-11-07 09:54:13.081 [main] ConvertMxmlService - Node Name =mx:headerRenderer [OPEN]
[INFO ] 2023-11-07 09:54:13.082 [main] ConvertMxmlService - Node Name =#text [OPEN]
[INFO ] 2023-11-07 09:54:13.082 [main] ConvertMxmlService - Node Name =mx:Component [OPEN]
[INFO ] 2023-11-07 09:54:13.082 [main] ConvertMxmlService - Node Name =#text [OPEN]
[INFO ] 2023-11-07 09:54:13.083 [main] ConvertMxmlService - Node Name =mx:Label [OPEN]
[INFO ] 2023-11-07 09:54:13.083 [main] ConvertMxmlService - Node Name =mx:Label [CLOSE]
[INFO ] 2023-11-07 09:54:13.083 [main] ConvertMxmlService - Node Name =#text [OPEN]
[INFO ] 2023-11-07 09:54:13.083 [main] ConvertMxmlService - Node Name =mx:Component [CLOSE]
[INFO ] 2023-11-07 09:54:13.083 [main] ConvertMxmlService - Node Name =#text [OPEN]
[INFO ] 2023-11-07 09:54:13.083 [main] ConvertMxmlService - Node Name =mx:headerRenderer [CLOSE]
[INFO ] 2023-11-07 09:54:13.083 [main] ConvertMxmlService - Node Name =#text [OPEN]
[INFO ] 2023-11-07 09:54:13.083 [main] ConvertMxmlService - Node Name =mx:DataGridColumn [CLOSE]
[INFO ] 2023-11-07 09:54:13.083 [main] ConvertMxmlService - Node Name =#text [OPEN]
[INFO ] 2023-11-07 09:54:13.083 [main] ConvertMxmlService - Node Name =Controls:columns [CLOSE]
[INFO ] 2023-11-07 09:54:13.083 [main] ConvertMxmlService - Node Name =#text [OPEN]
[INFO ] 2023-11-07 09:54:13.083 [main] ConvertMxmlService - Node Name =Controls:ACCDataGrid [CLOSE]
[INFO ] 2023-11-07 09:54:13.083 [main] ConvertMxmlService - Node Name =#text [OPEN]
[INFO ] 2023-11-07 09:54:13.083 [main] ConvertMxmlService - Node Name =Containers:ACCPanel [CLOSE]
[INFO ] 2023-11-07 09:54:13.083 [main] ConvertMxmlService - Node Name =#text [OPEN]
[INFO ] 2023-11-07 09:54:13.084 [main] ConvertMxmlService - Node Name =Containers:ACCCanvas [CLOSE]
[INFO ] 2023-11-07 09:54:13.084 [main] ConvertMxmlService - Node Name =#text [OPEN]
[INFO ] 2023-11-07 09:54:13.084 [main] ConvertMxmlService - Node Name =#comment [OPEN]
[INFO ] 2023-11-07 09:54:13.084 [main] ConvertMxmlService - Node Name =#text [OPEN]
[INFO ] 2023-11-07 09:54:13.084 [main] ConvertMxmlService - Node Name =Containers:ACCCanvas [OPEN]
[INFO ] 2023-11-07 09:54:13.084 [main] ConvertMxmlService - Node Name =#text [OPEN]
[INFO ] 2023-11-07 09:54:13.084 [main] ConvertMxmlService - Node Name =#comment [OPEN]
[INFO ] 2023-11-07 09:54:13.084 [main] ConvertMxmlService - Node Name =#text [OPEN]
[INFO ] 2023-11-07 09:54:13.084 [main] ConvertMxmlService - Node Name =Containers:ACCPanel [OPEN]
[INFO ] 2023-11-07 09:54:13.085 [main] ConvertMxmlService - Node Name =#text [OPEN]
[INFO ] 2023-11-07 09:54:13.085 [main] ConvertMxmlService - Node Name =Controls:ACCRadioButtonGroup [OPEN]
[INFO ] 2023-11-07 09:54:13.087 [main] ConvertMxmlService - Node Name =Controls:ACCRadioButtonGroup [CLOSE]
[INFO ] 2023-11-07 09:54:13.087 [main] ConvertMxmlService - Node Name =#text [OPEN]
[INFO ] 2023-11-07 09:54:13.087 [main] ConvertMxmlService - Node Name =Controls:ACCRadioButton [OPEN]
[INFO ] 2023-11-07 09:54:13.088 [main] ConvertMxmlService - Node Name =Controls:ACCRadioButton [CLOSE]
[INFO ] 2023-11-07 09:54:13.088 [main] ConvertMxmlService - Node Name =#text [OPEN]
[INFO ] 2023-11-07 09:54:13.088 [main] ConvertMxmlService - Node Name =Controls:ACCRadioButton [OPEN]
[INFO ] 2023-11-07 09:54:13.089 [main] ConvertMxmlService - Node Name =Controls:ACCRadioButton [CLOSE]
[INFO ] 2023-11-07 09:54:13.089 [main] ConvertMxmlService - Node Name =#text [OPEN]
[INFO ] 2023-11-07 09:54:13.089 [main] ConvertMxmlService - Node Name =Controls:ACCRadioButton [OPEN]
[INFO ] 2023-11-07 09:54:13.090 [main] ConvertMxmlService - Node Name =Controls:ACCRadioButton [CLOSE]
[INFO ] 2023-11-07 09:54:13.090 [main] ConvertMxmlService - Node Name =#text [OPEN]
[INFO ] 2023-11-07 09:54:13.090 [main] ConvertMxmlService - Node Name =Controls:ACCDataGrid [OPEN]
[INFO ] 2023-11-07 09:54:13.090 [main] ConvertMxmlService - Node Name =#text [OPEN]
[INFO ] 2023-11-07 09:54:13.090 [main] ConvertMxmlService - Node Name =Controls:columns [OPEN]
[INFO ] 2023-11-07 09:54:13.091 [main] ConvertMxmlService - Node Name =#text [OPEN]
[INFO ] 2023-11-07 09:54:13.091 [main] ConvertMxmlService - Node Name =mx:DataGridColumn [OPEN]
[INFO ] 2023-11-07 09:54:13.091 [main] ConvertMxmlService - Node Name =#text [OPEN]
[INFO ] 2023-11-07 09:54:13.091 [main] ConvertMxmlService - Node Name =mx:headerRenderer [OPEN]
[INFO ] 2023-11-07 09:54:13.092 [main] ConvertMxmlService - Node Name =#text [OPEN]
[INFO ] 2023-11-07 09:54:13.092 [main] ConvertMxmlService - Node Name =mx:Component [OPEN]
[INFO ] 2023-11-07 09:54:13.092 [main] ConvertMxmlService - Node Name =#text [OPEN]
[INFO ] 2023-11-07 09:54:13.092 [main] ConvertMxmlService - Node Name =mx:Label [OPEN]
[INFO ] 2023-11-07 09:54:13.093 [main] ConvertMxmlService - Node Name =mx:Label [CLOSE]
[INFO ] 2023-11-07 09:54:13.093 [main] ConvertMxmlService - Node Name =#text [OPEN]
[INFO ] 2023-11-07 09:54:13.093 [main] ConvertMxmlService - Node Name =mx:Component [CLOSE]
[INFO ] 2023-11-07 09:54:13.093 [main] ConvertMxmlService - Node Name =#text [OPEN]
[INFO ] 2023-11-07 09:54:13.093 [main] ConvertMxmlService - Node Name =mx:headerRenderer [CLOSE]
[INFO ] 2023-11-07 09:54:13.093 [main] ConvertMxmlService - Node Name =#text [OPEN]
[INFO ] 2023-11-07 09:54:13.093 [main] ConvertMxmlService - Node Name =mx:DataGridColumn [CLOSE]
[INFO ] 2023-11-07 09:54:13.093 [main] ConvertMxmlService - Node Name =#text [OPEN]
[INFO ] 2023-11-07 09:54:13.093 [main] ConvertMxmlService - Node Name =mx:DataGridColumn [OPEN]
[INFO ] 2023-11-07 09:54:13.094 [main] ConvertMxmlService - Node Name =#text [OPEN]
[INFO ] 2023-11-07 09:54:13.094 [main] ConvertMxmlService - Node Name =mx:headerRenderer [OPEN]
[INFO ] 2023-11-07 09:54:13.094 [main] ConvertMxmlService - Node Name =#text [OPEN]
[INFO ] 2023-11-07 09:54:13.094 [main] ConvertMxmlService - Node Name =mx:Component [OPEN]
[INFO ] 2023-11-07 09:54:13.095 [main] ConvertMxmlService - Node Name =#text [OPEN]
[INFO ] 2023-11-07 09:54:13.095 [main] ConvertMxmlService - Node Name =mx:Label [OPEN]
[INFO ] 2023-11-07 09:54:13.096 [main] ConvertMxmlService - Node Name =mx:Label [CLOSE]
[INFO ] 2023-11-07 09:54:13.096 [main] ConvertMxmlService - Node Name =#text [OPEN]
[INFO ] 2023-11-07 09:54:13.096 [main] ConvertMxmlService - Node Name =mx:Component [CLOSE]
[INFO ] 2023-11-07 09:54:13.096 [main] ConvertMxmlService - Node Name =#text [OPEN]
[INFO ] 2023-11-07 09:54:13.096 [main] ConvertMxmlService - Node Name =mx:headerRenderer [CLOSE]
[INFO ] 2023-11-07 09:54:13.096 [main] ConvertMxmlService - Node Name =#text [OPEN]
[INFO ] 2023-11-07 09:54:13.096 [main] ConvertMxmlService - Node Name =mx:DataGridColumn [CLOSE]
[INFO ] 2023-11-07 09:54:13.096 [main] ConvertMxmlService - Node Name =#text [OPEN]
[INFO ] 2023-11-07 09:54:13.096 [main] ConvertMxmlService - Node Name =mx:DataGridColumn [OPEN]
[INFO ] 2023-11-07 09:54:13.097 [main] ConvertMxmlService - Node Name =#text [OPEN]
[INFO ] 2023-11-07 09:54:13.097 [main] ConvertMxmlService - Node Name =mx:headerRenderer [OPEN]
[INFO ] 2023-11-07 09:54:13.097 [main] ConvertMxmlService - Node Name =#text [OPEN]
[INFO ] 2023-11-07 09:54:13.097 [main] ConvertMxmlService - Node Name =mx:Component [OPEN]
[INFO ] 2023-11-07 09:54:13.098 [main] ConvertMxmlService - Node Name =#text [OPEN]
[INFO ] 2023-11-07 09:54:13.098 [main] ConvertMxmlService - Node Name =mx:Label [OPEN]
[INFO ] 2023-11-07 09:54:13.099 [main] ConvertMxmlService - Node Name =mx:Label [CLOSE]
[INFO ] 2023-11-07 09:54:13.099 [main] ConvertMxmlService - Node Name =#text [OPEN]
[INFO ] 2023-11-07 09:54:13.099 [main] ConvertMxmlService - Node Name =mx:Component [CLOSE]
[INFO ] 2023-11-07 09:54:13.099 [main] ConvertMxmlService - Node Name =#text [OPEN]
[INFO ] 2023-11-07 09:54:13.099 [main] ConvertMxmlService - Node Name =mx:headerRenderer [CLOSE]
[INFO ] 2023-11-07 09:54:13.099 [main] ConvertMxmlService - Node Name =#text [OPEN]
[INFO ] 2023-11-07 09:54:13.099 [main] ConvertMxmlService - Node Name =mx:DataGridColumn [CLOSE]
[INFO ] 2023-11-07 09:54:13.099 [main] ConvertMxmlService - Node Name =#text [OPEN]
[INFO ] 2023-11-07 09:54:13.099 [main] ConvertMxmlService - Node Name =Controls:columns [CLOSE]
[INFO ] 2023-11-07 09:54:13.099 [main] ConvertMxmlService - Node Name =#text [OPEN]
[INFO ] 2023-11-07 09:54:13.099 [main] ConvertMxmlService - Node Name =Controls:ACCDataGrid [CLOSE]
[INFO ] 2023-11-07 09:54:13.099 [main] ConvertMxmlService - Node Name =#text [OPEN]
[INFO ] 2023-11-07 09:54:13.099 [main] ConvertMxmlService - Node Name =Controls:ACCButton [OPEN]
[INFO ] 2023-11-07 09:54:13.099 [main] ConvertMxmlService - Node Name =Controls:ACCButton [CLOSE]
[INFO ] 2023-11-07 09:54:13.100 [main] ConvertMxmlService - Node Name =#text [OPEN]
[INFO ] 2023-11-07 09:54:13.100 [main] ConvertMxmlService - Node Name =Controls:ACCButton [OPEN]
[INFO ] 2023-11-07 09:54:13.100 [main] ConvertMxmlService - Node Name =Controls:ACCButton [CLOSE]
[INFO ] 2023-11-07 09:54:13.100 [main] ConvertMxmlService - Node Name =#text [OPEN]
[INFO ] 2023-11-07 09:54:13.100 [main] ConvertMxmlService - Node Name =Controls:ACCButton [OPEN]
[INFO ] 2023-11-07 09:54:13.100 [main] ConvertMxmlService - Node Name =Controls:ACCButton [CLOSE]
[INFO ] 2023-11-07 09:54:13.101 [main] ConvertMxmlService - Node Name =#text [OPEN]
[INFO ] 2023-11-07 09:54:13.101 [main] ConvertMxmlService - Node Name =Controls:ACCButton [OPEN]
[INFO ] 2023-11-07 09:54:13.101 [main] ConvertMxmlService - Node Name =Controls:ACCButton [CLOSE]
[INFO ] 2023-11-07 09:54:13.101 [main] ConvertMxmlService - Node Name =#text [OPEN]
[INFO ] 2023-11-07 09:54:13.101 [main] ConvertMxmlService - Node Name =Controls:ACCDataGrid [OPEN]
[INFO ] 2023-11-07 09:54:13.102 [main] ConvertMxmlService - Node Name =#text [OPEN]
[INFO ] 2023-11-07 09:54:13.102 [main] ConvertMxmlService - Node Name =Controls:columns [OPEN]
[INFO ] 2023-11-07 09:54:13.102 [main] ConvertMxmlService - Node Name =#text [OPEN]
[INFO ] 2023-11-07 09:54:13.102 [main] ConvertMxmlService - Node Name =mx:DataGridColumn [OPEN]
[INFO ] 2023-11-07 09:54:13.102 [main] ConvertMxmlService - Node Name =#text [OPEN]
[INFO ] 2023-11-07 09:54:13.103 [main] ConvertMxmlService - Node Name =mx:headerRenderer [OPEN]
[INFO ] 2023-11-07 09:54:13.103 [main] ConvertMxmlService - Node Name =#text [OPEN]
[INFO ] 2023-11-07 09:54:13.103 [main] ConvertMxmlService - Node Name =mx:Component [OPEN]
[INFO ] 2023-11-07 09:54:13.103 [main] ConvertMxmlService - Node Name =#text [OPEN]
[INFO ] 2023-11-07 09:54:13.103 [main] ConvertMxmlService - Node Name =mx:Label [OPEN]
[INFO ] 2023-11-07 09:54:13.104 [main] ConvertMxmlService - Node Name =mx:Label [CLOSE]
[INFO ] 2023-11-07 09:54:13.104 [main] ConvertMxmlService - Node Name =#text [OPEN]
[INFO ] 2023-11-07 09:54:13.104 [main] ConvertMxmlService - Node Name =mx:Component [CLOSE]
[INFO ] 2023-11-07 09:54:13.104 [main] ConvertMxmlService - Node Name =#text [OPEN]
[INFO ] 2023-11-07 09:54:13.104 [main] ConvertMxmlService - Node Name =mx:headerRenderer [CLOSE]
[INFO ] 2023-11-07 09:54:13.104 [main] ConvertMxmlService - Node Name =#text [OPEN]
[INFO ] 2023-11-07 09:54:13.104 [main] ConvertMxmlService - Node Name =mx:DataGridColumn [CLOSE]
[INFO ] 2023-11-07 09:54:13.104 [main] ConvertMxmlService - Node Name =#text [OPEN]
[INFO ] 2023-11-07 09:54:13.104 [main] ConvertMxmlService - Node Name =mx:DataGridColumn [OPEN]
[INFO ] 2023-11-07 09:54:13.104 [main] ConvertMxmlService - Node Name =#text [OPEN]
[INFO ] 2023-11-07 09:54:13.104 [main] ConvertMxmlService - Node Name =mx:headerRenderer [OPEN]
[INFO ] 2023-11-07 09:54:13.105 [main] ConvertMxmlService - Node Name =#text [OPEN]
[INFO ] 2023-11-07 09:54:13.105 [main] ConvertMxmlService - Node Name =mx:Component [OPEN]
[INFO ] 2023-11-07 09:54:13.105 [main] ConvertMxmlService - Node Name =#text [OPEN]
[INFO ] 2023-11-07 09:54:13.105 [main] ConvertMxmlService - Node Name =mx:Label [OPEN]
[INFO ] 2023-11-07 09:54:13.106 [main] ConvertMxmlService - Node Name =mx:Label [CLOSE]
[INFO ] 2023-11-07 09:54:13.106 [main] ConvertMxmlService - Node Name =#text [OPEN]
[INFO ] 2023-11-07 09:54:13.106 [main] ConvertMxmlService - Node Name =mx:Component [CLOSE]
[INFO ] 2023-11-07 09:54:13.106 [main] ConvertMxmlService - Node Name =#text [OPEN]
[INFO ] 2023-11-07 09:54:13.106 [main] ConvertMxmlService - Node Name =mx:headerRenderer [CLOSE]
[INFO ] 2023-11-07 09:54:13.106 [main] ConvertMxmlService - Node Name =#text [OPEN]
[INFO ] 2023-11-07 09:54:13.106 [main] ConvertMxmlService - Node Name =mx:DataGridColumn [CLOSE]
[INFO ] 2023-11-07 09:54:13.106 [main] ConvertMxmlService - Node Name =#text [OPEN]
[INFO ] 2023-11-07 09:54:13.106 [main] ConvertMxmlService - Node Name =mx:DataGridColumn [OPEN]
[INFO ] 2023-11-07 09:54:13.106 [main] ConvertMxmlService - Node Name =#text [OPEN]
[INFO ] 2023-11-07 09:54:13.106 [main] ConvertMxmlService - Node Name =mx:headerRenderer [OPEN]
[INFO ] 2023-11-07 09:54:13.107 [main] ConvertMxmlService - Node Name =#text [OPEN]
[INFO ] 2023-11-07 09:54:13.107 [main] ConvertMxmlService - Node Name =mx:Component [OPEN]
[INFO ] 2023-11-07 09:54:13.107 [main] ConvertMxmlService - Node Name =#text [OPEN]
[INFO ] 2023-11-07 09:54:13.107 [main] ConvertMxmlService - Node Name =mx:Label [OPEN]
[INFO ] 2023-11-07 09:54:13.107 [main] ConvertMxmlService - Node Name =mx:Label [CLOSE]
[INFO ] 2023-11-07 09:54:13.107 [main] ConvertMxmlService - Node Name =#text [OPEN]
[INFO ] 2023-11-07 09:54:13.108 [main] ConvertMxmlService - Node Name =mx:Component [CLOSE]
[INFO ] 2023-11-07 09:54:13.108 [main] ConvertMxmlService - Node Name =#text [OPEN]
[INFO ] 2023-11-07 09:54:13.108 [main] ConvertMxmlService - Node Name =mx:headerRenderer [CLOSE]
[INFO ] 2023-11-07 09:54:13.108 [main] ConvertMxmlService - Node Name =#text [OPEN]
[INFO ] 2023-11-07 09:54:13.108 [main] ConvertMxmlService - Node Name =mx:DataGridColumn [CLOSE]
[INFO ] 2023-11-07 09:54:13.108 [main] ConvertMxmlService - Node Name =#text [OPEN]
[INFO ] 2023-11-07 09:54:13.108 [main] ConvertMxmlService - Node Name =Controls:columns [CLOSE]
[INFO ] 2023-11-07 09:54:13.108 [main] ConvertMxmlService - Node Name =#text [OPEN]
[INFO ] 2023-11-07 09:54:13.108 [main] ConvertMxmlService - Node Name =Controls:ACCDataGrid [CLOSE]
[INFO ] 2023-11-07 09:54:13.108 [main] ConvertMxmlService - Node Name =#text [OPEN]
[INFO ] 2023-11-07 09:54:13.108 [main] ConvertMxmlService - Node Name =Containers:ACCPanel [CLOSE]
[INFO ] 2023-11-07 09:54:13.108 [main] ConvertMxmlService - Node Name =#text [OPEN]
[INFO ] 2023-11-07 09:54:13.108 [main] ConvertMxmlService - Node Name =Controls:ACCLabel [OPEN]
[INFO ] 2023-11-07 09:54:13.108 [main] ConvertMxmlService - Node Name =Controls:ACCLabel [CLOSE]
[INFO ] 2023-11-07 09:54:13.108 [main] ConvertMxmlService - Node Name =#text [OPEN]
[INFO ] 2023-11-07 09:54:13.108 [main] ConvertMxmlService - Node Name =Controls:ACCComboBoxCode [OPEN]
[INFO ] 2023-11-07 09:54:13.109 [main] ConvertMxmlService - Node Name =Controls:ACCComboBoxCode [CLOSE]
[INFO ] 2023-11-07 09:54:13.109 [main] ConvertMxmlService - Node Name =#text [OPEN]
[INFO ] 2023-11-07 09:54:13.109 [main] ConvertMxmlService - Node Name =Controls:ACCTextInputMaskDate [OPEN]
[INFO ] 2023-11-07 09:54:13.109 [main] ConvertMxmlService - Node Name =Controls:ACCTextInputMaskDate [CLOSE]
[INFO ] 2023-11-07 09:54:13.109 [main] ConvertMxmlService - Node Name =#text [OPEN]
[INFO ] 2023-11-07 09:54:13.109 [main] ConvertMxmlService - Node Name =Controls:ACCLabel [OPEN]
[INFO ] 2023-11-07 09:54:13.109 [main] ConvertMxmlService - Node Name =Controls:ACCLabel [CLOSE]
[INFO ] 2023-11-07 09:54:13.110 [main] ConvertMxmlService - Node Name =#text [OPEN]
[INFO ] 2023-11-07 09:54:13.110 [main] ConvertMxmlService - Node Name =Controls:ACCTextInputMaskDate [OPEN]
[INFO ] 2023-11-07 09:54:13.110 [main] ConvertMxmlService - Node Name =Controls:ACCTextInputMaskDate [CLOSE]
[INFO ] 2023-11-07 09:54:13.110 [main] ConvertMxmlService - Node Name =#text [OPEN]
[INFO ] 2023-11-07 09:54:13.110 [main] ConvertMxmlService - Node Name =Controls:ACCLabel [OPEN]
[INFO ] 2023-11-07 09:54:13.111 [main] ConvertMxmlService - Node Name =Controls:ACCLabel [CLOSE]
[INFO ] 2023-11-07 09:54:13.111 [main] ConvertMxmlService - Node Name =#text [OPEN]
[INFO ] 2023-11-07 09:54:13.111 [main] ConvertMxmlService - Node Name =Controls:ACCComboBoxCode [OPEN]
[INFO ] 2023-11-07 09:54:13.111 [main] ConvertMxmlService - Node Name =Controls:ACCComboBoxCode [CLOSE]
[INFO ] 2023-11-07 09:54:13.111 [main] ConvertMxmlService - Node Name =#text [OPEN]
[INFO ] 2023-11-07 09:54:13.111 [main] ConvertMxmlService - Node Name =Controls:ACCTextInputMaskDate [OPEN]
[INFO ] 2023-11-07 09:54:13.111 [main] ConvertMxmlService - Node Name =Controls:ACCTextInputMaskDate [CLOSE]
[INFO ] 2023-11-07 09:54:13.112 [main] ConvertMxmlService - Node Name =#text [OPEN]
[INFO ] 2023-11-07 09:54:13.112 [main] ConvertMxmlService - Node Name =Controls:ACCLabel [OPEN]
[INFO ] 2023-11-07 09:54:13.112 [main] ConvertMxmlService - Node Name =Controls:ACCLabel [CLOSE]
[INFO ] 2023-11-07 09:54:13.112 [main] ConvertMxmlService - Node Name =#text [OPEN]
[INFO ] 2023-11-07 09:54:13.112 [main] ConvertMxmlService - Node Name =Controls:ACCTextInputMaskDate [OPEN]
[INFO ] 2023-11-07 09:54:13.113 [main] ConvertMxmlService - Node Name =Controls:ACCTextInputMaskDate [CLOSE]
[INFO ] 2023-11-07 09:54:13.113 [main] ConvertMxmlService - Node Name =#text [OPEN]
[INFO ] 2023-11-07 09:54:13.113 [main] ConvertMxmlService - Node Name =Controls:ACCLabel [OPEN]
[INFO ] 2023-11-07 09:54:13.113 [main] ConvertMxmlService - Node Name =Controls:ACCLabel [CLOSE]
[INFO ] 2023-11-07 09:54:13.113 [main] ConvertMxmlService - Node Name =#text [OPEN]
[INFO ] 2023-11-07 09:54:13.113 [main] ConvertMxmlService - Node Name =Controls:ACCTextInputMaskNumberOnly [OPEN]
[INFO ] 2023-11-07 09:54:13.114 [main] ConvertMxmlService - Node Name =Controls:ACCTextInputMaskNumberOnly [CLOSE]
[INFO ] 2023-11-07 09:54:13.114 [main] ConvertMxmlService - Node Name =#text [OPEN]
[INFO ] 2023-11-07 09:54:13.114 [main] ConvertMxmlService - Node Name =Controls:ACCLabel [OPEN]
[INFO ] 2023-11-07 09:54:13.114 [main] ConvertMxmlService - Node Name =Controls:ACCLabel [CLOSE]
[INFO ] 2023-11-07 09:54:13.114 [main] ConvertMxmlService - Node Name =#text [OPEN]
[INFO ] 2023-11-07 09:54:13.114 [main] ConvertMxmlService - Node Name =Controls:ACCTextInputMaskNumberOnly [OPEN]
[INFO ] 2023-11-07 09:54:13.115 [main] ConvertMxmlService - Node Name =Controls:ACCTextInputMaskNumberOnly [CLOSE]
[INFO ] 2023-11-07 09:54:13.115 [main] ConvertMxmlService - Node Name =#text [OPEN]
[INFO ] 2023-11-07 09:54:13.115 [main] ConvertMxmlService - Node Name =Controls:ACCLabel [OPEN]
[INFO ] 2023-11-07 09:54:13.115 [main] ConvertMxmlService - Node Name =Controls:ACCLabel [CLOSE]
[INFO ] 2023-11-07 09:54:13.115 [main] ConvertMxmlService - Node Name =#text [OPEN]
[INFO ] 2023-11-07 09:54:13.115 [main] ConvertMxmlService - Node Name =Controls:ACCTextInputMaskNumberOnly [OPEN]
[INFO ] 2023-11-07 09:54:13.116 [main] ConvertMxmlService - Node Name =Controls:ACCTextInputMaskNumberOnly [CLOSE]
[INFO ] 2023-11-07 09:54:13.116 [main] ConvertMxmlService - Node Name =#text [OPEN]
[INFO ] 2023-11-07 09:54:13.116 [main] ConvertMxmlService - Node Name =Controls:ACCLabel [OPEN]
[INFO ] 2023-11-07 09:54:13.116 [main] ConvertMxmlService - Node Name =Controls:ACCLabel [CLOSE]
[INFO ] 2023-11-07 09:54:13.116 [main] ConvertMxmlService - Node Name =#text [OPEN]
[INFO ] 2023-11-07 09:54:13.116 [main] ConvertMxmlService - Node Name =Controls:ACCTextInputMaskNumberOnly [OPEN]
[INFO ] 2023-11-07 09:54:13.117 [main] ConvertMxmlService - Node Name =Controls:ACCTextInputMaskNumberOnly [CLOSE]
[INFO ] 2023-11-07 09:54:13.117 [main] ConvertMxmlService - Node Name =#text [OPEN]
[INFO ] 2023-11-07 09:54:13.117 [main] ConvertMxmlService - Node Name =Controls:ACCLabel [OPEN]
[INFO ] 2023-11-07 09:54:13.117 [main] ConvertMxmlService - Node Name =Controls:ACCLabel [CLOSE]
[INFO ] 2023-11-07 09:54:13.117 [main] ConvertMxmlService - Node Name =#text [OPEN]
[INFO ] 2023-11-07 09:54:13.117 [main] ConvertMxmlService - Node Name =Controls:ACCTextInputMaskNumberOnly [OPEN]
[INFO ] 2023-11-07 09:54:13.117 [main] ConvertMxmlService - Node Name =Controls:ACCTextInputMaskNumberOnly [CLOSE]
[INFO ] 2023-11-07 09:54:13.117 [main] ConvertMxmlService - Node Name =#text [OPEN]
[INFO ] 2023-11-07 09:54:13.118 [main] ConvertMxmlService - Node Name =Controls:ACCLabel [OPEN]
[INFO ] 2023-11-07 09:54:13.118 [main] ConvertMxmlService - Node Name =Controls:ACCLabel [CLOSE]
[INFO ] 2023-11-07 09:54:13.118 [main] ConvertMxmlService - Node Name =#text [OPEN]
[INFO ] 2023-11-07 09:54:13.118 [main] ConvertMxmlService - Node Name =Controls:ACCTextInputMaskNumberOnly [OPEN]
[INFO ] 2023-11-07 09:54:13.118 [main] ConvertMxmlService - Node Name =Controls:ACCTextInputMaskNumberOnly [CLOSE]
[INFO ] 2023-11-07 09:54:13.118 [main] ConvertMxmlService - Node Name =#text [OPEN]
[INFO ] 2023-11-07 09:54:13.118 [main] ConvertMxmlService - Node Name =Controls:ACCLabel [OPEN]
[INFO ] 2023-11-07 09:54:13.119 [main] ConvertMxmlService - Node Name =Controls:ACCLabel [CLOSE]
[INFO ] 2023-11-07 09:54:13.119 [main] ConvertMxmlService - Node Name =#text [OPEN]
[INFO ] 2023-11-07 09:54:13.119 [main] ConvertMxmlService - Node Name =Controls:ACCTextInputMaskNumberOnly [OPEN]
[INFO ] 2023-11-07 09:54:13.119 [main] ConvertMxmlService - Node Name =Controls:ACCTextInputMaskNumberOnly [CLOSE]
[INFO ] 2023-11-07 09:54:13.119 [main] ConvertMxmlService - Node Name =#text [OPEN]
[INFO ] 2023-11-07 09:54:13.119 [main] ConvertMxmlService - Node Name =Controls:ACCLabel [OPEN]
[INFO ] 2023-11-07 09:54:13.120 [main] ConvertMxmlService - Node Name =Controls:ACCLabel [CLOSE]
[INFO ] 2023-11-07 09:54:13.120 [main] ConvertMxmlService - Node Name =#text [OPEN]
[INFO ] 2023-11-07 09:54:13.120 [main] ConvertMxmlService - Node Name =Controls:ACCTextInputMaskNumberOnly [OPEN]
[INFO ] 2023-11-07 09:54:13.120 [main] ConvertMxmlService - Node Name =Controls:ACCTextInputMaskNumberOnly [CLOSE]
[INFO ] 2023-11-07 09:54:13.120 [main] ConvertMxmlService - Node Name =#text [OPEN]
[INFO ] 2023-11-07 09:54:13.120 [main] ConvertMxmlService - Node Name =Controls:ACCLabel [OPEN]
[INFO ] 2023-11-07 09:54:13.121 [main] ConvertMxmlService - Node Name =Controls:ACCLabel [CLOSE]
[INFO ] 2023-11-07 09:54:13.121 [main] ConvertMxmlService - Node Name =#text [OPEN]
[INFO ] 2023-11-07 09:54:13.121 [main] ConvertMxmlService - Node Name =Controls:ACCTextInputMaskNumberOnly [OPEN]
[INFO ] 2023-11-07 09:54:13.121 [main] ConvertMxmlService - Node Name =Controls:ACCTextInputMaskNumberOnly [CLOSE]
[INFO ] 2023-11-07 09:54:13.121 [main] ConvertMxmlService - Node Name =#text [OPEN]
[INFO ] 2023-11-07 09:54:13.122 [main] ConvertMxmlService - Node Name =Controls:ACCLabel [OPEN]
