[INFO ] 2023-11-02 11:06:16.354 [main] MxmlConvert - Root Element :Containers:ACCTitleWindow
[INFO ] 2023-11-02 11:06:16.356 [main] MxmlConvert - ------
[INFO ] 2023-11-02 11:06:16.385 [main] ConvertMxmlService - Node Name =#comment [OPEN]
[INFO ] 2023-11-02 11:06:16.385 [main] ConvertMxmlService - Node Name =Containers:ACCTitleWindow [OPEN]
[INFO ] 2023-11-02 11:06:16.402 [main] ConvertMxmlService - Node Name =#text [OPEN]
[INFO ] 2023-11-02 11:06:16.402 [main] ConvertMxmlService - Node Name =mx:Script [OPEN]
[INFO ] 2023-11-02 11:06:16.403 [main] ConvertMxmlService - Node Name =#text [OPEN]
[INFO ] 2023-11-02 11:06:16.403 [main] ConvertMxmlService - Node Name =tougouchusyutsu:MG3001001_00_000_AS [OPEN]
[INFO ] 2023-11-02 11:06:16.405 [main] ConvertMxmlService - Node Name =#text [OPEN]
[INFO ] 2023-11-02 11:06:16.405 [main] ConvertMxmlService - Node Name =tougouchusyutsu:MG3001001_01_000 [OPEN]
[INFO ] 2023-11-02 11:06:16.408 [main] ConvertMxmlService - Node Name =tougouchusyutsu:MG3001001_01_000 [CLOSE]
[INFO ] 2023-11-02 11:06:16.408 [main] ConvertMxmlService - Node Name =#text [OPEN]
[INFO ] 2023-11-02 11:06:16.408 [main] ConvertMxmlService - Node Name =Containers:ACCTitleWindow [CLOSE]
[DEBUG] 2023-11-02 11:06:16.408 [main] MxmlConvert - parent name: null
[DEBUG] 2023-11-02 11:06:16.408 [main] MxmlConvert - name: #comment
[DEBUG] 2023-11-02 11:06:16.408 [main] MxmlConvert - cssElement: 
[DEBUG] 2023-11-02 11:06:16.408 [main] MxmlConvert - attributeElement: 
[DEBUG] 2023-11-02 11:06:16.408 [main] MxmlConvert - <!--  統合抽出画面 -->
[DEBUG] 2023-11-02 11:06:16.408 [main] MxmlConvert - parent name: First Node
[DEBUG] 2023-11-02 11:06:16.408 [main] MxmlConvert - name: Containers:ACCTitleWindow
[DEBUG] 2023-11-02 11:06:16.408 [main] MxmlConvert - parent name: Containers:ACCTitleWindow
[DEBUG] 2023-11-02 11:06:16.408 [main] MxmlConvert - name: tougouchusyutsu:MG3001001_01_000
[DEBUG] 2023-11-02 11:06:16.409 [main] MxmlConvert - cssElement: height:712px;width:1018px;position: absolute; left:-1px;top:-2px;
[DEBUG] 2023-11-02 11:06:16.409 [main] MxmlConvert - attributeElement:  id="compCanvas1"
[DEBUG] 2023-11-02 11:06:16.409 [main] MxmlConvert - cssElement: height:738px;position:absolute;width:1022px;
[DEBUG] 2023-11-02 11:06:16.409 [main] MxmlConvert - attributeElement:  title="統合抽出画面"
[DEBUG] 2023-11-02 11:06:16.409 [main] MxmlConvert - <!--  統合抽出画面 --><ui:include src="MG3001001_01_000.xhtml" id="compCanvas1" style="height:712px;width:1018px;position: absolute; left:-1px;top:-2px;"></ui:include>
[INFO ] 2023-11-02 11:06:16.450 [main] MxmlConvert - Html file created successfully.
[INFO ] 2023-11-02 11:06:16.450 [main] MxmlConvert - CSS file created successfully.
[INFO ] 2023-11-02 11:06:16.476 [main] MxmlConvert - Root Element :Containers:ACCCanvas
[INFO ] 2023-11-02 11:06:16.476 [main] MxmlConvert - ------
[INFO ] 2023-11-02 11:06:16.483 [main] ConvertMxmlService - Node Name =#comment [OPEN]
[INFO ] 2023-11-02 11:06:16.484 [main] ConvertMxmlService - Node Name =Containers:ACCCanvas [OPEN]
[INFO ] 2023-11-02 11:06:16.489 [main] ConvertMxmlService - Node Name =#text [OPEN]
[INFO ] 2023-11-02 11:06:16.489 [main] ConvertMxmlService - Node Name =mx:Script [OPEN]
[INFO ] 2023-11-02 11:06:16.490 [main] ConvertMxmlService - Node Name =#text [OPEN]
[INFO ] 2023-11-02 11:06:16.490 [main] ConvertMxmlService - Node Name =#comment [OPEN]
[INFO ] 2023-11-02 11:06:16.490 [main] ConvertMxmlService - Node Name =#text [OPEN]
[INFO ] 2023-11-02 11:06:16.490 [main] ConvertMxmlService - Node Name =mx:XML [OPEN]
[INFO ] 2023-11-02 11:06:16.490 [main] ConvertMxmlService - Node Name =#text [OPEN]
[INFO ] 2023-11-02 11:06:16.490 [main] ConvertMxmlService - Node Name =#comment [OPEN]
[INFO ] 2023-11-02 11:06:16.490 [main] ConvertMxmlService - Node Name =#text [OPEN]
[INFO ] 2023-11-02 11:06:16.490 [main] ConvertMxmlService - Node Name =#comment [OPEN]
[INFO ] 2023-11-02 11:06:16.490 [main] ConvertMxmlService - Node Name =#text [OPEN]
[INFO ] 2023-11-02 11:06:16.491 [main] ConvertMxmlService - Node Name =mx:XML [OPEN]
[INFO ] 2023-11-02 11:06:16.491 [main] ConvertMxmlService - Node Name =#text [OPEN]
[INFO ] 2023-11-02 11:06:16.491 [main] ConvertMxmlService - Node Name =tougouchusyutsu:MG3001001_01_000_AS [OPEN]
[INFO ] 2023-11-02 11:06:16.492 [main] ConvertMxmlService - Node Name =#text [OPEN]
[INFO ] 2023-11-02 11:06:16.492 [main] ConvertMxmlService - Node Name =Controls:ACCLabel [OPEN]
[INFO ] 2023-11-02 11:06:16.494 [main] ConvertMxmlService - Node Name =Controls:ACCLabel [CLOSE]
[INFO ] 2023-11-02 11:06:16.494 [main] ConvertMxmlService - Node Name =#text [OPEN]
[INFO ] 2023-11-02 11:06:16.494 [main] ConvertMxmlService - Node Name =#comment [OPEN]
[INFO ] 2023-11-02 11:06:16.495 [main] ConvertMxmlService - Node Name =#text [OPEN]
[INFO ] 2023-11-02 11:06:16.495 [main] ConvertMxmlService - Node Name =Controls:ACCTextInput [OPEN]
[INFO ] 2023-11-02 11:06:16.498 [main] ConvertMxmlService - Node Name =Controls:ACCTextInput [CLOSE]
[INFO ] 2023-11-02 11:06:16.498 [main] ConvertMxmlService - Node Name =#text [OPEN]
[INFO ] 2023-11-02 11:06:16.499 [main] ConvertMxmlService - Node Name =#comment [OPEN]
[INFO ] 2023-11-02 11:06:16.499 [main] ConvertMxmlService - Node Name =#text [OPEN]
[INFO ] 2023-11-02 11:06:16.499 [main] ConvertMxmlService - Node Name =Controls:ACCButton [OPEN]
[INFO ] 2023-11-02 11:06:16.502 [main] ConvertMxmlService - Node Name =Controls:ACCButton [CLOSE]
[INFO ] 2023-11-02 11:06:16.502 [main] ConvertMxmlService - Node Name =#text [OPEN]
[INFO ] 2023-11-02 11:06:16.502 [main] ConvertMxmlService - Node Name =Controls:ACCLabel [OPEN]
[INFO ] 2023-11-02 11:06:16.504 [main] ConvertMxmlService - Node Name =Controls:ACCLabel [CLOSE]
[INFO ] 2023-11-02 11:06:16.505 [main] ConvertMxmlService - Node Name =#text [OPEN]
[INFO ] 2023-11-02 11:06:16.505 [main] ConvertMxmlService - Node Name =#comment [OPEN]
[INFO ] 2023-11-02 11:06:16.505 [main] ConvertMxmlService - Node Name =#text [OPEN]
[INFO ] 2023-11-02 11:06:16.505 [main] ConvertMxmlService - Node Name =Controls:ACCTextInput [OPEN]
[INFO ] 2023-11-02 11:06:16.508 [main] ConvertMxmlService - Node Name =Controls:ACCTextInput [CLOSE]
[INFO ] 2023-11-02 11:06:16.508 [main] ConvertMxmlService - Node Name =#text [OPEN]
[INFO ] 2023-11-02 11:06:16.508 [main] ConvertMxmlService - Node Name =Controls:ACCCheckBox [OPEN]
[INFO ] 2023-11-02 11:06:16.510 [main] ConvertMxmlService - Node Name =Controls:ACCCheckBox [CLOSE]
[INFO ] 2023-11-02 11:06:16.510 [main] ConvertMxmlService - Node Name =#text [OPEN]
[INFO ] 2023-11-02 11:06:16.511 [main] ConvertMxmlService - Node Name =Controls:ACCCheckBox [OPEN]
[INFO ] 2023-11-02 11:06:16.514 [main] ConvertMxmlService - Node Name =Controls:ACCCheckBox [CLOSE]
[INFO ] 2023-11-02 11:06:16.514 [main] ConvertMxmlService - Node Name =#text [OPEN]
[INFO ] 2023-11-02 11:06:16.514 [main] ConvertMxmlService - Node Name =Controls:ACCCheckBox [OPEN]
[INFO ] 2023-11-02 11:06:16.516 [main] ConvertMxmlService - Node Name =Controls:ACCCheckBox [CLOSE]
[INFO ] 2023-11-02 11:06:16.516 [main] ConvertMxmlService - Node Name =#text [OPEN]
[INFO ] 2023-11-02 11:06:16.516 [main] ConvertMxmlService - Node Name =#comment [OPEN]
[INFO ] 2023-11-02 11:06:16.516 [main] ConvertMxmlService - Node Name =#text [OPEN]
[INFO ] 2023-11-02 11:06:16.516 [main] ConvertMxmlService - Node Name =Containers:ACCTabNavigator [OPEN]
[INFO ] 2023-11-02 11:06:16.519 [main] ConvertMxmlService - Node Name =#text [OPEN]
[INFO ] 2023-11-02 11:06:16.519 [main] ConvertMxmlService - Node Name =#comment [OPEN]
[INFO ] 2023-11-02 11:06:16.519 [main] ConvertMxmlService - Node Name =#text [OPEN]
[INFO ] 2023-11-02 11:06:16.519 [main] ConvertMxmlService - Node Name =Containers:ACCCanvas [OPEN]
[INFO ] 2023-11-02 11:06:16.522 [main] ConvertMxmlService - Node Name =#text [OPEN]
[INFO ] 2023-11-02 11:06:16.522 [main] ConvertMxmlService - Node Name =Controls:ACCLabel [OPEN]
[INFO ] 2023-11-02 11:06:16.525 [main] ConvertMxmlService - Node Name =Controls:ACCLabel [CLOSE]
[INFO ] 2023-11-02 11:06:16.525 [main] ConvertMxmlService - Node Name =#text [OPEN]
[INFO ] 2023-11-02 11:06:16.525 [main] ConvertMxmlService - Node Name =Controls:ACCCheckBox [OPEN]
[INFO ] 2023-11-02 11:06:16.527 [main] ConvertMxmlService - Node Name =Controls:ACCCheckBox [CLOSE]
[INFO ] 2023-11-02 11:06:16.527 [main] ConvertMxmlService - Node Name =#text [OPEN]
[INFO ] 2023-11-02 11:06:16.527 [main] ConvertMxmlService - Node Name =Controls:ACCCheckBox [OPEN]
[INFO ] 2023-11-02 11:06:16.529 [main] ConvertMxmlService - Node Name =Controls:ACCCheckBox [CLOSE]
[INFO ] 2023-11-02 11:06:16.529 [main] ConvertMxmlService - Node Name =#text [OPEN]
[INFO ] 2023-11-02 11:06:16.529 [main] ConvertMxmlService - Node Name =Controls:ACCCheckBox [OPEN]
[INFO ] 2023-11-02 11:06:16.532 [main] ConvertMxmlService - Node Name =Controls:ACCCheckBox [CLOSE]
[INFO ] 2023-11-02 11:06:16.532 [main] ConvertMxmlService - Node Name =#text [OPEN]
[INFO ] 2023-11-02 11:06:16.532 [main] ConvertMxmlService - Node Name =Controls:ACCLabel [OPEN]
[INFO ] 2023-11-02 11:06:16.534 [main] ConvertMxmlService - Node Name =Controls:ACCLabel [CLOSE]
[INFO ] 2023-11-02 11:06:16.534 [main] ConvertMxmlService - Node Name =#text [OPEN]
[INFO ] 2023-11-02 11:06:16.534 [main] ConvertMxmlService - Node Name =Controls:ACCComboBoxCode [OPEN]
[INFO ] 2023-11-02 11:06:16.536 [main] ConvertMxmlService - Node Name =Controls:ACCComboBoxCode [CLOSE]
[INFO ] 2023-11-02 11:06:16.536 [main] ConvertMxmlService - Node Name =#text [OPEN]
[INFO ] 2023-11-02 11:06:16.536 [main] ConvertMxmlService - Node Name =Controls:ACCLabel [OPEN]
[INFO ] 2023-11-02 11:06:16.538 [main] ConvertMxmlService - Node Name =Controls:ACCLabel [CLOSE]
[INFO ] 2023-11-02 11:06:16.539 [main] ConvertMxmlService - Node Name =#text [OPEN]
[INFO ] 2023-11-02 11:06:16.539 [main] ConvertMxmlService - Node Name =Controls:ACCTextInputMaskNumberOnly [OPEN]
[INFO ] 2023-11-02 11:06:16.540 [main] ConvertMxmlService - Node Name =Controls:ACCTextInputMaskNumberOnly [CLOSE]
[INFO ] 2023-11-02 11:06:16.541 [main] ConvertMxmlService - Node Name =#text [OPEN]
[INFO ] 2023-11-02 11:06:16.541 [main] ConvertMxmlService - Node Name =Controls:ACCLabel [OPEN]
[INFO ] 2023-11-02 11:06:16.542 [main] ConvertMxmlService - Node Name =Controls:ACCLabel [CLOSE]
[INFO ] 2023-11-02 11:06:16.542 [main] ConvertMxmlService - Node Name =#text [OPEN]
[INFO ] 2023-11-02 11:06:16.542 [main] ConvertMxmlService - Node Name =Controls:ACCTextInputMaskNumberOnly [OPEN]
[INFO ] 2023-11-02 11:06:16.544 [main] ConvertMxmlService - Node Name =Controls:ACCTextInputMaskNumberOnly [CLOSE]
[INFO ] 2023-11-02 11:06:16.544 [main] ConvertMxmlService - Node Name =#text [OPEN]
[INFO ] 2023-11-02 11:06:16.544 [main] ConvertMxmlService - Node Name =Controls:ACCLabel [OPEN]
[INFO ] 2023-11-02 11:06:16.546 [main] ConvertMxmlService - Node Name =Controls:ACCLabel [CLOSE]
[INFO ] 2023-11-02 11:06:16.546 [main] ConvertMxmlService - Node Name =#text [OPEN]
[INFO ] 2023-11-02 11:06:16.547 [main] ConvertMxmlService - Node Name =Controls:ACCTextInputMaskZip [OPEN]
[INFO ] 2023-11-02 11:06:16.548 [main] ConvertMxmlService - Node Name =Controls:ACCTextInputMaskZip [CLOSE]
[INFO ] 2023-11-02 11:06:16.548 [main] ConvertMxmlService - Node Name =#text [OPEN]
[INFO ] 2023-11-02 11:06:16.548 [main] ConvertMxmlService - Node Name =Controls:ACCLabel [OPEN]
[INFO ] 2023-11-02 11:06:16.550 [main] ConvertMxmlService - Node Name =Controls:ACCLabel [CLOSE]
[INFO ] 2023-11-02 11:06:16.550 [main] ConvertMxmlService - Node Name =#text [OPEN]
[INFO ] 2023-11-02 11:06:16.550 [main] ConvertMxmlService - Node Name =Controls:ACCTextInputMaskZip [OPEN]
[INFO ] 2023-11-02 11:06:16.552 [main] ConvertMxmlService - Node Name =Controls:ACCTextInputMaskZip [CLOSE]
[INFO ] 2023-11-02 11:06:16.552 [main] ConvertMxmlService - Node Name =#text [OPEN]
[INFO ] 2023-11-02 11:06:16.552 [main] ConvertMxmlService - Node Name =#comment [OPEN]
[INFO ] 2023-11-02 11:06:16.552 [main] ConvertMxmlService - Node Name =#text [OPEN]
[INFO ] 2023-11-02 11:06:16.552 [main] ConvertMxmlService - Node Name =Containers:ACCPanel [OPEN]
[INFO ] 2023-11-02 11:06:16.555 [main] ConvertMxmlService - Node Name =#text [OPEN]
[INFO ] 2023-11-02 11:06:16.555 [main] ConvertMxmlService - Node Name =#comment [OPEN]
[INFO ] 2023-11-02 11:06:16.555 [main] ConvertMxmlService - Node Name =#text [OPEN]
[INFO ] 2023-11-02 11:06:16.555 [main] ConvertMxmlService - Node Name =Controls:ACCLabel [OPEN]
[INFO ] 2023-11-02 11:06:16.557 [main] ConvertMxmlService - Node Name =Controls:ACCLabel [CLOSE]
[INFO ] 2023-11-02 11:06:16.557 [main] ConvertMxmlService - Node Name =#text [OPEN]
[INFO ] 2023-11-02 11:06:16.557 [main] ConvertMxmlService - Node Name =Controls:ACCComboBoxCode [OPEN]
[INFO ] 2023-11-02 11:06:16.559 [main] ConvertMxmlService - Node Name =Controls:ACCComboBoxCode [CLOSE]
[INFO ] 2023-11-02 11:06:16.559 [main] ConvertMxmlService - Node Name =#text [OPEN]
[INFO ] 2023-11-02 11:06:16.559 [main] ConvertMxmlService - Node Name =#comment [OPEN]
[INFO ] 2023-11-02 11:06:16.559 [main] ConvertMxmlService - Node Name =#text [OPEN]
[INFO ] 2023-11-02 11:06:16.559 [main] ConvertMxmlService - Node Name =Controls:ACCLabel [OPEN]
[INFO ] 2023-11-02 11:06:16.561 [main] ConvertMxmlService - Node Name =Controls:ACCLabel [CLOSE]
[INFO ] 2023-11-02 11:06:16.561 [main] ConvertMxmlService - Node Name =#text [OPEN]
[INFO ] 2023-11-02 11:06:16.561 [main] ConvertMxmlService - Node Name =Controls:ACCComboBoxCode [OPEN]
[INFO ] 2023-11-02 11:06:16.563 [main] ConvertMxmlService - Node Name =Controls:ACCComboBoxCode [CLOSE]
[INFO ] 2023-11-02 11:06:16.563 [main] ConvertMxmlService - Node Name =#text [OPEN]
[INFO ] 2023-11-02 11:06:16.563 [main] ConvertMxmlService - Node Name =#comment [OPEN]
[INFO ] 2023-11-02 11:06:16.563 [main] ConvertMxmlService - Node Name =#text [OPEN]
[INFO ] 2023-11-02 11:06:16.563 [main] ConvertMxmlService - Node Name =Controls:ACCLabel [OPEN]
[INFO ] 2023-11-02 11:06:16.565 [main] ConvertMxmlService - Node Name =Controls:ACCLabel [CLOSE]
[INFO ] 2023-11-02 11:06:16.565 [main] ConvertMxmlService - Node Name =#text [OPEN]
[INFO ] 2023-11-02 11:06:16.565 [main] ConvertMxmlService - Node Name =Controls:ACCComboBoxCode [OPEN]
[INFO ] 2023-11-02 11:06:16.567 [main] ConvertMxmlService - Node Name =Controls:ACCComboBoxCode [CLOSE]
[INFO ] 2023-11-02 11:06:16.567 [main] ConvertMxmlService - Node Name =#text [OPEN]
[INFO ] 2023-11-02 11:06:16.567 [main] ConvertMxmlService - Node Name =#comment [OPEN]
[INFO ] 2023-11-02 11:06:16.567 [main] ConvertMxmlService - Node Name =#text [OPEN]
[INFO ] 2023-11-02 11:06:16.567 [main] ConvertMxmlService - Node Name =Controls:ACCLabel [OPEN]
[INFO ] 2023-11-02 11:06:16.569 [main] ConvertMxmlService - Node Name =Controls:ACCLabel [CLOSE]
[INFO ] 2023-11-02 11:06:16.569 [main] ConvertMxmlService - Node Name =#text [OPEN]
[INFO ] 2023-11-02 11:06:16.569 [main] ConvertMxmlService - Node Name =Controls:ACCComboBoxCode [OPEN]
[INFO ] 2023-11-02 11:06:16.572 [main] ConvertMxmlService - Node Name =Controls:ACCComboBoxCode [CLOSE]
[INFO ] 2023-11-02 11:06:16.572 [main] ConvertMxmlService - Node Name =#text [OPEN]
[INFO ] 2023-11-02 11:06:16.572 [main] ConvertMxmlService - Node Name =#comment [OPEN]
[INFO ] 2023-11-02 11:06:16.572 [main] ConvertMxmlService - Node Name =#text [OPEN]
[INFO ] 2023-11-02 11:06:16.572 [main] ConvertMxmlService - Node Name =Controls:ACCLabel [OPEN]
[INFO ] 2023-11-02 11:06:16.574 [main] ConvertMxmlService - Node Name =Controls:ACCLabel [CLOSE]
[INFO ] 2023-11-02 11:06:16.574 [main] ConvertMxmlService - Node Name =#text [OPEN]
[INFO ] 2023-11-02 11:06:16.574 [main] ConvertMxmlService - Node Name =Controls:ACCComboBoxCode [OPEN]
[INFO ] 2023-11-02 11:06:16.576 [main] ConvertMxmlService - Node Name =Controls:ACCComboBoxCode [CLOSE]
[INFO ] 2023-11-02 11:06:16.576 [main] ConvertMxmlService - Node Name =#text [OPEN]
[INFO ] 2023-11-02 11:06:16.576 [main] ConvertMxmlService - Node Name =Containers:ACCPanel [CLOSE]
[INFO ] 2023-11-02 11:06:16.576 [main] ConvertMxmlService - Node Name =#text [OPEN]
[INFO ] 2023-11-02 11:06:16.576 [main] ConvertMxmlService - Node Name =#comment [OPEN]
[INFO ] 2023-11-02 11:06:16.576 [main] ConvertMxmlService - Node Name =#text [OPEN]
[INFO ] 2023-11-02 11:06:16.577 [main] ConvertMxmlService - Node Name =Containers:ACCPanel [OPEN]
[INFO ] 2023-11-02 11:06:16.579 [main] ConvertMxmlService - Node Name =#text [OPEN]
[INFO ] 2023-11-02 11:06:16.580 [main] ConvertMxmlService - Node Name =Controls:ACCLabel [OPEN]
[INFO ] 2023-11-02 11:06:16.581 [main] ConvertMxmlService - Node Name =Controls:ACCLabel [CLOSE]
[INFO ] 2023-11-02 11:06:16.582 [main] ConvertMxmlService - Node Name =#text [OPEN]
[INFO ] 2023-11-02 11:06:16.582 [main] ConvertMxmlService - Node Name =Controls:ACCComboBoxCode [OPEN]
[INFO ] 2023-11-02 11:06:16.583 [main] ConvertMxmlService - Node Name =Controls:ACCComboBoxCode [CLOSE]
[INFO ] 2023-11-02 11:06:16.583 [main] ConvertMxmlService - Node Name =#text [OPEN]
[INFO ] 2023-11-02 11:06:16.583 [main] ConvertMxmlService - Node Name =Controls:ACCLabel [OPEN]
[INFO ] 2023-11-02 11:06:16.586 [main] ConvertMxmlService - Node Name =Controls:ACCLabel [CLOSE]
[INFO ] 2023-11-02 11:06:16.586 [main] ConvertMxmlService - Node Name =#text [OPEN]
[INFO ] 2023-11-02 11:06:16.586 [main] ConvertMxmlService - Node Name =Controls:ACCComboBoxCode [OPEN]
[INFO ] 2023-11-02 11:06:16.588 [main] ConvertMxmlService - Node Name =Controls:ACCComboBoxCode [CLOSE]
[INFO ] 2023-11-02 11:06:16.588 [main] ConvertMxmlService - Node Name =#text [OPEN]
[INFO ] 2023-11-02 11:06:16.588 [main] ConvertMxmlService - Node Name =Controls:ACCLabel [OPEN]
[INFO ] 2023-11-02 11:06:16.590 [main] ConvertMxmlService - Node Name =Controls:ACCLabel [CLOSE]
[INFO ] 2023-11-02 11:06:16.590 [main] ConvertMxmlService - Node Name =#text [OPEN]
[INFO ] 2023-11-02 11:06:16.590 [main] ConvertMxmlService - Node Name =Controls:ACCComboBoxCode [OPEN]
[INFO ] 2023-11-02 11:06:16.592 [main] ConvertMxmlService - Node Name =Controls:ACCComboBoxCode [CLOSE]
[INFO ] 2023-11-02 11:06:16.593 [main] ConvertMxmlService - Node Name =#text [OPEN]
[INFO ] 2023-11-02 11:06:16.593 [main] ConvertMxmlService - Node Name =Containers:ACCPanel [CLOSE]
[INFO ] 2023-11-02 11:06:16.593 [main] ConvertMxmlService - Node Name =#text [OPEN]
[INFO ] 2023-11-02 11:06:16.593 [main] ConvertMxmlService - Node Name =#comment [OPEN]
[INFO ] 2023-11-02 11:06:16.593 [main] ConvertMxmlService - Node Name =#text [OPEN]
[INFO ] 2023-11-02 11:06:16.593 [main] ConvertMxmlService - Node Name =Containers:ACCPanel [OPEN]
[INFO ] 2023-11-02 11:06:16.595 [main] ConvertMxmlService - Node Name =#text [OPEN]
[INFO ] 2023-11-02 11:06:16.595 [main] ConvertMxmlService - Node Name =Controls:ACCDataGrid [OPEN]
[INFO ] 2023-11-02 11:06:16.598 [main] ConvertMxmlService - Node Name =#text [OPEN]
[INFO ] 2023-11-02 11:06:16.598 [main] ConvertMxmlService - Node Name =Controls:columns [OPEN]
[INFO ] 2023-11-02 11:06:16.600 [main] ConvertMxmlService - Node Name =#text [OPEN]
[INFO ] 2023-11-02 11:06:16.600 [main] ConvertMxmlService - Node Name =mx:DataGridColumn [OPEN]
[INFO ] 2023-11-02 11:07:04.707 [main] ConvertMxmlService - Node Name =#text [OPEN]
[INFO ] 2023-11-02 11:07:04.707 [main] ConvertMxmlService - Node Name =mx:headerRenderer [OPEN]
[INFO ] 2023-11-02 11:07:06.042 [main] ConvertMxmlService - Node Name =#text [OPEN]
[INFO ] 2023-11-02 11:07:06.042 [main] ConvertMxmlService - Node Name =mx:Component [OPEN]
[INFO ] 2023-11-02 11:08:25.380 [main] ConvertMxmlService - Node Name =#text [OPEN]
[INFO ] 2023-11-02 11:08:25.380 [main] ConvertMxmlService - Node Name =mx:Label [OPEN]
[INFO ] 2023-11-02 11:08:25.382 [main] ConvertMxmlService - Node Name =mx:Label [CLOSE]
[INFO ] 2023-11-02 11:08:25.382 [main] ConvertMxmlService - Node Name =#text [OPEN]
[INFO ] 2023-11-02 11:08:25.382 [main] ConvertMxmlService - Node Name =mx:Component [CLOSE]
[INFO ] 2023-11-02 11:08:25.382 [main] ConvertMxmlService - Node Name =#text [OPEN]
[INFO ] 2023-11-02 11:08:25.382 [main] ConvertMxmlService - Node Name =mx:headerRenderer [CLOSE]
[INFO ] 2023-11-02 11:08:25.382 [main] ConvertMxmlService - Node Name =#text [OPEN]
[INFO ] 2023-11-02 11:08:25.382 [main] ConvertMxmlService - Node Name =mx:DataGridColumn [CLOSE]
[INFO ] 2023-11-02 11:08:25.382 [main] ConvertMxmlService - Node Name =#text [OPEN]
[INFO ] 2023-11-02 11:08:25.382 [main] ConvertMxmlService - Node Name =mx:DataGridColumn [OPEN]
[INFO ] 2023-11-02 11:08:25.384 [main] ConvertMxmlService - Node Name =#text [OPEN]
[INFO ] 2023-11-02 11:08:25.385 [main] ConvertMxmlService - Node Name =mx:headerRenderer [OPEN]
[INFO ] 2023-11-02 11:08:25.387 [main] ConvertMxmlService - Node Name =#text [OPEN]
[INFO ] 2023-11-02 11:08:25.387 [main] ConvertMxmlService - Node Name =mx:Component [OPEN]
[INFO ] 2023-11-02 11:08:25.389 [main] ConvertMxmlService - Node Name =#text [OPEN]
[INFO ] 2023-11-02 11:08:25.389 [main] ConvertMxmlService - Node Name =mx:Label [OPEN]
[INFO ] 2023-11-02 11:08:25.391 [main] ConvertMxmlService - Node Name =mx:Label [CLOSE]
[INFO ] 2023-11-02 11:08:25.391 [main] ConvertMxmlService - Node Name =#text [OPEN]
[INFO ] 2023-11-02 11:08:25.391 [main] ConvertMxmlService - Node Name =mx:Component [CLOSE]
[INFO ] 2023-11-02 11:08:25.391 [main] ConvertMxmlService - Node Name =#text [OPEN]
[INFO ] 2023-11-02 11:08:25.391 [main] ConvertMxmlService - Node Name =mx:headerRenderer [CLOSE]
[INFO ] 2023-11-02 11:08:25.391 [main] ConvertMxmlService - Node Name =#text [OPEN]
[INFO ] 2023-11-02 11:08:25.391 [main] ConvertMxmlService - Node Name =mx:DataGridColumn [CLOSE]
[INFO ] 2023-11-02 11:08:25.391 [main] ConvertMxmlService - Node Name =#text [OPEN]
[INFO ] 2023-11-02 11:08:25.391 [main] ConvertMxmlService - Node Name =Controls:columns [CLOSE]
[INFO ] 2023-11-02 11:08:25.391 [main] ConvertMxmlService - Node Name =#text [OPEN]
[INFO ] 2023-11-02 11:08:25.391 [main] ConvertMxmlService - Node Name =Controls:ACCDataGrid [CLOSE]
[INFO ] 2023-11-02 11:08:25.391 [main] ConvertMxmlService - Node Name =#text [OPEN]
[INFO ] 2023-11-02 11:08:25.391 [main] ConvertMxmlService - Node Name =Controls:ACCButton [OPEN]
[INFO ] 2023-11-02 11:08:25.393 [main] ConvertMxmlService - Node Name =Controls:ACCButton [CLOSE]
[INFO ] 2023-11-02 11:08:25.393 [main] ConvertMxmlService - Node Name =#text [OPEN]
[INFO ] 2023-11-02 11:08:25.393 [main] ConvertMxmlService - Node Name =Controls:ACCButton [OPEN]
[INFO ] 2023-11-02 11:08:25.395 [main] ConvertMxmlService - Node Name =Controls:ACCButton [CLOSE]
[INFO ] 2023-11-02 11:08:25.396 [main] ConvertMxmlService - Node Name =#text [OPEN]
[INFO ] 2023-11-02 11:08:25.396 [main] ConvertMxmlService - Node Name =Controls:ACCButton [OPEN]
[INFO ] 2023-11-02 11:08:25.398 [main] ConvertMxmlService - Node Name =Controls:ACCButton [CLOSE]
[INFO ] 2023-11-02 11:08:25.398 [main] ConvertMxmlService - Node Name =#text [OPEN]
[INFO ] 2023-11-02 11:08:25.398 [main] ConvertMxmlService - Node Name =Controls:ACCButton [OPEN]
[INFO ] 2023-11-02 11:08:25.401 [main] ConvertMxmlService - Node Name =Controls:ACCButton [CLOSE]
[INFO ] 2023-11-02 11:08:25.401 [main] ConvertMxmlService - Node Name =#text [OPEN]
[INFO ] 2023-11-02 11:08:25.401 [main] ConvertMxmlService - Node Name =Controls:ACCDataGrid [OPEN]
[INFO ] 2023-11-02 11:08:25.404 [main] ConvertMxmlService - Node Name =#text [OPEN]
[INFO ] 2023-11-02 11:08:25.404 [main] ConvertMxmlService - Node Name =Controls:columns [OPEN]
[INFO ] 2023-11-02 11:08:25.406 [main] ConvertMxmlService - Node Name =#text [OPEN]
[INFO ] 2023-11-02 11:08:25.406 [main] ConvertMxmlService - Node Name =mx:DataGridColumn [OPEN]
[INFO ] 2023-11-02 11:08:25.408 [main] ConvertMxmlService - Node Name =#text [OPEN]
[INFO ] 2023-11-02 11:08:25.408 [main] ConvertMxmlService - Node Name =mx:headerRenderer [OPEN]
[INFO ] 2023-11-02 11:08:25.411 [main] ConvertMxmlService - Node Name =#text [OPEN]
[INFO ] 2023-11-02 11:08:25.411 [main] ConvertMxmlService - Node Name =mx:Component [OPEN]
[INFO ] 2023-11-02 11:08:25.413 [main] ConvertMxmlService - Node Name =#text [OPEN]
[INFO ] 2023-11-02 11:08:25.413 [main] ConvertMxmlService - Node Name =mx:Label [OPEN]
[INFO ] 2023-11-02 11:08:25.415 [main] ConvertMxmlService - Node Name =mx:Label [CLOSE]
[INFO ] 2023-11-02 11:08:25.415 [main] ConvertMxmlService - Node Name =#text [OPEN]
[INFO ] 2023-11-02 11:08:25.415 [main] ConvertMxmlService - Node Name =mx:Component [CLOSE]
[INFO ] 2023-11-02 11:08:25.415 [main] ConvertMxmlService - Node Name =#text [OPEN]
[INFO ] 2023-11-02 11:08:25.415 [main] ConvertMxmlService - Node Name =mx:headerRenderer [CLOSE]
[INFO ] 2023-11-02 11:08:25.415 [main] ConvertMxmlService - Node Name =#text [OPEN]
[INFO ] 2023-11-02 11:08:25.415 [main] ConvertMxmlService - Node Name =mx:DataGridColumn [CLOSE]
[INFO ] 2023-11-02 11:08:25.415 [main] ConvertMxmlService - Node Name =#text [OPEN]
[INFO ] 2023-11-02 11:08:25.415 [main] ConvertMxmlService - Node Name =mx:DataGridColumn [OPEN]
[INFO ] 2023-11-02 11:08:25.418 [main] ConvertMxmlService - Node Name =#text [OPEN]
[INFO ] 2023-11-02 11:08:25.418 [main] ConvertMxmlService - Node Name =mx:headerRenderer [OPEN]
[INFO ] 2023-11-02 11:08:25.420 [main] ConvertMxmlService - Node Name =#text [OPEN]
[INFO ] 2023-11-02 11:08:25.421 [main] ConvertMxmlService - Node Name =mx:Component [OPEN]
[INFO ] 2023-11-02 11:08:25.423 [main] ConvertMxmlService - Node Name =#text [OPEN]
[INFO ] 2023-11-02 11:08:25.423 [main] ConvertMxmlService - Node Name =mx:Label [OPEN]
