[INFO ] 2023-11-07 10:09:52.665 [main] MxmlConvert - Root Element :Containers:ACCCanvas
[INFO ] 2023-11-07 10:09:52.667 [main] MxmlConvert - ------
[INFO ] 2023-11-07 10:09:52.669 [main] ConvertMxmlService - Node Name =#comment [OPEN]
[INFO ] 2023-11-07 10:09:52.670 [main] ConvertMxmlService - Node Name =Containers:ACCCanvas [OPEN]
[INFO ] 2023-11-07 10:09:52.681 [main] ConvertMxmlService - Node Name =#text [OPEN]
[INFO ] 2023-11-07 10:09:52.682 [main] ConvertMxmlService - Node Name =mx:Script [OPEN]
[INFO ] 2023-11-07 10:09:52.682 [main] ConvertMxmlService - Node Name =#text [OPEN]
[INFO ] 2023-11-07 10:09:52.683 [main] ConvertMxmlService - Node Name =tougouchusyutsu:MG3001005_01_000_AS [OPEN]
[INFO ] 2023-11-07 10:09:52.683 [main] ConvertMxmlService - Node Name =#text [OPEN]
[INFO ] 2023-11-07 10:09:52.684 [main] ConvertMxmlService - Node Name =Containers:ACCPanel [OPEN]
[INFO ] 2023-11-07 10:09:52.685 [main] ConvertMxmlService - Node Name =#text [OPEN]
[INFO ] 2023-11-07 10:09:52.685 [main] ConvertMxmlService - Node Name =#comment [OPEN]
[INFO ] 2023-11-07 10:09:52.685 [main] ConvertMxmlService - Node Name =#text [OPEN]
[INFO ] 2023-11-07 10:09:52.685 [main] ConvertMxmlService - Node Name =Controls:ACCDataGrid [OPEN]
[INFO ] 2023-11-07 10:09:52.685 [main] ConvertMxmlService - Node Name =#text [OPEN]
[INFO ] 2023-11-07 10:09:52.686 [main] ConvertMxmlService - Node Name =Controls:columns [OPEN]
[INFO ] 2023-11-07 10:09:52.686 [main] ConvertMxmlService - Node Name =#text [OPEN]
[INFO ] 2023-11-07 10:09:52.686 [main] ConvertMxmlService - Node Name =mx:DataGridColumn [OPEN]
[INFO ] 2023-11-07 10:09:52.708 [main] ConvertMxmlService - Node Name =#text [OPEN]
[INFO ] 2023-11-07 10:09:52.708 [main] ConvertMxmlService - Node Name =mx:headerRenderer [OPEN]
[INFO ] 2023-11-07 10:09:52.709 [main] ConvertMxmlService - Node Name =#text [OPEN]
[INFO ] 2023-11-07 10:09:52.709 [main] ConvertMxmlService - Node Name =mx:Component [OPEN]
[INFO ] 2023-11-07 10:09:52.710 [main] ConvertMxmlService - Node Name =#text [OPEN]
[INFO ] 2023-11-07 10:09:52.710 [main] ConvertMxmlService - Node Name =Controls:ACCLabel [OPEN]
[INFO ] 2023-11-07 10:09:52.711 [main] ConvertMxmlService - Node Name =Controls:ACCLabel [CLOSE]
[INFO ] 2023-11-07 10:09:52.711 [main] ConvertMxmlService - Node Name =#text [OPEN]
[INFO ] 2023-11-07 10:09:52.711 [main] ConvertMxmlService - Node Name =mx:Component [CLOSE]
[INFO ] 2023-11-07 10:09:52.711 [main] ConvertMxmlService - Node Name =#text [OPEN]
[INFO ] 2023-11-07 10:09:52.711 [main] ConvertMxmlService - Node Name =mx:headerRenderer [CLOSE]
[INFO ] 2023-11-07 10:09:52.711 [main] ConvertMxmlService - Node Name =#text [OPEN]
[INFO ] 2023-11-07 10:09:52.711 [main] ConvertMxmlService - Node Name =mx:DataGridColumn [CLOSE]
[INFO ] 2023-11-07 10:09:52.711 [main] ConvertMxmlService - Node Name =#text [OPEN]
[INFO ] 2023-11-07 10:09:52.711 [main] ConvertMxmlService - Node Name =mx:DataGridColumn [OPEN]
[INFO ] 2023-11-07 10:09:52.712 [main] ConvertMxmlService - Node Name =#text [OPEN]
[INFO ] 2023-11-07 10:09:52.712 [main] ConvertMxmlService - Node Name =mx:headerRenderer [OPEN]
[INFO ] 2023-11-07 10:09:52.712 [main] ConvertMxmlService - Node Name =#text [OPEN]
[INFO ] 2023-11-07 10:09:52.713 [main] ConvertMxmlService - Node Name =mx:Component [OPEN]
[INFO ] 2023-11-07 10:09:52.713 [main] ConvertMxmlService - Node Name =#text [OPEN]
[INFO ] 2023-11-07 10:09:52.713 [main] ConvertMxmlService - Node Name =Controls:ACCLabel [OPEN]
[INFO ] 2023-11-07 10:09:52.714 [main] ConvertMxmlService - Node Name =Controls:ACCLabel [CLOSE]
[INFO ] 2023-11-07 10:09:52.714 [main] ConvertMxmlService - Node Name =#text [OPEN]
[INFO ] 2023-11-07 10:09:52.714 [main] ConvertMxmlService - Node Name =mx:Component [CLOSE]
[INFO ] 2023-11-07 10:09:52.714 [main] ConvertMxmlService - Node Name =#text [OPEN]
[INFO ] 2023-11-07 10:09:52.714 [main] ConvertMxmlService - Node Name =mx:headerRenderer [CLOSE]
[INFO ] 2023-11-07 10:09:52.714 [main] ConvertMxmlService - Node Name =#text [OPEN]
[INFO ] 2023-11-07 10:09:52.714 [main] ConvertMxmlService - Node Name =mx:DataGridColumn [CLOSE]
[INFO ] 2023-11-07 10:09:52.714 [main] ConvertMxmlService - Node Name =#text [OPEN]
[INFO ] 2023-11-07 10:09:52.714 [main] ConvertMxmlService - Node Name =#comment [OPEN]
[INFO ] 2023-11-07 10:09:52.714 [main] ConvertMxmlService - Node Name =#text [OPEN]
[INFO ] 2023-11-07 10:09:52.714 [main] ConvertMxmlService - Node Name =mx:DataGridColumn [OPEN]
[INFO ] 2023-11-07 10:09:52.715 [main] ConvertMxmlService - Node Name =#text [OPEN]
[INFO ] 2023-11-07 10:09:52.715 [main] ConvertMxmlService - Node Name =#comment [OPEN]
[INFO ] 2023-11-07 10:09:52.715 [main] ConvertMxmlService - Node Name =#text [OPEN]
[INFO ] 2023-11-07 10:09:52.715 [main] ConvertMxmlService - Node Name =mx:headerRenderer [OPEN]
[INFO ] 2023-11-07 10:09:52.716 [main] ConvertMxmlService - Node Name =#text [OPEN]
[INFO ] 2023-11-07 10:09:52.716 [main] ConvertMxmlService - Node Name =mx:Component [OPEN]
[INFO ] 2023-11-07 10:09:52.717 [main] ConvertMxmlService - Node Name =#text [OPEN]
[INFO ] 2023-11-07 10:09:52.717 [main] ConvertMxmlService - Node Name =Controls:ACCLabel [OPEN]
[INFO ] 2023-11-07 10:09:52.717 [main] ConvertMxmlService - Node Name =Controls:ACCLabel [CLOSE]
[INFO ] 2023-11-07 10:09:52.717 [main] ConvertMxmlService - Node Name =#text [OPEN]
[INFO ] 2023-11-07 10:09:52.717 [main] ConvertMxmlService - Node Name =mx:Component [CLOSE]
[INFO ] 2023-11-07 10:09:52.717 [main] ConvertMxmlService - Node Name =#text [OPEN]
[INFO ] 2023-11-07 10:09:52.717 [main] ConvertMxmlService - Node Name =mx:headerRenderer [CLOSE]
[INFO ] 2023-11-07 10:09:52.718 [main] ConvertMxmlService - Node Name =#text [OPEN]
[INFO ] 2023-11-07 10:09:52.718 [main] ConvertMxmlService - Node Name =mx:DataGridColumn [CLOSE]
[INFO ] 2023-11-07 10:09:52.718 [main] ConvertMxmlService - Node Name =#text [OPEN]
[INFO ] 2023-11-07 10:09:52.718 [main] ConvertMxmlService - Node Name =Controls:columns [CLOSE]
[INFO ] 2023-11-07 10:09:52.718 [main] ConvertMxmlService - Node Name =#text [OPEN]
[INFO ] 2023-11-07 10:09:52.718 [main] ConvertMxmlService - Node Name =Controls:ACCDataGrid [CLOSE]
[INFO ] 2023-11-07 10:09:52.718 [main] ConvertMxmlService - Node Name =#text [OPEN]
[INFO ] 2023-11-07 10:09:52.718 [main] ConvertMxmlService - Node Name =#comment [OPEN]
[INFO ] 2023-11-07 10:09:52.718 [main] ConvertMxmlService - Node Name =#text [OPEN]
[INFO ] 2023-11-07 10:09:52.718 [main] ConvertMxmlService - Node Name =Controls:ACCButton [OPEN]
[INFO ] 2023-11-07 10:09:52.719 [main] ConvertMxmlService - Node Name =Controls:ACCButton [CLOSE]
[INFO ] 2023-11-07 10:09:52.719 [main] ConvertMxmlService - Node Name =#text [OPEN]
[INFO ] 2023-11-07 10:09:52.719 [main] ConvertMxmlService - Node Name =Containers:ACCPanel [CLOSE]
[INFO ] 2023-11-07 10:09:52.719 [main] ConvertMxmlService - Node Name =#text [OPEN]
[INFO ] 2023-11-07 10:09:52.719 [main] ConvertMxmlService - Node Name =Containers:ACCHBox [OPEN]
[INFO ] 2023-11-07 10:09:52.719 [main] ConvertMxmlService - Node Name =#text [OPEN]
[INFO ] 2023-11-07 10:09:52.719 [main] ConvertMxmlService - Node Name =#comment [OPEN]
[INFO ] 2023-11-07 10:09:52.719 [main] ConvertMxmlService - Node Name =#text [OPEN]
[INFO ] 2023-11-07 10:09:52.719 [main] ConvertMxmlService - Node Name =Containers:ACCPanel [OPEN]
[INFO ] 2023-11-07 10:09:52.720 [main] ConvertMxmlService - Node Name =#text [OPEN]
[INFO ] 2023-11-07 10:09:52.720 [main] ConvertMxmlService - Node Name =Controls:ACCRadioButtonGroup [OPEN]
[INFO ] 2023-11-07 10:09:52.721 [main] ConvertMxmlService - Node Name =Controls:ACCRadioButtonGroup [CLOSE]
[INFO ] 2023-11-07 10:09:52.721 [main] ConvertMxmlService - Node Name =#text [OPEN]
[INFO ] 2023-11-07 10:09:52.721 [main] ConvertMxmlService - Node Name =Controls:ACCRadioButton [OPEN]
[INFO ] 2023-11-07 10:09:52.722 [main] ConvertMxmlService - Node Name =Controls:ACCRadioButton [CLOSE]
[INFO ] 2023-11-07 10:09:52.722 [main] ConvertMxmlService - Node Name =#text [OPEN]
[INFO ] 2023-11-07 10:09:52.722 [main] ConvertMxmlService - Node Name =Controls:ACCRadioButton [OPEN]
[INFO ] 2023-11-07 10:09:52.723 [main] ConvertMxmlService - Node Name =Controls:ACCRadioButton [CLOSE]
[INFO ] 2023-11-07 10:09:52.723 [main] ConvertMxmlService - Node Name =#text [OPEN]
[INFO ] 2023-11-07 10:09:52.723 [main] ConvertMxmlService - Node Name =Containers:ACCPanel [CLOSE]
[INFO ] 2023-11-07 10:09:52.723 [main] ConvertMxmlService - Node Name =#text [OPEN]
[INFO ] 2023-11-07 10:09:52.723 [main] ConvertMxmlService - Node Name =#comment [OPEN]
[INFO ] 2023-11-07 10:09:52.723 [main] ConvertMxmlService - Node Name =#text [OPEN]
[INFO ] 2023-11-07 10:09:52.723 [main] ConvertMxmlService - Node Name =Containers:ACCPanel [OPEN]
[INFO ] 2023-11-07 10:09:52.724 [main] ConvertMxmlService - Node Name =#text [OPEN]
[INFO ] 2023-11-07 10:09:52.724 [main] ConvertMxmlService - Node Name =Controls:ACCRadioButtonGroup [OPEN]
[INFO ] 2023-11-07 10:09:52.724 [main] ConvertMxmlService - Node Name =Controls:ACCRadioButtonGroup [CLOSE]
[INFO ] 2023-11-07 10:09:52.724 [main] ConvertMxmlService - Node Name =#text [OPEN]
[INFO ] 2023-11-07 10:09:52.724 [main] ConvertMxmlService - Node Name =Controls:ACCRadioButton [OPEN]
[INFO ] 2023-11-07 10:09:52.725 [main] ConvertMxmlService - Node Name =Controls:ACCRadioButton [CLOSE]
[INFO ] 2023-11-07 10:09:52.725 [main] ConvertMxmlService - Node Name =#text [OPEN]
[INFO ] 2023-11-07 10:09:52.725 [main] ConvertMxmlService - Node Name =Controls:ACCRadioButton [OPEN]
[INFO ] 2023-11-07 10:09:52.725 [main] ConvertMxmlService - Node Name =Controls:ACCRadioButton [CLOSE]
[INFO ] 2023-11-07 10:09:52.725 [main] ConvertMxmlService - Node Name =#text [OPEN]
[INFO ] 2023-11-07 10:09:52.725 [main] ConvertMxmlService - Node Name =Containers:ACCPanel [CLOSE]
[INFO ] 2023-11-07 10:09:52.726 [main] ConvertMxmlService - Node Name =#text [OPEN]
[INFO ] 2023-11-07 10:09:52.726 [main] ConvertMxmlService - Node Name =Containers:ACCHBox [CLOSE]
[INFO ] 2023-11-07 10:09:52.726 [main] ConvertMxmlService - Node Name =#text [OPEN]
[INFO ] 2023-11-07 10:09:52.726 [main] ConvertMxmlService - Node Name =Containers:ACCCanvas [CLOSE]
[DEBUG] 2023-11-07 10:09:52.726 [main] MxmlConvert - parent name: null
[DEBUG] 2023-11-07 10:09:52.726 [main] MxmlConvert - name: #comment
[DEBUG] 2023-11-07 10:09:52.726 [main] MxmlConvert - cssElement: 
[DEBUG] 2023-11-07 10:09:52.726 [main] MxmlConvert - attributeElement: 
[DEBUG] 2023-11-07 10:09:52.726 [main] MxmlConvert - parent name: RootNode
[DEBUG] 2023-11-07 10:09:52.726 [main] MxmlConvert - name: Containers:ACCCanvas
[DEBUG] 2023-11-07 10:09:52.727 [main] MxmlConvert - parent name: Containers:ACCCanvas
[DEBUG] 2023-11-07 10:09:52.727 [main] MxmlConvert - name: Containers:ACCPanel
[DEBUG] 2023-11-07 10:09:52.727 [main] MxmlConvert - parent name: null
[DEBUG] 2023-11-07 10:09:52.727 [main] MxmlConvert - name: #comment
[DEBUG] 2023-11-07 10:09:52.727 [main] MxmlConvert - cssElement: 
[DEBUG] 2023-11-07 10:09:52.727 [main] MxmlConvert - attributeElement: 
[DEBUG] 2023-11-07 10:09:52.727 [main] MxmlConvert - parent name: Containers:ACCPanel
[DEBUG] 2023-11-07 10:09:52.727 [main] MxmlConvert - name: Controls:ACCDataGrid
[DEBUG] 2023-11-07 10:09:52.727 [main] MxmlConvert - parent name: Controls:ACCDataGrid
[DEBUG] 2023-11-07 10:09:52.727 [main] MxmlConvert - name: Controls:columns
[DEBUG] 2023-11-07 10:09:52.727 [main] MxmlConvert - parent name: Controls:columns
[DEBUG] 2023-11-07 10:09:52.727 [main] MxmlConvert - name: mx:DataGridColumn
[DEBUG] 2023-11-07 10:09:52.727 [main] MxmlConvert - parent name: mx:DataGridColumn
[DEBUG] 2023-11-07 10:09:52.727 [main] MxmlConvert - name: mx:headerRenderer
[DEBUG] 2023-11-07 10:09:52.727 [main] MxmlConvert - parent name: mx:headerRenderer
[DEBUG] 2023-11-07 10:09:52.727 [main] MxmlConvert - name: mx:Component
[DEBUG] 2023-11-07 10:09:52.727 [main] MxmlConvert - parent name: mx:Component
[DEBUG] 2023-11-07 10:09:52.727 [main] MxmlConvert - name: Controls:ACCLabel
[DEBUG] 2023-11-07 10:09:52.728 [main] MxmlConvert - cssElement: text-align:center;
[DEBUG] 2023-11-07 10:09:52.728 [main] MxmlConvert - attributeElement:  id="sectionNameId" value="#{record.sectionName}" showDataTips="true"
[DEBUG] 2023-11-07 10:09:52.728 [main] MxmlConvert - cssElement: 
[DEBUG] 2023-11-07 10:09:52.728 [main] MxmlConvert - attributeElement:  id="sectionNameId"
[DEBUG] 2023-11-07 10:09:52.728 [main] MxmlConvert - cssElement: 
[DEBUG] 2023-11-07 10:09:52.728 [main] MxmlConvert - attributeElement:  id="sectionNameId"
[DEBUG] 2023-11-07 10:09:52.728 [main] MxmlConvert - cssElement: text-align:left;width:200px;
[DEBUG] 2023-11-07 10:09:52.728 [main] MxmlConvert - attributeElement:  headerText="部署" id="sectionName"
[DEBUG] 2023-11-07 10:09:52.728 [main] MxmlConvert - parent name: Controls:columns
[DEBUG] 2023-11-07 10:09:52.728 [main] MxmlConvert - name: mx:DataGridColumn
[DEBUG] 2023-11-07 10:09:52.728 [main] MxmlConvert - parent name: mx:DataGridColumn
[DEBUG] 2023-11-07 10:09:52.728 [main] MxmlConvert - name: mx:headerRenderer
[DEBUG] 2023-11-07 10:09:52.728 [main] MxmlConvert - parent name: mx:headerRenderer
[DEBUG] 2023-11-07 10:09:52.728 [main] MxmlConvert - name: mx:Component
[DEBUG] 2023-11-07 10:09:52.728 [main] MxmlConvert - parent name: mx:Component
[DEBUG] 2023-11-07 10:09:52.728 [main] MxmlConvert - name: Controls:ACCLabel
[DEBUG] 2023-11-07 10:09:52.728 [main] MxmlConvert - cssElement: text-align:center;
[DEBUG] 2023-11-07 10:09:52.728 [main] MxmlConvert - attributeElement:  id="ttNameId" value="#{record.ttName}" showDataTips="true"
[DEBUG] 2023-11-07 10:09:52.728 [main] MxmlConvert - cssElement: 
[DEBUG] 2023-11-07 10:09:52.728 [main] MxmlConvert - attributeElement:  id="ttNameId"
[DEBUG] 2023-11-07 10:09:52.728 [main] MxmlConvert - cssElement: 
[DEBUG] 2023-11-07 10:09:52.728 [main] MxmlConvert - attributeElement:  id="ttNameId"
[DEBUG] 2023-11-07 10:09:52.728 [main] MxmlConvert - cssElement: text-align:left;width:200px;
[DEBUG] 2023-11-07 10:09:52.728 [main] MxmlConvert - attributeElement:  headerText="督促担当者" id="ttName"
[DEBUG] 2023-11-07 10:09:52.728 [main] MxmlConvert - parent name: null
[DEBUG] 2023-11-07 10:09:52.728 [main] MxmlConvert - name: #comment
[DEBUG] 2023-11-07 10:09:52.728 [main] MxmlConvert - cssElement: 
[DEBUG] 2023-11-07 10:09:52.728 [main] MxmlConvert - attributeElement: 
[DEBUG] 2023-11-07 10:09:52.728 [main] MxmlConvert - parent name: Controls:columns
[DEBUG] 2023-11-07 10:09:52.728 [main] MxmlConvert - name: mx:DataGridColumn
[DEBUG] 2023-11-07 10:09:52.728 [main] MxmlConvert - parent name: null
[DEBUG] 2023-11-07 10:09:52.728 [main] MxmlConvert - name: #comment
[DEBUG] 2023-11-07 10:09:52.728 [main] MxmlConvert - cssElement: 
[DEBUG] 2023-11-07 10:09:52.728 [main] MxmlConvert - attributeElement: 
[DEBUG] 2023-11-07 10:09:52.728 [main] MxmlConvert - parent name: mx:DataGridColumn
[DEBUG] 2023-11-07 10:09:52.728 [main] MxmlConvert - name: mx:headerRenderer
[DEBUG] 2023-11-07 10:09:52.729 [main] MxmlConvert - parent name: mx:headerRenderer
[DEBUG] 2023-11-07 10:09:52.729 [main] MxmlConvert - name: mx:Component
[DEBUG] 2023-11-07 10:09:52.740 [main] MxmlConvert - parent name: mx:Component
[DEBUG] 2023-11-07 10:09:52.740 [main] MxmlConvert - name: Controls:ACCLabel
[DEBUG] 2023-11-07 10:09:52.740 [main] MxmlConvert - cssElement: text-align:center;
[DEBUG] 2023-11-07 10:09:52.740 [main] MxmlConvert - attributeElement:  value="#{record.callCount}"
[DEBUG] 2023-11-07 10:09:52.740 [main] MxmlConvert - cssElement: 
[DEBUG] 2023-11-07 10:09:52.740 [main] MxmlConvert - attributeElement: 
[DEBUG] 2023-11-07 10:09:52.740 [main] MxmlConvert - cssElement: 
[DEBUG] 2023-11-07 10:09:52.740 [main] MxmlConvert - attributeElement: 
[DEBUG] 2023-11-07 10:09:52.740 [main] MxmlConvert - cssElement: text-align:right;width:50px;
[DEBUG] 2023-11-07 10:09:52.741 [main] MxmlConvert - attributeElement:  headerText="件数" id="callCount"
[DEBUG] 2023-11-07 10:09:52.741 [main] MxmlConvert - cssElement: 
[DEBUG] 2023-11-07 10:09:52.741 [main] MxmlConvert - attributeElement: 
[DEBUG] 2023-11-07 10:09:52.741 [main] MxmlConvert - cssElement: height:140px;width:100%;position: absolute; left:0px;top:3px;
[DEBUG] 2023-11-07 10:09:52.741 [main] MxmlConvert - attributeElement:  id="gridSEL001" tabindex="1" scrollable="on"
[DEBUG] 2023-11-07 10:09:52.741 [main] MxmlConvert - parent name: null
[DEBUG] 2023-11-07 10:09:52.741 [main] MxmlConvert - name: #comment
[DEBUG] 2023-11-07 10:09:52.741 [main] MxmlConvert - cssElement: 
[DEBUG] 2023-11-07 10:09:52.741 [main] MxmlConvert - attributeElement: 
[DEBUG] 2023-11-07 10:09:52.741 [main] MxmlConvert - parent name: Containers:ACCPanel
[DEBUG] 2023-11-07 10:09:52.741 [main] MxmlConvert - name: Controls:ACCButton
[DEBUG] 2023-11-07 10:09:52.741 [main] MxmlConvert - cssElement: text-align:center;width:100%;position: absolute; left:0px;top:142px;
[DEBUG] 2023-11-07 10:09:52.741 [main] MxmlConvert - attributeElement:  actionListener="#{MG3001005_01_000Controller.btnSEL001OnClickHandler};" id="btnSEL001" value="督促担当者選択" tabindex="2"
[DEBUG] 2023-11-07 10:09:52.741 [main] MxmlConvert - cssElement: height:181px;position:absolute;width:476px;position: absolute; left:4px;top:7px;
[DEBUG] 2023-11-07 10:09:52.741 [main] MxmlConvert - attributeElement:  id="compPanel19" tabindex="1" header="担当者選択"
[DEBUG] 2023-11-07 10:09:52.741 [main] MxmlConvert - parent name: Containers:ACCCanvas
[DEBUG] 2023-11-07 10:09:52.741 [main] MxmlConvert - name: Containers:ACCHBox
[DEBUG] 2023-11-07 10:09:52.741 [main] MxmlConvert - parent name: null
[DEBUG] 2023-11-07 10:09:52.741 [main] MxmlConvert - name: #comment
[DEBUG] 2023-11-07 10:09:52.741 [main] MxmlConvert - cssElement: 
[DEBUG] 2023-11-07 10:09:52.741 [main] MxmlConvert - attributeElement: 
[DEBUG] 2023-11-07 10:09:52.741 [main] MxmlConvert - parent name: Containers:ACCHBox
[DEBUG] 2023-11-07 10:09:52.741 [main] MxmlConvert - name: Containers:ACCPanel
[DEBUG] 2023-11-07 10:09:52.741 [main] MxmlConvert - parent name: Containers:ACCPanel
[DEBUG] 2023-11-07 10:09:52.741 [main] MxmlConvert - name: Controls:ACCRadioButtonGroup
[DEBUG] 2023-11-07 10:09:52.741 [main] MxmlConvert - cssElement: 
[DEBUG] 2023-11-07 10:09:52.741 [main] MxmlConvert - attributeElement:  id="grpDistribution"
[DEBUG] 2023-11-07 10:09:52.741 [main] MxmlConvert - parent name: Containers:ACCPanel
[DEBUG] 2023-11-07 10:09:52.741 [main] MxmlConvert - name: Controls:ACCRadioButton
[DEBUG] 2023-11-07 10:09:52.742 [main] MxmlConvert - cssElement: text-align:center;width:50%;
[DEBUG] 2023-11-07 10:09:52.742 [main] MxmlConvert - attributeElement:  groupName="grpDistribution" id="rdoOneReam" value="一連" tabindex="1"
[DEBUG] 2023-11-07 10:09:52.742 [main] MxmlConvert - parent name: Containers:ACCPanel
[DEBUG] 2023-11-07 10:09:52.742 [main] MxmlConvert - name: Controls:ACCRadioButton
[DEBUG] 2023-11-07 10:09:52.742 [main] MxmlConvert - cssElement: text-align:center;width:50%;
[DEBUG] 2023-11-07 10:09:52.742 [main] MxmlConvert - attributeElement:  groupName="grpDistribution" id="rdoCards" value="トランプ" tabindex="2"
[DEBUG] 2023-11-07 10:09:52.742 [main] MxmlConvert - cssElement: height:100%;position:horizontal;width:50%;
[DEBUG] 2023-11-07 10:09:52.742 [main] MxmlConvert - attributeElement:  id="compPanel20" tabindex="1" header="振分方法"
[DEBUG] 2023-11-07 10:09:52.742 [main] MxmlConvert - parent name: null
[DEBUG] 2023-11-07 10:09:52.742 [main] MxmlConvert - name: #comment
[DEBUG] 2023-11-07 10:09:52.742 [main] MxmlConvert - cssElement: 
[DEBUG] 2023-11-07 10:09:52.742 [main] MxmlConvert - attributeElement: 
[DEBUG] 2023-11-07 10:09:52.742 [main] MxmlConvert - parent name: Containers:ACCHBox
[DEBUG] 2023-11-07 10:09:52.742 [main] MxmlConvert - name: Containers:ACCPanel
[DEBUG] 2023-11-07 10:09:52.742 [main] MxmlConvert - parent name: Containers:ACCPanel
[DEBUG] 2023-11-07 10:09:52.742 [main] MxmlConvert - name: Controls:ACCRadioButtonGroup
[DEBUG] 2023-11-07 10:09:52.742 [main] MxmlConvert - cssElement: 
[DEBUG] 2023-11-07 10:09:52.742 [main] MxmlConvert - attributeElement:  id="grpSort"
[DEBUG] 2023-11-07 10:09:52.742 [main] MxmlConvert - parent name: Containers:ACCPanel
[DEBUG] 2023-11-07 10:09:52.742 [main] MxmlConvert - name: Controls:ACCRadioButton
[DEBUG] 2023-11-07 10:09:52.742 [main] MxmlConvert - cssElement: text-align:center;width:50%;
[DEBUG] 2023-11-07 10:09:52.742 [main] MxmlConvert - attributeElement:  groupName="grpSort" id="rdoDeferredBalance" value="未納額" tabindex="1"
[DEBUG] 2023-11-07 10:09:52.742 [main] MxmlConvert - parent name: Containers:ACCPanel
[DEBUG] 2023-11-07 10:09:52.742 [main] MxmlConvert - name: Controls:ACCRadioButton
[DEBUG] 2023-11-07 10:09:52.742 [main] MxmlConvert - cssElement: text-align:center;width:50%;
[DEBUG] 2023-11-07 10:09:52.742 [main] MxmlConvert - attributeElement:  groupName="grpSort" id="rdoClaimBalance" value="総残高" tabindex="2"
[DEBUG] 2023-11-07 10:09:52.742 [main] MxmlConvert - cssElement: height:100%;position:horizontal;width:50%;
[DEBUG] 2023-11-07 10:09:52.742 [main] MxmlConvert - attributeElement:  id="compPanel21" tabindex="2" header="ソート順（降順）"
[DEBUG] 2023-11-07 10:09:52.742 [main] MxmlConvert - cssElement: height:50px;width:476px;position: absolute; left:4px;top:194px;
[DEBUG] 2023-11-07 10:09:52.742 [main] MxmlConvert - attributeElement:  id="compHBox02" tabindex="2"
[DEBUG] 2023-11-07 10:09:52.742 [main] MxmlConvert - cssElement: height:250px;width:490px;
[DEBUG] 2023-11-07 10:09:52.742 [main] MxmlConvert - attributeElement:  title="担当割当"
[INFO ] 2023-11-07 10:09:52.775 [main] MxmlConvert - Html file created successfully.
[INFO ] 2023-11-07 10:09:52.775 [main] MxmlConvert - CSS file created successfully.
