[INFO ] 2023-11-07 10:10:40.545 [main] MxmlConvert - Root Element :Containers:ACCCanvas
[INFO ] 2023-11-07 10:10:40.547 [main] MxmlConvert - ------
[INFO ] 2023-11-07 10:10:40.551 [main] ConvertMxmlService - Node Name =#comment [OPEN]
[INFO ] 2023-11-07 10:10:40.551 [main] ConvertMxmlService - Node Name =Containers:ACCCanvas [OPEN]
[INFO ] 2023-11-07 10:10:40.563 [main] ConvertMxmlService - Node Name =#text [OPEN]
[INFO ] 2023-11-07 10:10:40.563 [main] ConvertMxmlService - Node Name =mx:Script [OPEN]
[INFO ] 2023-11-07 10:10:40.564 [main] ConvertMxmlService - Node Name =#text [OPEN]
[INFO ] 2023-11-07 10:10:40.564 [main] ConvertMxmlService - Node Name =tougouchusyutsu:MG3001005_01_000_AS [OPEN]
[INFO ] 2023-11-07 10:10:40.564 [main] ConvertMxmlService - Node Name =#text [OPEN]
[INFO ] 2023-11-07 10:10:40.566 [main] ConvertMxmlService - Node Name =Containers:ACCPanel [OPEN]
[INFO ] 2023-11-07 10:10:40.566 [main] ConvertMxmlService - Node Name =#text [OPEN]
[INFO ] 2023-11-07 10:10:40.567 [main] ConvertMxmlService - Node Name =#comment [OPEN]
[INFO ] 2023-11-07 10:10:40.567 [main] ConvertMxmlService - Node Name =#text [OPEN]
[INFO ] 2023-11-07 10:10:40.567 [main] ConvertMxmlService - Node Name =Controls:ACCDataGrid [OPEN]
[INFO ] 2023-11-07 10:10:40.567 [main] ConvertMxmlService - Node Name =#text [OPEN]
[INFO ] 2023-11-07 10:10:40.567 [main] ConvertMxmlService - Node Name =Controls:columns [OPEN]
[INFO ] 2023-11-07 10:10:40.568 [main] ConvertMxmlService - Node Name =#text [OPEN]
[INFO ] 2023-11-07 10:10:40.568 [main] ConvertMxmlService - Node Name =mx:DataGridColumn [OPEN]
[INFO ] 2023-11-07 10:10:40.594 [main] ConvertMxmlService - Node Name =#text [OPEN]
[INFO ] 2023-11-07 10:10:40.594 [main] ConvertMxmlService - Node Name =mx:headerRenderer [OPEN]
[INFO ] 2023-11-07 10:10:40.594 [main] ConvertMxmlService - Node Name =#text [OPEN]
[INFO ] 2023-11-07 10:10:40.595 [main] ConvertMxmlService - Node Name =mx:Component [OPEN]
[INFO ] 2023-11-07 10:10:40.595 [main] ConvertMxmlService - Node Name =#text [OPEN]
[INFO ] 2023-11-07 10:10:40.595 [main] ConvertMxmlService - Node Name =Controls:ACCLabel [OPEN]
[INFO ] 2023-11-07 10:10:40.596 [main] ConvertMxmlService - Node Name =Controls:ACCLabel [CLOSE]
[INFO ] 2023-11-07 10:10:40.596 [main] ConvertMxmlService - Node Name =#text [OPEN]
[INFO ] 2023-11-07 10:10:40.596 [main] ConvertMxmlService - Node Name =mx:Component [CLOSE]
[INFO ] 2023-11-07 10:10:40.596 [main] ConvertMxmlService - Node Name =#text [OPEN]
[INFO ] 2023-11-07 10:10:40.596 [main] ConvertMxmlService - Node Name =mx:headerRenderer [CLOSE]
[INFO ] 2023-11-07 10:10:40.596 [main] ConvertMxmlService - Node Name =#text [OPEN]
[INFO ] 2023-11-07 10:10:40.596 [main] ConvertMxmlService - Node Name =mx:DataGridColumn [CLOSE]
[INFO ] 2023-11-07 10:10:40.596 [main] ConvertMxmlService - Node Name =#text [OPEN]
[INFO ] 2023-11-07 10:10:40.596 [main] ConvertMxmlService - Node Name =mx:DataGridColumn [OPEN]
[INFO ] 2023-11-07 10:10:40.597 [main] ConvertMxmlService - Node Name =#text [OPEN]
[INFO ] 2023-11-07 10:10:40.597 [main] ConvertMxmlService - Node Name =mx:headerRenderer [OPEN]
[INFO ] 2023-11-07 10:10:40.598 [main] ConvertMxmlService - Node Name =#text [OPEN]
[INFO ] 2023-11-07 10:10:40.598 [main] ConvertMxmlService - Node Name =mx:Component [OPEN]
[INFO ] 2023-11-07 10:10:40.598 [main] ConvertMxmlService - Node Name =#text [OPEN]
[INFO ] 2023-11-07 10:10:40.598 [main] ConvertMxmlService - Node Name =Controls:ACCLabel [OPEN]
[INFO ] 2023-11-07 10:10:40.599 [main] ConvertMxmlService - Node Name =Controls:ACCLabel [CLOSE]
[INFO ] 2023-11-07 10:10:40.599 [main] ConvertMxmlService - Node Name =#text [OPEN]
[INFO ] 2023-11-07 10:10:40.599 [main] ConvertMxmlService - Node Name =mx:Component [CLOSE]
[INFO ] 2023-11-07 10:10:40.599 [main] ConvertMxmlService - Node Name =#text [OPEN]
[INFO ] 2023-11-07 10:10:40.599 [main] ConvertMxmlService - Node Name =mx:headerRenderer [CLOSE]
[INFO ] 2023-11-07 10:10:40.599 [main] ConvertMxmlService - Node Name =#text [OPEN]
[INFO ] 2023-11-07 10:10:40.599 [main] ConvertMxmlService - Node Name =mx:DataGridColumn [CLOSE]
[INFO ] 2023-11-07 10:10:40.599 [main] ConvertMxmlService - Node Name =#text [OPEN]
[INFO ] 2023-11-07 10:10:40.599 [main] ConvertMxmlService - Node Name =#comment [OPEN]
[INFO ] 2023-11-07 10:10:40.599 [main] ConvertMxmlService - Node Name =#text [OPEN]
[INFO ] 2023-11-07 10:10:40.599 [main] ConvertMxmlService - Node Name =mx:DataGridColumn [OPEN]
[INFO ] 2023-11-07 10:10:43.332 [main] ConvertMxmlService - Node Name =#text [OPEN]
[INFO ] 2023-11-07 10:10:43.332 [main] ConvertMxmlService - Node Name =#comment [OPEN]
[INFO ] 2023-11-07 10:10:43.332 [main] ConvertMxmlService - Node Name =#text [OPEN]
[INFO ] 2023-11-07 10:10:43.332 [main] ConvertMxmlService - Node Name =mx:headerRenderer [OPEN]
[INFO ] 2023-11-07 10:10:43.333 [main] ConvertMxmlService - Node Name =#text [OPEN]
[INFO ] 2023-11-07 10:10:43.333 [main] ConvertMxmlService - Node Name =mx:Component [OPEN]
[INFO ] 2023-11-07 10:10:43.334 [main] ConvertMxmlService - Node Name =#text [OPEN]
[INFO ] 2023-11-07 10:10:43.334 [main] ConvertMxmlService - Node Name =Controls:ACCLabel [OPEN]
[INFO ] 2023-11-07 10:10:43.335 [main] ConvertMxmlService - Node Name =Controls:ACCLabel [CLOSE]
[INFO ] 2023-11-07 10:10:43.335 [main] ConvertMxmlService - Node Name =#text [OPEN]
[INFO ] 2023-11-07 10:10:43.335 [main] ConvertMxmlService - Node Name =mx:Component [CLOSE]
[INFO ] 2023-11-07 10:10:43.335 [main] ConvertMxmlService - Node Name =#text [OPEN]
[INFO ] 2023-11-07 10:10:43.335 [main] ConvertMxmlService - Node Name =mx:headerRenderer [CLOSE]
[INFO ] 2023-11-07 10:10:43.335 [main] ConvertMxmlService - Node Name =#text [OPEN]
[INFO ] 2023-11-07 10:10:43.335 [main] ConvertMxmlService - Node Name =mx:DataGridColumn [CLOSE]
[INFO ] 2023-11-07 10:10:43.335 [main] ConvertMxmlService - Node Name =#text [OPEN]
[INFO ] 2023-11-07 10:10:43.335 [main] ConvertMxmlService - Node Name =Controls:columns [CLOSE]
[INFO ] 2023-11-07 10:10:43.335 [main] ConvertMxmlService - Node Name =#text [OPEN]
[INFO ] 2023-11-07 10:10:43.335 [main] ConvertMxmlService - Node Name =Controls:ACCDataGrid [CLOSE]
[INFO ] 2023-11-07 10:10:43.335 [main] ConvertMxmlService - Node Name =#text [OPEN]
[INFO ] 2023-11-07 10:10:43.335 [main] ConvertMxmlService - Node Name =#comment [OPEN]
[INFO ] 2023-11-07 10:10:43.335 [main] ConvertMxmlService - Node Name =#text [OPEN]
[INFO ] 2023-11-07 10:10:43.335 [main] ConvertMxmlService - Node Name =Controls:ACCButton [OPEN]
[INFO ] 2023-11-07 10:10:43.336 [main] ConvertMxmlService - Node Name =Controls:ACCButton [CLOSE]
[INFO ] 2023-11-07 10:10:43.336 [main] ConvertMxmlService - Node Name =#text [OPEN]
[INFO ] 2023-11-07 10:10:43.336 [main] ConvertMxmlService - Node Name =Containers:ACCPanel [CLOSE]
[INFO ] 2023-11-07 10:10:43.336 [main] ConvertMxmlService - Node Name =#text [OPEN]
[INFO ] 2023-11-07 10:10:43.336 [main] ConvertMxmlService - Node Name =Containers:ACCHBox [OPEN]
[INFO ] 2023-11-07 10:10:43.337 [main] ConvertMxmlService - Node Name =#text [OPEN]
[INFO ] 2023-11-07 10:10:43.337 [main] ConvertMxmlService - Node Name =#comment [OPEN]
[INFO ] 2023-11-07 10:10:43.337 [main] ConvertMxmlService - Node Name =#text [OPEN]
[INFO ] 2023-11-07 10:10:43.337 [main] ConvertMxmlService - Node Name =Containers:ACCPanel [OPEN]
[INFO ] 2023-11-07 10:10:43.338 [main] ConvertMxmlService - Node Name =#text [OPEN]
[INFO ] 2023-11-07 10:10:43.339 [main] ConvertMxmlService - Node Name =Controls:ACCRadioButtonGroup [OPEN]
[INFO ] 2023-11-07 10:10:43.340 [main] ConvertMxmlService - Node Name =Controls:ACCRadioButtonGroup [CLOSE]
[INFO ] 2023-11-07 10:10:43.340 [main] ConvertMxmlService - Node Name =#text [OPEN]
[INFO ] 2023-11-07 10:10:43.340 [main] ConvertMxmlService - Node Name =Controls:ACCRadioButton [OPEN]
[INFO ] 2023-11-07 10:10:43.342 [main] ConvertMxmlService - Node Name =Controls:ACCRadioButton [CLOSE]
[INFO ] 2023-11-07 10:10:43.342 [main] ConvertMxmlService - Node Name =#text [OPEN]
[INFO ] 2023-11-07 10:10:43.342 [main] ConvertMxmlService - Node Name =Controls:ACCRadioButton [OPEN]
[INFO ] 2023-11-07 10:10:43.349 [main] ConvertMxmlService - Node Name =Controls:ACCRadioButton [CLOSE]
[INFO ] 2023-11-07 10:10:43.349 [main] ConvertMxmlService - Node Name =#text [OPEN]
[INFO ] 2023-11-07 10:10:43.349 [main] ConvertMxmlService - Node Name =Containers:ACCPanel [CLOSE]
[INFO ] 2023-11-07 10:10:43.349 [main] ConvertMxmlService - Node Name =#text [OPEN]
[INFO ] 2023-11-07 10:10:43.349 [main] ConvertMxmlService - Node Name =#comment [OPEN]
[INFO ] 2023-11-07 10:10:43.349 [main] ConvertMxmlService - Node Name =#text [OPEN]
[INFO ] 2023-11-07 10:10:43.349 [main] ConvertMxmlService - Node Name =Containers:ACCPanel [OPEN]
[INFO ] 2023-11-07 10:10:43.350 [main] ConvertMxmlService - Node Name =#text [OPEN]
[INFO ] 2023-11-07 10:10:43.350 [main] ConvertMxmlService - Node Name =Controls:ACCRadioButtonGroup [OPEN]
[INFO ] 2023-11-07 10:10:43.351 [main] ConvertMxmlService - Node Name =Controls:ACCRadioButtonGroup [CLOSE]
[INFO ] 2023-11-07 10:10:43.351 [main] ConvertMxmlService - Node Name =#text [OPEN]
[INFO ] 2023-11-07 10:10:43.351 [main] ConvertMxmlService - Node Name =Controls:ACCRadioButton [OPEN]
[INFO ] 2023-11-07 10:10:43.351 [main] ConvertMxmlService - Node Name =Controls:ACCRadioButton [CLOSE]
[INFO ] 2023-11-07 10:10:43.351 [main] ConvertMxmlService - Node Name =#text [OPEN]
[INFO ] 2023-11-07 10:10:43.351 [main] ConvertMxmlService - Node Name =Controls:ACCRadioButton [OPEN]
[INFO ] 2023-11-07 10:10:43.352 [main] ConvertMxmlService - Node Name =Controls:ACCRadioButton [CLOSE]
[INFO ] 2023-11-07 10:10:43.352 [main] ConvertMxmlService - Node Name =#text [OPEN]
[INFO ] 2023-11-07 10:10:43.352 [main] ConvertMxmlService - Node Name =Containers:ACCPanel [CLOSE]
[INFO ] 2023-11-07 10:10:43.352 [main] ConvertMxmlService - Node Name =#text [OPEN]
[INFO ] 2023-11-07 10:10:43.352 [main] ConvertMxmlService - Node Name =Containers:ACCHBox [CLOSE]
[INFO ] 2023-11-07 10:10:43.352 [main] ConvertMxmlService - Node Name =#text [OPEN]
[INFO ] 2023-11-07 10:10:43.352 [main] ConvertMxmlService - Node Name =Containers:ACCCanvas [CLOSE]
[DEBUG] 2023-11-07 10:10:43.353 [main] MxmlConvert - parent name: null
[DEBUG] 2023-11-07 10:10:43.353 [main] MxmlConvert - name: #comment
[DEBUG] 2023-11-07 10:10:52.289 [main] MxmlConvert - cssElement: 
[DEBUG] 2023-11-07 10:10:52.289 [main] MxmlConvert - attributeElement: 
[DEBUG] 2023-11-07 10:10:52.289 [main] MxmlConvert - parent name: RootNode
[DEBUG] 2023-11-07 10:10:52.289 [main] MxmlConvert - name: Containers:ACCCanvas
[DEBUG] 2023-11-07 10:10:52.291 [main] MxmlConvert - parent name: Containers:ACCCanvas
[DEBUG] 2023-11-07 10:10:52.291 [main] MxmlConvert - name: Containers:ACCPanel
[DEBUG] 2023-11-07 10:10:53.385 [main] MxmlConvert - parent name: null
[DEBUG] 2023-11-07 10:10:53.386 [main] MxmlConvert - name: #comment
[DEBUG] 2023-11-07 10:10:54.381 [main] MxmlConvert - cssElement: 
[DEBUG] 2023-11-07 10:10:54.381 [main] MxmlConvert - attributeElement: 
[DEBUG] 2023-11-07 10:10:54.382 [main] MxmlConvert - parent name: Containers:ACCPanel
[DEBUG] 2023-11-07 10:10:54.382 [main] MxmlConvert - name: Controls:ACCDataGrid
[DEBUG] 2023-11-07 10:10:55.688 [main] MxmlConvert - parent name: Controls:ACCDataGrid
[DEBUG] 2023-11-07 10:10:55.688 [main] MxmlConvert - name: Controls:columns
[DEBUG] 2023-11-07 10:10:55.689 [main] MxmlConvert - parent name: Controls:columns
[DEBUG] 2023-11-07 10:10:55.689 [main] MxmlConvert - name: mx:DataGridColumn
[DEBUG] 2023-11-07 10:10:58.623 [main] MxmlConvert - parent name: mx:DataGridColumn
[DEBUG] 2023-11-07 10:10:58.624 [main] MxmlConvert - name: mx:headerRenderer
[DEBUG] 2023-11-07 10:10:58.624 [main] MxmlConvert - parent name: mx:headerRenderer
[DEBUG] 2023-11-07 10:10:58.624 [main] MxmlConvert - name: mx:Component
[DEBUG] 2023-11-07 10:10:58.624 [main] MxmlConvert - parent name: mx:Component
[DEBUG] 2023-11-07 10:10:58.624 [main] MxmlConvert - name: Controls:ACCLabel
[DEBUG] 2023-11-07 10:11:14.176 [main] MxmlConvert - cssElement: text-align:center;
[DEBUG] 2023-11-07 10:11:14.177 [main] MxmlConvert - attributeElement:  id="sectionNameId" value="#{record.sectionName}" showDataTips="true"
[DEBUG] 2023-11-07 10:11:14.177 [main] MxmlConvert - cssElement: 
[DEBUG] 2023-11-07 10:11:14.177 [main] MxmlConvert - attributeElement:  id="sectionNameId"
[DEBUG] 2023-11-07 10:11:14.177 [main] MxmlConvert - cssElement: 
[DEBUG] 2023-11-07 10:11:14.178 [main] MxmlConvert - attributeElement:  id="sectionNameId"
[DEBUG] 2023-11-07 10:11:14.178 [main] MxmlConvert - cssElement: text-align:left;width:200px;
[DEBUG] 2023-11-07 10:11:14.178 [main] MxmlConvert - attributeElement:  headerText="部署" id="sectionName"
[DEBUG] 2023-11-07 10:11:14.178 [main] MxmlConvert - parent name: Controls:columns
[DEBUG] 2023-11-07 10:11:14.178 [main] MxmlConvert - name: mx:DataGridColumn
[DEBUG] 2023-11-07 10:11:18.764 [main] MxmlConvert - parent name: mx:DataGridColumn
[DEBUG] 2023-11-07 10:11:18.764 [main] MxmlConvert - name: mx:headerRenderer
[DEBUG] 2023-11-07 10:11:18.764 [main] MxmlConvert - parent name: mx:headerRenderer
[DEBUG] 2023-11-07 10:11:18.764 [main] MxmlConvert - name: mx:Component
[DEBUG] 2023-11-07 10:11:18.764 [main] MxmlConvert - parent name: mx:Component
[DEBUG] 2023-11-07 10:11:18.764 [main] MxmlConvert - name: Controls:ACCLabel
[DEBUG] 2023-11-07 10:11:23.829 [main] MxmlConvert - cssElement: text-align:center;
[DEBUG] 2023-11-07 10:11:23.829 [main] MxmlConvert - attributeElement:  id="ttNameId" value="#{record.ttName}" showDataTips="true"
[DEBUG] 2023-11-07 10:11:23.829 [main] MxmlConvert - cssElement: 
[DEBUG] 2023-11-07 10:11:23.829 [main] MxmlConvert - attributeElement:  id="ttNameId"
[DEBUG] 2023-11-07 10:11:23.830 [main] MxmlConvert - cssElement: 
[DEBUG] 2023-11-07 10:11:23.830 [main] MxmlConvert - attributeElement:  id="ttNameId"
[DEBUG] 2023-11-07 10:11:23.830 [main] MxmlConvert - cssElement: text-align:left;width:200px;
[DEBUG] 2023-11-07 10:11:23.830 [main] MxmlConvert - attributeElement:  headerText="督促担当者" id="ttName"
[DEBUG] 2023-11-07 10:11:23.830 [main] MxmlConvert - parent name: null
[DEBUG] 2023-11-07 10:11:23.830 [main] MxmlConvert - name: #comment
[DEBUG] 2023-11-07 10:11:27.634 [main] MxmlConvert - cssElement: 
[DEBUG] 2023-11-07 10:11:27.635 [main] MxmlConvert - attributeElement: 
[DEBUG] 2023-11-07 10:11:27.635 [main] MxmlConvert - parent name: Controls:columns
[DEBUG] 2023-11-07 10:11:27.635 [main] MxmlConvert - name: mx:DataGridColumn
[DEBUG] 2023-11-07 10:11:46.130 [main] MxmlConvert - parent name: null
[DEBUG] 2023-11-07 10:11:46.130 [main] MxmlConvert - name: #comment
[DEBUG] 2023-11-07 10:11:53.686 [main] MxmlConvert - cssElement: 
[DEBUG] 2023-11-07 10:11:53.686 [main] MxmlConvert - attributeElement: 
[DEBUG] 2023-11-07 10:11:53.686 [main] MxmlConvert - parent name: mx:DataGridColumn
[DEBUG] 2023-11-07 10:11:53.687 [main] MxmlConvert - name: mx:headerRenderer
[DEBUG] 2023-11-07 10:11:53.687 [main] MxmlConvert - parent name: mx:headerRenderer
[DEBUG] 2023-11-07 10:11:53.687 [main] MxmlConvert - name: mx:Component
[DEBUG] 2023-11-07 10:11:53.687 [main] MxmlConvert - parent name: mx:Component
[DEBUG] 2023-11-07 10:11:53.687 [main] MxmlConvert - name: Controls:ACCLabel
[DEBUG] 2023-11-07 10:12:52.045 [main] MxmlConvert - cssElement: text-align:center;
[DEBUG] 2023-11-07 10:12:53.858 [main] MxmlConvert - attributeElement:  value="#{record.callCount}"
[DEBUG] 2023-11-07 10:12:59.836 [main] MxmlConvert - cssElement: 
[DEBUG] 2023-11-07 10:13:14.016 [main] MxmlConvert - attributeElement: 
[DEBUG] 2023-11-07 10:13:14.016 [main] MxmlConvert - cssElement: 
[DEBUG] 2023-11-07 10:13:14.016 [main] MxmlConvert - attributeElement: 
[DEBUG] 2023-11-07 10:13:14.016 [main] MxmlConvert - cssElement: text-align:right;width:50px;
[DEBUG] 2023-11-07 10:13:14.016 [main] MxmlConvert - attributeElement:  headerText="件数" id="callCount"
[DEBUG] 2023-11-07 10:13:14.016 [main] MxmlConvert - cssElement: 
[DEBUG] 2023-11-07 10:13:14.016 [main] MxmlConvert - attributeElement: 
[DEBUG] 2023-11-07 10:13:14.016 [main] MxmlConvert - cssElement: height:140px;width:100%;position: absolute; left:0px;top:3px;
[DEBUG] 2023-11-07 10:13:14.016 [main] MxmlConvert - attributeElement:  id="gridSEL001" tabindex="1" scrollable="on"
[DEBUG] 2023-11-07 10:13:14.016 [main] MxmlConvert - parent name: null
[DEBUG] 2023-11-07 10:13:14.017 [main] MxmlConvert - name: #comment
[DEBUG] 2023-11-07 10:13:15.712 [main] MxmlConvert - cssElement: 
[DEBUG] 2023-11-07 10:13:15.712 [main] MxmlConvert - attributeElement: 
[DEBUG] 2023-11-07 10:13:15.712 [main] MxmlConvert - parent name: Containers:ACCPanel
[DEBUG] 2023-11-07 10:13:15.713 [main] MxmlConvert - name: Controls:ACCButton
[DEBUG] 2023-11-07 10:13:15.713 [main] MxmlConvert - cssElement: text-align:center;width:100%;position: absolute; left:0px;top:142px;
[DEBUG] 2023-11-07 10:13:15.713 [main] MxmlConvert - attributeElement:  actionListener="#{MG3001005_01_000Controller.btnSEL001OnClickHandler};" id="btnSEL001" value="督促担当者選択" tabindex="2"
[DEBUG] 2023-11-07 10:13:15.713 [main] MxmlConvert - cssElement: height:181px;position:absolute;width:476px;position: absolute; left:4px;top:7px;
[DEBUG] 2023-11-07 10:13:15.713 [main] MxmlConvert - attributeElement:  id="compPanel19" tabindex="1" header="担当者選択"
[DEBUG] 2023-11-07 10:13:15.713 [main] MxmlConvert - parent name: Containers:ACCCanvas
[DEBUG] 2023-11-07 10:13:15.714 [main] MxmlConvert - name: Containers:ACCHBox
[DEBUG] 2023-11-07 10:13:15.714 [main] MxmlConvert - parent name: null
[DEBUG] 2023-11-07 10:13:15.714 [main] MxmlConvert - name: #comment
[DEBUG] 2023-11-07 10:13:15.714 [main] MxmlConvert - cssElement: 
[DEBUG] 2023-11-07 10:13:15.714 [main] MxmlConvert - attributeElement: 
[DEBUG] 2023-11-07 10:13:15.714 [main] MxmlConvert - parent name: Containers:ACCHBox
[DEBUG] 2023-11-07 10:13:15.714 [main] MxmlConvert - name: Containers:ACCPanel
[DEBUG] 2023-11-07 10:13:15.715 [main] MxmlConvert - parent name: Containers:ACCPanel
[DEBUG] 2023-11-07 10:13:15.715 [main] MxmlConvert - name: Controls:ACCRadioButtonGroup
[DEBUG] 2023-11-07 10:13:15.715 [main] MxmlConvert - cssElement: 
[DEBUG] 2023-11-07 10:13:15.715 [main] MxmlConvert - attributeElement:  id="grpDistribution"
[DEBUG] 2023-11-07 10:13:15.715 [main] MxmlConvert - parent name: Containers:ACCPanel
[DEBUG] 2023-11-07 10:13:15.715 [main] MxmlConvert - name: Controls:ACCRadioButton
[DEBUG] 2023-11-07 10:13:15.715 [main] MxmlConvert - cssElement: text-align:center;width:50%;
[DEBUG] 2023-11-07 10:13:15.716 [main] MxmlConvert - attributeElement:  groupName="grpDistribution" id="rdoOneReam" value="一連" tabindex="1"
[DEBUG] 2023-11-07 10:13:15.716 [main] MxmlConvert - parent name: Containers:ACCPanel
[DEBUG] 2023-11-07 10:13:15.716 [main] MxmlConvert - name: Controls:ACCRadioButton
[DEBUG] 2023-11-07 10:13:15.716 [main] MxmlConvert - cssElement: text-align:center;width:50%;
[DEBUG] 2023-11-07 10:13:15.716 [main] MxmlConvert - attributeElement:  groupName="grpDistribution" id="rdoCards" value="トランプ" tabindex="2"
[DEBUG] 2023-11-07 10:13:15.716 [main] MxmlConvert - cssElement: height:100%;position:horizontal;width:50%;
[DEBUG] 2023-11-07 10:13:15.716 [main] MxmlConvert - attributeElement:  id="compPanel20" tabindex="1" header="振分方法"
[DEBUG] 2023-11-07 10:13:15.717 [main] MxmlConvert - parent name: null
[DEBUG] 2023-11-07 10:13:15.717 [main] MxmlConvert - name: #comment
[DEBUG] 2023-11-07 10:13:15.717 [main] MxmlConvert - cssElement: 
[DEBUG] 2023-11-07 10:13:15.717 [main] MxmlConvert - attributeElement: 
[DEBUG] 2023-11-07 10:13:15.717 [main] MxmlConvert - parent name: Containers:ACCHBox
[DEBUG] 2023-11-07 10:13:15.717 [main] MxmlConvert - name: Containers:ACCPanel
[DEBUG] 2023-11-07 10:13:15.717 [main] MxmlConvert - parent name: Containers:ACCPanel
[DEBUG] 2023-11-07 10:13:15.717 [main] MxmlConvert - name: Controls:ACCRadioButtonGroup
[DEBUG] 2023-11-07 10:13:15.717 [main] MxmlConvert - cssElement: 
[DEBUG] 2023-11-07 10:13:15.717 [main] MxmlConvert - attributeElement:  id="grpSort"
[DEBUG] 2023-11-07 10:13:15.717 [main] MxmlConvert - parent name: Containers:ACCPanel
[DEBUG] 2023-11-07 10:13:15.717 [main] MxmlConvert - name: Controls:ACCRadioButton
[DEBUG] 2023-11-07 10:13:15.717 [main] MxmlConvert - cssElement: text-align:center;width:50%;
[DEBUG] 2023-11-07 10:13:15.717 [main] MxmlConvert - attributeElement:  groupName="grpSort" id="rdoDeferredBalance" value="未納額" tabindex="1"
[DEBUG] 2023-11-07 10:13:15.717 [main] MxmlConvert - parent name: Containers:ACCPanel
[DEBUG] 2023-11-07 10:13:15.717 [main] MxmlConvert - name: Controls:ACCRadioButton
[DEBUG] 2023-11-07 10:13:15.717 [main] MxmlConvert - cssElement: text-align:center;width:50%;
[DEBUG] 2023-11-07 10:13:15.717 [main] MxmlConvert - attributeElement:  groupName="grpSort" id="rdoClaimBalance" value="総残高" tabindex="2"
[DEBUG] 2023-11-07 10:13:15.718 [main] MxmlConvert - cssElement: height:100%;position:horizontal;width:50%;
[DEBUG] 2023-11-07 10:13:15.718 [main] MxmlConvert - attributeElement:  id="compPanel21" tabindex="2" header="ソート順（降順）"
[DEBUG] 2023-11-07 10:13:15.718 [main] MxmlConvert - cssElement: height:50px;width:476px;position: absolute; left:4px;top:194px;
[DEBUG] 2023-11-07 10:13:15.718 [main] MxmlConvert - attributeElement:  id="compHBox02" tabindex="2"
[DEBUG] 2023-11-07 10:13:15.718 [main] MxmlConvert - cssElement: height:250px;width:490px;
[DEBUG] 2023-11-07 10:13:15.718 [main] MxmlConvert - attributeElement:  title="担当割当"
[INFO ] 2023-11-07 10:15:05.870 [main] MxmlConvert - Html file created successfully.
[INFO ] 2023-11-07 10:15:05.870 [main] MxmlConvert - CSS file created successfully.
