[INFO ] 2023-11-07 09:51:57.027 [main] MxmlConvert - Root Element :Containers:ACCTitleWindow
[INFO ] 2023-11-07 09:51:57.029 [main] MxmlConvert - ------
[INFO ] 2023-11-07 09:51:57.031 [main] ConvertMxmlService - Node Name =#comment [OPEN]
[INFO ] 2023-11-07 09:51:57.031 [main] ConvertMxmlService - Node Name =Containers:ACCTitleWindow [OPEN]
[INFO ] 2023-11-07 09:51:57.042 [main] ConvertMxmlService - Node Name =#text [OPEN]
[INFO ] 2023-11-07 09:51:57.042 [main] ConvertMxmlService - Node Name =mx:Script [OPEN]
[INFO ] 2023-11-07 09:51:57.042 [main] ConvertMxmlService - Node Name =#text [OPEN]
[INFO ] 2023-11-07 09:51:57.043 [main] ConvertMxmlService - Node Name =tougouchusyutsu:MG3001001_00_000_AS [OPEN]
[INFO ] 2023-11-07 09:51:57.044 [main] ConvertMxmlService - Node Name =#text [OPEN]
[INFO ] 2023-11-07 09:51:57.045 [main] ConvertMxmlService - Node Name =tougouchusyutsu:MG3001001_01_000 [OPEN]
[INFO ] 2023-11-07 09:51:57.045 [main] ConvertMxmlService - Node Name =tougouchusyutsu:MG3001001_01_000 [CLOSE]
[INFO ] 2023-11-07 09:51:57.045 [main] ConvertMxmlService - Node Name =#text [OPEN]
[INFO ] 2023-11-07 09:51:57.045 [main] ConvertMxmlService - Node Name =Containers:ACCTitleWindow [CLOSE]
[DEBUG] 2023-11-07 09:51:57.046 [main] MxmlConvert - parent name: null
[DEBUG] 2023-11-07 09:51:57.046 [main] MxmlConvert - name: #comment
[DEBUG] 2023-11-07 09:51:57.046 [main] MxmlConvert - cssElement: 
[DEBUG] 2023-11-07 09:51:57.046 [main] MxmlConvert - attributeElement: 
[DEBUG] 2023-11-07 09:51:57.046 [main] MxmlConvert - parent name: RootNode
[DEBUG] 2023-11-07 09:51:57.046 [main] MxmlConvert - name: Containers:ACCTitleWindow
[DEBUG] 2023-11-07 09:51:57.046 [main] MxmlConvert - parent name: Containers:ACCTitleWindow
[DEBUG] 2023-11-07 09:51:57.047 [main] MxmlConvert - name: tougouchusyutsu:MG3001001_01_000
[DEBUG] 2023-11-07 09:51:57.047 [main] MxmlConvert - cssElement: height:712px;width:1018px;position: absolute; left:-1px;top:-2px;
[DEBUG] 2023-11-07 09:51:57.047 [main] MxmlConvert - attributeElement:  id="compCanvas1"
[DEBUG] 2023-11-07 09:51:57.047 [main] MxmlConvert - cssElement: height:738px;position:absolute;width:1022px;
[DEBUG] 2023-11-07 09:51:57.047 [main] MxmlConvert - attributeElement:  title="統合抽出画面"
[INFO ] 2023-11-07 09:51:57.075 [main] MxmlConvert - Html file created successfully.
[INFO ] 2023-11-07 09:51:57.076 [main] MxmlConvert - CSS file created successfully.
[INFO ] 2023-11-07 09:51:57.091 [main] MxmlConvert - Root Element :Containers:ACCCanvas
[INFO ] 2023-11-07 09:51:57.091 [main] MxmlConvert - ------
[INFO ] 2023-11-07 09:51:57.095 [main] ConvertMxmlService - Node Name =#comment [OPEN]
[INFO ] 2023-11-07 09:51:57.096 [main] ConvertMxmlService - Node Name =Containers:ACCCanvas [OPEN]
[INFO ] 2023-11-07 09:51:57.096 [main] ConvertMxmlService - Node Name =#text [OPEN]
[INFO ] 2023-11-07 09:51:57.097 [main] ConvertMxmlService - Node Name =mx:Script [OPEN]
[INFO ] 2023-11-07 09:51:57.097 [main] ConvertMxmlService - Node Name =#text [OPEN]
[INFO ] 2023-11-07 09:51:57.097 [main] ConvertMxmlService - Node Name =#comment [OPEN]
[INFO ] 2023-11-07 09:51:57.097 [main] ConvertMxmlService - Node Name =#text [OPEN]
[INFO ] 2023-11-07 09:51:57.097 [main] ConvertMxmlService - Node Name =mx:XML [OPEN]
[INFO ] 2023-11-07 09:51:57.098 [main] ConvertMxmlService - Node Name =#text [OPEN]
[INFO ] 2023-11-07 09:51:57.098 [main] ConvertMxmlService - Node Name =#comment [OPEN]
[INFO ] 2023-11-07 09:51:57.098 [main] ConvertMxmlService - Node Name =#text [OPEN]
[INFO ] 2023-11-07 09:51:57.098 [main] ConvertMxmlService - Node Name =#comment [OPEN]
[INFO ] 2023-11-07 09:51:57.098 [main] ConvertMxmlService - Node Name =#text [OPEN]
[INFO ] 2023-11-07 09:51:57.098 [main] ConvertMxmlService - Node Name =mx:XML [OPEN]
[INFO ] 2023-11-07 09:51:57.098 [main] ConvertMxmlService - Node Name =#text [OPEN]
[INFO ] 2023-11-07 09:51:57.099 [main] ConvertMxmlService - Node Name =tougouchusyutsu:MG3001001_01_000_AS [OPEN]
[INFO ] 2023-11-07 09:51:57.099 [main] ConvertMxmlService - Node Name =#text [OPEN]
[INFO ] 2023-11-07 09:51:57.099 [main] ConvertMxmlService - Node Name =Controls:ACCLabel [OPEN]
[INFO ] 2023-11-07 09:51:57.100 [main] ConvertMxmlService - Node Name =Controls:ACCLabel [CLOSE]
[INFO ] 2023-11-07 09:51:57.100 [main] ConvertMxmlService - Node Name =#text [OPEN]
[INFO ] 2023-11-07 09:51:57.100 [main] ConvertMxmlService - Node Name =#comment [OPEN]
[INFO ] 2023-11-07 09:51:57.100 [main] ConvertMxmlService - Node Name =#text [OPEN]
[INFO ] 2023-11-07 09:51:57.100 [main] ConvertMxmlService - Node Name =Controls:ACCTextInput [OPEN]
[INFO ] 2023-11-07 09:51:57.101 [main] ConvertMxmlService - Node Name =Controls:ACCTextInput [CLOSE]
[INFO ] 2023-11-07 09:51:57.101 [main] ConvertMxmlService - Node Name =#text [OPEN]
[INFO ] 2023-11-07 09:51:57.101 [main] ConvertMxmlService - Node Name =#comment [OPEN]
[INFO ] 2023-11-07 09:51:57.101 [main] ConvertMxmlService - Node Name =#text [OPEN]
[INFO ] 2023-11-07 09:51:57.101 [main] ConvertMxmlService - Node Name =Controls:ACCButton [OPEN]
[INFO ] 2023-11-07 09:51:57.101 [main] ConvertMxmlService - Node Name =Controls:ACCButton [CLOSE]
[INFO ] 2023-11-07 09:51:57.102 [main] ConvertMxmlService - Node Name =#text [OPEN]
[INFO ] 2023-11-07 09:51:57.102 [main] ConvertMxmlService - Node Name =Controls:ACCLabel [OPEN]
[INFO ] 2023-11-07 09:51:57.102 [main] ConvertMxmlService - Node Name =Controls:ACCLabel [CLOSE]
[INFO ] 2023-11-07 09:51:57.102 [main] ConvertMxmlService - Node Name =#text [OPEN]
[INFO ] 2023-11-07 09:51:57.102 [main] ConvertMxmlService - Node Name =#comment [OPEN]
[INFO ] 2023-11-07 09:51:57.102 [main] ConvertMxmlService - Node Name =#text [OPEN]
[INFO ] 2023-11-07 09:51:57.102 [main] ConvertMxmlService - Node Name =Controls:ACCTextInput [OPEN]
[INFO ] 2023-11-07 09:51:57.103 [main] ConvertMxmlService - Node Name =Controls:ACCTextInput [CLOSE]
[INFO ] 2023-11-07 09:51:57.103 [main] ConvertMxmlService - Node Name =#text [OPEN]
[INFO ] 2023-11-07 09:51:57.103 [main] ConvertMxmlService - Node Name =Controls:ACCCheckBox [OPEN]
[INFO ] 2023-11-07 09:51:57.103 [main] ConvertMxmlService - Node Name =Controls:ACCCheckBox [CLOSE]
[INFO ] 2023-11-07 09:51:57.103 [main] ConvertMxmlService - Node Name =#text [OPEN]
[INFO ] 2023-11-07 09:51:57.103 [main] ConvertMxmlService - Node Name =Controls:ACCCheckBox [OPEN]
[INFO ] 2023-11-07 09:51:57.104 [main] ConvertMxmlService - Node Name =Controls:ACCCheckBox [CLOSE]
[INFO ] 2023-11-07 09:51:57.104 [main] ConvertMxmlService - Node Name =#text [OPEN]
[INFO ] 2023-11-07 09:51:57.104 [main] ConvertMxmlService - Node Name =Controls:ACCCheckBox [OPEN]
[INFO ] 2023-11-07 09:51:57.105 [main] ConvertMxmlService - Node Name =Controls:ACCCheckBox [CLOSE]
[INFO ] 2023-11-07 09:51:57.105 [main] ConvertMxmlService - Node Name =#text [OPEN]
[INFO ] 2023-11-07 09:51:57.105 [main] ConvertMxmlService - Node Name =#comment [OPEN]
[INFO ] 2023-11-07 09:51:57.105 [main] ConvertMxmlService - Node Name =#text [OPEN]
[INFO ] 2023-11-07 09:51:57.105 [main] ConvertMxmlService - Node Name =Containers:ACCTabNavigator [OPEN]
[INFO ] 2023-11-07 09:51:57.106 [main] ConvertMxmlService - Node Name =#text [OPEN]
[INFO ] 2023-11-07 09:51:57.106 [main] ConvertMxmlService - Node Name =#comment [OPEN]
[INFO ] 2023-11-07 09:51:57.106 [main] ConvertMxmlService - Node Name =#text [OPEN]
[INFO ] 2023-11-07 09:51:57.106 [main] ConvertMxmlService - Node Name =Containers:ACCCanvas [OPEN]
[INFO ] 2023-11-07 09:51:57.106 [main] ConvertMxmlService - Node Name =#text [OPEN]
[INFO ] 2023-11-07 09:51:57.106 [main] ConvertMxmlService - Node Name =Controls:ACCLabel [OPEN]
[INFO ] 2023-11-07 09:51:57.107 [main] ConvertMxmlService - Node Name =Controls:ACCLabel [CLOSE]
[INFO ] 2023-11-07 09:51:57.107 [main] ConvertMxmlService - Node Name =#text [OPEN]
[INFO ] 2023-11-07 09:51:57.107 [main] ConvertMxmlService - Node Name =Controls:ACCCheckBox [OPEN]
[INFO ] 2023-11-07 09:51:57.108 [main] ConvertMxmlService - Node Name =Controls:ACCCheckBox [CLOSE]
[INFO ] 2023-11-07 09:51:57.108 [main] ConvertMxmlService - Node Name =#text [OPEN]
[INFO ] 2023-11-07 09:51:57.108 [main] ConvertMxmlService - Node Name =Controls:ACCCheckBox [OPEN]
[INFO ] 2023-11-07 09:51:57.109 [main] ConvertMxmlService - Node Name =Controls:ACCCheckBox [CLOSE]
[INFO ] 2023-11-07 09:51:57.109 [main] ConvertMxmlService - Node Name =#text [OPEN]
[INFO ] 2023-11-07 09:51:57.109 [main] ConvertMxmlService - Node Name =Controls:ACCCheckBox [OPEN]
[INFO ] 2023-11-07 09:51:57.109 [main] ConvertMxmlService - Node Name =Controls:ACCCheckBox [CLOSE]
[INFO ] 2023-11-07 09:51:57.109 [main] ConvertMxmlService - Node Name =#text [OPEN]
[INFO ] 2023-11-07 09:51:57.109 [main] ConvertMxmlService - Node Name =Controls:ACCLabel [OPEN]
[INFO ] 2023-11-07 09:51:57.110 [main] ConvertMxmlService - Node Name =Controls:ACCLabel [CLOSE]
[INFO ] 2023-11-07 09:51:57.110 [main] ConvertMxmlService - Node Name =#text [OPEN]
[INFO ] 2023-11-07 09:51:57.110 [main] ConvertMxmlService - Node Name =Controls:ACCComboBoxCode [OPEN]
[INFO ] 2023-11-07 09:51:57.111 [main] ConvertMxmlService - Node Name =Controls:ACCComboBoxCode [CLOSE]
[INFO ] 2023-11-07 09:51:57.111 [main] ConvertMxmlService - Node Name =#text [OPEN]
[INFO ] 2023-11-07 09:51:57.111 [main] ConvertMxmlService - Node Name =Controls:ACCLabel [OPEN]
[INFO ] 2023-11-07 09:51:57.111 [main] ConvertMxmlService - Node Name =Controls:ACCLabel [CLOSE]
[INFO ] 2023-11-07 09:51:57.111 [main] ConvertMxmlService - Node Name =#text [OPEN]
[INFO ] 2023-11-07 09:51:57.111 [main] ConvertMxmlService - Node Name =Controls:ACCTextInputMaskNumberOnly [OPEN]
[INFO ] 2023-11-07 09:51:57.112 [main] ConvertMxmlService - Node Name =Controls:ACCTextInputMaskNumberOnly [CLOSE]
[INFO ] 2023-11-07 09:51:57.112 [main] ConvertMxmlService - Node Name =#text [OPEN]
[INFO ] 2023-11-07 09:51:57.112 [main] ConvertMxmlService - Node Name =Controls:ACCLabel [OPEN]
[INFO ] 2023-11-07 09:51:57.113 [main] ConvertMxmlService - Node Name =Controls:ACCLabel [CLOSE]
[INFO ] 2023-11-07 09:51:57.113 [main] ConvertMxmlService - Node Name =#text [OPEN]
[INFO ] 2023-11-07 09:51:57.113 [main] ConvertMxmlService - Node Name =Controls:ACCTextInputMaskNumberOnly [OPEN]
[INFO ] 2023-11-07 09:51:57.113 [main] ConvertMxmlService - Node Name =Controls:ACCTextInputMaskNumberOnly [CLOSE]
[INFO ] 2023-11-07 09:51:57.113 [main] ConvertMxmlService - Node Name =#text [OPEN]
[INFO ] 2023-11-07 09:51:57.113 [main] ConvertMxmlService - Node Name =Controls:ACCLabel [OPEN]
[INFO ] 2023-11-07 09:51:57.114 [main] ConvertMxmlService - Node Name =Controls:ACCLabel [CLOSE]
[INFO ] 2023-11-07 09:51:57.114 [main] ConvertMxmlService - Node Name =#text [OPEN]
[INFO ] 2023-11-07 09:51:57.114 [main] ConvertMxmlService - Node Name =Controls:ACCTextInputMaskZip [OPEN]
[INFO ] 2023-11-07 09:51:57.114 [main] ConvertMxmlService - Node Name =Controls:ACCTextInputMaskZip [CLOSE]
[INFO ] 2023-11-07 09:51:57.114 [main] ConvertMxmlService - Node Name =#text [OPEN]
[INFO ] 2023-11-07 09:51:57.114 [main] ConvertMxmlService - Node Name =Controls:ACCLabel [OPEN]
[INFO ] 2023-11-07 09:51:57.115 [main] ConvertMxmlService - Node Name =Controls:ACCLabel [CLOSE]
[INFO ] 2023-11-07 09:51:57.115 [main] ConvertMxmlService - Node Name =#text [OPEN]
[INFO ] 2023-11-07 09:51:57.115 [main] ConvertMxmlService - Node Name =Controls:ACCTextInputMaskZip [OPEN]
[INFO ] 2023-11-07 09:51:57.115 [main] ConvertMxmlService - Node Name =Controls:ACCTextInputMaskZip [CLOSE]
[INFO ] 2023-11-07 09:51:57.115 [main] ConvertMxmlService - Node Name =#text [OPEN]
[INFO ] 2023-11-07 09:51:57.115 [main] ConvertMxmlService - Node Name =#comment [OPEN]
[INFO ] 2023-11-07 09:51:57.115 [main] ConvertMxmlService - Node Name =#text [OPEN]
[INFO ] 2023-11-07 09:51:57.115 [main] ConvertMxmlService - Node Name =Containers:ACCPanel [OPEN]
[INFO ] 2023-11-07 09:51:57.116 [main] ConvertMxmlService - Node Name =#text [OPEN]
[INFO ] 2023-11-07 09:51:57.116 [main] ConvertMxmlService - Node Name =#comment [OPEN]
[INFO ] 2023-11-07 09:51:57.116 [main] ConvertMxmlService - Node Name =#text [OPEN]
[INFO ] 2023-11-07 09:51:57.116 [main] ConvertMxmlService - Node Name =Controls:ACCLabel [OPEN]
[INFO ] 2023-11-07 09:51:57.117 [main] ConvertMxmlService - Node Name =Controls:ACCLabel [CLOSE]
[INFO ] 2023-11-07 09:51:57.117 [main] ConvertMxmlService - Node Name =#text [OPEN]
[INFO ] 2023-11-07 09:51:57.117 [main] ConvertMxmlService - Node Name =Controls:ACCComboBoxCode [OPEN]
[INFO ] 2023-11-07 09:51:57.117 [main] ConvertMxmlService - Node Name =Controls:ACCComboBoxCode [CLOSE]
[INFO ] 2023-11-07 09:51:57.117 [main] ConvertMxmlService - Node Name =#text [OPEN]
[INFO ] 2023-11-07 09:51:57.117 [main] ConvertMxmlService - Node Name =#comment [OPEN]
[INFO ] 2023-11-07 09:51:57.117 [main] ConvertMxmlService - Node Name =#text [OPEN]
[INFO ] 2023-11-07 09:51:57.117 [main] ConvertMxmlService - Node Name =Controls:ACCLabel [OPEN]
[INFO ] 2023-11-07 09:51:57.118 [main] ConvertMxmlService - Node Name =Controls:ACCLabel [CLOSE]
[INFO ] 2023-11-07 09:51:57.118 [main] ConvertMxmlService - Node Name =#text [OPEN]
[INFO ] 2023-11-07 09:51:57.118 [main] ConvertMxmlService - Node Name =Controls:ACCComboBoxCode [OPEN]
[INFO ] 2023-11-07 09:51:57.118 [main] ConvertMxmlService - Node Name =Controls:ACCComboBoxCode [CLOSE]
[INFO ] 2023-11-07 09:51:57.118 [main] ConvertMxmlService - Node Name =#text [OPEN]
[INFO ] 2023-11-07 09:51:57.118 [main] ConvertMxmlService - Node Name =#comment [OPEN]
[INFO ] 2023-11-07 09:51:57.118 [main] ConvertMxmlService - Node Name =#text [OPEN]
[INFO ] 2023-11-07 09:51:57.119 [main] ConvertMxmlService - Node Name =Controls:ACCLabel [OPEN]
[INFO ] 2023-11-07 09:51:57.119 [main] ConvertMxmlService - Node Name =Controls:ACCLabel [CLOSE]
[INFO ] 2023-11-07 09:51:57.119 [main] ConvertMxmlService - Node Name =#text [OPEN]
[INFO ] 2023-11-07 09:51:57.119 [main] ConvertMxmlService - Node Name =Controls:ACCComboBoxCode [OPEN]
[INFO ] 2023-11-07 09:51:57.120 [main] ConvertMxmlService - Node Name =Controls:ACCComboBoxCode [CLOSE]
[INFO ] 2023-11-07 09:51:57.120 [main] ConvertMxmlService - Node Name =#text [OPEN]
[INFO ] 2023-11-07 09:51:57.120 [main] ConvertMxmlService - Node Name =#comment [OPEN]
[INFO ] 2023-11-07 09:51:57.120 [main] ConvertMxmlService - Node Name =#text [OPEN]
[INFO ] 2023-11-07 09:51:57.120 [main] ConvertMxmlService - Node Name =Controls:ACCLabel [OPEN]
[INFO ] 2023-11-07 09:51:57.120 [main] ConvertMxmlService - Node Name =Controls:ACCLabel [CLOSE]
[INFO ] 2023-11-07 09:51:57.120 [main] ConvertMxmlService - Node Name =#text [OPEN]
[INFO ] 2023-11-07 09:51:57.120 [main] ConvertMxmlService - Node Name =Controls:ACCComboBoxCode [OPEN]
[INFO ] 2023-11-07 09:51:57.121 [main] ConvertMxmlService - Node Name =Controls:ACCComboBoxCode [CLOSE]
[INFO ] 2023-11-07 09:51:57.121 [main] ConvertMxmlService - Node Name =#text [OPEN]
[INFO ] 2023-11-07 09:51:57.121 [main] ConvertMxmlService - Node Name =#comment [OPEN]
[INFO ] 2023-11-07 09:51:57.121 [main] ConvertMxmlService - Node Name =#text [OPEN]
[INFO ] 2023-11-07 09:51:57.121 [main] ConvertMxmlService - Node Name =Controls:ACCLabel [OPEN]
[INFO ] 2023-11-07 09:51:57.122 [main] ConvertMxmlService - Node Name =Controls:ACCLabel [CLOSE]
[INFO ] 2023-11-07 09:51:57.122 [main] ConvertMxmlService - Node Name =#text [OPEN]
[INFO ] 2023-11-07 09:51:57.122 [main] ConvertMxmlService - Node Name =Controls:ACCComboBoxCode [OPEN]
[INFO ] 2023-11-07 09:51:57.122 [main] ConvertMxmlService - Node Name =Controls:ACCComboBoxCode [CLOSE]
[INFO ] 2023-11-07 09:51:57.122 [main] ConvertMxmlService - Node Name =#text [OPEN]
[INFO ] 2023-11-07 09:51:57.122 [main] ConvertMxmlService - Node Name =Containers:ACCPanel [CLOSE]
[INFO ] 2023-11-07 09:51:57.122 [main] ConvertMxmlService - Node Name =#text [OPEN]
[INFO ] 2023-11-07 09:51:57.122 [main] ConvertMxmlService - Node Name =#comment [OPEN]
[INFO ] 2023-11-07 09:51:57.122 [main] ConvertMxmlService - Node Name =#text [OPEN]
[INFO ] 2023-11-07 09:51:57.122 [main] ConvertMxmlService - Node Name =Containers:ACCPanel [OPEN]
[INFO ] 2023-11-07 09:51:57.133 [main] ConvertMxmlService - Node Name =#text [OPEN]
[INFO ] 2023-11-07 09:51:57.133 [main] ConvertMxmlService - Node Name =Controls:ACCLabel [OPEN]
[INFO ] 2023-11-07 09:51:57.134 [main] ConvertMxmlService - Node Name =Controls:ACCLabel [CLOSE]
[INFO ] 2023-11-07 09:51:57.134 [main] ConvertMxmlService - Node Name =#text [OPEN]
[INFO ] 2023-11-07 09:51:57.134 [main] ConvertMxmlService - Node Name =Controls:ACCComboBoxCode [OPEN]
[INFO ] 2023-11-07 09:51:57.135 [main] ConvertMxmlService - Node Name =Controls:ACCComboBoxCode [CLOSE]
[INFO ] 2023-11-07 09:51:57.135 [main] ConvertMxmlService - Node Name =#text [OPEN]
[INFO ] 2023-11-07 09:51:57.135 [main] ConvertMxmlService - Node Name =Controls:ACCLabel [OPEN]
[INFO ] 2023-11-07 09:51:57.135 [main] ConvertMxmlService - Node Name =Controls:ACCLabel [CLOSE]
[INFO ] 2023-11-07 09:51:57.135 [main] ConvertMxmlService - Node Name =#text [OPEN]
[INFO ] 2023-11-07 09:51:57.135 [main] ConvertMxmlService - Node Name =Controls:ACCComboBoxCode [OPEN]
[INFO ] 2023-11-07 09:51:57.136 [main] ConvertMxmlService - Node Name =Controls:ACCComboBoxCode [CLOSE]
[INFO ] 2023-11-07 09:51:57.136 [main] ConvertMxmlService - Node Name =#text [OPEN]
[INFO ] 2023-11-07 09:51:57.136 [main] ConvertMxmlService - Node Name =Controls:ACCLabel [OPEN]
[INFO ] 2023-11-07 09:51:57.136 [main] ConvertMxmlService - Node Name =Controls:ACCLabel [CLOSE]
[INFO ] 2023-11-07 09:51:57.137 [main] ConvertMxmlService - Node Name =#text [OPEN]
[INFO ] 2023-11-07 09:51:57.137 [main] ConvertMxmlService - Node Name =Controls:ACCComboBoxCode [OPEN]
[INFO ] 2023-11-07 09:51:57.137 [main] ConvertMxmlService - Node Name =Controls:ACCComboBoxCode [CLOSE]
[INFO ] 2023-11-07 09:51:57.137 [main] ConvertMxmlService - Node Name =#text [OPEN]
[INFO ] 2023-11-07 09:51:57.137 [main] ConvertMxmlService - Node Name =Containers:ACCPanel [CLOSE]
[INFO ] 2023-11-07 09:51:57.137 [main] ConvertMxmlService - Node Name =#text [OPEN]
[INFO ] 2023-11-07 09:51:57.137 [main] ConvertMxmlService - Node Name =#comment [OPEN]
[INFO ] 2023-11-07 09:51:57.137 [main] ConvertMxmlService - Node Name =#text [OPEN]
[INFO ] 2023-11-07 09:51:57.137 [main] ConvertMxmlService - Node Name =Containers:ACCPanel [OPEN]
[INFO ] 2023-11-07 09:51:57.138 [main] ConvertMxmlService - Node Name =#text [OPEN]
[INFO ] 2023-11-07 09:51:57.138 [main] ConvertMxmlService - Node Name =Controls:ACCDataGrid [OPEN]
[INFO ] 2023-11-07 09:51:57.138 [main] ConvertMxmlService - Node Name =#text [OPEN]
[INFO ] 2023-11-07 09:51:57.138 [main] ConvertMxmlService - Node Name =Controls:columns [OPEN]
[INFO ] 2023-11-07 09:51:57.139 [main] ConvertMxmlService - Node Name =#text [OPEN]
[INFO ] 2023-11-07 09:51:57.139 [main] ConvertMxmlService - Node Name =mx:DataGridColumn [OPEN]
[INFO ] 2023-11-07 09:51:57.161 [main] MxmlConvert - Root Element :Containers:ACCCanvas
[INFO ] 2023-11-07 09:51:57.161 [main] MxmlConvert - ------
[INFO ] 2023-11-07 09:51:57.161 [main] ConvertMxmlService - Node Name =#comment [OPEN]
[INFO ] 2023-11-07 09:51:57.161 [main] ConvertMxmlService - Node Name =Containers:ACCCanvas [OPEN]
[INFO ] 2023-11-07 09:51:57.161 [main] ConvertMxmlService - Node Name =#text [OPEN]
[INFO ] 2023-11-07 09:51:57.161 [main] ConvertMxmlService - Node Name =#comment [OPEN]
[INFO ] 2023-11-07 09:51:57.161 [main] ConvertMxmlService - Node Name =#text [OPEN]
[INFO ] 2023-11-07 09:51:57.162 [main] ConvertMxmlService - Node Name =#comment [OPEN]
[INFO ] 2023-11-07 09:51:57.162 [main] ConvertMxmlService - Node Name =#text [OPEN]
[INFO ] 2023-11-07 09:51:57.162 [main] ConvertMxmlService - Node Name =tougouchusyutsu:MG3001002_00_000_AS [OPEN]
[INFO ] 2023-11-07 09:51:57.162 [main] ConvertMxmlService - Node Name =#text [OPEN]
[INFO ] 2023-11-07 09:51:57.162 [main] ConvertMxmlService - Node Name =mx:Script [OPEN]
[INFO ] 2023-11-07 09:51:57.162 [main] ConvertMxmlService - Node Name =#text [OPEN]
[INFO ] 2023-11-07 09:51:57.162 [main] ConvertMxmlService - Node Name =mx:Metadata [OPEN]
[INFO ] 2023-11-07 09:51:57.163 [main] ConvertMxmlService - Node Name =#text [OPEN]
[INFO ] 2023-11-07 09:51:57.163 [main] ConvertMxmlService - Node Name =Containers:ACCTabNavigator [OPEN]
[INFO ] 2023-11-07 09:51:57.163 [main] ConvertMxmlService - Node Name =#text [OPEN]
[INFO ] 2023-11-07 09:51:57.163 [main] ConvertMxmlService - Node Name =tougouchusyutsu:MG3001002_01_000 [OPEN]
[INFO ] 2023-11-07 09:51:57.164 [main] ConvertMxmlService - Node Name =tougouchusyutsu:MG3001002_01_000 [CLOSE]
[INFO ] 2023-11-07 09:51:57.164 [main] ConvertMxmlService - Node Name =#text [OPEN]
[INFO ] 2023-11-07 09:51:57.164 [main] ConvertMxmlService - Node Name =tougouchusyutsu:MG3001003_01_000 [OPEN]
[INFO ] 2023-11-07 09:51:57.164 [main] ConvertMxmlService - Node Name =tougouchusyutsu:MG3001003_01_000 [CLOSE]
[INFO ] 2023-11-07 09:51:57.164 [main] ConvertMxmlService - Node Name =#text [OPEN]
[INFO ] 2023-11-07 09:51:57.164 [main] ConvertMxmlService - Node Name =tougouchusyutsu:MG3001004_01_000 [OPEN]
[INFO ] 2023-11-07 09:51:57.165 [main] ConvertMxmlService - Node Name =tougouchusyutsu:MG3001004_01_000 [CLOSE]
[INFO ] 2023-11-07 09:51:57.165 [main] ConvertMxmlService - Node Name =#text [OPEN]
[INFO ] 2023-11-07 09:51:57.165 [main] ConvertMxmlService - Node Name =tougouchusyutsu:MG3001005_01_000 [OPEN]
[INFO ] 2023-11-07 09:51:57.165 [main] ConvertMxmlService - Node Name =tougouchusyutsu:MG3001005_01_000 [CLOSE]
[INFO ] 2023-11-07 09:51:57.165 [main] ConvertMxmlService - Node Name =#text [OPEN]
[INFO ] 2023-11-07 09:51:57.165 [main] ConvertMxmlService - Node Name =Containers:ACCTabNavigator [CLOSE]
[INFO ] 2023-11-07 09:51:57.165 [main] ConvertMxmlService - Node Name =#text [OPEN]
[INFO ] 2023-11-07 09:51:57.165 [main] ConvertMxmlService - Node Name =Containers:ACCCanvas [CLOSE]
[DEBUG] 2023-11-07 09:51:57.165 [main] MxmlConvert - parent name: null
[DEBUG] 2023-11-07 09:51:57.165 [main] MxmlConvert - name: #comment
[DEBUG] 2023-11-07 09:51:57.165 [main] MxmlConvert - cssElement: 
[DEBUG] 2023-11-07 09:51:57.165 [main] MxmlConvert - attributeElement: 
[DEBUG] 2023-11-07 09:51:57.166 [main] MxmlConvert - parent name: RootNode
[DEBUG] 2023-11-07 09:51:57.166 [main] MxmlConvert - name: Containers:ACCCanvas
[DEBUG] 2023-11-07 09:51:57.166 [main] MxmlConvert - parent name: Containers:ACCCanvas
[DEBUG] 2023-11-07 09:51:57.166 [main] MxmlConvert - name: Containers:ACCTabNavigator
[DEBUG] 2023-11-07 09:51:57.166 [main] MxmlConvert - parent name: Containers:ACCTabNavigator
[DEBUG] 2023-11-07 09:51:57.166 [main] MxmlConvert - name: tougouchusyutsu:MG3001002_01_000
[DEBUG] 2023-11-07 09:51:57.166 [main] MxmlConvert - cssElement: height:100%;width:100%;
[DEBUG] 2023-11-07 09:51:57.166 [main] MxmlConvert - attributeElement:  id="compCanvas1" title="抽出一覧"
[DEBUG] 2023-11-07 09:51:57.166 [main] MxmlConvert - parent name: Containers:ACCTabNavigator
[DEBUG] 2023-11-07 09:51:57.166 [main] MxmlConvert - name: tougouchusyutsu:MG3001003_01_000
[DEBUG] 2023-11-07 09:51:57.166 [main] MxmlConvert - cssElement: height:100%;width:100%;
[DEBUG] 2023-11-07 09:51:57.166 [main] MxmlConvert - attributeElement:  id="compCanvas2" title="ｺｰﾙﾘｽﾄ"
[DEBUG] 2023-11-07 09:51:57.166 [main] MxmlConvert - parent name: Containers:ACCTabNavigator
[DEBUG] 2023-11-07 09:51:57.166 [main] MxmlConvert - name: tougouchusyutsu:MG3001004_01_000
[DEBUG] 2023-11-07 09:51:57.166 [main] MxmlConvert - cssElement: height:100%;width:100%;
[DEBUG] 2023-11-07 09:51:57.166 [main] MxmlConvert - attributeElement:  id="compCanvas3" title="文書一括"
[DEBUG] 2023-11-07 09:51:57.166 [main] MxmlConvert - parent name: Containers:ACCTabNavigator
[DEBUG] 2023-11-07 09:51:57.166 [main] MxmlConvert - name: tougouchusyutsu:MG3001005_01_000
[DEBUG] 2023-11-07 09:51:57.166 [main] MxmlConvert - cssElement: height:100%;width:100%;
[DEBUG] 2023-11-07 09:51:57.166 [main] MxmlConvert - attributeElement:  id="compCanvas4" title="担当割当"
[DEBUG] 2023-11-07 09:51:57.166 [main] MxmlConvert - cssElement: height:281px;width:488px;
[DEBUG] 2023-11-07 09:51:57.166 [main] MxmlConvert - attributeElement:  id="accTab01"
[DEBUG] 2023-11-07 09:51:57.166 [main] MxmlConvert - cssElement: height:282px;width:490px;
[DEBUG] 2023-11-07 09:51:57.167 [main] MxmlConvert - attributeElement: 
[INFO ] 2023-11-07 09:51:57.167 [main] MxmlConvert - Html file created successfully.
[INFO ] 2023-11-07 09:51:57.167 [main] MxmlConvert - CSS file created successfully.
[INFO ] 2023-11-07 09:51:57.171 [main] MxmlConvert - Root Element :Containers:ACCCanvas
[INFO ] 2023-11-07 09:51:57.171 [main] MxmlConvert - ------
[INFO ] 2023-11-07 09:51:57.171 [main] ConvertMxmlService - Node Name =#comment [OPEN]
[INFO ] 2023-11-07 09:51:57.171 [main] ConvertMxmlService - Node Name =Containers:ACCCanvas [OPEN]
[INFO ] 2023-11-07 09:51:57.172 [main] ConvertMxmlService - Node Name =#text [OPEN]
[INFO ] 2023-11-07 09:51:57.172 [main] ConvertMxmlService - Node Name =mx:Script [OPEN]
[INFO ] 2023-11-07 09:51:57.172 [main] ConvertMxmlService - Node Name =#text [OPEN]
[INFO ] 2023-11-07 09:51:57.172 [main] ConvertMxmlService - Node Name =tougouchusyutsu:MG3001002_01_000_AS [OPEN]
[INFO ] 2023-11-07 09:51:57.173 [main] ConvertMxmlService - Node Name =#text [OPEN]
[INFO ] 2023-11-07 09:51:57.173 [main] ConvertMxmlService - Node Name =Controls:ACCLabel [OPEN]
[INFO ] 2023-11-07 09:51:57.173 [main] ConvertMxmlService - Node Name =Controls:ACCLabel [CLOSE]
[INFO ] 2023-11-07 09:51:57.173 [main] ConvertMxmlService - Node Name =#text [OPEN]
[INFO ] 2023-11-07 09:51:57.173 [main] ConvertMxmlService - Node Name =Controls:ACCTextInputMaskNumber [OPEN]
[INFO ] 2023-11-07 09:51:57.174 [main] ConvertMxmlService - Node Name =Controls:ACCTextInputMaskNumber [CLOSE]
[INFO ] 2023-11-07 09:51:57.174 [main] ConvertMxmlService - Node Name =#text [OPEN]
[INFO ] 2023-11-07 09:51:57.174 [main] ConvertMxmlService - Node Name =Containers:ACCPanel [OPEN]
[INFO ] 2023-11-07 09:51:57.174 [main] ConvertMxmlService - Node Name =#text [OPEN]
[INFO ] 2023-11-07 09:51:57.174 [main] ConvertMxmlService - Node Name =Controls:ACCRadioButtonGroup [OPEN]
[INFO ] 2023-11-07 09:51:57.175 [main] ConvertMxmlService - Node Name =Controls:ACCRadioButtonGroup [CLOSE]
[INFO ] 2023-11-07 09:51:57.175 [main] ConvertMxmlService - Node Name =#text [OPEN]
[INFO ] 2023-11-07 09:51:57.175 [main] ConvertMxmlService - Node Name =Controls:ACCRadioButton [OPEN]
[INFO ] 2023-11-07 09:51:57.176 [main] ConvertMxmlService - Node Name =Controls:ACCRadioButton [CLOSE]
[INFO ] 2023-11-07 09:51:57.176 [main] ConvertMxmlService - Node Name =#text [OPEN]
[INFO ] 2023-11-07 09:51:57.176 [main] ConvertMxmlService - Node Name =Controls:ACCRadioButton [OPEN]
[INFO ] 2023-11-07 09:51:57.177 [main] ConvertMxmlService - Node Name =Controls:ACCRadioButton [CLOSE]
[INFO ] 2023-11-07 09:51:57.177 [main] ConvertMxmlService - Node Name =#text [OPEN]
[INFO ] 2023-11-07 09:51:57.177 [main] ConvertMxmlService - Node Name =Controls:ACCRadioButton [OPEN]
[INFO ] 2023-11-07 09:51:57.177 [main] ConvertMxmlService - Node Name =Controls:ACCRadioButton [CLOSE]
[INFO ] 2023-11-07 09:51:57.177 [main] ConvertMxmlService - Node Name =#text [OPEN]
[INFO ] 2023-11-07 09:51:57.177 [main] ConvertMxmlService - Node Name =Controls:ACCRadioButton [OPEN]
[INFO ] 2023-11-07 09:51:57.178 [main] ConvertMxmlService - Node Name =Controls:ACCRadioButton [CLOSE]
[INFO ] 2023-11-07 09:51:57.178 [main] ConvertMxmlService - Node Name =#text [OPEN]
[INFO ] 2023-11-07 09:51:57.178 [main] ConvertMxmlService - Node Name =Controls:ACCRadioButton [OPEN]
[INFO ] 2023-11-07 09:51:57.178 [main] ConvertMxmlService - Node Name =Controls:ACCRadioButton [CLOSE]
[INFO ] 2023-11-07 09:51:57.179 [main] ConvertMxmlService - Node Name =#text [OPEN]
[INFO ] 2023-11-07 09:51:57.179 [main] ConvertMxmlService - Node Name =Controls:ACCRadioButtonGroup [OPEN]
[INFO ] 2023-11-07 09:51:57.179 [main] ConvertMxmlService - Node Name =Controls:ACCRadioButtonGroup [CLOSE]
[INFO ] 2023-11-07 09:51:57.179 [main] ConvertMxmlService - Node Name =#text [OPEN]
[INFO ] 2023-11-07 09:51:57.179 [main] ConvertMxmlService - Node Name =Controls:ACCRadioButton [OPEN]
[INFO ] 2023-11-07 09:51:57.180 [main] ConvertMxmlService - Node Name =Controls:ACCRadioButton [CLOSE]
[INFO ] 2023-11-07 09:51:57.180 [main] ConvertMxmlService - Node Name =#text [OPEN]
[INFO ] 2023-11-07 09:51:57.180 [main] ConvertMxmlService - Node Name =Controls:ACCRadioButton [OPEN]
[INFO ] 2023-11-07 09:51:57.180 [main] ConvertMxmlService - Node Name =Controls:ACCRadioButton [CLOSE]
[INFO ] 2023-11-07 09:51:57.180 [main] ConvertMxmlService - Node Name =#text [OPEN]
[INFO ] 2023-11-07 09:51:57.180 [main] ConvertMxmlService - Node Name =Containers:ACCPanel [CLOSE]
[INFO ] 2023-11-07 09:51:57.180 [main] ConvertMxmlService - Node Name =#text [OPEN]
[INFO ] 2023-11-07 09:51:57.180 [main] ConvertMxmlService - Node Name =#comment [OPEN]
[INFO ] 2023-11-07 09:51:57.180 [main] ConvertMxmlService - Node Name =#text [OPEN]
[INFO ] 2023-11-07 09:51:57.180 [main] ConvertMxmlService - Node Name =Controls:ACCButton [OPEN]
[INFO ] 2023-11-07 09:51:57.181 [main] ConvertMxmlService - Node Name =Controls:ACCButton [CLOSE]
[INFO ] 2023-11-07 09:51:57.181 [main] ConvertMxmlService - Node Name =#text [OPEN]
[INFO ] 2023-11-07 09:51:57.181 [main] ConvertMxmlService - Node Name =Controls:ACCTextInputMaskNumber [OPEN]
[INFO ] 2023-11-07 09:51:57.181 [main] ConvertMxmlService - Node Name =Controls:ACCTextInputMaskNumber [CLOSE]
[INFO ] 2023-11-07 09:51:57.181 [main] ConvertMxmlService - Node Name =#text [OPEN]
[INFO ] 2023-11-07 09:51:57.181 [main] ConvertMxmlService - Node Name =#comment [OPEN]
[INFO ] 2023-11-07 09:51:57.181 [main] ConvertMxmlService - Node Name =#text [OPEN]
[INFO ] 2023-11-07 09:51:57.181 [main] ConvertMxmlService - Node Name =Controls:ACCButton [OPEN]
[INFO ] 2023-11-07 09:51:57.182 [main] ConvertMxmlService - Node Name =Controls:ACCButton [CLOSE]
[INFO ] 2023-11-07 09:51:57.182 [main] ConvertMxmlService - Node Name =#text [OPEN]
[INFO ] 2023-11-07 09:51:57.182 [main] ConvertMxmlService - Node Name =#comment [OPEN]
[INFO ] 2023-11-07 09:51:57.182 [main] ConvertMxmlService - Node Name =#text [OPEN]
[INFO ] 2023-11-07 09:51:57.182 [main] ConvertMxmlService - Node Name =Controls:ACCButton [OPEN]
[INFO ] 2023-11-07 09:51:57.183 [main] ConvertMxmlService - Node Name =Controls:ACCButton [CLOSE]
[INFO ] 2023-11-07 09:51:57.183 [main] ConvertMxmlService - Node Name =#text [OPEN]
[INFO ] 2023-11-07 09:51:57.183 [main] ConvertMxmlService - Node Name =Containers:ACCCanvas [CLOSE]
[DEBUG] 2023-11-07 09:51:57.183 [main] MxmlConvert - parent name: null
[DEBUG] 2023-11-07 09:51:57.183 [main] MxmlConvert - name: #comment
[DEBUG] 2023-11-07 09:51:57.183 [main] MxmlConvert - cssElement: 
[DEBUG] 2023-11-07 09:51:57.183 [main] MxmlConvert - attributeElement: 
[DEBUG] 2023-11-07 09:51:57.183 [main] MxmlConvert - parent name: RootNode
[DEBUG] 2023-11-07 09:51:57.183 [main] MxmlConvert - name: Containers:ACCCanvas
[DEBUG] 2023-11-07 09:51:57.183 [main] MxmlConvert - parent name: Containers:ACCCanvas
[DEBUG] 2023-11-07 09:51:57.183 [main] MxmlConvert - name: Controls:ACCLabel
[DEBUG] 2023-11-07 09:51:57.183 [main] MxmlConvert - cssElement: height:20px;width:100px;position: absolute; left:7px;top:11px;
[DEBUG] 2023-11-07 09:51:57.183 [main] MxmlConvert - attributeElement:  value="抽出済件数"
[DEBUG] 2023-11-07 09:51:57.183 [main] MxmlConvert - parent name: Containers:ACCCanvas
[DEBUG] 2023-11-07 09:51:57.183 [main] MxmlConvert - name: Controls:ACCTextInputMaskNumber
[DEBUG] 2023-11-07 09:51:57.183 [main] MxmlConvert - cssElement: text-align:right;width:101px;position: absolute; left:109px;top:9px;
[DEBUG] 2023-11-07 09:51:57.183 [main] MxmlConvert - attributeElement:  id="txCount" readOnly="true" tabindex="1"
[DEBUG] 2023-11-07 09:51:57.183 [main] MxmlConvert - parent name: Containers:ACCCanvas
[DEBUG] 2023-11-07 09:51:57.183 [main] MxmlConvert - name: Containers:ACCPanel
[DEBUG] 2023-11-07 09:51:57.183 [main] MxmlConvert - parent name: Containers:ACCPanel
[DEBUG] 2023-11-07 09:51:57.183 [main] MxmlConvert - name: Controls:ACCRadioButtonGroup
[DEBUG] 2023-11-07 09:51:57.183 [main] MxmlConvert - cssElement: 
[DEBUG] 2023-11-07 09:51:57.183 [main] MxmlConvert - attributeElement:  id="grpSortRadio"
[DEBUG] 2023-11-07 09:51:57.183 [main] MxmlConvert - parent name: Containers:ACCPanel
[DEBUG] 2023-11-07 09:51:57.183 [main] MxmlConvert - name: Controls:ACCRadioButton
[DEBUG] 2023-11-07 09:51:57.183 [main] MxmlConvert - cssElement: width:75px;position: absolute; left:12px;top:10px;
[DEBUG] 2023-11-07 09:51:57.183 [main] MxmlConvert - attributeElement:  groupName="grpSortRadio" id="radioMishuGaku" value="未納額" tabindex="1"
[DEBUG] 2023-11-07 09:51:57.183 [main] MxmlConvert - parent name: Containers:ACCPanel
[DEBUG] 2023-11-07 09:51:57.183 [main] MxmlConvert - name: Controls:ACCRadioButton
[DEBUG] 2023-11-07 09:51:57.183 [main] MxmlConvert - cssElement: width:72px;position: absolute; left:104px;top:10px;
[DEBUG] 2023-11-07 09:51:57.183 [main] MxmlConvert - attributeElement:  groupName="grpSortRadio" id="radioZandaka" value="総残高" tabindex="2"
[DEBUG] 2023-11-07 09:51:57.183 [main] MxmlConvert - parent name: Containers:ACCPanel
[DEBUG] 2023-11-07 09:51:57.183 [main] MxmlConvert - name: Controls:ACCRadioButton
[DEBUG] 2023-11-07 09:51:57.183 [main] MxmlConvert - cssElement: width:72px;position: absolute; left:12px;top:36px;
[DEBUG] 2023-11-07 09:51:57.183 [main] MxmlConvert - attributeElement:  groupName="grpSortRadio" id="radioKainBango" value="会員番号" tabindex="3"
[DEBUG] 2023-11-07 09:51:57.183 [main] MxmlConvert - parent name: Containers:ACCPanel
[DEBUG] 2023-11-07 09:51:57.184 [main] MxmlConvert - name: Controls:ACCRadioButton
[DEBUG] 2023-11-07 09:51:57.184 [main] MxmlConvert - cssElement: width:72px;position: absolute; left:104px;top:36px;
[DEBUG] 2023-11-07 09:51:57.184 [main] MxmlConvert - attributeElement:  groupName="grpSortRadio" id="radioYakujouB" value="約定日" tabindex="4"
[DEBUG] 2023-11-07 09:51:57.184 [main] MxmlConvert - parent name: Containers:ACCPanel
[DEBUG] 2023-11-07 09:51:57.184 [main] MxmlConvert - name: Controls:ACCRadioButton
[DEBUG] 2023-11-07 09:51:57.184 [main] MxmlConvert - cssElement: width:72px;position: absolute; left:12px;top:64px;
[DEBUG] 2023-11-07 09:51:57.184 [main] MxmlConvert - attributeElement:  groupName="grpSortRadio" id="radioEntaiM" value="滞留月数" tabindex="5"
[DEBUG] 2023-11-07 09:51:57.184 [main] MxmlConvert - parent name: Containers:ACCPanel
[DEBUG] 2023-11-07 09:51:57.184 [main] MxmlConvert - name: Controls:ACCRadioButtonGroup
[DEBUG] 2023-11-07 09:51:57.184 [main] MxmlConvert - cssElement: 
[DEBUG] 2023-11-07 09:51:57.184 [main] MxmlConvert - attributeElement:  id="grpRadio"
[DEBUG] 2023-11-07 09:51:57.184 [main] MxmlConvert - parent name: Containers:ACCPanel
[DEBUG] 2023-11-07 09:51:57.184 [main] MxmlConvert - name: Controls:ACCRadioButton
[DEBUG] 2023-11-07 09:51:57.184 [main] MxmlConvert - cssElement: width:75px;position: absolute; left:250px;top:10px;
[DEBUG] 2023-11-07 09:51:57.184 [main] MxmlConvert - attributeElement:  groupName="grpRadio" id="radioSyoujun" value="昇順" tabindex="6"
[DEBUG] 2023-11-07 09:51:57.184 [main] MxmlConvert - parent name: Containers:ACCPanel
[DEBUG] 2023-11-07 09:51:57.184 [main] MxmlConvert - name: Controls:ACCRadioButton
[DEBUG] 2023-11-07 09:51:57.184 [main] MxmlConvert - cssElement: width:72px;position: absolute; left:250px;top:36px;
[DEBUG] 2023-11-07 09:51:57.184 [main] MxmlConvert - attributeElement:  groupName="grpRadio" id="radioKoujun" value="降順" tabindex="7"
[DEBUG] 2023-11-07 09:51:57.184 [main] MxmlConvert - cssElement: height:127px;position:absolute;width:476px;position: absolute; left:5px;top:39px;
[DEBUG] 2023-11-07 09:51:57.184 [main] MxmlConvert - attributeElement:  id="compPanel13" tabindex="2" header="ソート順"
[DEBUG] 2023-11-07 09:51:57.184 [main] MxmlConvert - parent name: Containers:ACCCanvas
[DEBUG] 2023-11-07 09:51:57.184 [main] MxmlConvert - name: Controls:ACCButton
[DEBUG] 2023-11-07 09:51:57.184 [main] MxmlConvert - cssElement: width:80px;position: absolute; left:3px;top:217px;
[DEBUG] 2023-11-07 09:51:57.184 [main] MxmlConvert - attributeElement:  id="btnSEL001" value="件数取得" tabindex="3"
[DEBUG] 2023-11-07 09:51:57.184 [main] MxmlConvert - parent name: Containers:ACCCanvas
[DEBUG] 2023-11-07 09:51:57.184 [main] MxmlConvert - name: Controls:ACCTextInputMaskNumber
[DEBUG] 2023-11-07 09:51:57.184 [main] MxmlConvert - cssElement: text-align:right;width:101px;position: absolute; left:91px;top:216px;
[DEBUG] 2023-11-07 09:51:57.184 [main] MxmlConvert - attributeElement:  id="txGetCount" readOnly="true" tabindex="4"
[DEBUG] 2023-11-07 09:51:57.184 [main] MxmlConvert - parent name: Containers:ACCCanvas
[DEBUG] 2023-11-07 09:51:57.184 [main] MxmlConvert - name: Controls:ACCButton
[DEBUG] 2023-11-07 09:51:57.184 [main] MxmlConvert - cssElement: width:80px;position: absolute; left:307px;top:217px;
[DEBUG] 2023-11-07 09:51:57.184 [main] MxmlConvert - attributeElement:  id="btnUPD001" value="抽出" tabindex="5"
[DEBUG] 2023-11-07 09:51:57.184 [main] MxmlConvert - parent name: Containers:ACCCanvas
[DEBUG] 2023-11-07 09:51:57.184 [main] MxmlConvert - name: Controls:ACCButton
[DEBUG] 2023-11-07 09:51:57.184 [main] MxmlConvert - cssElement: width:80px;position: absolute; left:395px;top:217px;
[DEBUG] 2023-11-07 09:51:57.184 [main] MxmlConvert - attributeElement:  id="btnUPD002" value="スタート" tabindex="6"
[DEBUG] 2023-11-07 09:51:57.184 [main] MxmlConvert - cssElement: height:250px;width:490px;
[DEBUG] 2023-11-07 09:51:57.184 [main] MxmlConvert - attributeElement:  title="抽出一覧"
[INFO ] 2023-11-07 09:51:57.185 [main] MxmlConvert - Html file created successfully.
[INFO ] 2023-11-07 09:51:57.185 [main] MxmlConvert - CSS file created successfully.
[INFO ] 2023-11-07 09:51:57.190 [main] MxmlConvert - Root Element :Containers:ACCCanvas
[INFO ] 2023-11-07 09:51:57.190 [main] MxmlConvert - ------
[INFO ] 2023-11-07 09:51:57.190 [main] ConvertMxmlService - Node Name =#comment [OPEN]
[INFO ] 2023-11-07 09:51:57.190 [main] ConvertMxmlService - Node Name =Containers:ACCCanvas [OPEN]
[INFO ] 2023-11-07 09:51:57.190 [main] ConvertMxmlService - Node Name =#text [OPEN]
[INFO ] 2023-11-07 09:51:57.190 [main] ConvertMxmlService - Node Name =mx:Script [OPEN]
[INFO ] 2023-11-07 09:51:57.191 [main] ConvertMxmlService - Node Name =#text [OPEN]
[INFO ] 2023-11-07 09:51:57.191 [main] ConvertMxmlService - Node Name =#comment [OPEN]
[INFO ] 2023-11-07 09:51:57.191 [main] ConvertMxmlService - Node Name =#text [OPEN]
[INFO ] 2023-11-07 09:51:57.191 [main] ConvertMxmlService - Node Name =#comment [OPEN]
[INFO ] 2023-11-07 09:51:57.191 [main] ConvertMxmlService - Node Name =#text [OPEN]
[INFO ] 2023-11-07 09:51:57.191 [main] ConvertMxmlService - Node Name =mx:XML [OPEN]
[INFO ] 2023-11-07 09:51:57.191 [main] ConvertMxmlService - Node Name =#text [OPEN]
[INFO ] 2023-11-07 09:51:57.191 [main] ConvertMxmlService - Node Name =tougouchusyutsu:MG3001003_01_000_AS [OPEN]
[INFO ] 2023-11-07 09:51:57.192 [main] ConvertMxmlService - Node Name =#text [OPEN]
[INFO ] 2023-11-07 09:51:57.192 [main] ConvertMxmlService - Node Name =Containers:ACCPanel [OPEN]
[INFO ] 2023-11-07 09:51:57.192 [main] ConvertMxmlService - Node Name =#text [OPEN]
[INFO ] 2023-11-07 09:51:57.192 [main] ConvertMxmlService - Node Name =Controls:ACCRadioButtonGroup [OPEN]
[INFO ] 2023-11-07 09:51:57.193 [main] ConvertMxmlService - Node Name =Controls:ACCRadioButtonGroup [CLOSE]
[INFO ] 2023-11-07 09:51:57.193 [main] ConvertMxmlService - Node Name =#text [OPEN]
[INFO ] 2023-11-07 09:51:57.193 [main] ConvertMxmlService - Node Name =Controls:ACCRadioButton [OPEN]
[INFO ] 2023-11-07 09:51:57.193 [main] ConvertMxmlService - Node Name =Controls:ACCRadioButton [CLOSE]
[INFO ] 2023-11-07 09:51:57.193 [main] ConvertMxmlService - Node Name =#text [OPEN]
[INFO ] 2023-11-07 09:51:57.193 [main] ConvertMxmlService - Node Name =Controls:ACCRadioButton [OPEN]
[INFO ] 2023-11-07 09:51:57.194 [main] ConvertMxmlService - Node Name =Controls:ACCRadioButton [CLOSE]
[INFO ] 2023-11-07 09:51:57.194 [main] ConvertMxmlService - Node Name =#text [OPEN]
[INFO ] 2023-11-07 09:51:57.194 [main] ConvertMxmlService - Node Name =Controls:ACCRadioButton [OPEN]
[INFO ] 2023-11-07 09:51:57.194 [main] ConvertMxmlService - Node Name =Controls:ACCRadioButton [CLOSE]
[INFO ] 2023-11-07 09:51:57.194 [main] ConvertMxmlService - Node Name =#text [OPEN]
[INFO ] 2023-11-07 09:51:57.194 [main] ConvertMxmlService - Node Name =Controls:ACCRadioButton [OPEN]
[INFO ] 2023-11-07 09:51:57.195 [main] ConvertMxmlService - Node Name =Controls:ACCRadioButton [CLOSE]
[INFO ] 2023-11-07 09:51:57.195 [main] ConvertMxmlService - Node Name =#text [OPEN]
[INFO ] 2023-11-07 09:51:57.195 [main] ConvertMxmlService - Node Name =Controls:ACCRadioButton [OPEN]
[INFO ] 2023-11-07 09:51:57.195 [main] ConvertMxmlService - Node Name =Controls:ACCRadioButton [CLOSE]
[INFO ] 2023-11-07 09:51:57.195 [main] ConvertMxmlService - Node Name =#text [OPEN]
[INFO ] 2023-11-07 09:51:57.195 [main] ConvertMxmlService - Node Name =Controls:ACCRadioButtonGroup [OPEN]
[INFO ] 2023-11-07 09:51:57.200 [main] ConvertMxmlService - Node Name =Controls:ACCRadioButtonGroup [CLOSE]
[INFO ] 2023-11-07 09:51:57.200 [main] ConvertMxmlService - Node Name =#text [OPEN]
[INFO ] 2023-11-07 09:51:57.200 [main] ConvertMxmlService - Node Name =Controls:ACCRadioButton [OPEN]
[INFO ] 2023-11-07 09:51:57.201 [main] ConvertMxmlService - Node Name =Controls:ACCRadioButton [CLOSE]
[INFO ] 2023-11-07 09:51:57.201 [main] ConvertMxmlService - Node Name =#text [OPEN]
[INFO ] 2023-11-07 09:51:57.201 [main] ConvertMxmlService - Node Name =Controls:ACCRadioButton [OPEN]
[INFO ] 2023-11-07 09:51:57.201 [main] ConvertMxmlService - Node Name =Controls:ACCRadioButton [CLOSE]
[INFO ] 2023-11-07 09:51:57.202 [main] ConvertMxmlService - Node Name =#text [OPEN]
[INFO ] 2023-11-07 09:51:57.202 [main] ConvertMxmlService - Node Name =Containers:ACCPanel [CLOSE]
[INFO ] 2023-11-07 09:51:57.202 [main] ConvertMxmlService - Node Name =#text [OPEN]
[INFO ] 2023-11-07 09:51:57.202 [main] ConvertMxmlService - Node Name =Controls:ACCLabel [OPEN]
[INFO ] 2023-11-07 09:51:57.202 [main] ConvertMxmlService - Node Name =Controls:ACCLabel [CLOSE]
[INFO ] 2023-11-07 09:51:57.202 [main] ConvertMxmlService - Node Name =#text [OPEN]
[INFO ] 2023-11-07 09:51:57.202 [main] ConvertMxmlService - Node Name =Controls:ACCTextInputMaskNumber [OPEN]
[INFO ] 2023-11-07 09:51:57.202 [main] ConvertMxmlService - Node Name =Controls:ACCTextInputMaskNumber [CLOSE]
[INFO ] 2023-11-07 09:51:57.202 [main] ConvertMxmlService - Node Name =#text [OPEN]
[INFO ] 2023-11-07 09:51:57.202 [main] ConvertMxmlService - Node Name =Controls:ACCButton [OPEN]
[INFO ] 2023-11-07 09:51:57.203 [main] ConvertMxmlService - Node Name =Controls:ACCButton [CLOSE]
[INFO ] 2023-11-07 09:51:57.203 [main] ConvertMxmlService - Node Name =#text [OPEN]
[INFO ] 2023-11-07 09:51:57.203 [main] ConvertMxmlService - Node Name =Controls:ACCLabel [OPEN]
[INFO ] 2023-11-07 09:51:57.203 [main] ConvertMxmlService - Node Name =Controls:ACCLabel [CLOSE]
[INFO ] 2023-11-07 09:51:57.203 [main] ConvertMxmlService - Node Name =#text [OPEN]
[INFO ] 2023-11-07 09:51:57.203 [main] ConvertMxmlService - Node Name =Controls:ACCComboBoxCode [OPEN]
[INFO ] 2023-11-07 09:51:57.204 [main] ConvertMxmlService - Node Name =Controls:ACCComboBoxCode [CLOSE]
[INFO ] 2023-11-07 09:51:57.204 [main] ConvertMxmlService - Node Name =#text [OPEN]
[INFO ] 2023-11-07 09:51:57.204 [main] ConvertMxmlService - Node Name =Controls:ACCCheckBox [OPEN]
[INFO ] 2023-11-07 09:51:57.204 [main] ConvertMxmlService - Node Name =Controls:ACCCheckBox [CLOSE]
[INFO ] 2023-11-07 09:51:57.204 [main] ConvertMxmlService - Node Name =#text [OPEN]
[INFO ] 2023-11-07 09:51:57.204 [main] ConvertMxmlService - Node Name =Controls:ACCLabel [OPEN]
[INFO ] 2023-11-07 09:51:57.205 [main] ConvertMxmlService - Node Name =Controls:ACCLabel [CLOSE]
[INFO ] 2023-11-07 09:51:57.205 [main] ConvertMxmlService - Node Name =#text [OPEN]
[INFO ] 2023-11-07 09:51:57.205 [main] ConvertMxmlService - Node Name =Controls:ACCComboBox [OPEN]
[INFO ] 2023-11-07 09:51:57.205 [main] ConvertMxmlService - Node Name =Controls:ACCComboBox [CLOSE]
[INFO ] 2023-11-07 09:51:57.205 [main] ConvertMxmlService - Node Name =#text [OPEN]
[INFO ] 2023-11-07 09:51:57.205 [main] ConvertMxmlService - Node Name =Controls:ACCButton [OPEN]
[INFO ] 2023-11-07 09:51:57.205 [main] ConvertMxmlService - Node Name =Controls:ACCButton [CLOSE]
[INFO ] 2023-11-07 09:51:57.206 [main] ConvertMxmlService - Node Name =#text [OPEN]
[INFO ] 2023-11-07 09:51:57.206 [main] ConvertMxmlService - Node Name =Controls:ACCButton [OPEN]
[INFO ] 2023-11-07 09:51:57.206 [main] ConvertMxmlService - Node Name =Controls:ACCButton [CLOSE]
[INFO ] 2023-11-07 09:51:57.206 [main] ConvertMxmlService - Node Name =#text [OPEN]
[INFO ] 2023-11-07 09:51:57.206 [main] ConvertMxmlService - Node Name =#comment [OPEN]
[INFO ] 2023-11-07 09:51:57.206 [main] ConvertMxmlService - Node Name =#text [OPEN]
[INFO ] 2023-11-07 09:51:57.206 [main] ConvertMxmlService - Node Name =Containers:ACCPanel [OPEN]
[INFO ] 2023-11-07 09:51:57.206 [main] ConvertMxmlService - Node Name =#text [OPEN]
[INFO ] 2023-11-07 09:51:57.206 [main] ConvertMxmlService - Node Name =Controls:ACCLabel [OPEN]
[INFO ] 2023-11-07 09:51:57.207 [main] ConvertMxmlService - Node Name =Controls:ACCLabel [CLOSE]
[INFO ] 2023-11-07 09:51:57.207 [main] ConvertMxmlService - Node Name =#text [OPEN]
[INFO ] 2023-11-07 09:51:57.207 [main] ConvertMxmlService - Node Name =Controls:ACCComboBox [OPEN]
[INFO ] 2023-11-07 09:51:57.207 [main] ConvertMxmlService - Node Name =Controls:ACCComboBox [CLOSE]
[INFO ] 2023-11-07 09:51:57.207 [main] ConvertMxmlService - Node Name =#text [OPEN]
[INFO ] 2023-11-07 09:51:57.207 [main] ConvertMxmlService - Node Name =Controls:ACCLabel [OPEN]
[INFO ] 2023-11-07 09:51:57.208 [main] ConvertMxmlService - Node Name =Controls:ACCLabel [CLOSE]
[INFO ] 2023-11-07 09:51:57.208 [main] ConvertMxmlService - Node Name =#text [OPEN]
[INFO ] 2023-11-07 09:51:57.208 [main] ConvertMxmlService - Node Name =Controls:ACCTextInput [OPEN]
[INFO ] 2023-11-07 09:51:57.208 [main] ConvertMxmlService - Node Name =Controls:ACCTextInput [CLOSE]
[INFO ] 2023-11-07 09:51:57.208 [main] ConvertMxmlService - Node Name =#text [OPEN]
[INFO ] 2023-11-07 09:51:57.208 [main] ConvertMxmlService - Node Name =Controls:ACCButton [OPEN]
[INFO ] 2023-11-07 09:51:57.208 [main] ConvertMxmlService - Node Name =Controls:ACCButton [CLOSE]
[INFO ] 2023-11-07 09:51:57.208 [main] ConvertMxmlService - Node Name =#text [OPEN]
[INFO ] 2023-11-07 09:51:57.208 [main] ConvertMxmlService - Node Name =Containers:ACCPanel [CLOSE]
[INFO ] 2023-11-07 09:51:57.208 [main] ConvertMxmlService - Node Name =#text [OPEN]
[INFO ] 2023-11-07 09:51:57.208 [main] ConvertMxmlService - Node Name =Containers:ACCCanvas [CLOSE]
[DEBUG] 2023-11-07 09:51:57.208 [main] MxmlConvert - parent name: null
[DEBUG] 2023-11-07 09:51:57.208 [main] MxmlConvert - name: #comment
[DEBUG] 2023-11-07 09:51:57.209 [main] MxmlConvert - cssElement: 
[DEBUG] 2023-11-07 09:51:57.209 [main] MxmlConvert - attributeElement: 
[DEBUG] 2023-11-07 09:51:57.209 [main] MxmlConvert - parent name: RootNode
[DEBUG] 2023-11-07 09:51:57.209 [main] MxmlConvert - name: Containers:ACCCanvas
[DEBUG] 2023-11-07 09:51:57.209 [main] MxmlConvert - parent name: Containers:ACCCanvas
[DEBUG] 2023-11-07 09:51:57.209 [main] MxmlConvert - name: Containers:ACCPanel
[DEBUG] 2023-11-07 09:51:57.209 [main] MxmlConvert - parent name: Containers:ACCPanel
[DEBUG] 2023-11-07 09:51:57.209 [main] MxmlConvert - name: Controls:ACCRadioButtonGroup
[DEBUG] 2023-11-07 09:51:57.209 [main] MxmlConvert - cssElement: 
[DEBUG] 2023-11-07 09:51:57.209 [main] MxmlConvert - attributeElement:  id="grpSortRadio"
[DEBUG] 2023-11-07 09:51:57.209 [main] MxmlConvert - parent name: Containers:ACCPanel
[DEBUG] 2023-11-07 09:51:57.209 [main] MxmlConvert - name: Controls:ACCRadioButton
[DEBUG] 2023-11-07 09:51:57.209 [main] MxmlConvert - cssElement: width:75px;position: absolute; left:13px;top:3px;
[DEBUG] 2023-11-07 09:51:57.209 [main] MxmlConvert - attributeElement:  groupName="grpSortRadio" id="radioMishuGaku" value="未納額" tabindex="1"
[DEBUG] 2023-11-07 09:51:57.209 [main] MxmlConvert - parent name: Containers:ACCPanel
[DEBUG] 2023-11-07 09:51:57.209 [main] MxmlConvert - name: Controls:ACCRadioButton
[DEBUG] 2023-11-07 09:51:57.209 [main] MxmlConvert - cssElement: width:72px;position: absolute; left:92px;top:3px;
[DEBUG] 2023-11-07 09:51:57.209 [main] MxmlConvert - attributeElement:  groupName="grpSortRadio" id="radioZandaka" value="総残高" tabindex="2"
[DEBUG] 2023-11-07 09:51:57.209 [main] MxmlConvert - parent name: Containers:ACCPanel
[DEBUG] 2023-11-07 09:51:57.209 [main] MxmlConvert - name: Controls:ACCRadioButton
[DEBUG] 2023-11-07 09:51:57.209 [main] MxmlConvert - cssElement: width:72px;position: absolute; left:174px;top:3px;
[DEBUG] 2023-11-07 09:51:57.209 [main] MxmlConvert - attributeElement:  groupName="grpSortRadio" id="radioKainBango" value="会員番号" tabindex="3"
[DEBUG] 2023-11-07 09:51:57.209 [main] MxmlConvert - parent name: Containers:ACCPanel
[DEBUG] 2023-11-07 09:51:57.209 [main] MxmlConvert - name: Controls:ACCRadioButton
[DEBUG] 2023-11-07 09:51:57.209 [main] MxmlConvert - cssElement: width:72px;position: absolute; left:13px;top:21px;
[DEBUG] 2023-11-07 09:51:57.209 [main] MxmlConvert - attributeElement:  groupName="grpSortRadio" id="radioYakujouB" value="約定日" tabindex="4"
[DEBUG] 2023-11-07 09:51:57.209 [main] MxmlConvert - parent name: Containers:ACCPanel
[DEBUG] 2023-11-07 09:51:57.209 [main] MxmlConvert - name: Controls:ACCRadioButton
[DEBUG] 2023-11-07 09:51:57.209 [main] MxmlConvert - cssElement: width:72px;position: absolute; left:92px;top:21px;
[DEBUG] 2023-11-07 09:51:57.209 [main] MxmlConvert - attributeElement:  groupName="grpSortRadio" id="radioEntaiM" value="滞留月数" tabindex="5"
[DEBUG] 2023-11-07 09:51:57.209 [main] MxmlConvert - parent name: Containers:ACCPanel
[DEBUG] 2023-11-07 09:51:57.209 [main] MxmlConvert - name: Controls:ACCRadioButtonGroup
[DEBUG] 2023-11-07 09:51:57.209 [main] MxmlConvert - cssElement: 
[DEBUG] 2023-11-07 09:51:57.209 [main] MxmlConvert - attributeElement:  id="grpRadio"
[DEBUG] 2023-11-07 09:51:57.209 [main] MxmlConvert - parent name: Containers:ACCPanel
[DEBUG] 2023-11-07 09:51:57.209 [main] MxmlConvert - name: Controls:ACCRadioButton
[DEBUG] 2023-11-07 09:51:57.209 [main] MxmlConvert - cssElement: width:75px;position: absolute; left:314px;top:3px;
[DEBUG] 2023-11-07 09:51:57.209 [main] MxmlConvert - attributeElement:  groupName="grpRadio" id="radioSyoujun" value="昇順" tabindex="6"
[DEBUG] 2023-11-07 09:51:57.209 [main] MxmlConvert - parent name: Containers:ACCPanel
[DEBUG] 2023-11-07 09:51:57.209 [main] MxmlConvert - name: Controls:ACCRadioButton
[DEBUG] 2023-11-07 09:51:57.209 [main] MxmlConvert - cssElement: width:72px;position: absolute; left:314px;top:21px;
[DEBUG] 2023-11-07 09:51:57.209 [main] MxmlConvert - attributeElement:  groupName="grpRadio" id="radioKoujun" value="降順" tabindex="7"
[DEBUG] 2023-11-07 09:51:57.209 [main] MxmlConvert - cssElement: height:60px;position:absolute;width:476px;position: absolute; left:4px;top:7px;
[DEBUG] 2023-11-07 09:51:57.209 [main] MxmlConvert - attributeElement:  id="compPanel14" tabindex="1" header="ソート順"
[DEBUG] 2023-11-07 09:51:57.209 [main] MxmlConvert - parent name: Containers:ACCCanvas
[DEBUG] 2023-11-07 09:51:57.209 [main] MxmlConvert - name: Controls:ACCLabel
[DEBUG] 2023-11-07 09:51:57.209 [main] MxmlConvert - cssElement: height:20px;width:100px;position: absolute; left:5px;top:78px;
[DEBUG] 2023-11-07 09:51:57.209 [main] MxmlConvert - attributeElement:  value="抽出済件数"
[DEBUG] 2023-11-07 09:51:57.209 [main] MxmlConvert - parent name: Containers:ACCCanvas
[DEBUG] 2023-11-07 09:51:57.209 [main] MxmlConvert - name: Controls:ACCTextInputMaskNumber
[DEBUG] 2023-11-07 09:51:57.209 [main] MxmlConvert - cssElement: text-align:right;width:101px;position: absolute; left:86px;top:76px;
[DEBUG] 2023-11-07 09:51:57.209 [main] MxmlConvert - attributeElement:  id="txCount" readOnly="true" tabindex="1"
[DEBUG] 2023-11-07 09:51:57.209 [main] MxmlConvert - parent name: Containers:ACCCanvas
[DEBUG] 2023-11-07 09:51:57.209 [main] MxmlConvert - name: Controls:ACCButton
[DEBUG] 2023-11-07 09:51:57.209 [main] MxmlConvert - cssElement: width:80px;position: absolute; left:228px;top:75px;
[DEBUG] 2023-11-07 09:51:57.209 [main] MxmlConvert - attributeElement:  id="btnSEL001" value="抽出" tabindex="2"
[DEBUG] 2023-11-07 09:51:57.209 [main] MxmlConvert - parent name: Containers:ACCCanvas
[DEBUG] 2023-11-07 09:51:57.210 [main] MxmlConvert - name: Controls:ACCLabel
[DEBUG] 2023-11-07 09:51:57.210 [main] MxmlConvert - cssElement: height:20px;width:70px;position: absolute; left:6px;top:104px;
[DEBUG] 2023-11-07 09:51:57.210 [main] MxmlConvert - attributeElement:  value="架電先選択"
[DEBUG] 2023-11-07 09:51:57.210 [main] MxmlConvert - parent name: Containers:ACCCanvas
[DEBUG] 2023-11-07 09:51:57.210 [main] MxmlConvert - name: Controls:ACCComboBoxCode
[DEBUG] 2023-11-07 09:51:57.210 [main] MxmlConvert - cssElement: width:102px;position: absolute; left:85px;top:101px;
[DEBUG] 2023-11-07 09:51:57.210 [main] MxmlConvert - attributeElement:  change="#{MG3001003_01_000Controller.comboPdKadensakiKbnOnChange};" id="comboPdKadensakiKbn" tabindex="3"
[DEBUG] 2023-11-07 09:51:57.210 [main] MxmlConvert - parent name: Containers:ACCCanvas
[DEBUG] 2023-11-07 09:51:57.210 [main] MxmlConvert - name: Controls:ACCCheckBox
[DEBUG] 2023-11-07 09:51:57.210 [main] MxmlConvert - cssElement: height:20px;width:77px;position: absolute; left:228px;top:102px;
[DEBUG] 2023-11-07 09:51:57.210 [main] MxmlConvert - attributeElement:  change="#{MG3001003_01_000Controller.ckTel186FOnChange};" id="ckTel186F" itemLabel="186通知" tabindex="4"
[DEBUG] 2023-11-07 09:51:57.210 [main] MxmlConvert - parent name: Containers:ACCCanvas
[DEBUG] 2023-11-07 09:51:57.210 [main] MxmlConvert - name: Controls:ACCLabel
[DEBUG] 2023-11-07 09:51:57.210 [main] MxmlConvert - cssElement: height:20px;width:70px;position: absolute; left:6px;top:129px;
[DEBUG] 2023-11-07 09:51:57.210 [main] MxmlConvert - attributeElement:  value="分類移動先"
[DEBUG] 2023-11-07 09:51:57.210 [main] MxmlConvert - parent name: Containers:ACCCanvas
[DEBUG] 2023-11-07 09:51:57.210 [main] MxmlConvert - name: Controls:ACCComboBox
[DEBUG] 2023-11-07 09:51:57.210 [main] MxmlConvert - cssElement: width:132px;position: absolute; left:85px;top:126px;
[DEBUG] 2023-11-07 09:51:57.210 [main] MxmlConvert - attributeElement:  id="comboBunnoAfter" tabindex="5"
[DEBUG] 2023-11-07 09:51:57.210 [main] MxmlConvert - parent name: Containers:ACCCanvas
[DEBUG] 2023-11-07 09:51:57.210 [main] MxmlConvert - name: Controls:ACCButton
[DEBUG] 2023-11-07 09:51:57.210 [main] MxmlConvert - cssElement: width:120px;position: absolute; left:228px;top:126px;
[DEBUG] 2023-11-07 09:51:57.210 [main] MxmlConvert - attributeElement:  id="btnUPD001" value="分類移動実行" tabindex="6"
[DEBUG] 2023-11-07 09:51:57.210 [main] MxmlConvert - parent name: Containers:ACCCanvas
[DEBUG] 2023-11-07 09:51:57.210 [main] MxmlConvert - name: Controls:ACCButton
[DEBUG] 2023-11-07 09:51:57.210 [main] MxmlConvert - cssElement: width:120px;position: absolute; left:357px;top:126px;
[DEBUG] 2023-11-07 09:51:57.210 [main] MxmlConvert - attributeElement:  id="btnUPD002" value="分類移動削除" tabindex="7"
[DEBUG] 2023-11-07 09:51:57.210 [main] MxmlConvert - parent name: Containers:ACCCanvas
[DEBUG] 2023-11-07 09:51:57.210 [main] MxmlConvert - name: Containers:ACCPanel
[DEBUG] 2023-11-07 09:51:57.210 [main] MxmlConvert - parent name: Containers:ACCPanel
[DEBUG] 2023-11-07 09:51:57.210 [main] MxmlConvert - name: Controls:ACCLabel
[DEBUG] 2023-11-07 09:51:57.210 [main] MxmlConvert - cssElement: height:20px;width:139px;position: absolute; left:6px;top:11px;
[DEBUG] 2023-11-07 09:51:57.210 [main] MxmlConvert - attributeElement:  value="コールリストの指定："
[DEBUG] 2023-11-07 09:51:57.210 [main] MxmlConvert - parent name: Containers:ACCPanel
[DEBUG] 2023-11-07 09:51:57.210 [main] MxmlConvert - name: Controls:ACCComboBox
[DEBUG] 2023-11-07 09:51:57.210 [main] MxmlConvert - cssElement: width:167px;position: absolute; left:139px;top:8px;
[DEBUG] 2023-11-07 09:51:57.210 [main] MxmlConvert - attributeElement:  change="#{MG3001003_01_000Controller.setTime};" id="comboCampaignId" tabindex="1"
[DEBUG] 2023-11-07 09:51:57.210 [main] MxmlConvert - parent name: Containers:ACCPanel
[DEBUG] 2023-11-07 09:51:57.210 [main] MxmlConvert - name: Controls:ACCLabel
[DEBUG] 2023-11-07 09:51:57.210 [main] MxmlConvert - cssElement: height:20px;width:139px;position: absolute; left:6px;top:41px;
[DEBUG] 2023-11-07 09:51:57.210 [main] MxmlConvert - attributeElement:  value="コールリスト作成日時："
[DEBUG] 2023-11-07 09:51:57.210 [main] MxmlConvert - parent name: Containers:ACCPanel
[DEBUG] 2023-11-07 09:51:57.210 [main] MxmlConvert - name: Controls:ACCTextInput
[DEBUG] 2023-11-07 09:51:57.210 [main] MxmlConvert - cssElement: width:120px;position: absolute; left:140px;top:39px;
[DEBUG] 2023-11-07 09:51:57.210 [main] MxmlConvert - attributeElement:  id="txSakuseiTime" readOnly="true" tabindex="2"
[DEBUG] 2023-11-07 09:51:57.210 [main] MxmlConvert - parent name: Containers:ACCPanel
[DEBUG] 2023-11-07 09:51:57.210 [main] MxmlConvert - name: Controls:ACCButton
[DEBUG] 2023-11-07 09:51:57.210 [main] MxmlConvert - cssElement: width:120px;position: absolute; left:315px;top:38px;
[DEBUG] 2023-11-07 09:51:57.210 [main] MxmlConvert - attributeElement:  id="btnUPD003" value="コールリスト登録" tabindex="3"
[DEBUG] 2023-11-07 09:51:57.210 [main] MxmlConvert - cssElement: height:85px;position:absolute;width:476px;position: absolute; left:4px;top:154px;
[DEBUG] 2023-11-07 09:51:57.210 [main] MxmlConvert - attributeElement:  id="compPanel15" tabindex="8" header="コールリスト設定"
[DEBUG] 2023-11-07 09:51:57.210 [main] MxmlConvert - cssElement: height:250px;width:490px;
[DEBUG] 2023-11-07 09:51:57.210 [main] MxmlConvert - attributeElement:  title="コールリスト"
[INFO ] 2023-11-07 09:51:57.214 [main] MxmlConvert - Html file created successfully.
[INFO ] 2023-11-07 09:51:57.214 [main] MxmlConvert - CSS file created successfully.
[INFO ] 2023-11-07 09:51:57.219 [main] MxmlConvert - Root Element :Containers:ACCCanvas
[INFO ] 2023-11-07 09:51:57.219 [main] MxmlConvert - ------
[INFO ] 2023-11-07 09:51:57.219 [main] ConvertMxmlService - Node Name =#comment [OPEN]
[INFO ] 2023-11-07 09:51:57.219 [main] ConvertMxmlService - Node Name =#comment [OPEN]
[INFO ] 2023-11-07 09:51:57.219 [main] ConvertMxmlService - Node Name =Containers:ACCCanvas [OPEN]
[INFO ] 2023-11-07 09:51:57.219 [main] ConvertMxmlService - Node Name =#text [OPEN]
[INFO ] 2023-11-07 09:51:57.219 [main] ConvertMxmlService - Node Name =mx:Script [OPEN]
[INFO ] 2023-11-07 09:51:57.220 [main] ConvertMxmlService - Node Name =#text [OPEN]
[INFO ] 2023-11-07 09:51:57.220 [main] ConvertMxmlService - Node Name =#comment [OPEN]
[INFO ] 2023-11-07 09:51:57.220 [main] ConvertMxmlService - Node Name =#text [OPEN]
[INFO ] 2023-11-07 09:51:57.220 [main] ConvertMxmlService - Node Name =#comment [OPEN]
[INFO ] 2023-11-07 09:51:57.220 [main] ConvertMxmlService - Node Name =#text [OPEN]
[INFO ] 2023-11-07 09:51:57.220 [main] ConvertMxmlService - Node Name =mx:XML [OPEN]
[INFO ] 2023-11-07 09:51:57.220 [main] ConvertMxmlService - Node Name =#text [OPEN]
[INFO ] 2023-11-07 09:51:57.220 [main] ConvertMxmlService - Node Name =#comment [OPEN]
[INFO ] 2023-11-07 09:51:57.220 [main] ConvertMxmlService - Node Name =#text [OPEN]
[INFO ] 2023-11-07 09:51:57.220 [main] ConvertMxmlService - Node Name =mx:Metadata [OPEN]
[INFO ] 2023-11-07 09:51:57.220 [main] ConvertMxmlService - Node Name =#text [OPEN]
[INFO ] 2023-11-07 09:51:57.220 [main] ConvertMxmlService - Node Name =tougouchusyutsu:MG3001004_01_000_AS [OPEN]
[INFO ] 2023-11-07 09:51:57.221 [main] ConvertMxmlService - Node Name =#text [OPEN]
[INFO ] 2023-11-07 09:51:57.221 [main] ConvertMxmlService - Node Name =#comment [OPEN]
[INFO ] 2023-11-07 09:51:57.221 [main] ConvertMxmlService - Node Name =#text [OPEN]
[INFO ] 2023-11-07 09:51:57.221 [main] ConvertMxmlService - Node Name =Containers:ACCPanel [OPEN]
[INFO ] 2023-11-07 09:51:57.221 [main] ConvertMxmlService - Node Name =#text [OPEN]
[INFO ] 2023-11-07 09:51:57.221 [main] ConvertMxmlService - Node Name =Controls:ACCLabel [OPEN]
[INFO ] 2023-11-07 09:51:57.222 [main] ConvertMxmlService - Node Name =Controls:ACCLabel [CLOSE]
[INFO ] 2023-11-07 09:51:57.222 [main] ConvertMxmlService - Node Name =#text [OPEN]
[INFO ] 2023-11-07 09:51:57.222 [main] ConvertMxmlService - Node Name =Controls:ACCComboBox [OPEN]
[INFO ] 2023-11-07 09:51:57.222 [main] ConvertMxmlService - Node Name =Controls:ACCComboBox [CLOSE]
[INFO ] 2023-11-07 09:51:57.222 [main] ConvertMxmlService - Node Name =#text [OPEN]
[INFO ] 2023-11-07 09:51:57.222 [main] ConvertMxmlService - Node Name =Controls:ACCLabel [OPEN]
[INFO ] 2023-11-07 09:51:57.222 [main] ConvertMxmlService - Node Name =Controls:ACCLabel [CLOSE]
[INFO ] 2023-11-07 09:51:57.222 [main] ConvertMxmlService - Node Name =#text [OPEN]
[INFO ] 2023-11-07 09:51:57.222 [main] ConvertMxmlService - Node Name =Controls:ACCComboBoxCode [OPEN]
[INFO ] 2023-11-07 09:51:57.223 [main] ConvertMxmlService - Node Name =Controls:ACCComboBoxCode [CLOSE]
[INFO ] 2023-11-07 09:51:57.223 [main] ConvertMxmlService - Node Name =#text [OPEN]
[INFO ] 2023-11-07 09:51:57.223 [main] ConvertMxmlService - Node Name =Controls:ACCLabel [OPEN]
[INFO ] 2023-11-07 09:51:57.223 [main] ConvertMxmlService - Node Name =Controls:ACCLabel [CLOSE]
[INFO ] 2023-11-07 09:51:57.223 [main] ConvertMxmlService - Node Name =#text [OPEN]
[INFO ] 2023-11-07 09:51:57.223 [main] ConvertMxmlService - Node Name =Controls:ACCRadioButtonGroup [OPEN]
[INFO ] 2023-11-07 09:51:57.224 [main] ConvertMxmlService - Node Name =Controls:ACCRadioButtonGroup [CLOSE]
[INFO ] 2023-11-07 09:51:57.224 [main] ConvertMxmlService - Node Name =#text [OPEN]
[INFO ] 2023-11-07 09:51:57.224 [main] ConvertMxmlService - Node Name =Controls:ACCRadioButton [OPEN]
[INFO ] 2023-11-07 09:51:57.224 [main] ConvertMxmlService - Node Name =Controls:ACCRadioButton [CLOSE]
[INFO ] 2023-11-07 09:51:57.224 [main] ConvertMxmlService - Node Name =#text [OPEN]
[INFO ] 2023-11-07 09:51:57.224 [main] ConvertMxmlService - Node Name =Controls:ACCRadioButton [OPEN]
[INFO ] 2023-11-07 09:51:57.224 [main] ConvertMxmlService - Node Name =Controls:ACCRadioButton [CLOSE]
[INFO ] 2023-11-07 09:51:57.224 [main] ConvertMxmlService - Node Name =#text [OPEN]
[INFO ] 2023-11-07 09:51:57.224 [main] ConvertMxmlService - Node Name =Containers:ACCPanel [CLOSE]
[INFO ] 2023-11-07 09:51:57.224 [main] ConvertMxmlService - Node Name =#text [OPEN]
[INFO ] 2023-11-07 09:51:57.224 [main] ConvertMxmlService - Node Name =#comment [OPEN]
[INFO ] 2023-11-07 09:51:57.224 [main] ConvertMxmlService - Node Name =#text [OPEN]
[INFO ] 2023-11-07 09:51:57.224 [main] ConvertMxmlService - Node Name =Containers:ACCPanel [OPEN]
[INFO ] 2023-11-07 09:51:57.225 [main] ConvertMxmlService - Node Name =#text [OPEN]
[INFO ] 2023-11-07 09:51:57.225 [main] ConvertMxmlService - Node Name =Controls:ACCLabel [OPEN]
[INFO ] 2023-11-07 09:51:57.225 [main] ConvertMxmlService - Node Name =Controls:ACCLabel [CLOSE]
[INFO ] 2023-11-07 09:51:57.225 [main] ConvertMxmlService - Node Name =#text [OPEN]
[INFO ] 2023-11-07 09:51:57.225 [main] ConvertMxmlService - Node Name =Controls:ACCComboBox [OPEN]
[INFO ] 2023-11-07 09:51:57.225 [main] ConvertMxmlService - Node Name =Controls:ACCComboBox [CLOSE]
[INFO ] 2023-11-07 09:51:57.225 [main] ConvertMxmlService - Node Name =#text [OPEN]
[INFO ] 2023-11-07 09:51:57.226 [main] ConvertMxmlService - Node Name =Controls:ACCLabel [OPEN]
[INFO ] 2023-11-07 09:51:57.226 [main] ConvertMxmlService - Node Name =Controls:ACCLabel [CLOSE]
[INFO ] 2023-11-07 09:51:57.226 [main] ConvertMxmlService - Node Name =#text [OPEN]
[INFO ] 2023-11-07 09:51:57.226 [main] ConvertMxmlService - Node Name =Controls:ACCTextInput [OPEN]
[INFO ] 2023-11-07 09:51:57.226 [main] ConvertMxmlService - Node Name =Controls:ACCTextInput [CLOSE]
[INFO ] 2023-11-07 09:51:57.226 [main] ConvertMxmlService - Node Name =#text [OPEN]
[INFO ] 2023-11-07 09:51:57.226 [main] ConvertMxmlService - Node Name =Controls:ACCLabel [OPEN]
[INFO ] 2023-11-07 09:51:57.227 [main] ConvertMxmlService - Node Name =Controls:ACCLabel [CLOSE]
[INFO ] 2023-11-07 09:51:57.227 [main] ConvertMxmlService - Node Name =#text [OPEN]
[INFO ] 2023-11-07 09:51:57.227 [main] ConvertMxmlService - Node Name =Controls:ACCTextInput [OPEN]
[INFO ] 2023-11-07 09:51:57.227 [main] ConvertMxmlService - Node Name =Controls:ACCTextInput [CLOSE]
[INFO ] 2023-11-07 09:51:57.227 [main] ConvertMxmlService - Node Name =#text [OPEN]
[INFO ] 2023-11-07 09:51:57.227 [main] ConvertMxmlService - Node Name =Containers:ACCPanel [CLOSE]
[INFO ] 2023-11-07 09:51:57.227 [main] ConvertMxmlService - Node Name =#text [OPEN]
[INFO ] 2023-11-07 09:51:57.227 [main] ConvertMxmlService - Node Name =#comment [OPEN]
[INFO ] 2023-11-07 09:51:57.227 [main] ConvertMxmlService - Node Name =#text [OPEN]
[INFO ] 2023-11-07 09:51:57.227 [main] ConvertMxmlService - Node Name =Containers:ACCPanel [OPEN]
[INFO ] 2023-11-07 09:51:57.228 [main] ConvertMxmlService - Node Name =#text [OPEN]
[INFO ] 2023-11-07 09:51:57.228 [main] ConvertMxmlService - Node Name =Controls:ACCLabel [OPEN]
[INFO ] 2023-11-07 09:51:57.228 [main] ConvertMxmlService - Node Name =Controls:ACCLabel [CLOSE]
[INFO ] 2023-11-07 09:51:57.228 [main] ConvertMxmlService - Node Name =#text [OPEN]
[INFO ] 2023-11-07 09:51:57.228 [main] ConvertMxmlService - Node Name =Controls:ACCDateField [OPEN]
[INFO ] 2023-11-07 09:51:57.228 [main] ConvertMxmlService - Node Name =Controls:ACCDateField [CLOSE]
[INFO ] 2023-11-07 09:51:57.228 [main] ConvertMxmlService - Node Name =#text [OPEN]
[INFO ] 2023-11-07 09:51:57.229 [main] ConvertMxmlService - Node Name =Controls:ACCLabel [OPEN]
[INFO ] 2023-11-07 09:51:57.229 [main] ConvertMxmlService - Node Name =Controls:ACCLabel [CLOSE]
[INFO ] 2023-11-07 09:51:57.229 [main] ConvertMxmlService - Node Name =#text [OPEN]
[INFO ] 2023-11-07 09:51:57.229 [main] ConvertMxmlService - Node Name =Controls:ACCDateField [OPEN]
[INFO ] 2023-11-07 09:51:57.229 [main] ConvertMxmlService - Node Name =Controls:ACCDateField [CLOSE]
[INFO ] 2023-11-07 09:51:57.229 [main] ConvertMxmlService - Node Name =#text [OPEN]
[INFO ] 2023-11-07 09:51:57.229 [main] ConvertMxmlService - Node Name =Controls:ACCLabel [OPEN]
[INFO ] 2023-11-07 09:51:57.229 [main] ConvertMxmlService - Node Name =Controls:ACCLabel [CLOSE]
[INFO ] 2023-11-07 09:51:57.229 [main] ConvertMxmlService - Node Name =#text [OPEN]
[INFO ] 2023-11-07 09:51:57.229 [main] ConvertMxmlService - Node Name =Containers:ACCPanel [CLOSE]
[INFO ] 2023-11-07 09:51:57.229 [main] ConvertMxmlService - Node Name =#text [OPEN]
[INFO ] 2023-11-07 09:51:57.229 [main] ConvertMxmlService - Node Name =#comment [OPEN]
[INFO ] 2023-11-07 09:51:57.230 [main] ConvertMxmlService - Node Name =#text [OPEN]
[INFO ] 2023-11-07 09:51:57.230 [main] ConvertMxmlService - Node Name =Controls:ACCButton [OPEN]
[INFO ] 2023-11-07 09:51:57.230 [main] ConvertMxmlService - Node Name =Controls:ACCButton [CLOSE]
[INFO ] 2023-11-07 09:51:57.230 [main] ConvertMxmlService - Node Name =#text [OPEN]
[INFO ] 2023-11-07 09:51:57.230 [main] ConvertMxmlService - Node Name =Controls:ACCTextInputMaskNumber [OPEN]
[INFO ] 2023-11-07 09:51:57.230 [main] ConvertMxmlService - Node Name =Controls:ACCTextInputMaskNumber [CLOSE]
[INFO ] 2023-11-07 09:51:57.230 [main] ConvertMxmlService - Node Name =#text [OPEN]
[INFO ] 2023-11-07 09:51:57.230 [main] ConvertMxmlService - Node Name =Controls:ACCButton [OPEN]
[INFO ] 2023-11-07 09:51:57.231 [main] ConvertMxmlService - Node Name =Controls:ACCButton [CLOSE]
[INFO ] 2023-11-07 09:51:57.231 [main] ConvertMxmlService - Node Name =#text [OPEN]
[INFO ] 2023-11-07 09:51:57.231 [main] ConvertMxmlService - Node Name =Containers:ACCCanvas [CLOSE]
[DEBUG] 2023-11-07 09:51:57.231 [main] MxmlConvert - parent name: null
[DEBUG] 2023-11-07 09:51:57.231 [main] MxmlConvert - name: #comment
[DEBUG] 2023-11-07 09:51:57.231 [main] MxmlConvert - cssElement: 
[DEBUG] 2023-11-07 09:51:57.231 [main] MxmlConvert - attributeElement: 
[DEBUG] 2023-11-07 09:51:57.231 [main] MxmlConvert - parent name: null
[DEBUG] 2023-11-07 09:51:57.231 [main] MxmlConvert - name: #comment
[DEBUG] 2023-11-07 09:51:57.231 [main] MxmlConvert - cssElement: 
[DEBUG] 2023-11-07 09:51:57.231 [main] MxmlConvert - attributeElement: 
[DEBUG] 2023-11-07 09:51:57.231 [main] MxmlConvert - parent name: RootNode
[DEBUG] 2023-11-07 09:51:57.231 [main] MxmlConvert - name: Containers:ACCCanvas
[DEBUG] 2023-11-07 09:51:57.231 [main] MxmlConvert - parent name: Containers:ACCCanvas
[DEBUG] 2023-11-07 09:51:57.231 [main] MxmlConvert - name: Containers:ACCPanel
[DEBUG] 2023-11-07 09:51:57.231 [main] MxmlConvert - parent name: Containers:ACCPanel
[DEBUG] 2023-11-07 09:51:57.231 [main] MxmlConvert - name: Controls:ACCLabel
[DEBUG] 2023-11-07 09:51:57.231 [main] MxmlConvert - cssElement: height:20px;width:80px;position: absolute; left:1px;top:5px;
[DEBUG] 2023-11-07 09:51:57.231 [main] MxmlConvert - attributeElement:  value="出力文書"
[DEBUG] 2023-11-07 09:51:57.231 [main] MxmlConvert - parent name: Containers:ACCPanel
[DEBUG] 2023-11-07 09:51:57.231 [main] MxmlConvert - name: Controls:ACCComboBox
[DEBUG] 2023-11-07 09:51:57.231 [main] MxmlConvert - cssElement: width:360px;position: absolute; left:82px;top:3px;
[DEBUG] 2023-11-07 09:51:57.231 [main] MxmlConvert - attributeElement:  id="comboLtBunshoId" required="true" tabindex="1"
[DEBUG] 2023-11-07 09:51:57.231 [main] MxmlConvert - parent name: Containers:ACCPanel
[DEBUG] 2023-11-07 09:51:57.231 [main] MxmlConvert - name: Controls:ACCLabel
[DEBUG] 2023-11-07 09:51:57.231 [main] MxmlConvert - cssElement: height:20px;width:80px;position: absolute; left:1px;top:30px;
[DEBUG] 2023-11-07 09:51:57.231 [main] MxmlConvert - attributeElement:  value="相手"
[DEBUG] 2023-11-07 09:51:57.231 [main] MxmlConvert - parent name: Containers:ACCPanel
[DEBUG] 2023-11-07 09:51:57.231 [main] MxmlConvert - name: Controls:ACCComboBoxCode
[DEBUG] 2023-11-07 09:51:57.231 [main] MxmlConvert - cssElement: width:138px;position: absolute; left:82px;top:28px;
[DEBUG] 2023-11-07 09:51:57.231 [main] MxmlConvert - attributeElement:  id="comboLtAtesakiKbn" required="false" tabindex="2"
[DEBUG] 2023-11-07 09:51:57.231 [main] MxmlConvert - parent name: Containers:ACCPanel
[DEBUG] 2023-11-07 09:51:57.231 [main] MxmlConvert - name: Controls:ACCLabel
[DEBUG] 2023-11-07 09:51:57.231 [main] MxmlConvert - cssElement: height:20px;width:95px;position: absolute; left:238px;top:30px;
[DEBUG] 2023-11-07 09:51:57.231 [main] MxmlConvert - attributeElement:  value="送付元住所"
[DEBUG] 2023-11-07 09:51:57.231 [main] MxmlConvert - parent name: Containers:ACCPanel
[DEBUG] 2023-11-07 09:51:57.231 [main] MxmlConvert - name: Controls:ACCRadioButtonGroup
[DEBUG] 2023-11-07 09:51:57.231 [main] MxmlConvert - cssElement: 
[DEBUG] 2023-11-07 09:51:57.231 [main] MxmlConvert - attributeElement:  id="grpKankatuCdRadio"
[DEBUG] 2023-11-07 09:51:57.231 [main] MxmlConvert - parent name: Containers:ACCPanel
[DEBUG] 2023-11-07 09:51:57.231 [main] MxmlConvert - name: Controls:ACCRadioButton
[DEBUG] 2023-11-07 09:51:57.231 [main] MxmlConvert - cssElement: width:75px;position: absolute; left:318px;top:29px;
[DEBUG] 2023-11-07 09:51:57.231 [main] MxmlConvert - attributeElement:  groupName="grpKankatuCdRadio" id="radioMisyuZandaka" value="本社" tabindex="3"
[DEBUG] 2023-11-07 09:51:57.231 [main] MxmlConvert - parent name: Containers:ACCPanel
[DEBUG] 2023-11-07 09:51:57.231 [main] MxmlConvert - name: Controls:ACCRadioButton
[DEBUG] 2023-11-07 09:51:57.231 [main] MxmlConvert - cssElement: width:72px;position: absolute; left:382px;top:29px;
[DEBUG] 2023-11-07 09:51:57.231 [main] MxmlConvert - attributeElement:  groupName="grpKankatuCdRadio" id="radioSaikenZandaka" value="関東" tabindex="4"
[DEBUG] 2023-11-07 09:51:57.231 [main] MxmlConvert - cssElement: height:75px;position:absolute;width:476px;position: absolute; left:4px;top:5px;
[DEBUG] 2023-11-07 09:51:57.231 [main] MxmlConvert - attributeElement:  id="compPanel16" tabindex="1" header="文書選択"
[DEBUG] 2023-11-07 09:51:57.231 [main] MxmlConvert - parent name: Containers:ACCCanvas
[DEBUG] 2023-11-07 09:51:57.231 [main] MxmlConvert - name: Containers:ACCPanel
[DEBUG] 2023-11-07 09:51:57.231 [main] MxmlConvert - parent name: Containers:ACCPanel
[DEBUG] 2023-11-07 09:51:57.231 [main] MxmlConvert - name: Controls:ACCLabel
[DEBUG] 2023-11-07 09:51:57.231 [main] MxmlConvert - cssElement: height:20px;width:80px;position: absolute; left:1px;top:5px;
[DEBUG] 2023-11-07 09:51:57.231 [main] MxmlConvert - attributeElement:  value="前回出力文書"
[DEBUG] 2023-11-07 09:51:57.231 [main] MxmlConvert - parent name: Containers:ACCPanel
[DEBUG] 2023-11-07 09:51:57.231 [main] MxmlConvert - name: Controls:ACCComboBox
[DEBUG] 2023-11-07 09:51:57.231 [main] MxmlConvert - cssElement: width:360px;position: absolute; left:82px;top:3px;
[DEBUG] 2023-11-07 09:51:57.231 [main] MxmlConvert - attributeElement:  id="comboLtLastBunshoId" tabindex="1"
[DEBUG] 2023-11-07 09:51:57.231 [main] MxmlConvert - parent name: Containers:ACCPanel
[DEBUG] 2023-11-07 09:51:57.231 [main] MxmlConvert - name: Controls:ACCLabel
[DEBUG] 2023-11-07 09:51:57.231 [main] MxmlConvert - cssElement: height:20px;width:70px;position: absolute; left:1px;top:30px;
[DEBUG] 2023-11-07 09:51:57.231 [main] MxmlConvert - attributeElement:  value="経過日数"
[DEBUG] 2023-11-07 09:51:57.231 [main] MxmlConvert - parent name: Containers:ACCPanel
[DEBUG] 2023-11-07 09:51:57.231 [main] MxmlConvert - name: Controls:ACCTextInput
[DEBUG] 2023-11-07 09:51:57.231 [main] MxmlConvert - cssElement: text-align:right;width:40px;position: absolute; left:82px;top:28px;
[DEBUG] 2023-11-07 09:51:57.231 [main] MxmlConvert - attributeElement:  id="txNissuFrom" maxbytelength="3" tabindex="2"
[DEBUG] 2023-11-07 09:51:57.231 [main] MxmlConvert - parent name: Containers:ACCPanel
[DEBUG] 2023-11-07 09:51:57.231 [main] MxmlConvert - name: Controls:ACCLabel
[DEBUG] 2023-11-07 09:51:57.231 [main] MxmlConvert - cssElement: height:20px;width:20px;position: absolute; left:130px;top:30px;
[DEBUG] 2023-11-07 09:51:57.231 [main] MxmlConvert - attributeElement:  value="～"
[DEBUG] 2023-11-07 09:51:57.231 [main] MxmlConvert - parent name: Containers:ACCPanel
[DEBUG] 2023-11-07 09:51:57.231 [main] MxmlConvert - name: Controls:ACCTextInput
[DEBUG] 2023-11-07 09:51:57.231 [main] MxmlConvert - cssElement: text-align:right;width:40px;position: absolute; left:150px;top:28px;
[DEBUG] 2023-11-07 09:51:57.231 [main] MxmlConvert - attributeElement:  id="txNissuTo" maxbytelength="3" tabindex="3"
[DEBUG] 2023-11-07 09:51:57.231 [main] MxmlConvert - cssElement: height:75px;position:absolute;width:476px;position: absolute; left:4px;top:86px;
[DEBUG] 2023-11-07 09:51:57.231 [main] MxmlConvert - attributeElement:  id="compPanel17" tabindex="2" header="前回出力文書選択"
[DEBUG] 2023-11-07 09:51:57.231 [main] MxmlConvert - parent name: Containers:ACCCanvas
[DEBUG] 2023-11-07 09:51:57.231 [main] MxmlConvert - name: Containers:ACCPanel
[DEBUG] 2023-11-07 09:51:57.231 [main] MxmlConvert - parent name: Containers:ACCPanel
[DEBUG] 2023-11-07 09:51:57.231 [main] MxmlConvert - name: Controls:ACCLabel
[DEBUG] 2023-11-07 09:51:57.231 [main] MxmlConvert - cssElement: height:20px;width:72px;position: absolute; left:1px;top:5px;
[DEBUG] 2023-11-07 09:51:57.231 [main] MxmlConvert - attributeElement:  value="支払期限"
[DEBUG] 2023-11-07 09:51:57.231 [main] MxmlConvert - parent name: Containers:ACCPanel
[DEBUG] 2023-11-07 09:51:57.231 [main] MxmlConvert - name: Controls:ACCDateField
[DEBUG] 2023-11-07 09:51:57.231 [main] MxmlConvert - cssElement: position: absolute; left:82px;top:3px;
[DEBUG] 2023-11-07 09:51:57.231 [main] MxmlConvert - attributeElement:  id="txSiharaiKigen" tabindex="1"
[DEBUG] 2023-11-07 09:51:57.231 [main] MxmlConvert - parent name: Containers:ACCPanel
[DEBUG] 2023-11-07 09:51:57.231 [main] MxmlConvert - name: Controls:ACCLabel
[DEBUG] 2023-11-07 09:51:57.231 [main] MxmlConvert - cssElement: height:20px;width:80px;position: absolute; left:193px;top:5px;
[DEBUG] 2023-11-07 09:51:57.232 [main] MxmlConvert - attributeElement:  value="書面の応答日"
[DEBUG] 2023-11-07 09:51:57.232 [main] MxmlConvert - parent name: Containers:ACCPanel
[DEBUG] 2023-11-07 09:51:57.232 [main] MxmlConvert - name: Controls:ACCDateField
[DEBUG] 2023-11-07 09:51:57.232 [main] MxmlConvert - cssElement: position: absolute; left:270px;top:3px;
[DEBUG] 2023-11-07 09:51:57.232 [main] MxmlConvert - attributeElement:  id="txSkOtoDay" tabindex="2"
[DEBUG] 2023-11-07 09:51:57.232 [main] MxmlConvert - parent name: Containers:ACCPanel
[DEBUG] 2023-11-07 09:51:57.232 [main] MxmlConvert - name: Controls:ACCLabel
[DEBUG] 2023-11-07 09:51:57.232 [main] MxmlConvert - cssElement: height:20px;width:93px;position: absolute; left:363px;top:5px;
[DEBUG] 2023-11-07 09:51:57.232 [main] MxmlConvert - attributeElement:  value="（銀行営業日）"
[DEBUG] 2023-11-07 09:51:57.232 [main] MxmlConvert - cssElement: height:45px;position:absolute;width:476px;position: absolute; left:4px;top:169px;
[DEBUG] 2023-11-07 09:51:57.232 [main] MxmlConvert - attributeElement:  id="compPanel18" tabindex="3" header="応答日設定"
[DEBUG] 2023-11-07 09:51:57.232 [main] MxmlConvert - parent name: Containers:ACCCanvas
[DEBUG] 2023-11-07 09:51:57.232 [main] MxmlConvert - name: Controls:ACCButton
[DEBUG] 2023-11-07 09:51:57.232 [main] MxmlConvert - cssElement: width:80px;position: absolute; left:7px;top:221px;
[DEBUG] 2023-11-07 09:51:57.232 [main] MxmlConvert - attributeElement:  id="btnSEL001" value="件数取得" tabindex="4"
[DEBUG] 2023-11-07 09:51:57.232 [main] MxmlConvert - parent name: Containers:ACCCanvas
[DEBUG] 2023-11-07 09:51:57.232 [main] MxmlConvert - name: Controls:ACCTextInputMaskNumber
[DEBUG] 2023-11-07 09:51:57.232 [main] MxmlConvert - cssElement: text-align:right;width:101px;position: absolute; left:96px;top:221px;
[DEBUG] 2023-11-07 09:51:57.232 [main] MxmlConvert - attributeElement:  id="txGetCount" readOnly="true"
[DEBUG] 2023-11-07 09:51:57.232 [main] MxmlConvert - parent name: Containers:ACCCanvas
[DEBUG] 2023-11-07 09:51:57.232 [main] MxmlConvert - name: Controls:ACCButton
[DEBUG] 2023-11-07 09:51:57.232 [main] MxmlConvert - cssElement: width:80px;position: absolute; left:401px;top:221px;
[DEBUG] 2023-11-07 09:51:57.232 [main] MxmlConvert - attributeElement:  id="btnUPD001" value="申請" tabindex="5"
[DEBUG] 2023-11-07 09:51:57.232 [main] MxmlConvert - cssElement: height:250px;width:490px;
[DEBUG] 2023-11-07 09:51:57.232 [main] MxmlConvert - attributeElement:  title="文書一括出力"
[INFO ] 2023-11-07 09:51:57.233 [main] MxmlConvert - Html file created successfully.
[INFO ] 2023-11-07 09:51:57.233 [main] MxmlConvert - CSS file created successfully.
[INFO ] 2023-11-07 09:51:57.237 [main] MxmlConvert - Root Element :Containers:ACCCanvas
[INFO ] 2023-11-07 09:51:57.237 [main] MxmlConvert - ------
[INFO ] 2023-11-07 09:51:57.237 [main] ConvertMxmlService - Node Name =#comment [OPEN]
[INFO ] 2023-11-07 09:51:57.237 [main] ConvertMxmlService - Node Name =Containers:ACCCanvas [OPEN]
[INFO ] 2023-11-07 09:51:57.238 [main] ConvertMxmlService - Node Name =#text [OPEN]
[INFO ] 2023-11-07 09:51:57.238 [main] ConvertMxmlService - Node Name =mx:Script [OPEN]
[INFO ] 2023-11-07 09:51:57.238 [main] ConvertMxmlService - Node Name =#text [OPEN]
[INFO ] 2023-11-07 09:51:57.238 [main] ConvertMxmlService - Node Name =tougouchusyutsu:MG3001005_01_000_AS [OPEN]
[INFO ] 2023-11-07 09:51:57.238 [main] ConvertMxmlService - Node Name =#text [OPEN]
[INFO ] 2023-11-07 09:51:57.238 [main] ConvertMxmlService - Node Name =Containers:ACCPanel [OPEN]
[INFO ] 2023-11-07 09:51:57.239 [main] ConvertMxmlService - Node Name =#text [OPEN]
[INFO ] 2023-11-07 09:51:57.239 [main] ConvertMxmlService - Node Name =#comment [OPEN]
[INFO ] 2023-11-07 09:51:57.239 [main] ConvertMxmlService - Node Name =#text [OPEN]
[INFO ] 2023-11-07 09:51:57.239 [main] ConvertMxmlService - Node Name =Controls:ACCDataGrid [OPEN]
[INFO ] 2023-11-07 09:51:57.239 [main] ConvertMxmlService - Node Name =#text [OPEN]
[INFO ] 2023-11-07 09:51:57.239 [main] ConvertMxmlService - Node Name =Controls:columns [OPEN]
[INFO ] 2023-11-07 09:51:57.240 [main] ConvertMxmlService - Node Name =#text [OPEN]
[INFO ] 2023-11-07 09:51:57.240 [main] ConvertMxmlService - Node Name =mx:DataGridColumn [OPEN]
[INFO ] 2023-11-07 09:51:57.245 [main] ConvertMxmlService - Node Name =#text [OPEN]
[INFO ] 2023-11-07 09:51:57.245 [main] ConvertMxmlService - Node Name =mx:headerRenderer [OPEN]
[INFO ] 2023-11-07 09:51:57.246 [main] ConvertMxmlService - Node Name =#text [OPEN]
[INFO ] 2023-11-07 09:51:57.246 [main] ConvertMxmlService - Node Name =mx:Component [OPEN]
[INFO ] 2023-11-07 09:51:57.247 [main] ConvertMxmlService - Node Name =#text [OPEN]
[INFO ] 2023-11-07 09:51:57.247 [main] ConvertMxmlService - Node Name =Controls:ACCLabel [OPEN]
[INFO ] 2023-11-07 09:51:57.248 [main] ConvertMxmlService - Node Name =Controls:ACCLabel [CLOSE]
[INFO ] 2023-11-07 09:51:57.248 [main] ConvertMxmlService - Node Name =#text [OPEN]
[INFO ] 2023-11-07 09:51:57.248 [main] ConvertMxmlService - Node Name =mx:Component [CLOSE]
[INFO ] 2023-11-07 09:51:57.248 [main] ConvertMxmlService - Node Name =#text [OPEN]
[INFO ] 2023-11-07 09:51:57.248 [main] ConvertMxmlService - Node Name =mx:headerRenderer [CLOSE]
[INFO ] 2023-11-07 09:51:57.248 [main] ConvertMxmlService - Node Name =#text [OPEN]
[INFO ] 2023-11-07 09:51:57.248 [main] ConvertMxmlService - Node Name =mx:DataGridColumn [CLOSE]
[INFO ] 2023-11-07 09:51:57.248 [main] ConvertMxmlService - Node Name =#text [OPEN]
[INFO ] 2023-11-07 09:51:57.248 [main] ConvertMxmlService - Node Name =mx:DataGridColumn [OPEN]
[INFO ] 2023-11-07 09:51:57.248 [main] ConvertMxmlService - Node Name =#text [OPEN]
[INFO ] 2023-11-07 09:51:57.248 [main] ConvertMxmlService - Node Name =mx:headerRenderer [OPEN]
[INFO ] 2023-11-07 09:51:57.249 [main] ConvertMxmlService - Node Name =#text [OPEN]
[INFO ] 2023-11-07 09:51:57.249 [main] ConvertMxmlService - Node Name =mx:Component [OPEN]
[INFO ] 2023-11-07 09:51:57.249 [main] ConvertMxmlService - Node Name =#text [OPEN]
[INFO ] 2023-11-07 09:51:57.250 [main] ConvertMxmlService - Node Name =Controls:ACCLabel [OPEN]
[INFO ] 2023-11-07 09:51:57.250 [main] ConvertMxmlService - Node Name =Controls:ACCLabel [CLOSE]
[INFO ] 2023-11-07 09:51:57.250 [main] ConvertMxmlService - Node Name =#text [OPEN]
[INFO ] 2023-11-07 09:51:57.250 [main] ConvertMxmlService - Node Name =mx:Component [CLOSE]
[INFO ] 2023-11-07 09:51:57.250 [main] ConvertMxmlService - Node Name =#text [OPEN]
[INFO ] 2023-11-07 09:51:57.250 [main] ConvertMxmlService - Node Name =mx:headerRenderer [CLOSE]
[INFO ] 2023-11-07 09:51:57.250 [main] ConvertMxmlService - Node Name =#text [OPEN]
[INFO ] 2023-11-07 09:51:57.250 [main] ConvertMxmlService - Node Name =mx:DataGridColumn [CLOSE]
[INFO ] 2023-11-07 09:51:57.250 [main] ConvertMxmlService - Node Name =#text [OPEN]
[INFO ] 2023-11-07 09:51:57.250 [main] ConvertMxmlService - Node Name =#comment [OPEN]
[INFO ] 2023-11-07 09:51:57.250 [main] ConvertMxmlService - Node Name =#text [OPEN]
[INFO ] 2023-11-07 09:51:57.250 [main] ConvertMxmlService - Node Name =mx:DataGridColumn [OPEN]
[INFO ] 2023-11-07 09:51:57.250 [main] ConvertMxmlService - Node Name =#text [OPEN]
[INFO ] 2023-11-07 09:51:57.250 [main] ConvertMxmlService - Node Name =#comment [OPEN]
[INFO ] 2023-11-07 09:51:57.250 [main] ConvertMxmlService - Node Name =#text [OPEN]
[INFO ] 2023-11-07 09:51:57.250 [main] ConvertMxmlService - Node Name =mx:headerRenderer [OPEN]
