[INFO ] 2023-11-01 10:01:11.634 [main] MxmlConvert - Root Element :Containers:ACCTitleWindow
[INFO ] 2023-11-01 10:01:11.636 [main] MxmlConvert - ------
[INFO ] 2023-11-01 10:01:11.668 [main] ConvertMxmlService - Node Name =Containers:ACCTitleWindow [OPEN]
[INFO ] 2023-11-01 10:01:11.694 [main] ConvertMxmlService - Node Name =#text [OPEN]
[INFO ] 2023-11-01 10:01:11.694 [main] ConvertMxmlService - Node Name =mx:Script [OPEN]
[INFO ] 2023-11-01 10:01:11.695 [main] ConvertMxmlService - Node Name =#text [OPEN]
[INFO ] 2023-11-01 10:01:11.695 [main] ConvertMxmlService - Node Name =login:MG1001001_00_000_AS [OPEN]
[INFO ] 2023-11-01 10:01:11.696 [main] ConvertMxmlService - Node Name =#text [OPEN]
[INFO ] 2023-11-01 10:01:11.696 [main] ConvertMxmlService - Node Name =login:MG1001001_01_000 [OPEN]
[INFO ] 2023-11-01 10:01:11.697 [main] ConvertMxmlService - Node Name =login:MG1001001_01_000 [CLOSE]
[INFO ] 2023-11-01 10:01:11.698 [main] ConvertMxmlService - Node Name =#text [OPEN]
[INFO ] 2023-11-01 10:01:11.698 [main] ConvertMxmlService - Node Name =mx:ProgressBar [OPEN]
[INFO ] 2023-11-01 10:01:11.698 [main] ConvertMxmlService - Node Name =#text [OPEN]
[INFO ] 2023-11-01 10:01:11.698 [main] ConvertMxmlService - Node Name =Containers:ACCTitleWindow [CLOSE]
[DEBUG] 2023-11-01 10:01:11.698 [main] MxmlConvert - parent name: First Node
[DEBUG] 2023-11-01 10:01:11.698 [main] MxmlConvert - name: Containers:ACCTitleWindow
[DEBUG] 2023-11-01 10:01:11.698 [main] MxmlConvert - parent name: Containers:ACCTitleWindow
[DEBUG] 2023-11-01 10:01:11.699 [main] MxmlConvert - name: login:MG1001001_01_000
[DEBUG] 2023-11-01 10:01:11.699 [main] MxmlConvert - cssElement: 
[DEBUG] 2023-11-01 10:01:11.699 [main] MxmlConvert - attributeElement: 
[DEBUG] 2023-11-01 10:01:11.699 [main] MxmlConvert - cssElement: 
[DEBUG] 2023-11-01 10:01:11.699 [main] MxmlConvert - attributeElement: 
[DEBUG] 2023-11-01 10:01:11.699 [main] MxmlConvert - <ui:include src="MG1001001_01_000.xhtml"></ui:include>
[INFO ] 2023-11-01 10:01:11.739 [main] MxmlConvert - Html file created successfully.
[INFO ] 2023-11-01 10:01:11.739 [main] MxmlConvert - CSS file created successfully.
[INFO ] 2023-11-01 10:01:11.754 [main] MxmlConvert - Root Element :Containers:ACCCanvas
[INFO ] 2023-11-01 10:01:11.754 [main] MxmlConvert - ------
[INFO ] 2023-11-01 10:01:11.755 [main] ConvertMxmlService - Node Name =Containers:ACCCanvas [OPEN]
[INFO ] 2023-11-01 10:01:11.758 [main] ConvertMxmlService - Node Name =#text [OPEN]
[INFO ] 2023-11-01 10:01:11.758 [main] ConvertMxmlService - Node Name =mx:Script [OPEN]
[INFO ] 2023-11-01 10:01:11.759 [main] ConvertMxmlService - Node Name =#text [OPEN]
[INFO ] 2023-11-01 10:01:11.759 [main] ConvertMxmlService - Node Name =#comment [OPEN]
[INFO ] 2023-11-01 10:01:11.759 [main] ConvertMxmlService - Node Name =#text [OPEN]
[INFO ] 2023-11-01 10:01:11.759 [main] ConvertMxmlService - Node Name =#comment [OPEN]
[INFO ] 2023-11-01 10:01:11.759 [main] ConvertMxmlService - Node Name =#text [OPEN]
[INFO ] 2023-11-01 10:01:11.759 [main] ConvertMxmlService - Node Name =mx:XML [OPEN]
[INFO ] 2023-11-01 10:01:11.759 [main] ConvertMxmlService - Node Name =#text [OPEN]
[INFO ] 2023-11-01 10:01:11.759 [main] ConvertMxmlService - Node Name =login:MG1001001_01_000_AS [OPEN]
[INFO ] 2023-11-01 10:01:11.760 [main] ConvertMxmlService - Node Name =#text [OPEN]
[INFO ] 2023-11-01 10:01:11.760 [main] ConvertMxmlService - Node Name =mx:Image [OPEN]
[INFO ] 2023-11-01 10:01:11.762 [main] ConvertMxmlService - Node Name =mx:Image [CLOSE]
[INFO ] 2023-11-01 10:01:11.762 [main] ConvertMxmlService - Node Name =#text [OPEN]
[INFO ] 2023-11-01 10:01:11.762 [main] ConvertMxmlService - Node Name =Containers:ACCCanvas [OPEN]
[INFO ] 2023-11-01 10:01:11.764 [main] ConvertMxmlService - Node Name =#text [OPEN]
[INFO ] 2023-11-01 10:01:11.764 [main] ConvertMxmlService - Node Name =#comment [OPEN]
[INFO ] 2023-11-01 10:01:11.764 [main] ConvertMxmlService - Node Name =#text [OPEN]
[INFO ] 2023-11-01 10:01:11.764 [main] ConvertMxmlService - Node Name =Controls:ACCLabel [OPEN]
[INFO ] 2023-11-01 10:01:11.765 [main] ConvertMxmlService - Node Name =Controls:ACCLabel [CLOSE]
[INFO ] 2023-11-01 10:01:11.765 [main] ConvertMxmlService - Node Name =#text [OPEN]
[INFO ] 2023-11-01 10:01:11.765 [main] ConvertMxmlService - Node Name =Controls:ACCTextInput [OPEN]
[INFO ] 2023-11-01 10:01:11.767 [main] ConvertMxmlService - Node Name =Controls:ACCTextInput [CLOSE]
[INFO ] 2023-11-01 10:01:11.767 [main] ConvertMxmlService - Node Name =#text [OPEN]
[INFO ] 2023-11-01 10:01:11.767 [main] ConvertMxmlService - Node Name =#comment [OPEN]
[INFO ] 2023-11-01 10:01:11.778 [main] ConvertMxmlService - Node Name =#text [OPEN]
[INFO ] 2023-11-01 10:01:11.778 [main] ConvertMxmlService - Node Name =Controls:ACCLabel [OPEN]
[INFO ] 2023-11-01 10:01:11.780 [main] ConvertMxmlService - Node Name =Controls:ACCLabel [CLOSE]
[INFO ] 2023-11-01 10:01:11.780 [main] ConvertMxmlService - Node Name =#text [OPEN]
[INFO ] 2023-11-01 10:01:11.780 [main] ConvertMxmlService - Node Name =Controls:ACCTextInput [OPEN]
[INFO ] 2023-11-01 10:01:11.782 [main] ConvertMxmlService - Node Name =Controls:ACCTextInput [CLOSE]
[INFO ] 2023-11-01 10:01:11.782 [main] ConvertMxmlService - Node Name =#text [OPEN]
[INFO ] 2023-11-01 10:01:11.782 [main] ConvertMxmlService - Node Name =#comment [OPEN]
[INFO ] 2023-11-01 10:01:11.782 [main] ConvertMxmlService - Node Name =#text [OPEN]
[INFO ] 2023-11-01 10:01:11.782 [main] ConvertMxmlService - Node Name =Controls:ACCLabel [OPEN]
[INFO ] 2023-11-01 10:01:11.783 [main] ConvertMxmlService - Node Name =Controls:ACCLabel [CLOSE]
[INFO ] 2023-11-01 10:01:11.783 [main] ConvertMxmlService - Node Name =#text [OPEN]
[INFO ] 2023-11-01 10:01:11.783 [main] ConvertMxmlService - Node Name =Controls:ACCTextInput [OPEN]
[INFO ] 2023-11-01 10:01:11.785 [main] ConvertMxmlService - Node Name =Controls:ACCTextInput [CLOSE]
[INFO ] 2023-11-01 10:01:11.785 [main] ConvertMxmlService - Node Name =#text [OPEN]
[INFO ] 2023-11-01 10:01:11.785 [main] ConvertMxmlService - Node Name =#comment [OPEN]
[INFO ] 2023-11-01 10:01:11.785 [main] ConvertMxmlService - Node Name =#text [OPEN]
[INFO ] 2023-11-01 10:01:11.785 [main] ConvertMxmlService - Node Name =Controls:ACCButton [OPEN]
[INFO ] 2023-11-01 10:01:11.786 [main] ConvertMxmlService - Node Name =Controls:ACCButton [CLOSE]
[INFO ] 2023-11-01 10:01:11.786 [main] ConvertMxmlService - Node Name =#text [OPEN]
[INFO ] 2023-11-01 10:01:11.786 [main] ConvertMxmlService - Node Name =#comment [OPEN]
[INFO ] 2023-11-01 10:01:11.786 [main] ConvertMxmlService - Node Name =#text [OPEN]
[INFO ] 2023-11-01 10:01:11.786 [main] ConvertMxmlService - Node Name =Controls:ACCButton [OPEN]
[INFO ] 2023-11-01 10:01:11.788 [main] ConvertMxmlService - Node Name =Controls:ACCButton [CLOSE]
[INFO ] 2023-11-01 10:01:11.788 [main] ConvertMxmlService - Node Name =#text [OPEN]
[INFO ] 2023-11-01 10:01:11.788 [main] ConvertMxmlService - Node Name =Containers:ACCCanvas [CLOSE]
[INFO ] 2023-11-01 10:01:11.788 [main] ConvertMxmlService - Node Name =#text [OPEN]
[INFO ] 2023-11-01 10:01:11.788 [main] ConvertMxmlService - Node Name =Containers:ACCCanvas [OPEN]
[INFO ] 2023-11-01 10:01:11.790 [main] ConvertMxmlService - Node Name =#text [OPEN]
[INFO ] 2023-11-01 10:01:11.790 [main] ConvertMxmlService - Node Name =#comment [OPEN]
[INFO ] 2023-11-01 10:01:11.790 [main] ConvertMxmlService - Node Name =#text [OPEN]
[INFO ] 2023-11-01 10:01:11.790 [main] ConvertMxmlService - Node Name =Controls:ACCLabel [OPEN]
[INFO ] 2023-11-01 10:01:11.792 [main] ConvertMxmlService - Node Name =Controls:ACCLabel [CLOSE]
[INFO ] 2023-11-01 10:01:11.792 [main] ConvertMxmlService - Node Name =#text [OPEN]
[INFO ] 2023-11-01 10:01:11.792 [main] ConvertMxmlService - Node Name =#comment [OPEN]
[INFO ] 2023-11-01 10:01:11.792 [main] ConvertMxmlService - Node Name =#text [OPEN]
[INFO ] 2023-11-01 10:01:11.792 [main] ConvertMxmlService - Node Name =Controls:ACCLabel [OPEN]
[INFO ] 2023-11-01 10:01:11.793 [main] ConvertMxmlService - Node Name =Controls:ACCLabel [CLOSE]
[INFO ] 2023-11-01 10:01:11.794 [main] ConvertMxmlService - Node Name =#text [OPEN]
[INFO ] 2023-11-01 10:01:11.794 [main] ConvertMxmlService - Node Name =#comment [OPEN]
[INFO ] 2023-11-01 10:01:11.794 [main] ConvertMxmlService - Node Name =#text [OPEN]
[INFO ] 2023-11-01 10:01:11.794 [main] ConvertMxmlService - Node Name =mx:Image [OPEN]
[INFO ] 2023-11-01 10:01:11.795 [main] ConvertMxmlService - Node Name =mx:Image [CLOSE]
[INFO ] 2023-11-01 10:01:11.795 [main] ConvertMxmlService - Node Name =#text [OPEN]
[INFO ] 2023-11-01 10:01:11.795 [main] ConvertMxmlService - Node Name =Containers:ACCCanvas [CLOSE]
[INFO ] 2023-11-01 10:01:11.795 [main] ConvertMxmlService - Node Name =#text [OPEN]
[INFO ] 2023-11-01 10:01:11.795 [main] ConvertMxmlService - Node Name =Containers:ACCCanvas [CLOSE]
[DEBUG] 2023-11-01 10:01:11.795 [main] MxmlConvert - parent name: First Node
[DEBUG] 2023-11-01 10:01:11.795 [main] MxmlConvert - name: Containers:ACCCanvas
[DEBUG] 2023-11-01 10:01:11.795 [main] MxmlConvert - parent name: Containers:ACCCanvas
[DEBUG] 2023-11-01 10:01:11.796 [main] MxmlConvert - name: mx:Image
[DEBUG] 2023-11-01 10:01:11.796 [main] MxmlConvert - cssElement: 
[DEBUG] 2023-11-01 10:01:11.796 [main] MxmlConvert - attributeElement: 
[DEBUG] 2023-11-01 10:01:11.796 [main] MxmlConvert - parent name: Containers:ACCCanvas
[DEBUG] 2023-11-01 10:01:11.796 [main] MxmlConvert - name: Containers:ACCCanvas
[DEBUG] 2023-11-01 10:01:11.796 [main] MxmlConvert - parent name: null
[DEBUG] 2023-11-01 10:01:11.796 [main] MxmlConvert - name: #comment
[DEBUG] 2023-11-01 10:01:11.796 [main] MxmlConvert - cssElement: 
[DEBUG] 2023-11-01 10:01:11.796 [main] MxmlConvert - attributeElement: 
[DEBUG] 2023-11-01 10:01:11.796 [main] MxmlConvert - parent name: Containers:ACCCanvas
[DEBUG] 2023-11-01 10:01:11.796 [main] MxmlConvert - name: Controls:ACCLabel
[DEBUG] 2023-11-01 10:01:11.796 [main] MxmlConvert - cssElement: 
[DEBUG] 2023-11-01 10:01:11.796 [main] MxmlConvert - attributeElement: 
[DEBUG] 2023-11-01 10:01:11.796 [main] MxmlConvert - parent name: Containers:ACCCanvas
[DEBUG] 2023-11-01 10:01:11.796 [main] MxmlConvert - name: Controls:ACCTextInput
[DEBUG] 2023-11-01 10:01:11.796 [main] MxmlConvert - cssElement: 
[DEBUG] 2023-11-01 10:01:11.796 [main] MxmlConvert - attributeElement: 
[DEBUG] 2023-11-01 10:01:11.796 [main] MxmlConvert - parent name: null
[DEBUG] 2023-11-01 10:01:11.796 [main] MxmlConvert - name: #comment
[DEBUG] 2023-11-01 10:01:11.796 [main] MxmlConvert - cssElement: 
[DEBUG] 2023-11-01 10:01:11.796 [main] MxmlConvert - attributeElement: 
[DEBUG] 2023-11-01 10:01:11.796 [main] MxmlConvert - parent name: Containers:ACCCanvas
[DEBUG] 2023-11-01 10:01:11.796 [main] MxmlConvert - name: Controls:ACCLabel
[DEBUG] 2023-11-01 10:01:11.796 [main] MxmlConvert - cssElement: 
[DEBUG] 2023-11-01 10:01:11.796 [main] MxmlConvert - attributeElement: 
[DEBUG] 2023-11-01 10:01:11.796 [main] MxmlConvert - parent name: Containers:ACCCanvas
[DEBUG] 2023-11-01 10:01:11.796 [main] MxmlConvert - name: Controls:ACCTextInput
[DEBUG] 2023-11-01 10:01:11.796 [main] MxmlConvert - cssElement: 
[DEBUG] 2023-11-01 10:01:11.797 [main] MxmlConvert - attributeElement: 
[DEBUG] 2023-11-01 10:01:11.797 [main] MxmlConvert - parent name: null
[DEBUG] 2023-11-01 10:01:11.797 [main] MxmlConvert - name: #comment
[DEBUG] 2023-11-01 10:01:11.797 [main] MxmlConvert - cssElement: 
[DEBUG] 2023-11-01 10:01:11.797 [main] MxmlConvert - attributeElement: 
[DEBUG] 2023-11-01 10:01:11.797 [main] MxmlConvert - parent name: Containers:ACCCanvas
[DEBUG] 2023-11-01 10:01:11.797 [main] MxmlConvert - name: Controls:ACCLabel
[DEBUG] 2023-11-01 10:01:11.797 [main] MxmlConvert - cssElement: 
[DEBUG] 2023-11-01 10:01:11.797 [main] MxmlConvert - attributeElement: 
[DEBUG] 2023-11-01 10:01:11.797 [main] MxmlConvert - parent name: Containers:ACCCanvas
[DEBUG] 2023-11-01 10:01:11.797 [main] MxmlConvert - name: Controls:ACCTextInput
[DEBUG] 2023-11-01 10:01:11.797 [main] MxmlConvert - cssElement: 
[DEBUG] 2023-11-01 10:01:11.797 [main] MxmlConvert - attributeElement: 
[DEBUG] 2023-11-01 10:01:11.797 [main] MxmlConvert - parent name: null
[DEBUG] 2023-11-01 10:01:11.797 [main] MxmlConvert - name: #comment
[DEBUG] 2023-11-01 10:01:11.797 [main] MxmlConvert - cssElement: 
[DEBUG] 2023-11-01 10:01:11.797 [main] MxmlConvert - attributeElement: 
[DEBUG] 2023-11-01 10:01:11.797 [main] MxmlConvert - parent name: Containers:ACCCanvas
[DEBUG] 2023-11-01 10:01:11.797 [main] MxmlConvert - name: Controls:ACCButton
[DEBUG] 2023-11-01 10:01:11.797 [main] MxmlConvert - cssElement: 
[DEBUG] 2023-11-01 10:01:11.797 [main] MxmlConvert - attributeElement: 
[DEBUG] 2023-11-01 10:01:11.797 [main] MxmlConvert - parent name: null
[DEBUG] 2023-11-01 10:01:11.797 [main] MxmlConvert - name: #comment
[DEBUG] 2023-11-01 10:01:11.797 [main] MxmlConvert - cssElement: 
[DEBUG] 2023-11-01 10:01:11.797 [main] MxmlConvert - attributeElement: 
[DEBUG] 2023-11-01 10:01:11.797 [main] MxmlConvert - parent name: Containers:ACCCanvas
[DEBUG] 2023-11-01 10:01:11.797 [main] MxmlConvert - name: Controls:ACCButton
[DEBUG] 2023-11-01 10:01:11.797 [main] MxmlConvert - cssElement: 
[DEBUG] 2023-11-01 10:01:11.797 [main] MxmlConvert - attributeElement: 
[DEBUG] 2023-11-01 10:01:11.797 [main] MxmlConvert - cssElement: 
[DEBUG] 2023-11-01 10:01:11.797 [main] MxmlConvert - attributeElement: 
[DEBUG] 2023-11-01 10:01:11.797 [main] MxmlConvert - parent name: Containers:ACCCanvas
[DEBUG] 2023-11-01 10:01:11.797 [main] MxmlConvert - name: Containers:ACCCanvas
[DEBUG] 2023-11-01 10:01:11.797 [main] MxmlConvert - parent name: null
[DEBUG] 2023-11-01 10:01:11.797 [main] MxmlConvert - name: #comment
[DEBUG] 2023-11-01 10:01:11.797 [main] MxmlConvert - cssElement: 
[DEBUG] 2023-11-01 10:01:11.797 [main] MxmlConvert - attributeElement: 
[DEBUG] 2023-11-01 10:01:11.797 [main] MxmlConvert - parent name: Containers:ACCCanvas
[DEBUG] 2023-11-01 10:01:11.797 [main] MxmlConvert - name: Controls:ACCLabel
[DEBUG] 2023-11-01 10:01:11.797 [main] MxmlConvert - cssElement: 
[DEBUG] 2023-11-01 10:01:11.797 [main] MxmlConvert - attributeElement: 
[DEBUG] 2023-11-01 10:01:11.798 [main] MxmlConvert - parent name: null
[DEBUG] 2023-11-01 10:01:11.798 [main] MxmlConvert - name: #comment
[DEBUG] 2023-11-01 10:01:11.798 [main] MxmlConvert - cssElement: 
[DEBUG] 2023-11-01 10:01:11.798 [main] MxmlConvert - attributeElement: 
[DEBUG] 2023-11-01 10:01:11.798 [main] MxmlConvert - parent name: Containers:ACCCanvas
[DEBUG] 2023-11-01 10:01:11.798 [main] MxmlConvert - name: Controls:ACCLabel
[DEBUG] 2023-11-01 10:01:11.798 [main] MxmlConvert - cssElement: 
[DEBUG] 2023-11-01 10:01:11.798 [main] MxmlConvert - attributeElement: 
[DEBUG] 2023-11-01 10:01:11.798 [main] MxmlConvert - parent name: null
[DEBUG] 2023-11-01 10:01:11.798 [main] MxmlConvert - name: #comment
[DEBUG] 2023-11-01 10:01:11.798 [main] MxmlConvert - cssElement: 
[DEBUG] 2023-11-01 10:01:11.798 [main] MxmlConvert - attributeElement: 
[DEBUG] 2023-11-01 10:01:11.798 [main] MxmlConvert - parent name: Containers:ACCCanvas
[DEBUG] 2023-11-01 10:01:11.798 [main] MxmlConvert - name: mx:Image
[DEBUG] 2023-11-01 10:01:11.798 [main] MxmlConvert - cssElement: 
[DEBUG] 2023-11-01 10:01:11.798 [main] MxmlConvert - attributeElement: 
[DEBUG] 2023-11-01 10:01:11.798 [main] MxmlConvert - cssElement: 
[DEBUG] 2023-11-01 10:01:11.798 [main] MxmlConvert - attributeElement: 
[DEBUG] 2023-11-01 10:01:11.798 [main] MxmlConvert - cssElement: 
[DEBUG] 2023-11-01 10:01:11.798 [main] MxmlConvert - attributeElement: 
[DEBUG] 2023-11-01 10:01:11.798 [main] MxmlConvert - <p:panel/><p:outputPanel><!--  法人CD --><p:outputLabel></p:outputLabel><p:inputText></p:inputText><!--  ユーザID --><p:outputLabel></p:outputLabel><p:inputText></p:inputText><!--  パスワード --><p:outputLabel></p:outputLabel><p:inputText></p:inputText><!--  ログイン --><p:commandButton></p:commandButton><!--  終了 --><p:commandButton></p:commandButton></p:outputPanel><p:outputPanel><!--  Copyright --><p:outputLabel></p:outputLabel><!--  2013.10.23 TR1059対応　JiaoMingQi start--><p:outputLabel></p:outputLabel><!--  2013.10.23 TR1059対応　JiaoMingQi end--><p:panel/></p:outputPanel>
[INFO ] 2023-11-01 10:01:11.799 [main] MxmlConvert - Html file created successfully.
[INFO ] 2023-11-01 10:01:11.799 [main] MxmlConvert - CSS file created successfully.
