[INFO ] 2023-11-02 11:01:27.012 [main] MxmlConvert - Root Element :Containers:ACCTitleWindow
[INFO ] 2023-11-02 11:01:27.014 [main] MxmlConvert - ------
[INFO ] 2023-11-02 11:01:27.041 [main] ConvertMxmlService - Node Name =#comment [OPEN]
[INFO ] 2023-11-02 11:01:27.041 [main] ConvertMxmlService - Node Name =Containers:ACCTitleWindow [OPEN]
[INFO ] 2023-11-02 11:01:45.956 [main] ConvertMxmlService - Node Name =#text [OPEN]
[INFO ] 2023-11-02 11:01:45.956 [main] ConvertMxmlService - Node Name =mx:Script [OPEN]
[INFO ] 2023-11-02 11:01:45.958 [main] ConvertMxmlService - Node Name =#text [OPEN]
[INFO ] 2023-11-02 11:01:45.958 [main] ConvertMxmlService - Node Name =tougouchusyutsu:MG3001001_00_000_AS [OPEN]
[INFO ] 2023-11-02 11:01:45.960 [main] ConvertMxmlService - Node Name =#text [OPEN]
[INFO ] 2023-11-02 11:01:45.960 [main] ConvertMxmlService - Node Name =tougouchusyutsu:MG3001001_01_000 [OPEN]
[INFO ] 2023-11-02 11:01:45.963 [main] ConvertMxmlService - Node Name =tougouchusyutsu:MG3001001_01_000 [CLOSE]
[INFO ] 2023-11-02 11:01:45.963 [main] ConvertMxmlService - Node Name =#text [OPEN]
[INFO ] 2023-11-02 11:01:45.963 [main] ConvertMxmlService - Node Name =Containers:ACCTitleWindow [CLOSE]
[DEBUG] 2023-11-02 11:01:45.963 [main] MxmlConvert - parent name: null
[DEBUG] 2023-11-02 11:01:45.963 [main] MxmlConvert - name: #comment
[DEBUG] 2023-11-02 11:01:45.963 [main] MxmlConvert - cssElement: 
[DEBUG] 2023-11-02 11:01:45.963 [main] MxmlConvert - attributeElement: 
[DEBUG] 2023-11-02 11:01:45.963 [main] MxmlConvert - <!--  統合抽出画面 -->
[DEBUG] 2023-11-02 11:01:45.964 [main] MxmlConvert - parent name: First Node
[DEBUG] 2023-11-02 11:01:45.964 [main] MxmlConvert - name: Containers:ACCTitleWindow
[DEBUG] 2023-11-02 11:01:45.964 [main] MxmlConvert - parent name: Containers:ACCTitleWindow
[DEBUG] 2023-11-02 11:01:45.964 [main] MxmlConvert - name: tougouchusyutsu:MG3001001_01_000
[DEBUG] 2023-11-02 11:01:45.964 [main] MxmlConvert - cssElement: height:712px;width:1018px;position: absolute; left:-1px;top:-2px;
[DEBUG] 2023-11-02 11:01:45.964 [main] MxmlConvert - attributeElement:  id="compCanvas1"
[DEBUG] 2023-11-02 11:01:45.964 [main] MxmlConvert - cssElement: height:738px;position:absolute;width:1022px;
[DEBUG] 2023-11-02 11:01:45.964 [main] MxmlConvert - attributeElement:  title="統合抽出画面"
[DEBUG] 2023-11-02 11:01:45.964 [main] MxmlConvert - <!--  統合抽出画面 --><ui:include src="MG3001001_01_000.xhtml" id="compCanvas1" style="height:712px;width:1018px;position: absolute; left:-1px;top:-2px;"></ui:include>
[INFO ] 2023-11-02 11:01:45.997 [main] MxmlConvert - Html file created successfully.
[INFO ] 2023-11-02 11:01:45.997 [main] MxmlConvert - CSS file created successfully.
[INFO ] 2023-11-02 11:01:46.017 [main] MxmlConvert - Root Element :Containers:ACCCanvas
[INFO ] 2023-11-02 11:01:46.017 [main] MxmlConvert - ------
[INFO ] 2023-11-02 11:01:46.022 [main] ConvertMxmlService - Node Name =#comment [OPEN]
[INFO ] 2023-11-02 11:01:46.022 [main] ConvertMxmlService - Node Name =Containers:ACCCanvas [OPEN]
[INFO ] 2023-11-02 11:01:46.929 [main] ConvertMxmlService - Node Name =#text [OPEN]
[INFO ] 2023-11-02 11:01:46.929 [main] ConvertMxmlService - Node Name =mx:Script [OPEN]
[INFO ] 2023-11-02 11:01:46.931 [main] ConvertMxmlService - Node Name =#text [OPEN]
[INFO ] 2023-11-02 11:01:46.932 [main] ConvertMxmlService - Node Name =#comment [OPEN]
[INFO ] 2023-11-02 11:01:46.932 [main] ConvertMxmlService - Node Name =#text [OPEN]
[INFO ] 2023-11-02 11:01:46.932 [main] ConvertMxmlService - Node Name =mx:XML [OPEN]
[INFO ] 2023-11-02 11:01:46.933 [main] ConvertMxmlService - Node Name =#text [OPEN]
[INFO ] 2023-11-02 11:01:46.933 [main] ConvertMxmlService - Node Name =#comment [OPEN]
[INFO ] 2023-11-02 11:01:46.933 [main] ConvertMxmlService - Node Name =#text [OPEN]
[INFO ] 2023-11-02 11:01:46.933 [main] ConvertMxmlService - Node Name =#comment [OPEN]
[INFO ] 2023-11-02 11:01:46.933 [main] ConvertMxmlService - Node Name =#text [OPEN]
[INFO ] 2023-11-02 11:01:46.933 [main] ConvertMxmlService - Node Name =mx:XML [OPEN]
[INFO ] 2023-11-02 11:01:46.933 [main] ConvertMxmlService - Node Name =#text [OPEN]
[INFO ] 2023-11-02 11:01:46.933 [main] ConvertMxmlService - Node Name =tougouchusyutsu:MG3001001_01_000_AS [OPEN]
[INFO ] 2023-11-02 11:01:46.934 [main] ConvertMxmlService - Node Name =#text [OPEN]
[INFO ] 2023-11-02 11:01:46.934 [main] ConvertMxmlService - Node Name =Controls:ACCLabel [OPEN]
[INFO ] 2023-11-02 11:01:46.937 [main] ConvertMxmlService - Node Name =Controls:ACCLabel [CLOSE]
[INFO ] 2023-11-02 11:01:46.938 [main] ConvertMxmlService - Node Name =#text [OPEN]
[INFO ] 2023-11-02 11:01:46.938 [main] ConvertMxmlService - Node Name =#comment [OPEN]
[INFO ] 2023-11-02 11:01:46.938 [main] ConvertMxmlService - Node Name =#text [OPEN]
[INFO ] 2023-11-02 11:01:46.938 [main] ConvertMxmlService - Node Name =Controls:ACCTextInput [OPEN]
[INFO ] 2023-11-02 11:01:46.940 [main] ConvertMxmlService - Node Name =Controls:ACCTextInput [CLOSE]
[INFO ] 2023-11-02 11:01:46.941 [main] ConvertMxmlService - Node Name =#text [OPEN]
[INFO ] 2023-11-02 11:01:46.941 [main] ConvertMxmlService - Node Name =#comment [OPEN]
[INFO ] 2023-11-02 11:01:46.941 [main] ConvertMxmlService - Node Name =#text [OPEN]
[INFO ] 2023-11-02 11:01:46.941 [main] ConvertMxmlService - Node Name =Controls:ACCButton [OPEN]
[INFO ] 2023-11-02 11:01:46.944 [main] ConvertMxmlService - Node Name =Controls:ACCButton [CLOSE]
[INFO ] 2023-11-02 11:01:46.945 [main] ConvertMxmlService - Node Name =#text [OPEN]
[INFO ] 2023-11-02 11:01:46.945 [main] ConvertMxmlService - Node Name =Controls:ACCLabel [OPEN]
[INFO ] 2023-11-02 11:01:46.947 [main] ConvertMxmlService - Node Name =Controls:ACCLabel [CLOSE]
[INFO ] 2023-11-02 11:01:46.947 [main] ConvertMxmlService - Node Name =#text [OPEN]
[INFO ] 2023-11-02 11:01:46.947 [main] ConvertMxmlService - Node Name =#comment [OPEN]
[INFO ] 2023-11-02 11:01:46.947 [main] ConvertMxmlService - Node Name =#text [OPEN]
[INFO ] 2023-11-02 11:01:46.947 [main] ConvertMxmlService - Node Name =Controls:ACCTextInput [OPEN]
[INFO ] 2023-11-02 11:01:46.949 [main] ConvertMxmlService - Node Name =Controls:ACCTextInput [CLOSE]
[INFO ] 2023-11-02 11:01:46.949 [main] ConvertMxmlService - Node Name =#text [OPEN]
[INFO ] 2023-11-02 11:01:46.949 [main] ConvertMxmlService - Node Name =Controls:ACCCheckBox [OPEN]
[INFO ] 2023-11-02 11:01:46.951 [main] ConvertMxmlService - Node Name =Controls:ACCCheckBox [CLOSE]
[INFO ] 2023-11-02 11:01:46.951 [main] ConvertMxmlService - Node Name =#text [OPEN]
[INFO ] 2023-11-02 11:01:46.951 [main] ConvertMxmlService - Node Name =Controls:ACCCheckBox [OPEN]
[INFO ] 2023-11-02 11:01:46.954 [main] ConvertMxmlService - Node Name =Controls:ACCCheckBox [CLOSE]
[INFO ] 2023-11-02 11:01:46.954 [main] ConvertMxmlService - Node Name =#text [OPEN]
[INFO ] 2023-11-02 11:01:46.954 [main] ConvertMxmlService - Node Name =Controls:ACCCheckBox [OPEN]
[INFO ] 2023-11-02 11:01:46.956 [main] ConvertMxmlService - Node Name =Controls:ACCCheckBox [CLOSE]
[INFO ] 2023-11-02 11:01:46.956 [main] ConvertMxmlService - Node Name =#text [OPEN]
[INFO ] 2023-11-02 11:01:46.956 [main] ConvertMxmlService - Node Name =#comment [OPEN]
[INFO ] 2023-11-02 11:01:46.956 [main] ConvertMxmlService - Node Name =#text [OPEN]
[INFO ] 2023-11-02 11:01:46.956 [main] ConvertMxmlService - Node Name =Containers:ACCTabNavigator [OPEN]
[INFO ] 2023-11-02 11:01:52.184 [main] ConvertMxmlService - Node Name =#text [OPEN]
[INFO ] 2023-11-02 11:01:52.185 [main] ConvertMxmlService - Node Name =#comment [OPEN]
[INFO ] 2023-11-02 11:01:52.185 [main] ConvertMxmlService - Node Name =#text [OPEN]
[INFO ] 2023-11-02 11:01:52.185 [main] ConvertMxmlService - Node Name =Containers:ACCCanvas [OPEN]
[INFO ] 2023-11-02 11:01:52.188 [main] ConvertMxmlService - Node Name =#text [OPEN]
[INFO ] 2023-11-02 11:01:52.188 [main] ConvertMxmlService - Node Name =Controls:ACCLabel [OPEN]
[INFO ] 2023-11-02 11:01:52.190 [main] ConvertMxmlService - Node Name =Controls:ACCLabel [CLOSE]
[INFO ] 2023-11-02 11:01:52.190 [main] ConvertMxmlService - Node Name =#text [OPEN]
[INFO ] 2023-11-02 11:01:52.190 [main] ConvertMxmlService - Node Name =Controls:ACCCheckBox [OPEN]
[INFO ] 2023-11-02 11:01:52.192 [main] ConvertMxmlService - Node Name =Controls:ACCCheckBox [CLOSE]
[INFO ] 2023-11-02 11:01:52.192 [main] ConvertMxmlService - Node Name =#text [OPEN]
[INFO ] 2023-11-02 11:01:52.192 [main] ConvertMxmlService - Node Name =Controls:ACCCheckBox [OPEN]
[INFO ] 2023-11-02 11:01:52.194 [main] ConvertMxmlService - Node Name =Controls:ACCCheckBox [CLOSE]
[INFO ] 2023-11-02 11:01:52.194 [main] ConvertMxmlService - Node Name =#text [OPEN]
[INFO ] 2023-11-02 11:01:52.194 [main] ConvertMxmlService - Node Name =Controls:ACCCheckBox [OPEN]
[INFO ] 2023-11-02 11:01:52.196 [main] ConvertMxmlService - Node Name =Controls:ACCCheckBox [CLOSE]
[INFO ] 2023-11-02 11:01:52.196 [main] ConvertMxmlService - Node Name =#text [OPEN]
[INFO ] 2023-11-02 11:01:52.196 [main] ConvertMxmlService - Node Name =Controls:ACCLabel [OPEN]
[INFO ] 2023-11-02 11:01:52.198 [main] ConvertMxmlService - Node Name =Controls:ACCLabel [CLOSE]
[INFO ] 2023-11-02 11:01:52.198 [main] ConvertMxmlService - Node Name =#text [OPEN]
[INFO ] 2023-11-02 11:01:52.198 [main] ConvertMxmlService - Node Name =Controls:ACCComboBoxCode [OPEN]
[INFO ] 2023-11-02 11:01:52.200 [main] ConvertMxmlService - Node Name =Controls:ACCComboBoxCode [CLOSE]
[INFO ] 2023-11-02 11:01:52.200 [main] ConvertMxmlService - Node Name =#text [OPEN]
[INFO ] 2023-11-02 11:01:52.200 [main] ConvertMxmlService - Node Name =Controls:ACCLabel [OPEN]
[INFO ] 2023-11-02 11:01:52.202 [main] ConvertMxmlService - Node Name =Controls:ACCLabel [CLOSE]
[INFO ] 2023-11-02 11:01:52.202 [main] ConvertMxmlService - Node Name =#text [OPEN]
[INFO ] 2023-11-02 11:01:52.202 [main] ConvertMxmlService - Node Name =Controls:ACCTextInputMaskNumberOnly [OPEN]
[INFO ] 2023-11-02 11:01:52.204 [main] ConvertMxmlService - Node Name =Controls:ACCTextInputMaskNumberOnly [CLOSE]
[INFO ] 2023-11-02 11:01:52.204 [main] ConvertMxmlService - Node Name =#text [OPEN]
[INFO ] 2023-11-02 11:01:52.204 [main] ConvertMxmlService - Node Name =Controls:ACCLabel [OPEN]
[INFO ] 2023-11-02 11:01:52.206 [main] ConvertMxmlService - Node Name =Controls:ACCLabel [CLOSE]
[INFO ] 2023-11-02 11:01:52.206 [main] ConvertMxmlService - Node Name =#text [OPEN]
[INFO ] 2023-11-02 11:01:52.206 [main] ConvertMxmlService - Node Name =Controls:ACCTextInputMaskNumberOnly [OPEN]
[INFO ] 2023-11-02 11:01:52.207 [main] ConvertMxmlService - Node Name =Controls:ACCTextInputMaskNumberOnly [CLOSE]
[INFO ] 2023-11-02 11:01:52.207 [main] ConvertMxmlService - Node Name =#text [OPEN]
[INFO ] 2023-11-02 11:01:52.207 [main] ConvertMxmlService - Node Name =Controls:ACCLabel [OPEN]
[INFO ] 2023-11-02 11:01:52.209 [main] ConvertMxmlService - Node Name =Controls:ACCLabel [CLOSE]
[INFO ] 2023-11-02 11:01:52.209 [main] ConvertMxmlService - Node Name =#text [OPEN]
[INFO ] 2023-11-02 11:01:52.209 [main] ConvertMxmlService - Node Name =Controls:ACCTextInputMaskZip [OPEN]
[INFO ] 2023-11-02 11:01:52.211 [main] ConvertMxmlService - Node Name =Controls:ACCTextInputMaskZip [CLOSE]
[INFO ] 2023-11-02 11:01:52.211 [main] ConvertMxmlService - Node Name =#text [OPEN]
[INFO ] 2023-11-02 11:01:52.211 [main] ConvertMxmlService - Node Name =Controls:ACCLabel [OPEN]
[INFO ] 2023-11-02 11:01:52.212 [main] ConvertMxmlService - Node Name =Controls:ACCLabel [CLOSE]
[INFO ] 2023-11-02 11:01:52.212 [main] ConvertMxmlService - Node Name =#text [OPEN]
[INFO ] 2023-11-02 11:01:52.212 [main] ConvertMxmlService - Node Name =Controls:ACCTextInputMaskZip [OPEN]
[INFO ] 2023-11-02 11:01:52.214 [main] ConvertMxmlService - Node Name =Controls:ACCTextInputMaskZip [CLOSE]
[INFO ] 2023-11-02 11:01:52.214 [main] ConvertMxmlService - Node Name =#text [OPEN]
[INFO ] 2023-11-02 11:01:52.214 [main] ConvertMxmlService - Node Name =#comment [OPEN]
[INFO ] 2023-11-02 11:01:52.215 [main] ConvertMxmlService - Node Name =#text [OPEN]
[INFO ] 2023-11-02 11:01:52.215 [main] ConvertMxmlService - Node Name =Containers:ACCPanel [OPEN]
[INFO ] 2023-11-02 11:01:52.217 [main] ConvertMxmlService - Node Name =#text [OPEN]
[INFO ] 2023-11-02 11:01:52.217 [main] ConvertMxmlService - Node Name =#comment [OPEN]
[INFO ] 2023-11-02 11:01:52.217 [main] ConvertMxmlService - Node Name =#text [OPEN]
[INFO ] 2023-11-02 11:01:52.217 [main] ConvertMxmlService - Node Name =Controls:ACCLabel [OPEN]
[INFO ] 2023-11-02 11:01:52.219 [main] ConvertMxmlService - Node Name =Controls:ACCLabel [CLOSE]
[INFO ] 2023-11-02 11:01:52.219 [main] ConvertMxmlService - Node Name =#text [OPEN]
[INFO ] 2023-11-02 11:01:52.219 [main] ConvertMxmlService - Node Name =Controls:ACCComboBoxCode [OPEN]
[INFO ] 2023-11-02 11:01:52.221 [main] ConvertMxmlService - Node Name =Controls:ACCComboBoxCode [CLOSE]
[INFO ] 2023-11-02 11:01:52.221 [main] ConvertMxmlService - Node Name =#text [OPEN]
[INFO ] 2023-11-02 11:01:52.221 [main] ConvertMxmlService - Node Name =#comment [OPEN]
[INFO ] 2023-11-02 11:01:52.221 [main] ConvertMxmlService - Node Name =#text [OPEN]
[INFO ] 2023-11-02 11:01:52.221 [main] ConvertMxmlService - Node Name =Controls:ACCLabel [OPEN]
[INFO ] 2023-11-02 11:01:52.223 [main] ConvertMxmlService - Node Name =Controls:ACCLabel [CLOSE]
[INFO ] 2023-11-02 11:01:52.223 [main] ConvertMxmlService - Node Name =#text [OPEN]
[INFO ] 2023-11-02 11:01:52.223 [main] ConvertMxmlService - Node Name =Controls:ACCComboBoxCode [OPEN]
[INFO ] 2023-11-02 11:01:52.224 [main] ConvertMxmlService - Node Name =Controls:ACCComboBoxCode [CLOSE]
[INFO ] 2023-11-02 11:01:52.224 [main] ConvertMxmlService - Node Name =#text [OPEN]
[INFO ] 2023-11-02 11:01:52.224 [main] ConvertMxmlService - Node Name =#comment [OPEN]
[INFO ] 2023-11-02 11:01:52.224 [main] ConvertMxmlService - Node Name =#text [OPEN]
[INFO ] 2023-11-02 11:01:52.224 [main] ConvertMxmlService - Node Name =Controls:ACCLabel [OPEN]
[INFO ] 2023-11-02 11:01:52.226 [main] ConvertMxmlService - Node Name =Controls:ACCLabel [CLOSE]
[INFO ] 2023-11-02 11:01:52.226 [main] ConvertMxmlService - Node Name =#text [OPEN]
[INFO ] 2023-11-02 11:01:52.226 [main] ConvertMxmlService - Node Name =Controls:ACCComboBoxCode [OPEN]
[INFO ] 2023-11-02 11:01:52.228 [main] ConvertMxmlService - Node Name =Controls:ACCComboBoxCode [CLOSE]
[INFO ] 2023-11-02 11:01:52.228 [main] ConvertMxmlService - Node Name =#text [OPEN]
[INFO ] 2023-11-02 11:01:52.228 [main] ConvertMxmlService - Node Name =#comment [OPEN]
[INFO ] 2023-11-02 11:01:52.228 [main] ConvertMxmlService - Node Name =#text [OPEN]
[INFO ] 2023-11-02 11:01:52.228 [main] ConvertMxmlService - Node Name =Controls:ACCLabel [OPEN]
[INFO ] 2023-11-02 11:01:52.230 [main] ConvertMxmlService - Node Name =Controls:ACCLabel [CLOSE]
[INFO ] 2023-11-02 11:01:52.230 [main] ConvertMxmlService - Node Name =#text [OPEN]
[INFO ] 2023-11-02 11:01:52.230 [main] ConvertMxmlService - Node Name =Controls:ACCComboBoxCode [OPEN]
[INFO ] 2023-11-02 11:01:52.232 [main] ConvertMxmlService - Node Name =Controls:ACCComboBoxCode [CLOSE]
[INFO ] 2023-11-02 11:01:52.232 [main] ConvertMxmlService - Node Name =#text [OPEN]
[INFO ] 2023-11-02 11:01:52.232 [main] ConvertMxmlService - Node Name =#comment [OPEN]
[INFO ] 2023-11-02 11:01:52.232 [main] ConvertMxmlService - Node Name =#text [OPEN]
[INFO ] 2023-11-02 11:01:52.232 [main] ConvertMxmlService - Node Name =Controls:ACCLabel [OPEN]
[INFO ] 2023-11-02 11:01:52.234 [main] ConvertMxmlService - Node Name =Controls:ACCLabel [CLOSE]
[INFO ] 2023-11-02 11:01:52.234 [main] ConvertMxmlService - Node Name =#text [OPEN]
[INFO ] 2023-11-02 11:01:52.234 [main] ConvertMxmlService - Node Name =Controls:ACCComboBoxCode [OPEN]
[INFO ] 2023-11-02 11:01:52.236 [main] ConvertMxmlService - Node Name =Controls:ACCComboBoxCode [CLOSE]
[INFO ] 2023-11-02 11:01:52.236 [main] ConvertMxmlService - Node Name =#text [OPEN]
[INFO ] 2023-11-02 11:01:52.236 [main] ConvertMxmlService - Node Name =Containers:ACCPanel [CLOSE]
[INFO ] 2023-11-02 11:01:52.236 [main] ConvertMxmlService - Node Name =#text [OPEN]
[INFO ] 2023-11-02 11:01:52.236 [main] ConvertMxmlService - Node Name =#comment [OPEN]
[INFO ] 2023-11-02 11:01:52.236 [main] ConvertMxmlService - Node Name =#text [OPEN]
[INFO ] 2023-11-02 11:01:52.236 [main] ConvertMxmlService - Node Name =Containers:ACCPanel [OPEN]
[INFO ] 2023-11-02 11:01:52.239 [main] ConvertMxmlService - Node Name =#text [OPEN]
[INFO ] 2023-11-02 11:01:52.239 [main] ConvertMxmlService - Node Name =Controls:ACCLabel [OPEN]
[INFO ] 2023-11-02 11:01:52.241 [main] ConvertMxmlService - Node Name =Controls:ACCLabel [CLOSE]
[INFO ] 2023-11-02 11:01:52.241 [main] ConvertMxmlService - Node Name =#text [OPEN]
[INFO ] 2023-11-02 11:01:52.241 [main] ConvertMxmlService - Node Name =Controls:ACCComboBoxCode [OPEN]
[INFO ] 2023-11-02 11:01:52.243 [main] ConvertMxmlService - Node Name =Controls:ACCComboBoxCode [CLOSE]
[INFO ] 2023-11-02 11:01:52.243 [main] ConvertMxmlService - Node Name =#text [OPEN]
[INFO ] 2023-11-02 11:01:52.243 [main] ConvertMxmlService - Node Name =Controls:ACCLabel [OPEN]
[INFO ] 2023-11-02 11:01:52.246 [main] ConvertMxmlService - Node Name =Controls:ACCLabel [CLOSE]
[INFO ] 2023-11-02 11:01:52.246 [main] ConvertMxmlService - Node Name =#text [OPEN]
[INFO ] 2023-11-02 11:01:52.246 [main] ConvertMxmlService - Node Name =Controls:ACCComboBoxCode [OPEN]
[INFO ] 2023-11-02 11:01:52.248 [main] ConvertMxmlService - Node Name =Controls:ACCComboBoxCode [CLOSE]
[INFO ] 2023-11-02 11:01:52.248 [main] ConvertMxmlService - Node Name =#text [OPEN]
[INFO ] 2023-11-02 11:01:52.248 [main] ConvertMxmlService - Node Name =Controls:ACCLabel [OPEN]
[INFO ] 2023-11-02 11:01:52.250 [main] ConvertMxmlService - Node Name =Controls:ACCLabel [CLOSE]
[INFO ] 2023-11-02 11:01:52.250 [main] ConvertMxmlService - Node Name =#text [OPEN]
[INFO ] 2023-11-02 11:01:52.250 [main] ConvertMxmlService - Node Name =Controls:ACCComboBoxCode [OPEN]
[INFO ] 2023-11-02 11:01:52.252 [main] ConvertMxmlService - Node Name =Controls:ACCComboBoxCode [CLOSE]
[INFO ] 2023-11-02 11:01:52.252 [main] ConvertMxmlService - Node Name =#text [OPEN]
[INFO ] 2023-11-02 11:01:52.252 [main] ConvertMxmlService - Node Name =Containers:ACCPanel [CLOSE]
[INFO ] 2023-11-02 11:01:52.252 [main] ConvertMxmlService - Node Name =#text [OPEN]
[INFO ] 2023-11-02 11:01:52.252 [main] ConvertMxmlService - Node Name =#comment [OPEN]
[INFO ] 2023-11-02 11:01:52.252 [main] ConvertMxmlService - Node Name =#text [OPEN]
[INFO ] 2023-11-02 11:01:52.252 [main] ConvertMxmlService - Node Name =Containers:ACCPanel [OPEN]
[INFO ] 2023-11-02 11:01:52.255 [main] ConvertMxmlService - Node Name =#text [OPEN]
[INFO ] 2023-11-02 11:01:52.255 [main] ConvertMxmlService - Node Name =Controls:ACCDataGrid [OPEN]
[INFO ] 2023-11-02 11:01:52.258 [main] ConvertMxmlService - Node Name =#text [OPEN]
[INFO ] 2023-11-02 11:01:52.258 [main] ConvertMxmlService - Node Name =Controls:columns [OPEN]
[INFO ] 2023-11-02 11:01:52.260 [main] ConvertMxmlService - Node Name =#text [OPEN]
[INFO ] 2023-11-02 11:01:52.260 [main] ConvertMxmlService - Node Name =mx:DataGridColumn [OPEN]
[INFO ] 2023-11-02 11:01:52.263 [main] ConvertMxmlService - Node Name =#text [OPEN]
[INFO ] 2023-11-02 11:01:52.263 [main] ConvertMxmlService - Node Name =mx:headerRenderer [OPEN]
[INFO ] 2023-11-02 11:01:52.266 [main] ConvertMxmlService - Node Name =#text [OPEN]
[INFO ] 2023-11-02 11:01:52.266 [main] ConvertMxmlService - Node Name =mx:Component [OPEN]
[INFO ] 2023-11-02 11:01:52.269 [main] ConvertMxmlService - Node Name =#text [OPEN]
[INFO ] 2023-11-02 11:01:52.269 [main] ConvertMxmlService - Node Name =mx:Label [OPEN]
[INFO ] 2023-11-02 11:01:52.272 [main] ConvertMxmlService - Node Name =mx:Label [CLOSE]
[INFO ] 2023-11-02 11:01:52.272 [main] ConvertMxmlService - Node Name =#text [OPEN]
[INFO ] 2023-11-02 11:01:52.272 [main] ConvertMxmlService - Node Name =mx:Component [CLOSE]
