[INFO ] 2023-11-03 15:56:10.495 [main] MxmlConvert - Root Element :Containers:ACCTitleWindow
[INFO ] 2023-11-03 15:56:10.497 [main] MxmlConvert - ------
[INFO ] 2023-11-03 15:56:10.523 [main] ConvertMxmlService - Node Name =#comment [OPEN]
[INFO ] 2023-11-03 15:56:10.523 [main] ConvertMxmlService - Node Name =Containers:ACCTitleWindow [OPEN]
[INFO ] 2023-11-03 15:56:10.538 [main] ConvertMxmlService - Node Name =#text [OPEN]
[INFO ] 2023-11-03 15:56:10.538 [main] ConvertMxmlService - Node Name =mx:Script [OPEN]
[INFO ] 2023-11-03 15:56:10.538 [main] ConvertMxmlService - Node Name =#text [OPEN]
[INFO ] 2023-11-03 15:56:10.538 [main] ConvertMxmlService - Node Name =tougouchusyutsu:MG3001001_00_000_AS [OPEN]
[INFO ] 2023-11-03 15:56:10.540 [main] ConvertMxmlService - Node Name =#text [OPEN]
[INFO ] 2023-11-03 15:56:10.540 [main] ConvertMxmlService - Node Name =tougouchusyutsu:MG3001001_01_000 [OPEN]
[INFO ] 2023-11-03 15:56:10.542 [main] ConvertMxmlService - Node Name =tougouchusyutsu:MG3001001_01_000 [CLOSE]
[INFO ] 2023-11-03 15:56:10.542 [main] ConvertMxmlService - Node Name =#text [OPEN]
[INFO ] 2023-11-03 15:56:10.542 [main] ConvertMxmlService - Node Name =Containers:ACCTitleWindow [CLOSE]
[DEBUG] 2023-11-03 15:56:10.542 [main] MxmlConvert - parent name: null
[DEBUG] 2023-11-03 15:56:10.543 [main] MxmlConvert - name: #comment
[DEBUG] 2023-11-03 15:56:10.543 [main] MxmlConvert - cssElement: 
[DEBUG] 2023-11-03 15:56:10.543 [main] MxmlConvert - attributeElement: 
[DEBUG] 2023-11-03 15:56:10.543 [main] MxmlConvert - <!--  統合抽出画面 -->
[DEBUG] 2023-11-03 15:56:10.543 [main] MxmlConvert - parent name: First Node
[DEBUG] 2023-11-03 15:56:10.543 [main] MxmlConvert - name: Containers:ACCTitleWindow
[DEBUG] 2023-11-03 15:56:10.543 [main] MxmlConvert - parent name: Containers:ACCTitleWindow
[DEBUG] 2023-11-03 15:56:10.543 [main] MxmlConvert - name: tougouchusyutsu:MG3001001_01_000
[DEBUG] 2023-11-03 15:56:10.543 [main] MxmlConvert - cssElement: height:712px;width:1018px;position: absolute; left:-1px;top:-2px;
[DEBUG] 2023-11-03 15:56:10.543 [main] MxmlConvert - attributeElement:  id="compCanvas1"
[DEBUG] 2023-11-03 15:56:10.543 [main] MxmlConvert - cssElement: height:738px;position:absolute;width:1022px;
[DEBUG] 2023-11-03 15:56:10.543 [main] MxmlConvert - attributeElement:  title="統合抽出画面"
[DEBUG] 2023-11-03 15:56:10.543 [main] MxmlConvert - <!--  統合抽出画面 --><p:outputPanel title="統合抽出画面" style="height:738px;position:absolute;width:1022px;"><ui:include src="MG3001001_01_000.xhtml" id="compCanvas1" style="height:712px;width:1018px;position: absolute; left:-1px;top:-2px;"></ui:include></p:outputPanel>
[INFO ] 2023-11-03 15:56:12.761 [main] MxmlConvert - Html file created successfully.
[INFO ] 2023-11-03 15:56:12.761 [main] MxmlConvert - CSS file created successfully.
