[INFO ] 2023-11-07 10:15:55.871 [main] MxmlConvert - Root Element :Containers:ACCCanvas
[INFO ] 2023-11-07 10:15:55.873 [main] MxmlConvert - ------
[INFO ] 2023-11-07 10:15:55.875 [main] ConvertMxmlService - Node Name =#comment [OPEN]
[INFO ] 2023-11-07 10:15:55.876 [main] ConvertMxmlService - Node Name =Containers:ACCCanvas [OPEN]
[INFO ] 2023-11-07 10:15:55.886 [main] ConvertMxmlService - Node Name =#text [OPEN]
[INFO ] 2023-11-07 10:15:55.887 [main] ConvertMxmlService - Node Name =mx:Script [OPEN]
[INFO ] 2023-11-07 10:15:55.887 [main] ConvertMxmlService - Node Name =#text [OPEN]
[INFO ] 2023-11-07 10:15:55.887 [main] ConvertMxmlService - Node Name =tougouchusyutsu:MG3001005_01_000_AS [OPEN]
[INFO ] 2023-11-07 10:15:55.888 [main] ConvertMxmlService - Node Name =#text [OPEN]
[INFO ] 2023-11-07 10:15:55.888 [main] ConvertMxmlService - Node Name =Containers:ACCPanel [OPEN]
[INFO ] 2023-11-07 10:15:55.889 [main] ConvertMxmlService - Node Name =#text [OPEN]
[INFO ] 2023-11-07 10:15:55.889 [main] ConvertMxmlService - Node Name =#comment [OPEN]
[INFO ] 2023-11-07 10:15:55.889 [main] ConvertMxmlService - Node Name =#text [OPEN]
[INFO ] 2023-11-07 10:15:55.889 [main] ConvertMxmlService - Node Name =Controls:ACCDataGrid [OPEN]
[INFO ] 2023-11-07 10:15:55.890 [main] ConvertMxmlService - Node Name =#text [OPEN]
[INFO ] 2023-11-07 10:15:55.890 [main] ConvertMxmlService - Node Name =Controls:columns [OPEN]
[INFO ] 2023-11-07 10:15:55.890 [main] ConvertMxmlService - Node Name =#text [OPEN]
[INFO ] 2023-11-07 10:15:55.890 [main] ConvertMxmlService - Node Name =mx:DataGridColumn [OPEN]
[INFO ] 2023-11-07 10:15:55.912 [main] ConvertMxmlService - Node Name =#text [OPEN]
[INFO ] 2023-11-07 10:15:55.912 [main] ConvertMxmlService - Node Name =mx:headerRenderer [OPEN]
[INFO ] 2023-11-07 10:15:55.913 [main] ConvertMxmlService - Node Name =#text [OPEN]
[INFO ] 2023-11-07 10:15:55.913 [main] ConvertMxmlService - Node Name =mx:Component [OPEN]
[INFO ] 2023-11-07 10:15:55.914 [main] ConvertMxmlService - Node Name =#text [OPEN]
[INFO ] 2023-11-07 10:15:55.914 [main] ConvertMxmlService - Node Name =Controls:ACCLabel [OPEN]
[INFO ] 2023-11-07 10:15:55.915 [main] ConvertMxmlService - Node Name =Controls:ACCLabel [CLOSE]
[INFO ] 2023-11-07 10:15:55.915 [main] ConvertMxmlService - Node Name =#text [OPEN]
[INFO ] 2023-11-07 10:15:55.915 [main] ConvertMxmlService - Node Name =mx:Component [CLOSE]
[INFO ] 2023-11-07 10:15:55.915 [main] ConvertMxmlService - Node Name =#text [OPEN]
[INFO ] 2023-11-07 10:15:55.915 [main] ConvertMxmlService - Node Name =mx:headerRenderer [CLOSE]
[INFO ] 2023-11-07 10:15:55.915 [main] ConvertMxmlService - Node Name =#text [OPEN]
[INFO ] 2023-11-07 10:15:55.915 [main] ConvertMxmlService - Node Name =mx:DataGridColumn [CLOSE]
[INFO ] 2023-11-07 10:15:55.915 [main] ConvertMxmlService - Node Name =#text [OPEN]
[INFO ] 2023-11-07 10:15:55.915 [main] ConvertMxmlService - Node Name =mx:DataGridColumn [OPEN]
[INFO ] 2023-11-07 10:15:55.916 [main] ConvertMxmlService - Node Name =#text [OPEN]
[INFO ] 2023-11-07 10:15:55.916 [main] ConvertMxmlService - Node Name =mx:headerRenderer [OPEN]
[INFO ] 2023-11-07 10:15:55.916 [main] ConvertMxmlService - Node Name =#text [OPEN]
[INFO ] 2023-11-07 10:15:55.916 [main] ConvertMxmlService - Node Name =mx:Component [OPEN]
[INFO ] 2023-11-07 10:15:55.917 [main] ConvertMxmlService - Node Name =#text [OPEN]
[INFO ] 2023-11-07 10:15:55.917 [main] ConvertMxmlService - Node Name =Controls:ACCLabel [OPEN]
[INFO ] 2023-11-07 10:15:55.918 [main] ConvertMxmlService - Node Name =Controls:ACCLabel [CLOSE]
[INFO ] 2023-11-07 10:15:55.918 [main] ConvertMxmlService - Node Name =#text [OPEN]
[INFO ] 2023-11-07 10:15:55.918 [main] ConvertMxmlService - Node Name =mx:Component [CLOSE]
[INFO ] 2023-11-07 10:15:55.918 [main] ConvertMxmlService - Node Name =#text [OPEN]
[INFO ] 2023-11-07 10:15:55.918 [main] ConvertMxmlService - Node Name =mx:headerRenderer [CLOSE]
[INFO ] 2023-11-07 10:15:55.918 [main] ConvertMxmlService - Node Name =#text [OPEN]
[INFO ] 2023-11-07 10:15:55.918 [main] ConvertMxmlService - Node Name =mx:DataGridColumn [CLOSE]
[INFO ] 2023-11-07 10:15:55.918 [main] ConvertMxmlService - Node Name =#text [OPEN]
[INFO ] 2023-11-07 10:15:55.918 [main] ConvertMxmlService - Node Name =#comment [OPEN]
[INFO ] 2023-11-07 10:15:55.918 [main] ConvertMxmlService - Node Name =#text [OPEN]
[INFO ] 2023-11-07 10:15:55.918 [main] ConvertMxmlService - Node Name =mx:DataGridColumn [OPEN]
[INFO ] 2023-11-07 10:15:55.919 [main] ConvertMxmlService - Node Name =#text [OPEN]
[INFO ] 2023-11-07 10:15:55.919 [main] ConvertMxmlService - Node Name =#comment [OPEN]
[INFO ] 2023-11-07 10:15:55.919 [main] ConvertMxmlService - Node Name =#text [OPEN]
[INFO ] 2023-11-07 10:15:55.919 [main] ConvertMxmlService - Node Name =mx:headerRenderer [OPEN]
[INFO ] 2023-11-07 10:15:55.919 [main] ConvertMxmlService - Node Name =#text [OPEN]
[INFO ] 2023-11-07 10:15:55.920 [main] ConvertMxmlService - Node Name =mx:Component [OPEN]
[INFO ] 2023-11-07 10:15:55.920 [main] ConvertMxmlService - Node Name =#text [OPEN]
[INFO ] 2023-11-07 10:15:55.920 [main] ConvertMxmlService - Node Name =Controls:ACCLabel [OPEN]
[INFO ] 2023-11-07 10:15:55.920 [main] ConvertMxmlService - Node Name =Controls:ACCLabel [CLOSE]
[INFO ] 2023-11-07 10:15:55.921 [main] ConvertMxmlService - Node Name =#text [OPEN]
[INFO ] 2023-11-07 10:15:55.921 [main] ConvertMxmlService - Node Name =mx:Component [CLOSE]
[INFO ] 2023-11-07 10:15:55.921 [main] ConvertMxmlService - Node Name =#text [OPEN]
[INFO ] 2023-11-07 10:15:55.921 [main] ConvertMxmlService - Node Name =mx:headerRenderer [CLOSE]
[INFO ] 2023-11-07 10:15:55.921 [main] ConvertMxmlService - Node Name =#text [OPEN]
[INFO ] 2023-11-07 10:15:55.921 [main] ConvertMxmlService - Node Name =mx:DataGridColumn [CLOSE]
[INFO ] 2023-11-07 10:15:55.921 [main] ConvertMxmlService - Node Name =#text [OPEN]
[INFO ] 2023-11-07 10:15:55.921 [main] ConvertMxmlService - Node Name =Controls:columns [CLOSE]
[INFO ] 2023-11-07 10:15:55.921 [main] ConvertMxmlService - Node Name =#text [OPEN]
[INFO ] 2023-11-07 10:15:55.921 [main] ConvertMxmlService - Node Name =Controls:ACCDataGrid [CLOSE]
[INFO ] 2023-11-07 10:15:55.921 [main] ConvertMxmlService - Node Name =#text [OPEN]
[INFO ] 2023-11-07 10:15:55.921 [main] ConvertMxmlService - Node Name =#comment [OPEN]
[INFO ] 2023-11-07 10:15:55.921 [main] ConvertMxmlService - Node Name =#text [OPEN]
[INFO ] 2023-11-07 10:15:55.921 [main] ConvertMxmlService - Node Name =Controls:ACCButton [OPEN]
[INFO ] 2023-11-07 10:15:55.922 [main] ConvertMxmlService - Node Name =Controls:ACCButton [CLOSE]
[INFO ] 2023-11-07 10:15:55.922 [main] ConvertMxmlService - Node Name =#text [OPEN]
[INFO ] 2023-11-07 10:15:55.922 [main] ConvertMxmlService - Node Name =Containers:ACCPanel [CLOSE]
[INFO ] 2023-11-07 10:15:55.922 [main] ConvertMxmlService - Node Name =#text [OPEN]
[INFO ] 2023-11-07 10:15:55.922 [main] ConvertMxmlService - Node Name =Containers:ACCHBox [OPEN]
[INFO ] 2023-11-07 10:15:55.922 [main] ConvertMxmlService - Node Name =#text [OPEN]
[INFO ] 2023-11-07 10:15:55.922 [main] ConvertMxmlService - Node Name =#comment [OPEN]
[INFO ] 2023-11-07 10:15:55.922 [main] ConvertMxmlService - Node Name =#text [OPEN]
[INFO ] 2023-11-07 10:15:55.922 [main] ConvertMxmlService - Node Name =Containers:ACCPanel [OPEN]
[INFO ] 2023-11-07 10:15:55.923 [main] ConvertMxmlService - Node Name =#text [OPEN]
[INFO ] 2023-11-07 10:15:55.923 [main] ConvertMxmlService - Node Name =Controls:ACCRadioButtonGroup [OPEN]
[INFO ] 2023-11-07 10:15:55.924 [main] ConvertMxmlService - Node Name =Controls:ACCRadioButtonGroup [CLOSE]
[INFO ] 2023-11-07 10:15:55.924 [main] ConvertMxmlService - Node Name =#text [OPEN]
[INFO ] 2023-11-07 10:15:55.924 [main] ConvertMxmlService - Node Name =Controls:ACCRadioButton [OPEN]
[INFO ] 2023-11-07 10:15:55.925 [main] ConvertMxmlService - Node Name =Controls:ACCRadioButton [CLOSE]
[INFO ] 2023-11-07 10:15:55.925 [main] ConvertMxmlService - Node Name =#text [OPEN]
[INFO ] 2023-11-07 10:15:55.925 [main] ConvertMxmlService - Node Name =Controls:ACCRadioButton [OPEN]
[INFO ] 2023-11-07 10:15:55.926 [main] ConvertMxmlService - Node Name =Controls:ACCRadioButton [CLOSE]
[INFO ] 2023-11-07 10:15:55.926 [main] ConvertMxmlService - Node Name =#text [OPEN]
[INFO ] 2023-11-07 10:15:55.926 [main] ConvertMxmlService - Node Name =Containers:ACCPanel [CLOSE]
[INFO ] 2023-11-07 10:15:55.926 [main] ConvertMxmlService - Node Name =#text [OPEN]
[INFO ] 2023-11-07 10:15:55.926 [main] ConvertMxmlService - Node Name =#comment [OPEN]
[INFO ] 2023-11-07 10:15:55.926 [main] ConvertMxmlService - Node Name =#text [OPEN]
[INFO ] 2023-11-07 10:15:55.926 [main] ConvertMxmlService - Node Name =Containers:ACCPanel [OPEN]
[INFO ] 2023-11-07 10:15:55.927 [main] ConvertMxmlService - Node Name =#text [OPEN]
[INFO ] 2023-11-07 10:15:55.927 [main] ConvertMxmlService - Node Name =Controls:ACCRadioButtonGroup [OPEN]
[INFO ] 2023-11-07 10:15:55.928 [main] ConvertMxmlService - Node Name =Controls:ACCRadioButtonGroup [CLOSE]
[INFO ] 2023-11-07 10:15:55.928 [main] ConvertMxmlService - Node Name =#text [OPEN]
[INFO ] 2023-11-07 10:15:55.928 [main] ConvertMxmlService - Node Name =Controls:ACCRadioButton [OPEN]
[INFO ] 2023-11-07 10:15:55.928 [main] ConvertMxmlService - Node Name =Controls:ACCRadioButton [CLOSE]
[INFO ] 2023-11-07 10:15:55.928 [main] ConvertMxmlService - Node Name =#text [OPEN]
[INFO ] 2023-11-07 10:15:55.928 [main] ConvertMxmlService - Node Name =Controls:ACCRadioButton [OPEN]
[INFO ] 2023-11-07 10:15:55.929 [main] ConvertMxmlService - Node Name =Controls:ACCRadioButton [CLOSE]
[INFO ] 2023-11-07 10:15:55.929 [main] ConvertMxmlService - Node Name =#text [OPEN]
[INFO ] 2023-11-07 10:15:55.929 [main] ConvertMxmlService - Node Name =Containers:ACCPanel [CLOSE]
[INFO ] 2023-11-07 10:15:55.929 [main] ConvertMxmlService - Node Name =#text [OPEN]
[INFO ] 2023-11-07 10:15:55.929 [main] ConvertMxmlService - Node Name =Containers:ACCHBox [CLOSE]
[INFO ] 2023-11-07 10:15:55.929 [main] ConvertMxmlService - Node Name =#text [OPEN]
[INFO ] 2023-11-07 10:15:55.929 [main] ConvertMxmlService - Node Name =Containers:ACCCanvas [CLOSE]
[DEBUG] 2023-11-07 10:15:55.930 [main] MxmlConvert - parent name: null
[DEBUG] 2023-11-07 10:15:55.930 [main] MxmlConvert - name: #comment
[DEBUG] 2023-11-07 10:15:55.930 [main] MxmlConvert - cssElement: 
[DEBUG] 2023-11-07 10:15:55.930 [main] MxmlConvert - attributeElement: 
[DEBUG] 2023-11-07 10:15:55.930 [main] MxmlConvert - parent name: RootNode
[DEBUG] 2023-11-07 10:15:55.930 [main] MxmlConvert - name: Containers:ACCCanvas
[DEBUG] 2023-11-07 10:15:55.930 [main] MxmlConvert - parent name: Containers:ACCCanvas
[DEBUG] 2023-11-07 10:15:55.930 [main] MxmlConvert - name: Containers:ACCPanel
[DEBUG] 2023-11-07 10:15:55.930 [main] MxmlConvert - parent name: null
[DEBUG] 2023-11-07 10:15:55.930 [main] MxmlConvert - name: #comment
[DEBUG] 2023-11-07 10:15:55.930 [main] MxmlConvert - cssElement: 
[DEBUG] 2023-11-07 10:15:55.930 [main] MxmlConvert - attributeElement: 
[DEBUG] 2023-11-07 10:15:55.930 [main] MxmlConvert - parent name: Containers:ACCPanel
[DEBUG] 2023-11-07 10:15:55.931 [main] MxmlConvert - name: Controls:ACCDataGrid
[DEBUG] 2023-11-07 10:15:55.931 [main] MxmlConvert - parent name: Controls:ACCDataGrid
[DEBUG] 2023-11-07 10:15:55.931 [main] MxmlConvert - name: Controls:columns
[DEBUG] 2023-11-07 10:15:55.931 [main] MxmlConvert - parent name: Controls:columns
[DEBUG] 2023-11-07 10:15:55.931 [main] MxmlConvert - name: mx:DataGridColumn
[DEBUG] 2023-11-07 10:15:55.931 [main] MxmlConvert - parent name: mx:DataGridColumn
[DEBUG] 2023-11-07 10:15:55.931 [main] MxmlConvert - name: mx:headerRenderer
[DEBUG] 2023-11-07 10:15:55.931 [main] MxmlConvert - parent name: mx:headerRenderer
[DEBUG] 2023-11-07 10:15:55.931 [main] MxmlConvert - name: mx:Component
[DEBUG] 2023-11-07 10:15:55.931 [main] MxmlConvert - parent name: mx:Component
[DEBUG] 2023-11-07 10:15:55.931 [main] MxmlConvert - name: Controls:ACCLabel
[DEBUG] 2023-11-07 10:15:55.931 [main] MxmlConvert - cssElement: text-align:center;
[DEBUG] 2023-11-07 10:15:55.931 [main] MxmlConvert - attributeElement:  id="sectionNameId" value="#{record.sectionName}" showDataTips="true"
[DEBUG] 2023-11-07 10:15:55.931 [main] MxmlConvert - cssElement: 
[DEBUG] 2023-11-07 10:15:55.931 [main] MxmlConvert - attributeElement:  id="sectionNameId"
[DEBUG] 2023-11-07 10:15:55.931 [main] MxmlConvert - cssElement: 
[DEBUG] 2023-11-07 10:15:55.931 [main] MxmlConvert - attributeElement:  id="sectionNameId"
[DEBUG] 2023-11-07 10:15:55.931 [main] MxmlConvert - cssElement: text-align:left;width:200px;
[DEBUG] 2023-11-07 10:15:55.931 [main] MxmlConvert - attributeElement:  headerText="部署" id="sectionName"
[DEBUG] 2023-11-07 10:15:55.931 [main] MxmlConvert - parent name: Controls:columns
[DEBUG] 2023-11-07 10:15:55.931 [main] MxmlConvert - name: mx:DataGridColumn
[DEBUG] 2023-11-07 10:15:55.931 [main] MxmlConvert - parent name: mx:DataGridColumn
[DEBUG] 2023-11-07 10:15:55.931 [main] MxmlConvert - name: mx:headerRenderer
[DEBUG] 2023-11-07 10:15:55.931 [main] MxmlConvert - parent name: mx:headerRenderer
[DEBUG] 2023-11-07 10:15:55.931 [main] MxmlConvert - name: mx:Component
[DEBUG] 2023-11-07 10:15:55.931 [main] MxmlConvert - parent name: mx:Component
[DEBUG] 2023-11-07 10:15:55.931 [main] MxmlConvert - name: Controls:ACCLabel
[DEBUG] 2023-11-07 10:15:55.931 [main] MxmlConvert - cssElement: text-align:center;
[DEBUG] 2023-11-07 10:15:55.931 [main] MxmlConvert - attributeElement:  id="ttNameId" value="#{record.ttName}" showDataTips="true"
[DEBUG] 2023-11-07 10:15:55.931 [main] MxmlConvert - cssElement: 
[DEBUG] 2023-11-07 10:15:55.931 [main] MxmlConvert - attributeElement:  id="ttNameId"
[DEBUG] 2023-11-07 10:15:55.932 [main] MxmlConvert - cssElement: 
[DEBUG] 2023-11-07 10:15:55.932 [main] MxmlConvert - attributeElement:  id="ttNameId"
[DEBUG] 2023-11-07 10:15:55.932 [main] MxmlConvert - cssElement: text-align:left;width:200px;
[DEBUG] 2023-11-07 10:15:55.932 [main] MxmlConvert - attributeElement:  headerText="督促担当者" id="ttName"
[DEBUG] 2023-11-07 10:15:55.932 [main] MxmlConvert - parent name: null
[DEBUG] 2023-11-07 10:15:55.932 [main] MxmlConvert - name: #comment
[DEBUG] 2023-11-07 10:15:55.932 [main] MxmlConvert - cssElement: 
[DEBUG] 2023-11-07 10:15:55.932 [main] MxmlConvert - attributeElement: 
[DEBUG] 2023-11-07 10:15:55.932 [main] MxmlConvert - parent name: Controls:columns
[DEBUG] 2023-11-07 10:15:55.932 [main] MxmlConvert - name: mx:DataGridColumn
[DEBUG] 2023-11-07 10:15:55.932 [main] MxmlConvert - parent name: null
[DEBUG] 2023-11-07 10:15:55.932 [main] MxmlConvert - name: #comment
[DEBUG] 2023-11-07 10:15:55.932 [main] MxmlConvert - cssElement: 
[DEBUG] 2023-11-07 10:15:55.932 [main] MxmlConvert - attributeElement: 
[DEBUG] 2023-11-07 10:15:55.932 [main] MxmlConvert - parent name: mx:DataGridColumn
[DEBUG] 2023-11-07 10:15:55.932 [main] MxmlConvert - name: mx:headerRenderer
[DEBUG] 2023-11-07 10:15:55.932 [main] MxmlConvert - parent name: mx:headerRenderer
[DEBUG] 2023-11-07 10:15:55.932 [main] MxmlConvert - name: mx:Component
[DEBUG] 2023-11-07 10:15:55.942 [main] MxmlConvert - parent name: mx:Component
[DEBUG] 2023-11-07 10:15:55.942 [main] MxmlConvert - name: Controls:ACCLabel
[DEBUG] 2023-11-07 10:15:55.942 [main] MxmlConvert - cssElement: text-align:center;
[DEBUG] 2023-11-07 10:15:55.942 [main] MxmlConvert - attributeElement:  value="#{record.callCount}"
[DEBUG] 2023-11-07 10:15:55.942 [main] MxmlConvert - cssElement: 
[DEBUG] 2023-11-07 10:15:55.942 [main] MxmlConvert - attributeElement: 
[DEBUG] 2023-11-07 10:15:55.942 [main] MxmlConvert - cssElement: 
[DEBUG] 2023-11-07 10:15:55.942 [main] MxmlConvert - attributeElement: 
[DEBUG] 2023-11-07 10:15:55.942 [main] MxmlConvert - cssElement: text-align:right;width:50px;
[DEBUG] 2023-11-07 10:15:55.942 [main] MxmlConvert - attributeElement:  headerText="件数" id="callCount"
[DEBUG] 2023-11-07 10:15:55.942 [main] MxmlConvert - cssElement: 
[DEBUG] 2023-11-07 10:15:55.942 [main] MxmlConvert - attributeElement: 
[DEBUG] 2023-11-07 10:15:55.942 [main] MxmlConvert - cssElement: height:140px;width:100%;position: absolute; left:0px;top:3px;
[DEBUG] 2023-11-07 10:15:55.942 [main] MxmlConvert - attributeElement:  id="gridSEL001" tabindex="1" scrollable="on"
[DEBUG] 2023-11-07 10:15:55.942 [main] MxmlConvert - parent name: null
[DEBUG] 2023-11-07 10:15:55.942 [main] MxmlConvert - name: #comment
[DEBUG] 2023-11-07 10:15:55.942 [main] MxmlConvert - cssElement: 
[DEBUG] 2023-11-07 10:15:55.942 [main] MxmlConvert - attributeElement: 
[DEBUG] 2023-11-07 10:15:55.942 [main] MxmlConvert - parent name: Containers:ACCPanel
[DEBUG] 2023-11-07 10:15:55.942 [main] MxmlConvert - name: Controls:ACCButton
[DEBUG] 2023-11-07 10:15:55.942 [main] MxmlConvert - cssElement: text-align:center;width:100%;position: absolute; left:0px;top:142px;
[DEBUG] 2023-11-07 10:15:55.942 [main] MxmlConvert - attributeElement:  actionListener="#{MG3001005_01_000Controller.btnSEL001OnClickHandler};" id="btnSEL001" value="督促担当者選択" tabindex="2"
[DEBUG] 2023-11-07 10:15:55.942 [main] MxmlConvert - cssElement: height:181px;position:absolute;width:476px;position: absolute; left:4px;top:7px;
[DEBUG] 2023-11-07 10:15:55.943 [main] MxmlConvert - attributeElement:  id="compPanel19" tabindex="1" header="担当者選択"
[DEBUG] 2023-11-07 10:15:55.943 [main] MxmlConvert - parent name: Containers:ACCCanvas
[DEBUG] 2023-11-07 10:15:55.943 [main] MxmlConvert - name: Containers:ACCHBox
[DEBUG] 2023-11-07 10:15:55.943 [main] MxmlConvert - parent name: null
[DEBUG] 2023-11-07 10:15:55.943 [main] MxmlConvert - name: #comment
[DEBUG] 2023-11-07 10:15:55.943 [main] MxmlConvert - cssElement: 
[DEBUG] 2023-11-07 10:15:55.943 [main] MxmlConvert - attributeElement: 
[DEBUG] 2023-11-07 10:15:55.943 [main] MxmlConvert - parent name: Containers:ACCHBox
[DEBUG] 2023-11-07 10:15:55.943 [main] MxmlConvert - name: Containers:ACCPanel
[DEBUG] 2023-11-07 10:15:55.943 [main] MxmlConvert - parent name: Containers:ACCPanel
[DEBUG] 2023-11-07 10:15:55.943 [main] MxmlConvert - name: Controls:ACCRadioButtonGroup
[DEBUG] 2023-11-07 10:15:55.943 [main] MxmlConvert - cssElement: 
[DEBUG] 2023-11-07 10:15:55.943 [main] MxmlConvert - attributeElement:  id="grpDistribution"
[DEBUG] 2023-11-07 10:15:55.943 [main] MxmlConvert - parent name: Containers:ACCPanel
[DEBUG] 2023-11-07 10:15:55.943 [main] MxmlConvert - name: Controls:ACCRadioButton
[DEBUG] 2023-11-07 10:15:55.943 [main] MxmlConvert - cssElement: text-align:center;width:50%;
[DEBUG] 2023-11-07 10:15:55.943 [main] MxmlConvert - attributeElement:  groupName="grpDistribution" id="rdoOneReam" value="一連" tabindex="1"
[DEBUG] 2023-11-07 10:15:55.943 [main] MxmlConvert - parent name: Containers:ACCPanel
[DEBUG] 2023-11-07 10:15:55.943 [main] MxmlConvert - name: Controls:ACCRadioButton
[DEBUG] 2023-11-07 10:15:55.943 [main] MxmlConvert - cssElement: text-align:center;width:50%;
[DEBUG] 2023-11-07 10:15:55.943 [main] MxmlConvert - attributeElement:  groupName="grpDistribution" id="rdoCards" value="トランプ" tabindex="2"
[DEBUG] 2023-11-07 10:15:55.943 [main] MxmlConvert - cssElement: height:100%;position:horizontal;width:50%;
[DEBUG] 2023-11-07 10:15:55.943 [main] MxmlConvert - attributeElement:  id="compPanel20" tabindex="1" header="振分方法"
[DEBUG] 2023-11-07 10:15:55.943 [main] MxmlConvert - parent name: null
[DEBUG] 2023-11-07 10:15:55.943 [main] MxmlConvert - name: #comment
[DEBUG] 2023-11-07 10:15:55.943 [main] MxmlConvert - cssElement: 
[DEBUG] 2023-11-07 10:15:55.943 [main] MxmlConvert - attributeElement: 
[DEBUG] 2023-11-07 10:15:55.943 [main] MxmlConvert - parent name: Containers:ACCHBox
[DEBUG] 2023-11-07 10:15:55.943 [main] MxmlConvert - name: Containers:ACCPanel
[DEBUG] 2023-11-07 10:15:55.943 [main] MxmlConvert - parent name: Containers:ACCPanel
[DEBUG] 2023-11-07 10:15:55.943 [main] MxmlConvert - name: Controls:ACCRadioButtonGroup
[DEBUG] 2023-11-07 10:15:55.943 [main] MxmlConvert - cssElement: 
[DEBUG] 2023-11-07 10:15:55.943 [main] MxmlConvert - attributeElement:  id="grpSort"
[DEBUG] 2023-11-07 10:15:55.943 [main] MxmlConvert - parent name: Containers:ACCPanel
[DEBUG] 2023-11-07 10:15:55.943 [main] MxmlConvert - name: Controls:ACCRadioButton
[DEBUG] 2023-11-07 10:15:55.943 [main] MxmlConvert - cssElement: text-align:center;width:50%;
[DEBUG] 2023-11-07 10:15:55.944 [main] MxmlConvert - attributeElement:  groupName="grpSort" id="rdoDeferredBalance" value="未納額" tabindex="1"
[DEBUG] 2023-11-07 10:15:55.944 [main] MxmlConvert - parent name: Containers:ACCPanel
[DEBUG] 2023-11-07 10:15:55.944 [main] MxmlConvert - name: Controls:ACCRadioButton
[DEBUG] 2023-11-07 10:15:55.944 [main] MxmlConvert - cssElement: text-align:center;width:50%;
[DEBUG] 2023-11-07 10:15:55.944 [main] MxmlConvert - attributeElement:  groupName="grpSort" id="rdoClaimBalance" value="総残高" tabindex="2"
[DEBUG] 2023-11-07 10:15:55.944 [main] MxmlConvert - cssElement: height:100%;position:horizontal;width:50%;
[DEBUG] 2023-11-07 10:15:55.944 [main] MxmlConvert - attributeElement:  id="compPanel21" tabindex="2" header="ソート順（降順）"
[DEBUG] 2023-11-07 10:15:55.944 [main] MxmlConvert - cssElement: height:50px;width:476px;position: absolute; left:4px;top:194px;
[DEBUG] 2023-11-07 10:15:55.944 [main] MxmlConvert - attributeElement:  id="compHBox02" tabindex="2"
[DEBUG] 2023-11-07 10:15:55.944 [main] MxmlConvert - cssElement: height:250px;width:490px;
[DEBUG] 2023-11-07 10:15:55.944 [main] MxmlConvert - attributeElement:  title="担当割当"
