[INFO ] 2023-11-08 10:11:36.343 [main] MxmlConvert - Root Element : Containers:ACCTitleWindow
[INFO ] 2023-11-08 10:11:36.346 [main] MxmlConvert - ------
[INFO ] 2023-11-08 10:11:36.352 [main] ConvertMxmlService - Node Name =#comment [OPEN]
[INFO ] 2023-11-08 10:11:36.353 [main] ConvertMxmlService - Node Name =Containers:ACCTitleWindow [OPEN]
[INFO ] 2023-11-08 10:11:36.366 [main] ConvertMxmlService - Node Name =#text [OPEN]
[INFO ] 2023-11-08 10:11:36.367 [main] ConvertMxmlService - Node Name =mx:Script [OPEN]
[INFO ] 2023-11-08 10:11:36.367 [main] ConvertMxmlService - Node Name =#text [OPEN]
[INFO ] 2023-11-08 10:11:36.367 [main] ConvertMxmlService - Node Name =tougouchusyutsu:MG3001001_00_000_AS [OPEN]
[INFO ] 2023-11-08 10:11:36.369 [main] ConvertMxmlService - Node Name =#text [OPEN]
[INFO ] 2023-11-08 10:11:36.370 [main] ConvertMxmlService - Node Name =tougouchusyutsu:MG3001001_01_000 [OPEN]
[INFO ] 2023-11-08 10:11:36.371 [main] ConvertMxmlService - Node Name =tougouchusyutsu:MG3001001_01_000 [CLOSE]
[INFO ] 2023-11-08 10:11:36.371 [main] ConvertMxmlService - Node Name =#text [OPEN]
[INFO ] 2023-11-08 10:11:36.371 [main] ConvertMxmlService - Node Name =Containers:ACCTitleWindow [CLOSE]
[DEBUG] 2023-11-08 10:11:36.372 [main] MxmlConvert - parent name: null
[DEBUG] 2023-11-08 10:11:36.372 [main] MxmlConvert - name: #comment
[DEBUG] 2023-11-08 10:11:36.372 [main] MxmlConvert - cssElement: 
[DEBUG] 2023-11-08 10:11:36.372 [main] MxmlConvert - attributeElement: 
[DEBUG] 2023-11-08 10:11:36.372 [main] MxmlConvert - parent name: RootNode
[DEBUG] 2023-11-08 10:11:36.372 [main] MxmlConvert - name: Containers:ACCTitleWindow
[DEBUG] 2023-11-08 10:11:36.372 [main] MxmlConvert - parent name: Containers:ACCTitleWindow
[DEBUG] 2023-11-08 10:11:36.373 [main] MxmlConvert - name: tougouchusyutsu:MG3001001_01_000
[DEBUG] 2023-11-08 10:11:36.373 [main] MxmlConvert - cssElement: height:712px;width:1018px;position: absolute; left:-1px;top:-2px;
[DEBUG] 2023-11-08 10:11:36.373 [main] MxmlConvert - attributeElement:  id="compCanvas1"
[DEBUG] 2023-11-08 10:11:36.373 [main] MxmlConvert - cssElement: height:738px;position:absolute;width:1022px;
[DEBUG] 2023-11-08 10:11:36.373 [main] MxmlConvert - attributeElement:  title="統合抽出画面"
[INFO ] 2023-11-08 10:11:36.414 [main] MxmlConvert - Html file created successfully.
[INFO ] 2023-11-08 10:11:36.414 [main] MxmlConvert - CSS file created successfully.
[INFO ] 2023-11-08 10:11:36.433 [main] MxmlConvert - Root Element : Containers:ACCCanvas
[INFO ] 2023-11-08 10:11:36.433 [main] MxmlConvert - ------
[INFO ] 2023-11-08 10:11:36.439 [main] ConvertMxmlService - Node Name =#comment [OPEN]
[INFO ] 2023-11-08 10:11:36.439 [main] ConvertMxmlService - Node Name =Containers:ACCCanvas [OPEN]
[INFO ] 2023-11-08 10:11:36.440 [main] ConvertMxmlService - Node Name =#text [OPEN]
[INFO ] 2023-11-08 10:11:36.440 [main] ConvertMxmlService - Node Name =mx:Script [OPEN]
[INFO ] 2023-11-08 10:11:36.440 [main] ConvertMxmlService - Node Name =#text [OPEN]
[INFO ] 2023-11-08 10:11:36.440 [main] ConvertMxmlService - Node Name =#comment [OPEN]
[INFO ] 2023-11-08 10:11:36.440 [main] ConvertMxmlService - Node Name =#text [OPEN]
[INFO ] 2023-11-08 10:11:36.440 [main] ConvertMxmlService - Node Name =mx:XML [OPEN]
[INFO ] 2023-11-08 10:11:36.441 [main] ConvertMxmlService - Node Name =#text [OPEN]
[INFO ] 2023-11-08 10:11:36.441 [main] ConvertMxmlService - Node Name =#comment [OPEN]
[INFO ] 2023-11-08 10:11:36.441 [main] ConvertMxmlService - Node Name =#text [OPEN]
[INFO ] 2023-11-08 10:11:36.441 [main] ConvertMxmlService - Node Name =#comment [OPEN]
[INFO ] 2023-11-08 10:11:36.441 [main] ConvertMxmlService - Node Name =#text [OPEN]
[INFO ] 2023-11-08 10:11:36.441 [main] ConvertMxmlService - Node Name =mx:XML [OPEN]
[INFO ] 2023-11-08 10:11:36.442 [main] ConvertMxmlService - Node Name =#text [OPEN]
[INFO ] 2023-11-08 10:11:36.442 [main] ConvertMxmlService - Node Name =tougouchusyutsu:MG3001001_01_000_AS [OPEN]
[INFO ] 2023-11-08 10:11:36.442 [main] ConvertMxmlService - Node Name =#text [OPEN]
[INFO ] 2023-11-08 10:11:36.442 [main] ConvertMxmlService - Node Name =Controls:ACCLabel [OPEN]
[INFO ] 2023-11-08 10:11:36.443 [main] ConvertMxmlService - Node Name =Controls:ACCLabel [CLOSE]
[INFO ] 2023-11-08 10:11:36.443 [main] ConvertMxmlService - Node Name =#text [OPEN]
[INFO ] 2023-11-08 10:11:36.443 [main] ConvertMxmlService - Node Name =#comment [OPEN]
[INFO ] 2023-11-08 10:11:36.443 [main] ConvertMxmlService - Node Name =#text [OPEN]
[INFO ] 2023-11-08 10:11:36.443 [main] ConvertMxmlService - Node Name =Controls:ACCTextInput [OPEN]
[INFO ] 2023-11-08 10:11:36.444 [main] ConvertMxmlService - Node Name =Controls:ACCTextInput [CLOSE]
[INFO ] 2023-11-08 10:11:36.444 [main] ConvertMxmlService - Node Name =#text [OPEN]
[INFO ] 2023-11-08 10:11:36.444 [main] ConvertMxmlService - Node Name =#comment [OPEN]
[INFO ] 2023-11-08 10:11:36.444 [main] ConvertMxmlService - Node Name =#text [OPEN]
[INFO ] 2023-11-08 10:11:36.445 [main] ConvertMxmlService - Node Name =Controls:ACCButton [OPEN]
[INFO ] 2023-11-08 10:11:36.445 [main] ConvertMxmlService - Node Name =Controls:ACCButton [CLOSE]
[INFO ] 2023-11-08 10:11:36.445 [main] ConvertMxmlService - Node Name =#text [OPEN]
[INFO ] 2023-11-08 10:11:36.445 [main] ConvertMxmlService - Node Name =Controls:ACCLabel [OPEN]
[INFO ] 2023-11-08 10:11:36.446 [main] ConvertMxmlService - Node Name =Controls:ACCLabel [CLOSE]
[INFO ] 2023-11-08 10:11:36.446 [main] ConvertMxmlService - Node Name =#text [OPEN]
[INFO ] 2023-11-08 10:11:36.446 [main] ConvertMxmlService - Node Name =#comment [OPEN]
[INFO ] 2023-11-08 10:11:36.446 [main] ConvertMxmlService - Node Name =#text [OPEN]
[INFO ] 2023-11-08 10:11:36.446 [main] ConvertMxmlService - Node Name =Controls:ACCTextInput [OPEN]
[INFO ] 2023-11-08 10:11:36.447 [main] ConvertMxmlService - Node Name =Controls:ACCTextInput [CLOSE]
[INFO ] 2023-11-08 10:11:36.447 [main] ConvertMxmlService - Node Name =#text [OPEN]
[INFO ] 2023-11-08 10:11:36.447 [main] ConvertMxmlService - Node Name =Controls:ACCCheckBox [OPEN]
[INFO ] 2023-11-08 10:11:36.448 [main] ConvertMxmlService - Node Name =Controls:ACCCheckBox [CLOSE]
[INFO ] 2023-11-08 10:11:36.448 [main] ConvertMxmlService - Node Name =#text [OPEN]
[INFO ] 2023-11-08 10:11:36.448 [main] ConvertMxmlService - Node Name =Controls:ACCCheckBox [OPEN]
[INFO ] 2023-11-08 10:13:00.176 [main] ConvertMxmlService - Node Name =Controls:ACCCheckBox [CLOSE]
[INFO ] 2023-11-08 10:13:00.176 [main] ConvertMxmlService - Node Name =#text [OPEN]
[INFO ] 2023-11-08 10:13:00.176 [main] ConvertMxmlService - Node Name =Controls:ACCCheckBox [OPEN]
[INFO ] 2023-11-08 10:13:00.177 [main] ConvertMxmlService - Node Name =Controls:ACCCheckBox [CLOSE]
[INFO ] 2023-11-08 10:13:00.177 [main] ConvertMxmlService - Node Name =#text [OPEN]
[INFO ] 2023-11-08 10:13:00.177 [main] ConvertMxmlService - Node Name =#comment [OPEN]
[INFO ] 2023-11-08 10:13:00.177 [main] ConvertMxmlService - Node Name =#text [OPEN]
[INFO ] 2023-11-08 10:13:00.177 [main] ConvertMxmlService - Node Name =Containers:ACCTabNavigator [OPEN]
[INFO ] 2023-11-08 10:13:00.178 [main] ConvertMxmlService - Node Name =#text [OPEN]
[INFO ] 2023-11-08 10:13:00.178 [main] ConvertMxmlService - Node Name =#comment [OPEN]
[INFO ] 2023-11-08 10:13:00.178 [main] ConvertMxmlService - Node Name =#text [OPEN]
[INFO ] 2023-11-08 10:13:00.178 [main] ConvertMxmlService - Node Name =Containers:ACCCanvas [OPEN]
[INFO ] 2023-11-08 10:13:00.179 [main] ConvertMxmlService - Node Name =#text [OPEN]
[INFO ] 2023-11-08 10:13:00.179 [main] ConvertMxmlService - Node Name =Controls:ACCLabel [OPEN]
[INFO ] 2023-11-08 10:13:00.180 [main] ConvertMxmlService - Node Name =Controls:ACCLabel [CLOSE]
[INFO ] 2023-11-08 10:13:00.180 [main] ConvertMxmlService - Node Name =#text [OPEN]
[INFO ] 2023-11-08 10:13:00.180 [main] ConvertMxmlService - Node Name =Controls:ACCCheckBox [OPEN]
[INFO ] 2023-11-08 10:13:00.181 [main] ConvertMxmlService - Node Name =Controls:ACCCheckBox [CLOSE]
[INFO ] 2023-11-08 10:13:00.181 [main] ConvertMxmlService - Node Name =#text [OPEN]
[INFO ] 2023-11-08 10:13:00.181 [main] ConvertMxmlService - Node Name =Controls:ACCCheckBox [OPEN]
[INFO ] 2023-11-08 10:13:00.182 [main] ConvertMxmlService - Node Name =Controls:ACCCheckBox [CLOSE]
[INFO ] 2023-11-08 10:13:00.182 [main] ConvertMxmlService - Node Name =#text [OPEN]
[INFO ] 2023-11-08 10:13:00.182 [main] ConvertMxmlService - Node Name =Controls:ACCCheckBox [OPEN]
[INFO ] 2023-11-08 10:13:00.182 [main] ConvertMxmlService - Node Name =Controls:ACCCheckBox [CLOSE]
[INFO ] 2023-11-08 10:13:00.182 [main] ConvertMxmlService - Node Name =#text [OPEN]
[INFO ] 2023-11-08 10:13:00.182 [main] ConvertMxmlService - Node Name =Controls:ACCLabel [OPEN]
[INFO ] 2023-11-08 10:13:00.183 [main] ConvertMxmlService - Node Name =Controls:ACCLabel [CLOSE]
[INFO ] 2023-11-08 10:13:00.183 [main] ConvertMxmlService - Node Name =#text [OPEN]
[INFO ] 2023-11-08 10:13:00.183 [main] ConvertMxmlService - Node Name =Controls:ACCComboBoxCode [OPEN]
[INFO ] 2023-11-08 10:13:00.184 [main] ConvertMxmlService - Node Name =Controls:ACCComboBoxCode [CLOSE]
[INFO ] 2023-11-08 10:13:00.184 [main] ConvertMxmlService - Node Name =#text [OPEN]
[INFO ] 2023-11-08 10:13:00.184 [main] ConvertMxmlService - Node Name =Controls:ACCLabel [OPEN]
[INFO ] 2023-11-08 10:13:00.184 [main] ConvertMxmlService - Node Name =Controls:ACCLabel [CLOSE]
[INFO ] 2023-11-08 10:13:00.184 [main] ConvertMxmlService - Node Name =#text [OPEN]
[INFO ] 2023-11-08 10:13:00.184 [main] ConvertMxmlService - Node Name =Controls:ACCTextInputMaskNumberOnly [OPEN]
[INFO ] 2023-11-08 10:13:00.185 [main] ConvertMxmlService - Node Name =Controls:ACCTextInputMaskNumberOnly [CLOSE]
[INFO ] 2023-11-08 10:13:00.185 [main] ConvertMxmlService - Node Name =#text [OPEN]
[INFO ] 2023-11-08 10:13:00.185 [main] ConvertMxmlService - Node Name =Controls:ACCLabel [OPEN]
[INFO ] 2023-11-08 10:13:00.185 [main] ConvertMxmlService - Node Name =Controls:ACCLabel [CLOSE]
[INFO ] 2023-11-08 10:13:00.185 [main] ConvertMxmlService - Node Name =#text [OPEN]
[INFO ] 2023-11-08 10:13:00.185 [main] ConvertMxmlService - Node Name =Controls:ACCTextInputMaskNumberOnly [OPEN]
[INFO ] 2023-11-08 10:13:00.186 [main] ConvertMxmlService - Node Name =Controls:ACCTextInputMaskNumberOnly [CLOSE]
[INFO ] 2023-11-08 10:13:00.186 [main] ConvertMxmlService - Node Name =#text [OPEN]
[INFO ] 2023-11-08 10:13:00.186 [main] ConvertMxmlService - Node Name =Controls:ACCLabel [OPEN]
[INFO ] 2023-11-08 10:13:00.186 [main] ConvertMxmlService - Node Name =Controls:ACCLabel [CLOSE]
[INFO ] 2023-11-08 10:13:00.186 [main] ConvertMxmlService - Node Name =#text [OPEN]
[INFO ] 2023-11-08 10:13:00.186 [main] ConvertMxmlService - Node Name =Controls:ACCTextInputMaskZip [OPEN]
[INFO ] 2023-11-08 10:13:00.187 [main] ConvertMxmlService - Node Name =Controls:ACCTextInputMaskZip [CLOSE]
[INFO ] 2023-11-08 10:13:00.187 [main] ConvertMxmlService - Node Name =#text [OPEN]
[INFO ] 2023-11-08 10:13:00.187 [main] ConvertMxmlService - Node Name =Controls:ACCLabel [OPEN]
[INFO ] 2023-11-08 10:13:00.187 [main] ConvertMxmlService - Node Name =Controls:ACCLabel [CLOSE]
[INFO ] 2023-11-08 10:13:00.188 [main] ConvertMxmlService - Node Name =#text [OPEN]
[INFO ] 2023-11-08 10:13:00.188 [main] ConvertMxmlService - Node Name =Controls:ACCTextInputMaskZip [OPEN]
[INFO ] 2023-11-08 10:13:00.188 [main] ConvertMxmlService - Node Name =Controls:ACCTextInputMaskZip [CLOSE]
[INFO ] 2023-11-08 10:13:00.188 [main] ConvertMxmlService - Node Name =#text [OPEN]
[INFO ] 2023-11-08 10:13:00.188 [main] ConvertMxmlService - Node Name =#comment [OPEN]
[INFO ] 2023-11-08 10:13:00.188 [main] ConvertMxmlService - Node Name =#text [OPEN]
[INFO ] 2023-11-08 10:13:00.188 [main] ConvertMxmlService - Node Name =Containers:ACCPanel [OPEN]
[INFO ] 2023-11-08 10:13:00.189 [main] ConvertMxmlService - Node Name =#text [OPEN]
[INFO ] 2023-11-08 10:13:00.189 [main] ConvertMxmlService - Node Name =#comment [OPEN]
[INFO ] 2023-11-08 10:13:00.189 [main] ConvertMxmlService - Node Name =#text [OPEN]
[INFO ] 2023-11-08 10:13:00.189 [main] ConvertMxmlService - Node Name =Controls:ACCLabel [OPEN]
[INFO ] 2023-11-08 10:13:00.190 [main] ConvertMxmlService - Node Name =Controls:ACCLabel [CLOSE]
[INFO ] 2023-11-08 10:13:00.190 [main] ConvertMxmlService - Node Name =#text [OPEN]
[INFO ] 2023-11-08 10:13:00.190 [main] ConvertMxmlService - Node Name =Controls:ACCComboBoxCode [OPEN]
[INFO ] 2023-11-08 10:13:00.191 [main] ConvertMxmlService - Node Name =Controls:ACCComboBoxCode [CLOSE]
[INFO ] 2023-11-08 10:13:00.191 [main] ConvertMxmlService - Node Name =#text [OPEN]
[INFO ] 2023-11-08 10:13:00.191 [main] ConvertMxmlService - Node Name =#comment [OPEN]
[INFO ] 2023-11-08 10:13:00.191 [main] ConvertMxmlService - Node Name =#text [OPEN]
[INFO ] 2023-11-08 10:13:00.191 [main] ConvertMxmlService - Node Name =Controls:ACCLabel [OPEN]
[INFO ] 2023-11-08 10:13:00.191 [main] ConvertMxmlService - Node Name =Controls:ACCLabel [CLOSE]
[INFO ] 2023-11-08 10:13:00.191 [main] ConvertMxmlService - Node Name =#text [OPEN]
[INFO ] 2023-11-08 10:13:00.192 [main] ConvertMxmlService - Node Name =Controls:ACCComboBoxCode [OPEN]
[INFO ] 2023-11-08 10:13:00.192 [main] ConvertMxmlService - Node Name =Controls:ACCComboBoxCode [CLOSE]
[INFO ] 2023-11-08 10:13:00.192 [main] ConvertMxmlService - Node Name =#text [OPEN]
[INFO ] 2023-11-08 10:13:00.192 [main] ConvertMxmlService - Node Name =#comment [OPEN]
[INFO ] 2023-11-08 10:13:00.192 [main] ConvertMxmlService - Node Name =#text [OPEN]
[INFO ] 2023-11-08 10:13:00.192 [main] ConvertMxmlService - Node Name =Controls:ACCLabel [OPEN]
[INFO ] 2023-11-08 10:13:00.193 [main] ConvertMxmlService - Node Name =Controls:ACCLabel [CLOSE]
[INFO ] 2023-11-08 10:13:00.193 [main] ConvertMxmlService - Node Name =#text [OPEN]
[INFO ] 2023-11-08 10:13:00.193 [main] ConvertMxmlService - Node Name =Controls:ACCComboBoxCode [OPEN]
[INFO ] 2023-11-08 10:13:00.194 [main] ConvertMxmlService - Node Name =Controls:ACCComboBoxCode [CLOSE]
[INFO ] 2023-11-08 10:13:00.194 [main] ConvertMxmlService - Node Name =#text [OPEN]
[INFO ] 2023-11-08 10:13:00.194 [main] ConvertMxmlService - Node Name =#comment [OPEN]
[INFO ] 2023-11-08 10:13:00.194 [main] ConvertMxmlService - Node Name =#text [OPEN]
[INFO ] 2023-11-08 10:13:00.194 [main] ConvertMxmlService - Node Name =Controls:ACCLabel [OPEN]
[INFO ] 2023-11-08 10:13:00.195 [main] ConvertMxmlService - Node Name =Controls:ACCLabel [CLOSE]
[INFO ] 2023-11-08 10:13:00.195 [main] ConvertMxmlService - Node Name =#text [OPEN]
[INFO ] 2023-11-08 10:13:00.195 [main] ConvertMxmlService - Node Name =Controls:ACCComboBoxCode [OPEN]
[INFO ] 2023-11-08 10:13:00.196 [main] ConvertMxmlService - Node Name =Controls:ACCComboBoxCode [CLOSE]
[INFO ] 2023-11-08 10:13:00.196 [main] ConvertMxmlService - Node Name =#text [OPEN]
[INFO ] 2023-11-08 10:13:00.196 [main] ConvertMxmlService - Node Name =#comment [OPEN]
[INFO ] 2023-11-08 10:13:00.196 [main] ConvertMxmlService - Node Name =#text [OPEN]
[INFO ] 2023-11-08 10:13:00.196 [main] ConvertMxmlService - Node Name =Controls:ACCLabel [OPEN]
[INFO ] 2023-11-08 10:13:00.197 [main] ConvertMxmlService - Node Name =Controls:ACCLabel [CLOSE]
[INFO ] 2023-11-08 10:13:00.197 [main] ConvertMxmlService - Node Name =#text [OPEN]
[INFO ] 2023-11-08 10:13:00.197 [main] ConvertMxmlService - Node Name =Controls:ACCComboBoxCode [OPEN]
[INFO ] 2023-11-08 10:13:00.197 [main] ConvertMxmlService - Node Name =Controls:ACCComboBoxCode [CLOSE]
[INFO ] 2023-11-08 10:13:00.197 [main] ConvertMxmlService - Node Name =#text [OPEN]
[INFO ] 2023-11-08 10:13:00.197 [main] ConvertMxmlService - Node Name =Containers:ACCPanel [CLOSE]
[INFO ] 2023-11-08 10:13:00.197 [main] ConvertMxmlService - Node Name =#text [OPEN]
[INFO ] 2023-11-08 10:13:00.197 [main] ConvertMxmlService - Node Name =#comment [OPEN]
[INFO ] 2023-11-08 10:13:00.197 [main] ConvertMxmlService - Node Name =#text [OPEN]
[INFO ] 2023-11-08 10:13:00.197 [main] ConvertMxmlService - Node Name =Containers:ACCPanel [OPEN]
[INFO ] 2023-11-08 10:13:00.198 [main] ConvertMxmlService - Node Name =#text [OPEN]
[INFO ] 2023-11-08 10:13:00.198 [main] ConvertMxmlService - Node Name =Controls:ACCLabel [OPEN]
[INFO ] 2023-11-08 10:13:00.199 [main] ConvertMxmlService - Node Name =Controls:ACCLabel [CLOSE]
[INFO ] 2023-11-08 10:13:00.210 [main] ConvertMxmlService - Node Name =#text [OPEN]
[INFO ] 2023-11-08 10:13:00.210 [main] ConvertMxmlService - Node Name =Controls:ACCComboBoxCode [OPEN]
[INFO ] 2023-11-08 10:13:00.211 [main] ConvertMxmlService - Node Name =Controls:ACCComboBoxCode [CLOSE]
[INFO ] 2023-11-08 10:13:00.211 [main] ConvertMxmlService - Node Name =#text [OPEN]
[INFO ] 2023-11-08 10:13:00.211 [main] ConvertMxmlService - Node Name =Controls:ACCLabel [OPEN]
[INFO ] 2023-11-08 10:13:00.212 [main] ConvertMxmlService - Node Name =Controls:ACCLabel [CLOSE]
[INFO ] 2023-11-08 10:13:00.212 [main] ConvertMxmlService - Node Name =#text [OPEN]
[INFO ] 2023-11-08 10:13:00.212 [main] ConvertMxmlService - Node Name =Controls:ACCComboBoxCode [OPEN]
[INFO ] 2023-11-08 10:13:00.212 [main] ConvertMxmlService - Node Name =Controls:ACCComboBoxCode [CLOSE]
[INFO ] 2023-11-08 10:13:00.212 [main] ConvertMxmlService - Node Name =#text [OPEN]
[INFO ] 2023-11-08 10:13:00.212 [main] ConvertMxmlService - Node Name =Controls:ACCLabel [OPEN]
[INFO ] 2023-11-08 10:13:00.213 [main] ConvertMxmlService - Node Name =Controls:ACCLabel [CLOSE]
[INFO ] 2023-11-08 10:13:00.213 [main] ConvertMxmlService - Node Name =#text [OPEN]
[INFO ] 2023-11-08 10:13:00.213 [main] ConvertMxmlService - Node Name =Controls:ACCComboBoxCode [OPEN]
[INFO ] 2023-11-08 10:13:00.214 [main] ConvertMxmlService - Node Name =Controls:ACCComboBoxCode [CLOSE]
[INFO ] 2023-11-08 10:13:00.214 [main] ConvertMxmlService - Node Name =#text [OPEN]
[INFO ] 2023-11-08 10:13:00.214 [main] ConvertMxmlService - Node Name =Containers:ACCPanel [CLOSE]
[INFO ] 2023-11-08 10:13:00.214 [main] ConvertMxmlService - Node Name =#text [OPEN]
[INFO ] 2023-11-08 10:13:00.214 [main] ConvertMxmlService - Node Name =#comment [OPEN]
[INFO ] 2023-11-08 10:13:00.214 [main] ConvertMxmlService - Node Name =#text [OPEN]
[INFO ] 2023-11-08 10:13:00.214 [main] ConvertMxmlService - Node Name =Containers:ACCPanel [OPEN]
[INFO ] 2023-11-08 10:13:00.214 [main] ConvertMxmlService - Node Name =#text [OPEN]
[INFO ] 2023-11-08 10:13:00.215 [main] ConvertMxmlService - Node Name =Controls:ACCDataGrid [OPEN]
[INFO ] 2023-11-08 10:13:00.215 [main] ConvertMxmlService - Node Name =#text [OPEN]
[INFO ] 2023-11-08 10:13:00.215 [main] ConvertMxmlService - Node Name =Controls:columns [OPEN]
[INFO ] 2023-11-08 10:13:00.216 [main] ConvertMxmlService - Node Name =#text [OPEN]
[INFO ] 2023-11-08 10:13:00.216 [main] ConvertMxmlService - Node Name =mx:DataGridColumn [OPEN]
[INFO ] 2023-11-08 10:13:00.217 [main] ConvertMxmlService - Node Name =#text [OPEN]
[INFO ] 2023-11-08 10:13:00.217 [main] ConvertMxmlService - Node Name =mx:headerRenderer [OPEN]
[INFO ] 2023-11-08 10:13:00.217 [main] ConvertMxmlService - Node Name =#text [OPEN]
[INFO ] 2023-11-08 10:13:00.218 [main] ConvertMxmlService - Node Name =mx:Component [OPEN]
[INFO ] 2023-11-08 10:13:00.218 [main] ConvertMxmlService - Node Name =#text [OPEN]
[INFO ] 2023-11-08 10:13:00.218 [main] ConvertMxmlService - Node Name =mx:Label [OPEN]
[INFO ] 2023-11-08 10:13:00.218 [main] ConvertMxmlService - Node Name =mx:Label [CLOSE]
[INFO ] 2023-11-08 10:13:00.218 [main] ConvertMxmlService - Node Name =#text [OPEN]
[INFO ] 2023-11-08 10:13:00.219 [main] ConvertMxmlService - Node Name =mx:Component [CLOSE]
[INFO ] 2023-11-08 10:13:00.219 [main] ConvertMxmlService - Node Name =#text [OPEN]
[INFO ] 2023-11-08 10:13:00.219 [main] ConvertMxmlService - Node Name =mx:headerRenderer [CLOSE]
[INFO ] 2023-11-08 10:13:00.219 [main] ConvertMxmlService - Node Name =#text [OPEN]
[INFO ] 2023-11-08 10:13:00.219 [main] ConvertMxmlService - Node Name =mx:DataGridColumn [CLOSE]
[INFO ] 2023-11-08 10:13:00.219 [main] ConvertMxmlService - Node Name =#text [OPEN]
[INFO ] 2023-11-08 10:13:00.219 [main] ConvertMxmlService - Node Name =mx:DataGridColumn [OPEN]
[INFO ] 2023-11-08 10:13:00.219 [main] ConvertMxmlService - Node Name =#text [OPEN]
[INFO ] 2023-11-08 10:13:00.219 [main] ConvertMxmlService - Node Name =mx:headerRenderer [OPEN]
[INFO ] 2023-11-08 10:13:00.220 [main] ConvertMxmlService - Node Name =#text [OPEN]
[INFO ] 2023-11-08 10:13:00.220 [main] ConvertMxmlService - Node Name =mx:Component [OPEN]
[INFO ] 2023-11-08 10:13:00.220 [main] ConvertMxmlService - Node Name =#text [OPEN]
[INFO ] 2023-11-08 10:13:00.220 [main] ConvertMxmlService - Node Name =mx:Label [OPEN]
[INFO ] 2023-11-08 10:13:00.221 [main] ConvertMxmlService - Node Name =mx:Label [CLOSE]
[INFO ] 2023-11-08 10:13:00.221 [main] ConvertMxmlService - Node Name =#text [OPEN]
[INFO ] 2023-11-08 10:13:00.221 [main] ConvertMxmlService - Node Name =mx:Component [CLOSE]
[INFO ] 2023-11-08 10:13:00.221 [main] ConvertMxmlService - Node Name =#text [OPEN]
[INFO ] 2023-11-08 10:13:00.221 [main] ConvertMxmlService - Node Name =mx:headerRenderer [CLOSE]
[INFO ] 2023-11-08 10:13:00.221 [main] ConvertMxmlService - Node Name =#text [OPEN]
[INFO ] 2023-11-08 10:13:00.221 [main] ConvertMxmlService - Node Name =mx:DataGridColumn [CLOSE]
[INFO ] 2023-11-08 10:13:00.221 [main] ConvertMxmlService - Node Name =#text [OPEN]
[INFO ] 2023-11-08 10:13:00.221 [main] ConvertMxmlService - Node Name =Controls:columns [CLOSE]
[INFO ] 2023-11-08 10:13:00.221 [main] ConvertMxmlService - Node Name =#text [OPEN]
[INFO ] 2023-11-08 10:13:00.221 [main] ConvertMxmlService - Node Name =Controls:ACCDataGrid [CLOSE]
[INFO ] 2023-11-08 10:13:00.221 [main] ConvertMxmlService - Node Name =#text [OPEN]
[INFO ] 2023-11-08 10:13:00.221 [main] ConvertMxmlService - Node Name =Controls:ACCButton [OPEN]
[INFO ] 2023-11-08 10:13:00.221 [main] ConvertMxmlService - Node Name =Controls:ACCButton [CLOSE]
[INFO ] 2023-11-08 10:13:00.221 [main] ConvertMxmlService - Node Name =#text [OPEN]
[INFO ] 2023-11-08 10:13:00.221 [main] ConvertMxmlService - Node Name =Controls:ACCButton [OPEN]
[INFO ] 2023-11-08 10:13:00.222 [main] ConvertMxmlService - Node Name =Controls:ACCButton [CLOSE]
[INFO ] 2023-11-08 10:13:00.222 [main] ConvertMxmlService - Node Name =#text [OPEN]
[INFO ] 2023-11-08 10:13:00.222 [main] ConvertMxmlService - Node Name =Controls:ACCButton [OPEN]
[INFO ] 2023-11-08 10:13:00.222 [main] ConvertMxmlService - Node Name =Controls:ACCButton [CLOSE]
[INFO ] 2023-11-08 10:13:00.222 [main] ConvertMxmlService - Node Name =#text [OPEN]
[INFO ] 2023-11-08 10:13:00.222 [main] ConvertMxmlService - Node Name =Controls:ACCButton [OPEN]
[INFO ] 2023-11-08 10:13:00.223 [main] ConvertMxmlService - Node Name =Controls:ACCButton [CLOSE]
[INFO ] 2023-11-08 10:13:00.223 [main] ConvertMxmlService - Node Name =#text [OPEN]
[INFO ] 2023-11-08 10:13:00.223 [main] ConvertMxmlService - Node Name =Controls:ACCDataGrid [OPEN]
[INFO ] 2023-11-08 10:13:00.223 [main] ConvertMxmlService - Node Name =#text [OPEN]
[INFO ] 2023-11-08 10:13:00.223 [main] ConvertMxmlService - Node Name =Controls:columns [OPEN]
[INFO ] 2023-11-08 10:13:00.224 [main] ConvertMxmlService - Node Name =#text [OPEN]
[INFO ] 2023-11-08 10:13:00.224 [main] ConvertMxmlService - Node Name =mx:DataGridColumn [OPEN]
[INFO ] 2023-11-08 10:13:00.224 [main] ConvertMxmlService - Node Name =#text [OPEN]
[INFO ] 2023-11-08 10:13:00.225 [main] ConvertMxmlService - Node Name =mx:headerRenderer [OPEN]
[INFO ] 2023-11-08 10:13:00.225 [main] ConvertMxmlService - Node Name =#text [OPEN]
[INFO ] 2023-11-08 10:13:00.225 [main] ConvertMxmlService - Node Name =mx:Component [OPEN]
[INFO ] 2023-11-08 10:13:00.226 [main] ConvertMxmlService - Node Name =#text [OPEN]
[INFO ] 2023-11-08 10:13:00.226 [main] ConvertMxmlService - Node Name =mx:Label [OPEN]
[INFO ] 2023-11-08 10:13:00.226 [main] ConvertMxmlService - Node Name =mx:Label [CLOSE]
[INFO ] 2023-11-08 10:13:00.226 [main] ConvertMxmlService - Node Name =#text [OPEN]
[INFO ] 2023-11-08 10:13:00.226 [main] ConvertMxmlService - Node Name =mx:Component [CLOSE]
[INFO ] 2023-11-08 10:13:00.226 [main] ConvertMxmlService - Node Name =#text [OPEN]
[INFO ] 2023-11-08 10:13:00.226 [main] ConvertMxmlService - Node Name =mx:headerRenderer [CLOSE]
[INFO ] 2023-11-08 10:13:00.226 [main] ConvertMxmlService - Node Name =#text [OPEN]
[INFO ] 2023-11-08 10:13:00.226 [main] ConvertMxmlService - Node Name =mx:DataGridColumn [CLOSE]
[INFO ] 2023-11-08 10:13:00.226 [main] ConvertMxmlService - Node Name =#text [OPEN]
[INFO ] 2023-11-08 10:13:00.226 [main] ConvertMxmlService - Node Name =mx:DataGridColumn [OPEN]
[INFO ] 2023-11-08 10:13:00.227 [main] ConvertMxmlService - Node Name =#text [OPEN]
[INFO ] 2023-11-08 10:13:00.227 [main] ConvertMxmlService - Node Name =mx:headerRenderer [OPEN]
[INFO ] 2023-11-08 10:13:00.227 [main] ConvertMxmlService - Node Name =#text [OPEN]
[INFO ] 2023-11-08 10:13:00.227 [main] ConvertMxmlService - Node Name =mx:Component [OPEN]
[INFO ] 2023-11-08 10:13:00.228 [main] ConvertMxmlService - Node Name =#text [OPEN]
[INFO ] 2023-11-08 10:13:00.228 [main] ConvertMxmlService - Node Name =mx:Label [OPEN]
[INFO ] 2023-11-08 10:13:00.228 [main] ConvertMxmlService - Node Name =mx:Label [CLOSE]
[INFO ] 2023-11-08 10:13:00.228 [main] ConvertMxmlService - Node Name =#text [OPEN]
[INFO ] 2023-11-08 10:13:00.228 [main] ConvertMxmlService - Node Name =mx:Component [CLOSE]
[INFO ] 2023-11-08 10:13:00.228 [main] ConvertMxmlService - Node Name =#text [OPEN]
[INFO ] 2023-11-08 10:13:00.228 [main] ConvertMxmlService - Node Name =mx:headerRenderer [CLOSE]
[INFO ] 2023-11-08 10:13:00.228 [main] ConvertMxmlService - Node Name =#text [OPEN]
[INFO ] 2023-11-08 10:13:00.228 [main] ConvertMxmlService - Node Name =mx:DataGridColumn [CLOSE]
[INFO ] 2023-11-08 10:13:00.228 [main] ConvertMxmlService - Node Name =#text [OPEN]
[INFO ] 2023-11-08 10:13:00.228 [main] ConvertMxmlService - Node Name =Controls:columns [CLOSE]
[INFO ] 2023-11-08 10:13:00.228 [main] ConvertMxmlService - Node Name =#text [OPEN]
[INFO ] 2023-11-08 10:13:00.228 [main] ConvertMxmlService - Node Name =Controls:ACCDataGrid [CLOSE]
[INFO ] 2023-11-08 10:13:00.228 [main] ConvertMxmlService - Node Name =#text [OPEN]
[INFO ] 2023-11-08 10:13:00.228 [main] ConvertMxmlService - Node Name =Containers:ACCPanel [CLOSE]
[INFO ] 2023-11-08 10:13:00.228 [main] ConvertMxmlService - Node Name =#text [OPEN]
[INFO ] 2023-11-08 10:13:00.229 [main] ConvertMxmlService - Node Name =#comment [OPEN]
[INFO ] 2023-11-08 10:13:00.229 [main] ConvertMxmlService - Node Name =#text [OPEN]
[INFO ] 2023-11-08 10:13:00.229 [main] ConvertMxmlService - Node Name =Containers:ACCPanel [OPEN]
[INFO ] 2023-11-08 10:13:00.229 [main] ConvertMxmlService - Node Name =#text [OPEN]
[INFO ] 2023-11-08 10:13:00.229 [main] ConvertMxmlService - Node Name =Controls:ACCButton [OPEN]
[INFO ] 2023-11-08 10:13:00.229 [main] ConvertMxmlService - Node Name =Controls:ACCButton [CLOSE]
[INFO ] 2023-11-08 10:13:00.229 [main] ConvertMxmlService - Node Name =#text [OPEN]
[INFO ] 2023-11-08 10:13:00.230 [main] ConvertMxmlService - Node Name =Controls:ACCDataGrid [OPEN]
[INFO ] 2023-11-08 10:13:00.230 [main] ConvertMxmlService - Node Name =#text [OPEN]
[INFO ] 2023-11-08 10:13:00.230 [main] ConvertMxmlService - Node Name =Controls:columns [OPEN]
[INFO ] 2023-11-08 10:13:00.230 [main] ConvertMxmlService - Node Name =#text [OPEN]
[INFO ] 2023-11-08 10:13:00.230 [main] ConvertMxmlService - Node Name =mx:DataGridColumn [OPEN]
[INFO ] 2023-11-08 10:13:00.231 [main] ConvertMxmlService - Node Name =#text [OPEN]
[INFO ] 2023-11-08 10:13:00.231 [main] ConvertMxmlService - Node Name =mx:headerRenderer [OPEN]
[INFO ] 2023-11-08 10:13:00.231 [main] ConvertMxmlService - Node Name =#text [OPEN]
[INFO ] 2023-11-08 10:13:00.231 [main] ConvertMxmlService - Node Name =mx:Component [OPEN]
[INFO ] 2023-11-08 10:13:00.232 [main] ConvertMxmlService - Node Name =#text [OPEN]
[INFO ] 2023-11-08 10:13:00.232 [main] ConvertMxmlService - Node Name =mx:Label [OPEN]
[INFO ] 2023-11-08 10:13:00.232 [main] ConvertMxmlService - Node Name =mx:Label [CLOSE]
[INFO ] 2023-11-08 10:13:00.232 [main] ConvertMxmlService - Node Name =#text [OPEN]
[INFO ] 2023-11-08 10:13:00.232 [main] ConvertMxmlService - Node Name =mx:Component [CLOSE]
[INFO ] 2023-11-08 10:13:00.232 [main] ConvertMxmlService - Node Name =#text [OPEN]
[INFO ] 2023-11-08 10:13:00.232 [main] ConvertMxmlService - Node Name =mx:headerRenderer [CLOSE]
[INFO ] 2023-11-08 10:13:00.232 [main] ConvertMxmlService - Node Name =#text [OPEN]
[INFO ] 2023-11-08 10:13:00.232 [main] ConvertMxmlService - Node Name =mx:DataGridColumn [CLOSE]
[INFO ] 2023-11-08 10:13:00.232 [main] ConvertMxmlService - Node Name =#text [OPEN]
[INFO ] 2023-11-08 10:13:00.232 [main] ConvertMxmlService - Node Name =mx:DataGridColumn [OPEN]
[INFO ] 2023-11-08 10:13:00.233 [main] ConvertMxmlService - Node Name =#text [OPEN]
[INFO ] 2023-11-08 10:13:00.233 [main] ConvertMxmlService - Node Name =mx:headerRenderer [OPEN]
[INFO ] 2023-11-08 10:13:00.233 [main] ConvertMxmlService - Node Name =#text [OPEN]
[INFO ] 2023-11-08 10:13:00.233 [main] ConvertMxmlService - Node Name =mx:Component [OPEN]
[INFO ] 2023-11-08 10:13:00.234 [main] ConvertMxmlService - Node Name =#text [OPEN]
[INFO ] 2023-11-08 10:13:00.234 [main] ConvertMxmlService - Node Name =mx:Label [OPEN]
[INFO ] 2023-11-08 10:13:00.234 [main] ConvertMxmlService - Node Name =mx:Label [CLOSE]
[INFO ] 2023-11-08 10:13:00.234 [main] ConvertMxmlService - Node Name =#text [OPEN]
[INFO ] 2023-11-08 10:13:00.234 [main] ConvertMxmlService - Node Name =mx:Component [CLOSE]
[INFO ] 2023-11-08 10:13:00.234 [main] ConvertMxmlService - Node Name =#text [OPEN]
[INFO ] 2023-11-08 10:13:00.234 [main] ConvertMxmlService - Node Name =mx:headerRenderer [CLOSE]
[INFO ] 2023-11-08 10:13:00.234 [main] ConvertMxmlService - Node Name =#text [OPEN]
[INFO ] 2023-11-08 10:13:00.234 [main] ConvertMxmlService - Node Name =mx:DataGridColumn [CLOSE]
[INFO ] 2023-11-08 10:13:00.234 [main] ConvertMxmlService - Node Name =#text [OPEN]
[INFO ] 2023-11-08 10:13:00.234 [main] ConvertMxmlService - Node Name =Controls:columns [CLOSE]
[INFO ] 2023-11-08 10:13:00.234 [main] ConvertMxmlService - Node Name =#text [OPEN]
[INFO ] 2023-11-08 10:13:00.234 [main] ConvertMxmlService - Node Name =Controls:ACCDataGrid [CLOSE]
[INFO ] 2023-11-08 10:13:00.235 [main] ConvertMxmlService - Node Name =#text [OPEN]
[INFO ] 2023-11-08 10:13:00.235 [main] ConvertMxmlService - Node Name =Containers:ACCPanel [CLOSE]
[INFO ] 2023-11-08 10:13:00.235 [main] ConvertMxmlService - Node Name =#text [OPEN]
[INFO ] 2023-11-08 10:13:00.235 [main] ConvertMxmlService - Node Name =Containers:ACCCanvas [CLOSE]
[INFO ] 2023-11-08 10:13:00.235 [main] ConvertMxmlService - Node Name =#text [OPEN]
[INFO ] 2023-11-08 10:13:00.235 [main] ConvertMxmlService - Node Name =#comment [OPEN]
[INFO ] 2023-11-08 10:13:00.235 [main] ConvertMxmlService - Node Name =#text [OPEN]
[INFO ] 2023-11-08 10:13:00.235 [main] ConvertMxmlService - Node Name =Containers:ACCCanvas [OPEN]
[INFO ] 2023-11-08 10:13:00.235 [main] ConvertMxmlService - Node Name =#text [OPEN]
[INFO ] 2023-11-08 10:13:00.235 [main] ConvertMxmlService - Node Name =#comment [OPEN]
[INFO ] 2023-11-08 10:13:00.235 [main] ConvertMxmlService - Node Name =#text [OPEN]
[INFO ] 2023-11-08 10:13:00.235 [main] ConvertMxmlService - Node Name =Containers:ACCPanel [OPEN]
[INFO ] 2023-11-08 10:13:00.236 [main] ConvertMxmlService - Node Name =#text [OPEN]
[INFO ] 2023-11-08 10:13:00.236 [main] ConvertMxmlService - Node Name =Controls:ACCRadioButtonGroup [OPEN]
[INFO ] 2023-11-08 10:13:00.237 [main] ConvertMxmlService - Node Name =Controls:ACCRadioButtonGroup [CLOSE]
[INFO ] 2023-11-08 10:13:00.237 [main] ConvertMxmlService - Node Name =#text [OPEN]
[INFO ] 2023-11-08 10:13:00.237 [main] ConvertMxmlService - Node Name =Controls:ACCRadioButton [OPEN]
[INFO ] 2023-11-08 10:13:00.238 [main] ConvertMxmlService - Node Name =Controls:ACCRadioButton [CLOSE]
[INFO ] 2023-11-08 10:13:00.238 [main] ConvertMxmlService - Node Name =#text [OPEN]
[INFO ] 2023-11-08 10:13:00.239 [main] ConvertMxmlService - Node Name =Controls:ACCRadioButton [OPEN]
[INFO ] 2023-11-08 10:13:00.239 [main] ConvertMxmlService - Node Name =Controls:ACCRadioButton [CLOSE]
[INFO ] 2023-11-08 10:13:00.239 [main] ConvertMxmlService - Node Name =#text [OPEN]
[INFO ] 2023-11-08 10:13:00.239 [main] ConvertMxmlService - Node Name =Controls:ACCRadioButton [OPEN]
[INFO ] 2023-11-08 10:13:00.240 [main] ConvertMxmlService - Node Name =Controls:ACCRadioButton [CLOSE]
[INFO ] 2023-11-08 10:13:00.240 [main] ConvertMxmlService - Node Name =#text [OPEN]
[INFO ] 2023-11-08 10:13:00.240 [main] ConvertMxmlService - Node Name =Controls:ACCDataGrid [OPEN]
[INFO ] 2023-11-08 10:13:00.240 [main] ConvertMxmlService - Node Name =#text [OPEN]
[INFO ] 2023-11-08 10:13:00.241 [main] ConvertMxmlService - Node Name =Controls:columns [OPEN]
[INFO ] 2023-11-08 10:13:00.241 [main] ConvertMxmlService - Node Name =#text [OPEN]
[INFO ] 2023-11-08 10:13:00.241 [main] ConvertMxmlService - Node Name =mx:DataGridColumn [OPEN]
[INFO ] 2023-11-08 10:13:00.242 [main] ConvertMxmlService - Node Name =#text [OPEN]
[INFO ] 2023-11-08 10:13:00.242 [main] ConvertMxmlService - Node Name =mx:headerRenderer [OPEN]
[INFO ] 2023-11-08 10:13:00.242 [main] ConvertMxmlService - Node Name =#text [OPEN]
[INFO ] 2023-11-08 10:13:00.242 [main] ConvertMxmlService - Node Name =mx:Component [OPEN]
[INFO ] 2023-11-08 10:13:00.243 [main] ConvertMxmlService - Node Name =#text [OPEN]
[INFO ] 2023-11-08 10:13:00.243 [main] ConvertMxmlService - Node Name =mx:Label [OPEN]
