[INFO ] 2023-11-02 11:05:03.719 [main] MxmlConvert - Root Element :Containers:ACCTitleWindow
[INFO ] 2023-11-02 11:05:03.721 [main] MxmlConvert - ------
[INFO ] 2023-11-02 11:05:03.749 [main] ConvertMxmlService - Node Name =#comment [OPEN]
[INFO ] 2023-11-02 11:05:03.749 [main] ConvertMxmlService - Node Name =Containers:ACCTitleWindow [OPEN]
[INFO ] 2023-11-02 11:05:03.766 [main] ConvertMxmlService - Node Name =#text [OPEN]
[INFO ] 2023-11-02 11:05:03.766 [main] ConvertMxmlService - Node Name =mx:Script [OPEN]
[INFO ] 2023-11-02 11:05:03.767 [main] ConvertMxmlService - Node Name =#text [OPEN]
[INFO ] 2023-11-02 11:05:03.767 [main] ConvertMxmlService - Node Name =tougouchusyutsu:MG3001001_00_000_AS [OPEN]
[INFO ] 2023-11-02 11:05:03.768 [main] ConvertMxmlService - Node Name =#text [OPEN]
[INFO ] 2023-11-02 11:05:03.768 [main] ConvertMxmlService - Node Name =tougouchusyutsu:MG3001001_01_000 [OPEN]
[INFO ] 2023-11-02 11:05:03.770 [main] ConvertMxmlService - Node Name =tougouchusyutsu:MG3001001_01_000 [CLOSE]
[INFO ] 2023-11-02 11:05:03.771 [main] ConvertMxmlService - Node Name =#text [OPEN]
[INFO ] 2023-11-02 11:05:03.771 [main] ConvertMxmlService - Node Name =Containers:ACCTitleWindow [CLOSE]
[DEBUG] 2023-11-02 11:05:03.771 [main] MxmlConvert - parent name: null
[DEBUG] 2023-11-02 11:05:03.771 [main] MxmlConvert - name: #comment
[DEBUG] 2023-11-02 11:05:03.771 [main] MxmlConvert - cssElement: 
[DEBUG] 2023-11-02 11:05:03.771 [main] MxmlConvert - attributeElement: 
[DEBUG] 2023-11-02 11:05:03.771 [main] MxmlConvert - <!--  統合抽出画面 -->
[DEBUG] 2023-11-02 11:05:03.771 [main] MxmlConvert - parent name: First Node
[DEBUG] 2023-11-02 11:05:03.771 [main] MxmlConvert - name: Containers:ACCTitleWindow
[DEBUG] 2023-11-02 11:05:03.771 [main] MxmlConvert - parent name: Containers:ACCTitleWindow
[DEBUG] 2023-11-02 11:05:03.771 [main] MxmlConvert - name: tougouchusyutsu:MG3001001_01_000
[DEBUG] 2023-11-02 11:05:03.771 [main] MxmlConvert - cssElement: height:712px;width:1018px;position: absolute; left:-1px;top:-2px;
[DEBUG] 2023-11-02 11:05:03.771 [main] MxmlConvert - attributeElement:  id="compCanvas1"
[DEBUG] 2023-11-02 11:05:03.771 [main] MxmlConvert - cssElement: height:738px;position:absolute;width:1022px;
[DEBUG] 2023-11-02 11:05:03.771 [main] MxmlConvert - attributeElement:  title="統合抽出画面"
[DEBUG] 2023-11-02 11:05:03.771 [main] MxmlConvert - <!--  統合抽出画面 --><ui:include src="MG3001001_01_000.xhtml" id="compCanvas1" style="height:712px;width:1018px;position: absolute; left:-1px;top:-2px;"></ui:include>
[INFO ] 2023-11-02 11:05:03.804 [main] MxmlConvert - Html file created successfully.
[INFO ] 2023-11-02 11:05:03.804 [main] MxmlConvert - CSS file created successfully.
[INFO ] 2023-11-02 11:05:03.824 [main] MxmlConvert - Root Element :Containers:ACCCanvas
[INFO ] 2023-11-02 11:05:03.824 [main] MxmlConvert - ------
[INFO ] 2023-11-02 11:05:03.830 [main] ConvertMxmlService - Node Name =#comment [OPEN]
[INFO ] 2023-11-02 11:05:03.830 [main] ConvertMxmlService - Node Name =Containers:ACCCanvas [OPEN]
[INFO ] 2023-11-02 11:05:03.834 [main] ConvertMxmlService - Node Name =#text [OPEN]
[INFO ] 2023-11-02 11:05:03.834 [main] ConvertMxmlService - Node Name =mx:Script [OPEN]
[INFO ] 2023-11-02 11:05:03.834 [main] ConvertMxmlService - Node Name =#text [OPEN]
[INFO ] 2023-11-02 11:05:03.835 [main] ConvertMxmlService - Node Name =#comment [OPEN]
[INFO ] 2023-11-02 11:05:03.835 [main] ConvertMxmlService - Node Name =#text [OPEN]
[INFO ] 2023-11-02 11:05:03.835 [main] ConvertMxmlService - Node Name =mx:XML [OPEN]
[INFO ] 2023-11-02 11:05:03.835 [main] ConvertMxmlService - Node Name =#text [OPEN]
[INFO ] 2023-11-02 11:05:03.835 [main] ConvertMxmlService - Node Name =#comment [OPEN]
[INFO ] 2023-11-02 11:05:03.835 [main] ConvertMxmlService - Node Name =#text [OPEN]
[INFO ] 2023-11-02 11:05:03.835 [main] ConvertMxmlService - Node Name =#comment [OPEN]
[INFO ] 2023-11-02 11:05:03.835 [main] ConvertMxmlService - Node Name =#text [OPEN]
[INFO ] 2023-11-02 11:05:03.835 [main] ConvertMxmlService - Node Name =mx:XML [OPEN]
[INFO ] 2023-11-02 11:05:03.836 [main] ConvertMxmlService - Node Name =#text [OPEN]
[INFO ] 2023-11-02 11:05:03.836 [main] ConvertMxmlService - Node Name =tougouchusyutsu:MG3001001_01_000_AS [OPEN]
[INFO ] 2023-11-02 11:05:03.836 [main] ConvertMxmlService - Node Name =#text [OPEN]
[INFO ] 2023-11-02 11:05:03.836 [main] ConvertMxmlService - Node Name =Controls:ACCLabel [OPEN]
[INFO ] 2023-11-02 11:05:03.839 [main] ConvertMxmlService - Node Name =Controls:ACCLabel [CLOSE]
[INFO ] 2023-11-02 11:05:03.839 [main] ConvertMxmlService - Node Name =#text [OPEN]
[INFO ] 2023-11-02 11:05:03.839 [main] ConvertMxmlService - Node Name =#comment [OPEN]
[INFO ] 2023-11-02 11:05:03.839 [main] ConvertMxmlService - Node Name =#text [OPEN]
[INFO ] 2023-11-02 11:05:03.839 [main] ConvertMxmlService - Node Name =Controls:ACCTextInput [OPEN]
[INFO ] 2023-11-02 11:05:03.842 [main] ConvertMxmlService - Node Name =Controls:ACCTextInput [CLOSE]
[INFO ] 2023-11-02 11:05:03.842 [main] ConvertMxmlService - Node Name =#text [OPEN]
[INFO ] 2023-11-02 11:05:03.842 [main] ConvertMxmlService - Node Name =#comment [OPEN]
[INFO ] 2023-11-02 11:05:03.842 [main] ConvertMxmlService - Node Name =#text [OPEN]
[INFO ] 2023-11-02 11:05:03.842 [main] ConvertMxmlService - Node Name =Controls:ACCButton [OPEN]
[INFO ] 2023-11-02 11:05:03.844 [main] ConvertMxmlService - Node Name =Controls:ACCButton [CLOSE]
[INFO ] 2023-11-02 11:05:03.844 [main] ConvertMxmlService - Node Name =#text [OPEN]
[INFO ] 2023-11-02 11:05:03.844 [main] ConvertMxmlService - Node Name =Controls:ACCLabel [OPEN]
[INFO ] 2023-11-02 11:05:03.846 [main] ConvertMxmlService - Node Name =Controls:ACCLabel [CLOSE]
[INFO ] 2023-11-02 11:05:03.846 [main] ConvertMxmlService - Node Name =#text [OPEN]
[INFO ] 2023-11-02 11:05:03.846 [main] ConvertMxmlService - Node Name =#comment [OPEN]
[INFO ] 2023-11-02 11:05:03.846 [main] ConvertMxmlService - Node Name =#text [OPEN]
[INFO ] 2023-11-02 11:05:03.846 [main] ConvertMxmlService - Node Name =Controls:ACCTextInput [OPEN]
[INFO ] 2023-11-02 11:05:03.849 [main] ConvertMxmlService - Node Name =Controls:ACCTextInput [CLOSE]
[INFO ] 2023-11-02 11:05:03.849 [main] ConvertMxmlService - Node Name =#text [OPEN]
[INFO ] 2023-11-02 11:05:03.849 [main] ConvertMxmlService - Node Name =Controls:ACCCheckBox [OPEN]
[INFO ] 2023-11-02 11:05:03.851 [main] ConvertMxmlService - Node Name =Controls:ACCCheckBox [CLOSE]
[INFO ] 2023-11-02 11:05:03.851 [main] ConvertMxmlService - Node Name =#text [OPEN]
[INFO ] 2023-11-02 11:05:03.851 [main] ConvertMxmlService - Node Name =Controls:ACCCheckBox [OPEN]
[INFO ] 2023-11-02 11:05:03.853 [main] ConvertMxmlService - Node Name =Controls:ACCCheckBox [CLOSE]
[INFO ] 2023-11-02 11:05:03.854 [main] ConvertMxmlService - Node Name =#text [OPEN]
[INFO ] 2023-11-02 11:05:03.854 [main] ConvertMxmlService - Node Name =Controls:ACCCheckBox [OPEN]
[INFO ] 2023-11-02 11:05:03.856 [main] ConvertMxmlService - Node Name =Controls:ACCCheckBox [CLOSE]
[INFO ] 2023-11-02 11:05:03.856 [main] ConvertMxmlService - Node Name =#text [OPEN]
[INFO ] 2023-11-02 11:05:03.856 [main] ConvertMxmlService - Node Name =#comment [OPEN]
[INFO ] 2023-11-02 11:05:03.856 [main] ConvertMxmlService - Node Name =#text [OPEN]
[INFO ] 2023-11-02 11:05:03.856 [main] ConvertMxmlService - Node Name =Containers:ACCTabNavigator [OPEN]
[INFO ] 2023-11-02 11:05:03.859 [main] ConvertMxmlService - Node Name =#text [OPEN]
[INFO ] 2023-11-02 11:05:03.859 [main] ConvertMxmlService - Node Name =#comment [OPEN]
[INFO ] 2023-11-02 11:05:03.859 [main] ConvertMxmlService - Node Name =#text [OPEN]
[INFO ] 2023-11-02 11:05:03.859 [main] ConvertMxmlService - Node Name =Containers:ACCCanvas [OPEN]
[INFO ] 2023-11-02 11:05:03.861 [main] ConvertMxmlService - Node Name =#text [OPEN]
[INFO ] 2023-11-02 11:05:03.861 [main] ConvertMxmlService - Node Name =Controls:ACCLabel [OPEN]
[INFO ] 2023-11-02 11:05:03.863 [main] ConvertMxmlService - Node Name =Controls:ACCLabel [CLOSE]
[INFO ] 2023-11-02 11:05:03.863 [main] ConvertMxmlService - Node Name =#text [OPEN]
[INFO ] 2023-11-02 11:05:03.863 [main] ConvertMxmlService - Node Name =Controls:ACCCheckBox [OPEN]
[INFO ] 2023-11-02 11:05:03.865 [main] ConvertMxmlService - Node Name =Controls:ACCCheckBox [CLOSE]
[INFO ] 2023-11-02 11:05:03.865 [main] ConvertMxmlService - Node Name =#text [OPEN]
[INFO ] 2023-11-02 11:05:03.865 [main] ConvertMxmlService - Node Name =Controls:ACCCheckBox [OPEN]
[INFO ] 2023-11-02 11:05:03.866 [main] ConvertMxmlService - Node Name =Controls:ACCCheckBox [CLOSE]
[INFO ] 2023-11-02 11:05:03.866 [main] ConvertMxmlService - Node Name =#text [OPEN]
[INFO ] 2023-11-02 11:05:03.866 [main] ConvertMxmlService - Node Name =Controls:ACCCheckBox [OPEN]
[INFO ] 2023-11-02 11:05:03.870 [main] ConvertMxmlService - Node Name =Controls:ACCCheckBox [CLOSE]
[INFO ] 2023-11-02 11:05:03.870 [main] ConvertMxmlService - Node Name =#text [OPEN]
[INFO ] 2023-11-02 11:05:03.870 [main] ConvertMxmlService - Node Name =Controls:ACCLabel [OPEN]
[INFO ] 2023-11-02 11:05:03.872 [main] ConvertMxmlService - Node Name =Controls:ACCLabel [CLOSE]
[INFO ] 2023-11-02 11:05:03.872 [main] ConvertMxmlService - Node Name =#text [OPEN]
[INFO ] 2023-11-02 11:05:03.872 [main] ConvertMxmlService - Node Name =Controls:ACCComboBoxCode [OPEN]
[INFO ] 2023-11-02 11:05:03.874 [main] ConvertMxmlService - Node Name =Controls:ACCComboBoxCode [CLOSE]
[INFO ] 2023-11-02 11:05:03.874 [main] ConvertMxmlService - Node Name =#text [OPEN]
[INFO ] 2023-11-02 11:05:03.874 [main] ConvertMxmlService - Node Name =Controls:ACCLabel [OPEN]
[INFO ] 2023-11-02 11:05:03.876 [main] ConvertMxmlService - Node Name =Controls:ACCLabel [CLOSE]
[INFO ] 2023-11-02 11:05:03.876 [main] ConvertMxmlService - Node Name =#text [OPEN]
[INFO ] 2023-11-02 11:05:03.876 [main] ConvertMxmlService - Node Name =Controls:ACCTextInputMaskNumberOnly [OPEN]
[INFO ] 2023-11-02 11:05:03.878 [main] ConvertMxmlService - Node Name =Controls:ACCTextInputMaskNumberOnly [CLOSE]
[INFO ] 2023-11-02 11:05:03.878 [main] ConvertMxmlService - Node Name =#text [OPEN]
[INFO ] 2023-11-02 11:05:03.878 [main] ConvertMxmlService - Node Name =Controls:ACCLabel [OPEN]
[INFO ] 2023-11-02 11:05:03.880 [main] ConvertMxmlService - Node Name =Controls:ACCLabel [CLOSE]
[INFO ] 2023-11-02 11:05:03.880 [main] ConvertMxmlService - Node Name =#text [OPEN]
[INFO ] 2023-11-02 11:05:03.880 [main] ConvertMxmlService - Node Name =Controls:ACCTextInputMaskNumberOnly [OPEN]
[INFO ] 2023-11-02 11:05:03.882 [main] ConvertMxmlService - Node Name =Controls:ACCTextInputMaskNumberOnly [CLOSE]
[INFO ] 2023-11-02 11:05:03.882 [main] ConvertMxmlService - Node Name =#text [OPEN]
[INFO ] 2023-11-02 11:05:03.882 [main] ConvertMxmlService - Node Name =Controls:ACCLabel [OPEN]
[INFO ] 2023-11-02 11:05:03.883 [main] ConvertMxmlService - Node Name =Controls:ACCLabel [CLOSE]
[INFO ] 2023-11-02 11:05:03.883 [main] ConvertMxmlService - Node Name =#text [OPEN]
[INFO ] 2023-11-02 11:05:03.883 [main] ConvertMxmlService - Node Name =Controls:ACCTextInputMaskZip [OPEN]
[INFO ] 2023-11-02 11:05:03.885 [main] ConvertMxmlService - Node Name =Controls:ACCTextInputMaskZip [CLOSE]
[INFO ] 2023-11-02 11:05:03.885 [main] ConvertMxmlService - Node Name =#text [OPEN]
[INFO ] 2023-11-02 11:05:03.885 [main] ConvertMxmlService - Node Name =Controls:ACCLabel [OPEN]
[INFO ] 2023-11-02 11:05:03.886 [main] ConvertMxmlService - Node Name =Controls:ACCLabel [CLOSE]
[INFO ] 2023-11-02 11:05:03.887 [main] ConvertMxmlService - Node Name =#text [OPEN]
[INFO ] 2023-11-02 11:05:03.887 [main] ConvertMxmlService - Node Name =Controls:ACCTextInputMaskZip [OPEN]
[INFO ] 2023-11-02 11:05:03.888 [main] ConvertMxmlService - Node Name =Controls:ACCTextInputMaskZip [CLOSE]
[INFO ] 2023-11-02 11:05:03.888 [main] ConvertMxmlService - Node Name =#text [OPEN]
[INFO ] 2023-11-02 11:05:03.888 [main] ConvertMxmlService - Node Name =#comment [OPEN]
[INFO ] 2023-11-02 11:05:03.888 [main] ConvertMxmlService - Node Name =#text [OPEN]
[INFO ] 2023-11-02 11:05:03.888 [main] ConvertMxmlService - Node Name =Containers:ACCPanel [OPEN]
[INFO ] 2023-11-02 11:05:03.890 [main] ConvertMxmlService - Node Name =#text [OPEN]
[INFO ] 2023-11-02 11:05:03.890 [main] ConvertMxmlService - Node Name =#comment [OPEN]
[INFO ] 2023-11-02 11:05:03.890 [main] ConvertMxmlService - Node Name =#text [OPEN]
[INFO ] 2023-11-02 11:05:03.891 [main] ConvertMxmlService - Node Name =Controls:ACCLabel [OPEN]
[INFO ] 2023-11-02 11:05:03.893 [main] ConvertMxmlService - Node Name =Controls:ACCLabel [CLOSE]
[INFO ] 2023-11-02 11:05:03.893 [main] ConvertMxmlService - Node Name =#text [OPEN]
[INFO ] 2023-11-02 11:05:03.893 [main] ConvertMxmlService - Node Name =Controls:ACCComboBoxCode [OPEN]
[INFO ] 2023-11-02 11:05:03.895 [main] ConvertMxmlService - Node Name =Controls:ACCComboBoxCode [CLOSE]
[INFO ] 2023-11-02 11:05:03.895 [main] ConvertMxmlService - Node Name =#text [OPEN]
[INFO ] 2023-11-02 11:05:03.895 [main] ConvertMxmlService - Node Name =#comment [OPEN]
[INFO ] 2023-11-02 11:05:03.895 [main] ConvertMxmlService - Node Name =#text [OPEN]
[INFO ] 2023-11-02 11:05:03.895 [main] ConvertMxmlService - Node Name =Controls:ACCLabel [OPEN]
[INFO ] 2023-11-02 11:05:03.896 [main] ConvertMxmlService - Node Name =Controls:ACCLabel [CLOSE]
[INFO ] 2023-11-02 11:05:03.896 [main] ConvertMxmlService - Node Name =#text [OPEN]
[INFO ] 2023-11-02 11:05:03.896 [main] ConvertMxmlService - Node Name =Controls:ACCComboBoxCode [OPEN]
[INFO ] 2023-11-02 11:05:03.898 [main] ConvertMxmlService - Node Name =Controls:ACCComboBoxCode [CLOSE]
[INFO ] 2023-11-02 11:05:03.898 [main] ConvertMxmlService - Node Name =#text [OPEN]
[INFO ] 2023-11-02 11:05:03.898 [main] ConvertMxmlService - Node Name =#comment [OPEN]
[INFO ] 2023-11-02 11:05:03.898 [main] ConvertMxmlService - Node Name =#text [OPEN]
[INFO ] 2023-11-02 11:05:03.898 [main] ConvertMxmlService - Node Name =Controls:ACCLabel [OPEN]
[INFO ] 2023-11-02 11:05:03.900 [main] ConvertMxmlService - Node Name =Controls:ACCLabel [CLOSE]
[INFO ] 2023-11-02 11:05:03.900 [main] ConvertMxmlService - Node Name =#text [OPEN]
[INFO ] 2023-11-02 11:05:03.900 [main] ConvertMxmlService - Node Name =Controls:ACCComboBoxCode [OPEN]
[INFO ] 2023-11-02 11:05:03.902 [main] ConvertMxmlService - Node Name =Controls:ACCComboBoxCode [CLOSE]
[INFO ] 2023-11-02 11:05:03.902 [main] ConvertMxmlService - Node Name =#text [OPEN]
[INFO ] 2023-11-02 11:05:03.902 [main] ConvertMxmlService - Node Name =#comment [OPEN]
[INFO ] 2023-11-02 11:05:03.902 [main] ConvertMxmlService - Node Name =#text [OPEN]
[INFO ] 2023-11-02 11:05:03.902 [main] ConvertMxmlService - Node Name =Controls:ACCLabel [OPEN]
[INFO ] 2023-11-02 11:05:03.903 [main] ConvertMxmlService - Node Name =Controls:ACCLabel [CLOSE]
[INFO ] 2023-11-02 11:05:03.903 [main] ConvertMxmlService - Node Name =#text [OPEN]
[INFO ] 2023-11-02 11:05:03.903 [main] ConvertMxmlService - Node Name =Controls:ACCComboBoxCode [OPEN]
[INFO ] 2023-11-02 11:05:03.905 [main] ConvertMxmlService - Node Name =Controls:ACCComboBoxCode [CLOSE]
[INFO ] 2023-11-02 11:05:03.905 [main] ConvertMxmlService - Node Name =#text [OPEN]
[INFO ] 2023-11-02 11:05:03.905 [main] ConvertMxmlService - Node Name =#comment [OPEN]
[INFO ] 2023-11-02 11:05:03.905 [main] ConvertMxmlService - Node Name =#text [OPEN]
[INFO ] 2023-11-02 11:05:03.905 [main] ConvertMxmlService - Node Name =Controls:ACCLabel [OPEN]
[INFO ] 2023-11-02 11:05:03.907 [main] ConvertMxmlService - Node Name =Controls:ACCLabel [CLOSE]
[INFO ] 2023-11-02 11:05:03.907 [main] ConvertMxmlService - Node Name =#text [OPEN]
[INFO ] 2023-11-02 11:05:03.907 [main] ConvertMxmlService - Node Name =Controls:ACCComboBoxCode [OPEN]
[INFO ] 2023-11-02 11:05:03.908 [main] ConvertMxmlService - Node Name =Controls:ACCComboBoxCode [CLOSE]
[INFO ] 2023-11-02 11:05:03.908 [main] ConvertMxmlService - Node Name =#text [OPEN]
[INFO ] 2023-11-02 11:05:03.908 [main] ConvertMxmlService - Node Name =Containers:ACCPanel [CLOSE]
[INFO ] 2023-11-02 11:05:03.909 [main] ConvertMxmlService - Node Name =#text [OPEN]
[INFO ] 2023-11-02 11:05:03.909 [main] ConvertMxmlService - Node Name =#comment [OPEN]
[INFO ] 2023-11-02 11:05:03.909 [main] ConvertMxmlService - Node Name =#text [OPEN]
[INFO ] 2023-11-02 11:05:03.909 [main] ConvertMxmlService - Node Name =Containers:ACCPanel [OPEN]
[INFO ] 2023-11-02 11:05:03.911 [main] ConvertMxmlService - Node Name =#text [OPEN]
[INFO ] 2023-11-02 11:05:03.911 [main] ConvertMxmlService - Node Name =Controls:ACCLabel [OPEN]
[INFO ] 2023-11-02 11:05:03.913 [main] ConvertMxmlService - Node Name =Controls:ACCLabel [CLOSE]
[INFO ] 2023-11-02 11:05:03.913 [main] ConvertMxmlService - Node Name =#text [OPEN]
[INFO ] 2023-11-02 11:05:03.913 [main] ConvertMxmlService - Node Name =Controls:ACCComboBoxCode [OPEN]
[INFO ] 2023-11-02 11:05:03.915 [main] ConvertMxmlService - Node Name =Controls:ACCComboBoxCode [CLOSE]
[INFO ] 2023-11-02 11:05:03.915 [main] ConvertMxmlService - Node Name =#text [OPEN]
[INFO ] 2023-11-02 11:05:03.916 [main] ConvertMxmlService - Node Name =Controls:ACCLabel [OPEN]
[INFO ] 2023-11-02 11:05:03.917 [main] ConvertMxmlService - Node Name =Controls:ACCLabel [CLOSE]
[INFO ] 2023-11-02 11:05:03.917 [main] ConvertMxmlService - Node Name =#text [OPEN]
[INFO ] 2023-11-02 11:05:03.917 [main] ConvertMxmlService - Node Name =Controls:ACCComboBoxCode [OPEN]
[INFO ] 2023-11-02 11:05:03.919 [main] ConvertMxmlService - Node Name =Controls:ACCComboBoxCode [CLOSE]
[INFO ] 2023-11-02 11:05:03.919 [main] ConvertMxmlService - Node Name =#text [OPEN]
[INFO ] 2023-11-02 11:05:03.919 [main] ConvertMxmlService - Node Name =Controls:ACCLabel [OPEN]
[INFO ] 2023-11-02 11:05:03.921 [main] ConvertMxmlService - Node Name =Controls:ACCLabel [CLOSE]
[INFO ] 2023-11-02 11:05:03.921 [main] ConvertMxmlService - Node Name =#text [OPEN]
[INFO ] 2023-11-02 11:05:03.921 [main] ConvertMxmlService - Node Name =Controls:ACCComboBoxCode [OPEN]
[INFO ] 2023-11-02 11:05:03.923 [main] ConvertMxmlService - Node Name =Controls:ACCComboBoxCode [CLOSE]
[INFO ] 2023-11-02 11:05:03.923 [main] ConvertMxmlService - Node Name =#text [OPEN]
[INFO ] 2023-11-02 11:05:03.923 [main] ConvertMxmlService - Node Name =Containers:ACCPanel [CLOSE]
[INFO ] 2023-11-02 11:05:03.923 [main] ConvertMxmlService - Node Name =#text [OPEN]
[INFO ] 2023-11-02 11:05:03.923 [main] ConvertMxmlService - Node Name =#comment [OPEN]
[INFO ] 2023-11-02 11:05:03.923 [main] ConvertMxmlService - Node Name =#text [OPEN]
[INFO ] 2023-11-02 11:05:03.923 [main] ConvertMxmlService - Node Name =Containers:ACCPanel [OPEN]
[INFO ] 2023-11-02 11:05:03.925 [main] ConvertMxmlService - Node Name =#text [OPEN]
[INFO ] 2023-11-02 11:05:03.925 [main] ConvertMxmlService - Node Name =Controls:ACCDataGrid [OPEN]
[INFO ] 2023-11-02 11:05:03.927 [main] ConvertMxmlService - Node Name =#text [OPEN]
[INFO ] 2023-11-02 11:05:03.927 [main] ConvertMxmlService - Node Name =Controls:columns [OPEN]
[INFO ] 2023-11-02 11:05:03.929 [main] ConvertMxmlService - Node Name =#text [OPEN]
[INFO ] 2023-11-02 11:05:03.929 [main] ConvertMxmlService - Node Name =mx:DataGridColumn [OPEN]
[INFO ] 2023-11-02 11:05:03.932 [main] ConvertMxmlService - Node Name =#text [OPEN]
[INFO ] 2023-11-02 11:05:03.932 [main] ConvertMxmlService - Node Name =mx:headerRenderer [OPEN]
[INFO ] 2023-11-02 11:05:03.934 [main] ConvertMxmlService - Node Name =#text [OPEN]
[INFO ] 2023-11-02 11:05:03.934 [main] ConvertMxmlService - Node Name =mx:Component [OPEN]
[INFO ] 2023-11-02 11:05:37.233 [main] ConvertMxmlService - Node Name =#text [OPEN]
[INFO ] 2023-11-02 11:05:37.233 [main] ConvertMxmlService - Node Name =mx:Label [OPEN]
[INFO ] 2023-11-02 11:05:37.236 [main] ConvertMxmlService - Node Name =mx:Label [CLOSE]
[INFO ] 2023-11-02 11:05:37.236 [main] ConvertMxmlService - Node Name =#text [OPEN]
[INFO ] 2023-11-02 11:05:37.236 [main] ConvertMxmlService - Node Name =mx:Component [CLOSE]
[INFO ] 2023-11-02 11:05:37.236 [main] ConvertMxmlService - Node Name =#text [OPEN]
[INFO ] 2023-11-02 11:05:37.236 [main] ConvertMxmlService - Node Name =mx:headerRenderer [CLOSE]
[INFO ] 2023-11-02 11:05:37.236 [main] ConvertMxmlService - Node Name =#text [OPEN]
[INFO ] 2023-11-02 11:05:37.236 [main] ConvertMxmlService - Node Name =mx:DataGridColumn [CLOSE]
[INFO ] 2023-11-02 11:05:37.236 [main] ConvertMxmlService - Node Name =#text [OPEN]
[INFO ] 2023-11-02 11:05:37.236 [main] ConvertMxmlService - Node Name =mx:DataGridColumn [OPEN]
[INFO ] 2023-11-02 11:05:37.239 [main] ConvertMxmlService - Node Name =#text [OPEN]
[INFO ] 2023-11-02 11:05:37.239 [main] ConvertMxmlService - Node Name =mx:headerRenderer [OPEN]
[INFO ] 2023-11-02 11:05:37.241 [main] ConvertMxmlService - Node Name =#text [OPEN]
[INFO ] 2023-11-02 11:05:37.241 [main] ConvertMxmlService - Node Name =mx:Component [OPEN]
[INFO ] 2023-11-02 11:05:37.244 [main] ConvertMxmlService - Node Name =#text [OPEN]
[INFO ] 2023-11-02 11:05:37.244 [main] ConvertMxmlService - Node Name =mx:Label [OPEN]
[INFO ] 2023-11-02 11:05:37.246 [main] ConvertMxmlService - Node Name =mx:Label [CLOSE]
[INFO ] 2023-11-02 11:05:37.246 [main] ConvertMxmlService - Node Name =#text [OPEN]
[INFO ] 2023-11-02 11:05:37.246 [main] ConvertMxmlService - Node Name =mx:Component [CLOSE]
[INFO ] 2023-11-02 11:05:37.246 [main] ConvertMxmlService - Node Name =#text [OPEN]
[INFO ] 2023-11-02 11:05:37.246 [main] ConvertMxmlService - Node Name =mx:headerRenderer [CLOSE]
[INFO ] 2023-11-02 11:05:37.246 [main] ConvertMxmlService - Node Name =#text [OPEN]
[INFO ] 2023-11-02 11:05:37.246 [main] ConvertMxmlService - Node Name =mx:DataGridColumn [CLOSE]
[INFO ] 2023-11-02 11:05:37.246 [main] ConvertMxmlService - Node Name =#text [OPEN]
[INFO ] 2023-11-02 11:05:37.246 [main] ConvertMxmlService - Node Name =Controls:columns [CLOSE]
[INFO ] 2023-11-02 11:05:37.246 [main] ConvertMxmlService - Node Name =#text [OPEN]
[INFO ] 2023-11-02 11:05:37.246 [main] ConvertMxmlService - Node Name =Controls:ACCDataGrid [CLOSE]
[INFO ] 2023-11-02 11:05:37.246 [main] ConvertMxmlService - Node Name =#text [OPEN]
[INFO ] 2023-11-02 11:05:37.246 [main] ConvertMxmlService - Node Name =Controls:ACCButton [OPEN]
[INFO ] 2023-11-02 11:05:37.248 [main] ConvertMxmlService - Node Name =Controls:ACCButton [CLOSE]
[INFO ] 2023-11-02 11:05:37.248 [main] ConvertMxmlService - Node Name =#text [OPEN]
[INFO ] 2023-11-02 11:05:37.248 [main] ConvertMxmlService - Node Name =Controls:ACCButton [OPEN]
[INFO ] 2023-11-02 11:05:37.250 [main] ConvertMxmlService - Node Name =Controls:ACCButton [CLOSE]
[INFO ] 2023-11-02 11:05:37.251 [main] ConvertMxmlService - Node Name =#text [OPEN]
[INFO ] 2023-11-02 11:05:37.251 [main] ConvertMxmlService - Node Name =Controls:ACCButton [OPEN]
[INFO ] 2023-11-02 11:05:37.253 [main] ConvertMxmlService - Node Name =Controls:ACCButton [CLOSE]
[INFO ] 2023-11-02 11:05:37.253 [main] ConvertMxmlService - Node Name =#text [OPEN]
[INFO ] 2023-11-02 11:05:37.253 [main] ConvertMxmlService - Node Name =Controls:ACCButton [OPEN]
[INFO ] 2023-11-02 11:05:37.255 [main] ConvertMxmlService - Node Name =Controls:ACCButton [CLOSE]
[INFO ] 2023-11-02 11:05:37.256 [main] ConvertMxmlService - Node Name =#text [OPEN]
[INFO ] 2023-11-02 11:05:37.256 [main] ConvertMxmlService - Node Name =Controls:ACCDataGrid [OPEN]
[INFO ] 2023-11-02 11:05:37.258 [main] ConvertMxmlService - Node Name =#text [OPEN]
[INFO ] 2023-11-02 11:05:37.258 [main] ConvertMxmlService - Node Name =Controls:columns [OPEN]
[INFO ] 2023-11-02 11:05:37.260 [main] ConvertMxmlService - Node Name =#text [OPEN]
[INFO ] 2023-11-02 11:05:37.260 [main] ConvertMxmlService - Node Name =mx:DataGridColumn [OPEN]
[INFO ] 2023-11-02 11:05:37.263 [main] ConvertMxmlService - Node Name =#text [OPEN]
[INFO ] 2023-11-02 11:05:37.263 [main] ConvertMxmlService - Node Name =mx:headerRenderer [OPEN]
[INFO ] 2023-11-02 11:05:37.266 [main] ConvertMxmlService - Node Name =#text [OPEN]
[INFO ] 2023-11-02 11:05:37.266 [main] ConvertMxmlService - Node Name =mx:Component [OPEN]
[INFO ] 2023-11-02 11:05:37.268 [main] ConvertMxmlService - Node Name =#text [OPEN]
[INFO ] 2023-11-02 11:05:37.268 [main] ConvertMxmlService - Node Name =mx:Label [OPEN]
[INFO ] 2023-11-02 11:05:37.270 [main] ConvertMxmlService - Node Name =mx:Label [CLOSE]
[INFO ] 2023-11-02 11:05:37.270 [main] ConvertMxmlService - Node Name =#text [OPEN]
[INFO ] 2023-11-02 11:05:37.270 [main] ConvertMxmlService - Node Name =mx:Component [CLOSE]
[INFO ] 2023-11-02 11:05:37.270 [main] ConvertMxmlService - Node Name =#text [OPEN]
[INFO ] 2023-11-02 11:05:37.270 [main] ConvertMxmlService - Node Name =mx:headerRenderer [CLOSE]
[INFO ] 2023-11-02 11:05:37.270 [main] ConvertMxmlService - Node Name =#text [OPEN]
[INFO ] 2023-11-02 11:05:37.270 [main] ConvertMxmlService - Node Name =mx:DataGridColumn [CLOSE]
[INFO ] 2023-11-02 11:05:37.270 [main] ConvertMxmlService - Node Name =#text [OPEN]
[INFO ] 2023-11-02 11:05:37.271 [main] ConvertMxmlService - Node Name =mx:DataGridColumn [OPEN]
[INFO ] 2023-11-02 11:05:37.273 [main] ConvertMxmlService - Node Name =#text [OPEN]
[INFO ] 2023-11-02 11:05:37.273 [main] ConvertMxmlService - Node Name =mx:headerRenderer [OPEN]
[INFO ] 2023-11-02 11:05:37.275 [main] ConvertMxmlService - Node Name =#text [OPEN]
[INFO ] 2023-11-02 11:05:37.275 [main] ConvertMxmlService - Node Name =mx:Component [OPEN]
[INFO ] 2023-11-02 11:05:37.278 [main] ConvertMxmlService - Node Name =#text [OPEN]
[INFO ] 2023-11-02 11:05:37.278 [main] ConvertMxmlService - Node Name =mx:Label [OPEN]
[INFO ] 2023-11-02 11:05:37.280 [main] ConvertMxmlService - Node Name =mx:Label [CLOSE]
[INFO ] 2023-11-02 11:05:37.280 [main] ConvertMxmlService - Node Name =#text [OPEN]
[INFO ] 2023-11-02 11:05:37.280 [main] ConvertMxmlService - Node Name =mx:Component [CLOSE]
[INFO ] 2023-11-02 11:05:37.281 [main] ConvertMxmlService - Node Name =#text [OPEN]
[INFO ] 2023-11-02 11:05:37.281 [main] ConvertMxmlService - Node Name =mx:headerRenderer [CLOSE]
[INFO ] 2023-11-02 11:05:37.281 [main] ConvertMxmlService - Node Name =#text [OPEN]
[INFO ] 2023-11-02 11:05:37.281 [main] ConvertMxmlService - Node Name =mx:DataGridColumn [CLOSE]
[INFO ] 2023-11-02 11:05:37.281 [main] ConvertMxmlService - Node Name =#text [OPEN]
[INFO ] 2023-11-02 11:05:37.281 [main] ConvertMxmlService - Node Name =Controls:columns [CLOSE]
[INFO ] 2023-11-02 11:05:37.281 [main] ConvertMxmlService - Node Name =#text [OPEN]
[INFO ] 2023-11-02 11:05:37.281 [main] ConvertMxmlService - Node Name =Controls:ACCDataGrid [CLOSE]
[INFO ] 2023-11-02 11:05:37.281 [main] ConvertMxmlService - Node Name =#text [OPEN]
[INFO ] 2023-11-02 11:05:37.281 [main] ConvertMxmlService - Node Name =Containers:ACCPanel [CLOSE]
[INFO ] 2023-11-02 11:05:37.281 [main] ConvertMxmlService - Node Name =#text [OPEN]
[INFO ] 2023-11-02 11:05:37.281 [main] ConvertMxmlService - Node Name =#comment [OPEN]
[INFO ] 2023-11-02 11:05:37.281 [main] ConvertMxmlService - Node Name =#text [OPEN]
[INFO ] 2023-11-02 11:05:37.281 [main] ConvertMxmlService - Node Name =Containers:ACCPanel [OPEN]
